2020-10-22 21:48:53 | Conf | use logdir run/crackSegmentationSimple/2020-10-22-21-48-5244
2020-10-22 21:48:53 | Conf | use dataset crackSegmentationSimple
2020-10-22 21:48:53 | Conf | use augmentation True
2020-10-22 21:48:53 | Conf | use image size (448, 448)
2020-10-22 21:48:53 | Conf | use batch_size 4
2020-10-22 21:48:53 | Conf | use model enet
2020-10-22 21:48:53 | Conf | use GPU [0]
2020-10-22 21:48:53 | Conf | use optimizer Adam, lr=0.0001, weight_decay=0.001
2020-10-22 21:48:53 | Conf | use step_lr_scheduler every 40 steps decay 0.1
2020-10-22 21:48:53 | Conf | use loss function crossentropyloss2D
2020-10-22 21:48:53 | Conf | use epoch 60
2020-10-22 21:49:50 | Iter | [  1/60] train loss=1.26317
2020-10-22 21:49:50 | Test | [  1/60] Train Acc=0.50576
2020-10-22 21:49:50 | Test | [  1/60] Train Mean IU=0.21500
2020-10-22 21:49:50 | Test | [  1/60] Train_class_acc=[0.42182422037679973, 0.5897044507650693]
2020-10-22 21:50:29 | Iter | [  1/60] valid loss=0.70632
2020-10-22 21:50:29 | Test | [  1/60] Valid Acc=0.49983
2020-10-22 21:50:29 | Test | [  1/60] Valid Mean IU=0.25643
2020-10-22 21:50:29 | Test | [  1/60] Valid Class Acc=[0.43298425374821053, 0.5699192044748114]
2020-10-22 21:51:25 | Iter | [  2/60] train loss=1.16247
2020-10-22 21:51:25 | Test | [  2/60] Train Acc=0.51055
2020-10-22 21:51:25 | Test | [  2/60] Train Mean IU=0.22550
2020-10-22 21:51:25 | Test | [  2/60] Train_class_acc=[0.4415493728214936, 0.5795411625642205]
2020-10-22 21:52:04 | Iter | [  2/60] valid loss=0.71403
2020-10-22 21:52:04 | Test | [  2/60] Valid Acc=0.49809
2020-10-22 21:52:04 | Test | [  2/60] Valid Mean IU=0.25779
2020-10-22 21:52:04 | Test | [  2/60] Valid Class Acc=[0.43279330921872744, 0.6080048270313696]
2020-10-22 21:53:00 | Iter | [  3/60] train loss=1.07937
2020-10-22 21:53:00 | Test | [  3/60] Train Acc=0.51384
2020-10-22 21:53:00 | Test | [  3/60] Train Mean IU=0.22840
2020-10-22 21:53:00 | Test | [  3/60] Train_class_acc=[0.44861898846069265, 0.5790593239018743]
2020-10-22 21:53:38 | Iter | [  3/60] valid loss=0.71371
2020-10-22 21:53:38 | Test | [  3/60] Valid Acc=0.49738
2020-10-22 21:53:38 | Test | [  3/60] Valid Mean IU=0.26448
2020-10-22 21:53:38 | Test | [  3/60] Valid Class Acc=[0.44761942950514, 0.5582564962279732]
2020-10-22 21:54:35 | Iter | [  4/60] train loss=1.00042
2020-10-22 21:54:35 | Test | [  4/60] Train Acc=0.51952
2020-10-22 21:54:35 | Test | [  4/60] Train Mean IU=0.23821
2020-10-22 21:54:35 | Test | [  4/60] Train_class_acc=[0.4681221058118025, 0.5709085573399064]
2020-10-22 21:55:13 | Iter | [  4/60] valid loss=0.70992
2020-10-22 21:55:13 | Test | [  4/60] Valid Acc=0.49865
2020-10-22 21:55:13 | Test | [  4/60] Valid Mean IU=0.27080
2020-10-22 21:55:13 | Test | [  4/60] Valid Class Acc=[0.4771764965727723, 0.5900704461589873]
2020-10-22 21:56:10 | Iter | [  5/60] train loss=0.95625
2020-10-22 21:56:10 | Test | [  5/60] Train Acc=0.52109
2020-10-22 21:56:10 | Test | [  5/60] Train Mean IU=0.24513
2020-10-22 21:56:10 | Test | [  5/60] Train_class_acc=[0.4820488187462695, 0.5601244257638623]
2020-10-22 21:56:49 | Iter | [  5/60] valid loss=0.70731
2020-10-22 21:56:49 | Test | [  5/60] Valid Acc=0.50049
2020-10-22 21:56:49 | Test | [  5/60] Valid Mean IU=0.27392
2020-10-22 21:56:49 | Test | [  5/60] Valid Class Acc=[0.49182575333385203, 0.5774244833068178]
2020-10-22 21:57:45 | Iter | [  6/60] train loss=0.91553
2020-10-22 21:57:45 | Test | [  6/60] Train Acc=0.52008
2020-10-22 21:57:45 | Test | [  6/60] Train Mean IU=0.25139
2020-10-22 21:57:45 | Test | [  6/60] Train_class_acc=[0.49487952496195203, 0.5452863731791844]
2020-10-22 21:58:23 | Iter | [  6/60] valid loss=0.70468
2020-10-22 21:58:23 | Test | [  6/60] Valid Acc=0.50087
2020-10-22 21:58:23 | Test | [  6/60] Valid Mean IU=0.27561
2020-10-22 21:58:23 | Test | [  6/60] Valid Class Acc=[0.5152928549755378, 0.5020936429386942]
2020-10-22 21:59:20 | Iter | [  7/60] train loss=0.88350
2020-10-22 21:59:20 | Test | [  7/60] Train Acc=0.53356
2020-10-22 21:59:20 | Test | [  7/60] Train Mean IU=0.25752
2020-10-22 21:59:20 | Test | [  7/60] Train_class_acc=[0.5066378188958415, 0.5604857431534812]
2020-10-22 21:59:59 | Iter | [  7/60] valid loss=0.70293
2020-10-22 21:59:59 | Test | [  7/60] Valid Acc=0.50194
2020-10-22 21:59:59 | Test | [  7/60] Valid Mean IU=0.27675
2020-10-22 21:59:59 | Test | [  7/60] Valid Class Acc=[0.5079984461737026, 0.5791893021311918]
2020-10-22 22:00:55 | Iter | [  8/60] train loss=0.86073
2020-10-22 22:00:55 | Test | [  8/60] Train Acc=0.53194
2020-10-22 22:00:55 | Test | [  8/60] Train Mean IU=0.26199
2020-10-22 22:00:55 | Test | [  8/60] Train_class_acc=[0.5153260112765302, 0.5485628435665698]
2020-10-22 22:01:34 | Iter | [  8/60] valid loss=0.70669
2020-10-22 22:01:34 | Test | [  8/60] Valid Acc=0.51248
2020-10-22 22:01:34 | Test | [  8/60] Valid Mean IU=0.27731
2020-10-22 22:01:34 | Test | [  8/60] Valid Class Acc=[0.5308030180747578, 0.5388177608280975]
2020-10-22 22:02:30 | Iter | [  9/60] train loss=0.83895
2020-10-22 22:02:30 | Test | [  9/60] Train Acc=0.52826
2020-10-22 22:02:30 | Test | [  9/60] Train Mean IU=0.27013
2020-10-22 22:02:30 | Test | [  9/60] Train_class_acc=[0.5312310294469923, 0.5252858700403424]
2020-10-22 22:03:10 | Iter | [  9/60] valid loss=0.71746
2020-10-22 22:03:10 | Test | [  9/60] Valid Acc=0.52295
2020-10-22 22:03:10 | Test | [  9/60] Valid Mean IU=0.27903
2020-10-22 22:03:10 | Test | [  9/60] Valid Class Acc=[0.5290738001734073, 0.48672852826930846]
2020-10-22 22:04:10 | Iter | [ 10/60] train loss=0.84252
2020-10-22 22:04:10 | Test | [ 10/60] Train Acc=0.52481
2020-10-22 22:04:10 | Test | [ 10/60] Train Mean IU=0.27048
2020-10-22 22:04:10 | Test | [ 10/60] Train_class_acc=[0.5330898673572091, 0.5165400701088726]
2020-10-22 22:04:51 | Iter | [ 10/60] valid loss=0.73057
2020-10-22 22:04:51 | Test | [ 10/60] Valid Acc=0.53006
2020-10-22 22:04:51 | Test | [ 10/60] Valid Mean IU=0.28295
2020-10-22 22:04:51 | Test | [ 10/60] Valid Class Acc=[0.5344453573539872, 0.4785974499089035]
2020-10-22 22:05:47 | Iter | [ 11/60] train loss=0.81197
2020-10-22 22:05:47 | Test | [ 11/60] Train Acc=0.53546
2020-10-22 22:05:47 | Test | [ 11/60] Train Mean IU=0.27562
2020-10-22 22:05:47 | Test | [ 11/60] Train_class_acc=[0.5427621070439901, 0.5281599182910502]
2020-10-22 22:06:26 | Iter | [ 11/60] valid loss=0.72123
2020-10-22 22:06:26 | Test | [ 11/60] Valid Acc=0.52979
2020-10-22 22:06:26 | Test | [ 11/60] Valid Mean IU=0.28679
2020-10-22 22:06:26 | Test | [ 11/60] Valid Class Acc=[0.5540423328045293, 0.6076607387140737]
2020-10-22 22:07:22 | Iter | [ 12/60] train loss=0.80686
2020-10-22 22:07:22 | Test | [ 12/60] Train Acc=0.52920
2020-10-22 22:07:22 | Test | [ 12/60] Train Mean IU=0.27974
2020-10-22 22:07:22 | Test | [ 12/60] Train_class_acc=[0.5514864344167022, 0.5069224488516567]
2020-10-22 22:08:00 | Iter | [ 12/60] valid loss=0.71328
2020-10-22 22:08:00 | Test | [ 12/60] Valid Acc=0.52961
2020-10-22 22:08:00 | Test | [ 12/60] Valid Mean IU=0.29020
2020-10-22 22:08:00 | Test | [ 12/60] Valid Class Acc=[0.5456661841699256, 0.5220667384283989]
2020-10-22 22:08:57 | Iter | [ 13/60] train loss=0.79071
2020-10-22 22:08:57 | Test | [ 13/60] Train Acc=0.53366
2020-10-22 22:08:57 | Test | [ 13/60] Train Mean IU=0.28136
2020-10-22 22:08:57 | Test | [ 13/60] Train_class_acc=[0.5544328481615441, 0.5128962973292452]
2020-10-22 22:09:36 | Iter | [ 13/60] valid loss=0.71293
2020-10-22 22:09:36 | Test | [ 13/60] Valid Acc=0.53101
2020-10-22 22:09:36 | Test | [ 13/60] Valid Mean IU=0.29345
2020-10-22 22:09:36 | Test | [ 13/60] Valid Class Acc=[0.5556336172828663, 0.5508208173244655]
2020-10-22 22:10:33 | Iter | [ 14/60] train loss=0.77842
2020-10-22 22:10:33 | Test | [ 14/60] Train Acc=0.52571
2020-10-22 22:10:33 | Test | [ 14/60] Train Mean IU=0.28912
2020-10-22 22:10:33 | Test | [ 14/60] Train_class_acc=[0.5705624823225318, 0.48085372167291524]
2020-10-22 22:11:12 | Iter | [ 14/60] valid loss=0.70563
2020-10-22 22:11:12 | Test | [ 14/60] Valid Acc=0.52998
2020-10-22 22:11:12 | Test | [ 14/60] Valid Mean IU=0.29653
2020-10-22 22:11:12 | Test | [ 14/60] Valid Class Acc=[0.5414441484496191, 0.48590660496422017]
2020-10-22 22:12:08 | Iter | [ 15/60] train loss=0.76859
2020-10-22 22:12:08 | Test | [ 15/60] Train Acc=0.52721
2020-10-22 22:12:08 | Test | [ 15/60] Train Mean IU=0.29080
2020-10-22 22:12:08 | Test | [ 15/60] Train_class_acc=[0.5738857584227152, 0.48053656267679745]
2020-10-22 22:12:47 | Iter | [ 15/60] valid loss=0.69744
2020-10-22 22:12:47 | Test | [ 15/60] Valid Acc=0.52297
2020-10-22 22:12:47 | Test | [ 15/60] Valid Mean IU=0.29841
2020-10-22 22:12:47 | Test | [ 15/60] Valid Class Acc=[0.5937260806826022, 0.4817592908284868]
2020-10-22 22:13:44 | Iter | [ 16/60] train loss=0.75575
2020-10-22 22:13:44 | Test | [ 16/60] Train Acc=0.52362
2020-10-22 22:13:44 | Test | [ 16/60] Train Mean IU=0.29875
2020-10-22 22:13:44 | Test | [ 16/60] Train_class_acc=[0.5901933260897589, 0.4570543965325828]
2020-10-22 22:14:22 | Iter | [ 16/60] valid loss=0.69482
2020-10-22 22:14:22 | Test | [ 16/60] Valid Acc=0.51938
2020-10-22 22:14:22 | Test | [ 16/60] Valid Mean IU=0.29862
2020-10-22 22:14:22 | Test | [ 16/60] Valid Class Acc=[0.5987460107749812, 0.41451804839347817]
2020-10-22 22:15:19 | Iter | [ 17/60] train loss=0.74443
2020-10-22 22:15:19 | Test | [ 17/60] Train Acc=0.52149
2020-10-22 22:15:19 | Test | [ 17/60] Train Mean IU=0.29718
2020-10-22 22:15:19 | Test | [ 17/60] Train_class_acc=[0.5862487119872165, 0.4567298610508234]
2020-10-22 22:15:58 | Iter | [ 17/60] valid loss=0.69416
2020-10-22 22:15:58 | Test | [ 17/60] Valid Acc=0.51525
2020-10-22 22:15:58 | Test | [ 17/60] Valid Mean IU=0.29996
2020-10-22 22:15:58 | Test | [ 17/60] Valid Class Acc=[0.5868381661052302, 0.4350361810130637]
2020-10-22 22:16:54 | Iter | [ 18/60] train loss=0.74576
2020-10-22 22:16:54 | Test | [ 18/60] Train Acc=0.52262
2020-10-22 22:16:54 | Test | [ 18/60] Train Mean IU=0.29897
2020-10-22 22:16:54 | Test | [ 18/60] Train_class_acc=[0.5906662353357162, 0.45456934477775485]
2020-10-22 22:17:33 | Iter | [ 18/60] valid loss=0.69190
2020-10-22 22:17:33 | Test | [ 18/60] Valid Acc=0.51094
2020-10-22 22:17:33 | Test | [ 18/60] Valid Mean IU=0.30417
2020-10-22 22:17:33 | Test | [ 18/60] Valid Class Acc=[0.5833245496478995, 0.47620666213458607]
2020-10-22 22:18:30 | Iter | [ 19/60] train loss=0.73046
2020-10-22 22:18:30 | Test | [ 19/60] Train Acc=0.52300
2020-10-22 22:18:30 | Test | [ 19/60] Train Mean IU=0.30183
2020-10-22 22:18:30 | Test | [ 19/60] Train_class_acc=[0.5962545426402135, 0.44974471477054007]
2020-10-22 22:19:09 | Iter | [ 19/60] valid loss=0.69558
2020-10-22 22:19:09 | Test | [ 19/60] Valid Acc=0.51529
2020-10-22 22:19:09 | Test | [ 19/60] Valid Mean IU=0.30942
2020-10-22 22:19:09 | Test | [ 19/60] Valid Class Acc=[0.6031542730857127, 0.43629583592291993]
2020-10-22 22:20:05 | Iter | [ 20/60] train loss=0.72651
2020-10-22 22:20:05 | Test | [ 20/60] Train Acc=0.51731
2020-10-22 22:20:05 | Test | [ 20/60] Train Mean IU=0.30810
2020-10-22 22:20:05 | Test | [ 20/60] Train_class_acc=[0.6093850427644879, 0.4252300047024724]
2020-10-22 22:20:44 | Iter | [ 20/60] valid loss=0.69000
2020-10-22 22:20:44 | Test | [ 20/60] Valid Acc=0.51774
2020-10-22 22:20:44 | Test | [ 20/60] Valid Mean IU=0.31596
2020-10-22 22:20:44 | Test | [ 20/60] Valid Class Acc=[0.643237746082764, 0.4018308080807954]
2020-10-22 22:21:41 | Iter | [ 21/60] train loss=0.72029
2020-10-22 22:21:41 | Test | [ 21/60] Train Acc=0.51750
2020-10-22 22:21:41 | Test | [ 21/60] Train Mean IU=0.31079
2020-10-22 22:21:41 | Test | [ 21/60] Train_class_acc=[0.6138802816725782, 0.42111301181695265]
2020-10-22 22:22:20 | Iter | [ 21/60] valid loss=0.67934
2020-10-22 22:22:20 | Test | [ 21/60] Valid Acc=0.51546
2020-10-22 22:22:20 | Test | [ 21/60] Valid Mean IU=0.32379
2020-10-22 22:22:20 | Test | [ 21/60] Valid Class Acc=[0.6314744497196852, 0.40260385609222415]
2020-10-22 22:23:16 | Iter | [ 22/60] train loss=0.71550
2020-10-22 22:23:16 | Test | [ 22/60] Train Acc=0.51591
2020-10-22 22:23:16 | Test | [ 22/60] Train Mean IU=0.31476
2020-10-22 22:23:16 | Test | [ 22/60] Train_class_acc=[0.6230352957623544, 0.4087819173512061]
2020-10-22 22:23:55 | Iter | [ 22/60] valid loss=0.68162
2020-10-22 22:23:55 | Test | [ 22/60] Valid Acc=0.52248
2020-10-22 22:23:55 | Test | [ 22/60] Valid Mean IU=0.32954
2020-10-22 22:23:55 | Test | [ 22/60] Valid Class Acc=[0.6133985732118774, 0.42712550607285726]
2020-10-22 22:24:51 | Iter | [ 23/60] train loss=0.71180
2020-10-22 22:24:51 | Test | [ 23/60] Train Acc=0.52129
2020-10-22 22:24:51 | Test | [ 23/60] Train Mean IU=0.31581
2020-10-22 22:24:51 | Test | [ 23/60] Train_class_acc=[0.6247495079717827, 0.4178223141202868]
2020-10-22 22:25:30 | Iter | [ 23/60] valid loss=0.68908
2020-10-22 22:25:30 | Test | [ 23/60] Valid Acc=0.52861
2020-10-22 22:25:30 | Test | [ 23/60] Valid Mean IU=0.33441
2020-10-22 22:25:30 | Test | [ 23/60] Valid Class Acc=[0.6177505274393756, 0.413852813852796]
2020-10-22 22:26:32 | Iter | [ 24/60] train loss=0.70648
2020-10-22 22:26:32 | Test | [ 24/60] Train Acc=0.51751
2020-10-22 22:26:32 | Test | [ 24/60] Train Mean IU=0.32197
2020-10-22 22:26:32 | Test | [ 24/60] Train_class_acc=[0.6374871608743231, 0.3975291567127517]
2020-10-22 22:27:12 | Iter | [ 24/60] valid loss=0.68582
2020-10-22 22:27:12 | Test | [ 24/60] Valid Acc=0.53141
2020-10-22 22:27:12 | Test | [ 24/60] Valid Mean IU=0.33896
2020-10-22 22:27:12 | Test | [ 24/60] Valid Class Acc=[0.6432202497631209, 0.42469635627528646]
2020-10-22 22:28:12 | Iter | [ 25/60] train loss=0.70460
2020-10-22 22:28:12 | Test | [ 25/60] Train Acc=0.51568
2020-10-22 22:28:12 | Test | [ 25/60] Train Mean IU=0.31963
2020-10-22 22:28:12 | Test | [ 25/60] Train_class_acc=[0.6328024717011804, 0.398562726567987]
2020-10-22 22:28:52 | Iter | [ 25/60] valid loss=0.71989
2020-10-22 22:28:52 | Test | [ 25/60] Valid Acc=0.53367
2020-10-22 22:28:52 | Test | [ 25/60] Valid Mean IU=0.33947
2020-10-22 22:28:52 | Test | [ 25/60] Valid Class Acc=[0.6063262462534706, 0.4148397976391056]
2020-10-22 22:29:47 | Iter | [ 26/60] train loss=0.70170
2020-10-22 22:29:47 | Test | [ 26/60] Train Acc=0.51796
2020-10-22 22:29:47 | Test | [ 26/60] Train Mean IU=0.33050
2020-10-22 22:29:47 | Test | [ 26/60] Train_class_acc=[0.6544759021522344, 0.381441533681998]
2020-10-22 22:30:28 | Iter | [ 26/60] valid loss=1.03026
2020-10-22 22:30:28 | Test | [ 26/60] Valid Acc=0.54936
2020-10-22 22:30:28 | Test | [ 26/60] Valid Mean IU=0.34011
2020-10-22 22:30:28 | Test | [ 26/60] Valid Class Acc=[0.6714250207749103, 0.374636040116455]
2020-10-22 22:31:26 | Iter | [ 27/60] train loss=0.69450
2020-10-22 22:31:26 | Test | [ 27/60] Train Acc=0.51805
2020-10-22 22:31:26 | Test | [ 27/60] Train Mean IU=0.33969
2020-10-22 22:31:26 | Test | [ 27/60] Train_class_acc=[0.6731990115778431, 0.36290128990660686]
2020-10-22 22:32:05 | Iter | [ 27/60] valid loss=0.77238
2020-10-22 22:32:05 | Test | [ 27/60] Valid Acc=0.54317
2020-10-22 22:32:05 | Test | [ 27/60] Valid Mean IU=0.35118
2020-10-22 22:32:05 | Test | [ 27/60] Valid Class Acc=[0.6930306129611244, 0.35593900481539503]
2020-10-22 22:33:01 | Iter | [ 28/60] train loss=0.69159
2020-10-22 22:33:01 | Test | [ 28/60] Train Acc=0.52092
2020-10-22 22:33:01 | Test | [ 28/60] Train Mean IU=0.34005
2020-10-22 22:33:01 | Test | [ 28/60] Train_class_acc=[0.6738009936233675, 0.3680367391725925]
2020-10-22 22:33:40 | Iter | [ 28/60] valid loss=0.66417
2020-10-22 22:33:40 | Test | [ 28/60] Valid Acc=0.52809
2020-10-22 22:33:40 | Test | [ 28/60] Valid Mean IU=0.36021
2020-10-22 22:33:40 | Test | [ 28/60] Valid Class Acc=[0.6733236082062662, 0.388231531819623]
2020-10-22 22:34:36 | Iter | [ 29/60] train loss=0.67900
2020-10-22 22:34:36 | Test | [ 29/60] Train Acc=0.51813
2020-10-22 22:34:36 | Test | [ 29/60] Train Mean IU=0.34721
2020-10-22 22:34:36 | Test | [ 29/60] Train_class_acc=[0.6885253850987302, 0.34774358467720257]
2020-10-22 22:35:15 | Iter | [ 29/60] valid loss=0.64912
2020-10-22 22:35:15 | Test | [ 29/60] Valid Acc=0.52031
2020-10-22 22:35:15 | Test | [ 29/60] Valid Mean IU=0.36345
2020-10-22 22:35:15 | Test | [ 29/60] Valid Class Acc=[0.6873000997459867, 0.3585516632322532]
2020-10-22 22:36:11 | Iter | [ 30/60] train loss=0.67291
2020-10-22 22:36:11 | Test | [ 30/60] Train Acc=0.51654
2020-10-22 22:36:11 | Test | [ 30/60] Train Mean IU=0.34659
2020-10-22 22:36:11 | Test | [ 30/60] Train_class_acc=[0.6872173590258011, 0.34586119832723305]
2020-10-22 22:36:50 | Iter | [ 30/60] valid loss=0.64296
2020-10-22 22:36:50 | Test | [ 30/60] Valid Acc=0.51895
2020-10-22 22:36:50 | Test | [ 30/60] Valid Mean IU=0.36581
2020-10-22 22:36:50 | Test | [ 30/60] Valid Class Acc=[0.6969769347969285, 0.3475177304964444]
2020-10-22 22:37:46 | Iter | [ 31/60] train loss=0.69723
2020-10-22 22:37:46 | Test | [ 31/60] Train Acc=0.50531
2020-10-22 22:37:46 | Test | [ 31/60] Train Mean IU=0.33440
2020-10-22 22:37:46 | Test | [ 31/60] Train_class_acc=[0.6633498467642164, 0.34727143058731724]
2020-10-22 22:38:25 | Iter | [ 31/60] valid loss=0.63745
2020-10-22 22:38:25 | Test | [ 31/60] Valid Acc=0.51958
2020-10-22 22:38:25 | Test | [ 31/60] Valid Mean IU=0.36339
2020-10-22 22:38:25 | Test | [ 31/60] Valid Class Acc=[0.5954433590127861, 0.3709136630343516]
2020-10-22 22:39:21 | Iter | [ 32/60] train loss=0.66622
2020-10-22 22:39:21 | Test | [ 32/60] Train Acc=0.51727
2020-10-22 22:39:21 | Test | [ 32/60] Train Mean IU=0.34812
2020-10-22 22:39:21 | Test | [ 32/60] Train_class_acc=[0.6903203911791781, 0.34422290070983474]
2020-10-22 22:40:01 | Iter | [ 32/60] valid loss=0.69186
2020-10-22 22:40:01 | Test | [ 32/60] Valid Acc=0.52836
2020-10-22 22:40:01 | Test | [ 32/60] Valid Mean IU=0.36862
2020-10-22 22:40:01 | Test | [ 32/60] Valid Class Acc=[0.7027930491477192, 0.3286022832459016]
2020-10-22 22:40:57 | Iter | [ 33/60] train loss=0.65593
2020-10-22 22:40:57 | Test | [ 33/60] Train Acc=0.51376
2020-10-22 22:40:57 | Test | [ 33/60] Train Mean IU=0.35822
2020-10-22 22:40:57 | Test | [ 33/60] Train_class_acc=[0.7110318905701862, 0.31648629263090183]
2020-10-22 22:41:36 | Iter | [ 33/60] valid loss=0.65971
2020-10-22 22:41:36 | Test | [ 33/60] Valid Acc=0.52668
2020-10-22 22:41:36 | Test | [ 33/60] Valid Mean IU=0.37617
2020-10-22 22:41:36 | Test | [ 33/60] Valid Class Acc=[0.7249260594384278, 0.3374144760532828]
2020-10-22 22:42:34 | Iter | [ 34/60] train loss=0.64879
2020-10-22 22:42:34 | Test | [ 34/60] Train Acc=0.51389
2020-10-22 22:42:34 | Test | [ 34/60] Train Mean IU=0.36265
2020-10-22 22:42:34 | Test | [ 34/60] Train_class_acc=[0.7199233554517176, 0.30785109685133855]
2020-10-22 22:43:13 | Iter | [ 34/60] valid loss=0.63212
2020-10-22 22:43:13 | Test | [ 34/60] Valid Acc=0.52248
2020-10-22 22:43:13 | Test | [ 34/60] Valid Mean IU=0.37869
2020-10-22 22:43:13 | Test | [ 34/60] Valid Class Acc=[0.7029152171677521, 0.3110454377539597]
2020-10-22 22:44:09 | Iter | [ 35/60] train loss=0.64921
2020-10-22 22:44:09 | Test | [ 35/60] Train Acc=0.51373
2020-10-22 22:44:09 | Test | [ 35/60] Train Mean IU=0.35908
2020-10-22 22:44:09 | Test | [ 35/60] Train_class_acc=[0.712125697130622, 0.3153399878500928]
2020-10-22 22:44:48 | Iter | [ 35/60] valid loss=0.64850
2020-10-22 22:44:48 | Test | [ 35/60] Valid Acc=0.52163
2020-10-22 22:44:48 | Test | [ 35/60] Valid Mean IU=0.38048
2020-10-22 22:44:48 | Test | [ 35/60] Valid Class Acc=[0.6706409142892071, 0.3248834830055664]
2020-10-22 22:45:44 | Iter | [ 36/60] train loss=0.63884
2020-10-22 22:45:44 | Test | [ 36/60] Train Acc=0.51320
2020-10-22 22:45:44 | Test | [ 36/60] Train Mean IU=0.36890
2020-10-22 22:45:44 | Test | [ 36/60] Train_class_acc=[0.7321284216407088, 0.2942733451210137]
2020-10-22 22:46:23 | Iter | [ 36/60] valid loss=0.79580
2020-10-22 22:46:23 | Test | [ 36/60] Valid Acc=0.53767
2020-10-22 22:46:23 | Test | [ 36/60] Valid Mean IU=0.38340
2020-10-22 22:46:23 | Test | [ 36/60] Valid Class Acc=[0.7430566689825947, 0.26424442609413396]
2020-10-22 22:47:24 | Iter | [ 37/60] train loss=0.63023
2020-10-22 22:47:24 | Test | [ 37/60] Train Acc=0.51915
2020-10-22 22:47:24 | Test | [ 37/60] Train Mean IU=0.37960
2020-10-22 22:47:24 | Test | [ 37/60] Train_class_acc=[0.7538445527475662, 0.28444662272810234]
2020-10-22 22:48:05 | Iter | [ 37/60] valid loss=0.69025
2020-10-22 22:48:05 | Test | [ 37/60] Valid Acc=0.53033
2020-10-22 22:48:05 | Test | [ 37/60] Valid Mean IU=0.39034
2020-10-22 22:48:05 | Test | [ 37/60] Valid Class Acc=[0.7156688332189084, 0.3216450216450077]
2020-10-22 22:49:03 | Iter | [ 38/60] train loss=0.62155
2020-10-22 22:49:03 | Test | [ 38/60] Train Acc=0.52650
2020-10-22 22:49:03 | Test | [ 38/60] Train Mean IU=0.38496
2020-10-22 22:49:03 | Test | [ 38/60] Train_class_acc=[0.7642874626572858, 0.28870432106069543]
2020-10-22 22:49:44 | Iter | [ 38/60] valid loss=0.61762
2020-10-22 22:49:44 | Test | [ 38/60] Valid Acc=0.52468
2020-10-22 22:49:44 | Test | [ 38/60] Valid Mean IU=0.39730
2020-10-22 22:49:44 | Test | [ 38/60] Valid Class Acc=[0.774525106019924, 0.30538302277431656]
2020-10-22 22:50:44 | Iter | [ 39/60] train loss=0.61299
2020-10-22 22:50:44 | Test | [ 39/60] Train Acc=0.52558
2020-10-22 22:50:44 | Test | [ 39/60] Train Mean IU=0.38492
2020-10-22 22:50:44 | Test | [ 39/60] Train_class_acc=[0.7639310820727593, 0.2872241770090748]
2020-10-22 22:51:24 | Iter | [ 39/60] valid loss=0.58884
2020-10-22 22:51:24 | Test | [ 39/60] Valid Acc=0.52651
2020-10-22 22:51:24 | Test | [ 39/60] Valid Mean IU=0.40222
2020-10-22 22:51:24 | Test | [ 39/60] Valid Class Acc=[0.7926180998609554, 0.3096839273705343]
2020-10-22 22:52:20 | Iter | [ 40/60] train loss=0.60380
2020-10-22 22:52:20 | Test | [ 40/60] Train Acc=0.51933
2020-10-22 22:52:20 | Test | [ 40/60] Train Mean IU=0.38826
2020-10-22 22:52:20 | Test | [ 40/60] Train_class_acc=[0.7714596451505429, 0.26720340725203684]
2020-10-22 22:52:59 | Iter | [ 40/60] valid loss=0.57022
2020-10-22 22:52:59 | Test | [ 40/60] Valid Acc=0.52384
2020-10-22 22:52:59 | Test | [ 40/60] Valid Mean IU=0.40719
2020-10-22 22:52:59 | Test | [ 40/60] Valid Class Acc=[0.7737530331964053, 0.27507755946224494]
2020-10-22 22:53:55 | Iter | [ 41/60] train loss=0.58640
2020-10-22 22:53:55 | Test | [ 41/60] Train Acc=0.52149
2020-10-22 22:53:55 | Test | [ 41/60] Train Mean IU=0.39723
2020-10-22 22:53:55 | Test | [ 41/60] Train_class_acc=[0.7891615970752377, 0.25381710618044623]
2020-10-22 22:54:34 | Iter | [ 41/60] valid loss=0.55632
2020-10-22 22:54:34 | Test | [ 41/60] Valid Acc=0.52153
2020-10-22 22:54:34 | Test | [ 41/60] Valid Mean IU=0.41212
2020-10-22 22:54:34 | Test | [ 41/60] Valid Class Acc=[0.7810299505933321, 0.2719449225473244]
2020-10-22 22:55:31 | Iter | [ 42/60] train loss=0.58309
2020-10-22 22:55:31 | Test | [ 42/60] Train Acc=0.52129
2020-10-22 22:55:31 | Test | [ 42/60] Train Mean IU=0.39766
2020-10-22 22:55:31 | Test | [ 42/60] Train_class_acc=[0.7898253159591356, 0.2527581624794103]
2020-10-22 22:56:10 | Iter | [ 42/60] valid loss=0.54806
2020-10-22 22:56:10 | Test | [ 42/60] Valid Acc=0.52141
2020-10-22 22:56:10 | Test | [ 42/60] Valid Mean IU=0.41462
2020-10-22 22:56:10 | Test | [ 42/60] Valid Class Acc=[0.7828238384920481, 0.2159734844434918]
2020-10-22 22:57:06 | Iter | [ 43/60] train loss=0.57127
2020-10-22 22:57:06 | Test | [ 43/60] Train Acc=0.52639
2020-10-22 22:57:06 | Test | [ 43/60] Train Mean IU=0.40352
2020-10-22 22:57:06 | Test | [ 43/60] Train_class_acc=[0.8014451324298174, 0.25133750519977166]
2020-10-22 22:57:45 | Iter | [ 43/60] valid loss=0.54103
2020-10-22 22:57:45 | Test | [ 43/60] Valid Acc=0.52160
2020-10-22 22:57:45 | Test | [ 43/60] Valid Mean IU=0.41935
2020-10-22 22:57:45 | Test | [ 43/60] Valid Class Acc=[0.7784639087047178, 0.2902328814737473]
2020-10-22 22:58:41 | Iter | [ 44/60] train loss=0.56758
2020-10-22 22:58:41 | Test | [ 44/60] Train Acc=0.51942
2020-10-22 22:58:41 | Test | [ 44/60] Train Mean IU=0.40286
2020-10-22 22:58:41 | Test | [ 44/60] Train_class_acc=[0.8010724557635055, 0.237758182107122]
2020-10-22 22:59:20 | Iter | [ 44/60] valid loss=0.53831
2020-10-22 22:59:20 | Test | [ 44/60] Valid Acc=0.52228
2020-10-22 22:59:20 | Test | [ 44/60] Valid Mean IU=0.42208
2020-10-22 22:59:20 | Test | [ 44/60] Valid Class Acc=[0.7645414781486167, 0.2846122614697408]
2020-10-22 23:00:17 | Iter | [ 45/60] train loss=0.55880
2020-10-22 23:00:17 | Test | [ 45/60] Train Acc=0.52630
2020-10-22 23:00:17 | Test | [ 45/60] Train Mean IU=0.41013
2020-10-22 23:00:17 | Test | [ 45/60] Train_class_acc=[0.8149523772014163, 0.23764348522715215]
2020-10-22 23:00:56 | Iter | [ 45/60] valid loss=0.52689
2020-10-22 23:00:56 | Test | [ 45/60] Valid Acc=0.52251
2020-10-22 23:00:56 | Test | [ 45/60] Valid Mean IU=0.42768
2020-10-22 23:00:56 | Test | [ 45/60] Valid Class Acc=[0.8526548872067448, 0.2089825847845917]
2020-10-22 23:01:52 | Iter | [ 46/60] train loss=0.54039
2020-10-22 23:01:52 | Test | [ 46/60] Train Acc=0.51698
2020-10-22 23:01:52 | Test | [ 46/60] Train Mean IU=0.41895
2020-10-22 23:01:52 | Test | [ 46/60] Train_class_acc=[0.8333227081136391, 0.20064714518127202]
2020-10-22 23:02:31 | Iter | [ 46/60] valid loss=0.51281
2020-10-22 23:02:31 | Test | [ 46/60] Valid Acc=0.51552
2020-10-22 23:02:31 | Test | [ 46/60] Valid Mean IU=0.43175
2020-10-22 23:02:31 | Test | [ 46/60] Valid Class Acc=[0.8659859653245932, 0.16594632626394445]
2020-10-22 23:03:27 | Iter | [ 47/60] train loss=0.53577
2020-10-22 23:03:27 | Test | [ 47/60] Train Acc=0.51319
2020-10-22 23:03:27 | Test | [ 47/60] Train Mean IU=0.42119
2020-10-22 23:03:27 | Test | [ 47/60] Train_class_acc=[0.8382839737956439, 0.18809978153262577]
2020-10-22 23:04:06 | Iter | [ 47/60] valid loss=0.50657
2020-10-22 23:04:06 | Test | [ 47/60] Valid Acc=0.51729
2020-10-22 23:04:06 | Test | [ 47/60] Valid Mean IU=0.43557
2020-10-22 23:04:06 | Test | [ 47/60] Valid Class Acc=[0.8040231893225054, 0.1899046190118938]
2020-10-22 23:05:03 | Iter | [ 48/60] train loss=0.51817
2020-10-22 23:05:03 | Test | [ 48/60] Train Acc=0.52212
2020-10-22 23:05:03 | Test | [ 48/60] Train Mean IU=0.43157
2020-10-22 23:05:03 | Test | [ 48/60] Train_class_acc=[0.8587178775643906, 0.1855126135465817]
2020-10-22 23:05:42 | Iter | [ 48/60] valid loss=0.49457
2020-10-22 23:05:42 | Test | [ 48/60] Valid Acc=0.51440
2020-10-22 23:05:42 | Test | [ 48/60] Valid Mean IU=0.44128
2020-10-22 23:05:42 | Test | [ 48/60] Valid Class Acc=[0.8609949361636053, 0.21130104463436794]
2020-10-22 23:06:38 | Iter | [ 49/60] train loss=0.51576
2020-10-22 23:06:38 | Test | [ 49/60] Train Acc=0.52339
2020-10-22 23:06:38 | Test | [ 49/60] Train Mean IU=0.42977
2020-10-22 23:06:38 | Test | [ 49/60] Train_class_acc=[0.8544865562944627, 0.19228677195554764]
2020-10-22 23:07:17 | Iter | [ 49/60] valid loss=0.48530
2020-10-22 23:07:17 | Test | [ 49/60] Valid Acc=0.51283
2020-10-22 23:07:17 | Test | [ 49/60] Valid Mean IU=0.44357
2020-10-22 23:07:17 | Test | [ 49/60] Valid Class Acc=[0.8434181124306408, 0.21905067350865237]
2020-10-22 23:08:14 | Iter | [ 50/60] train loss=0.49916
2020-10-22 23:08:14 | Test | [ 50/60] Train Acc=0.51672
2020-10-22 23:08:14 | Test | [ 50/60] Train Mean IU=0.43600
2020-10-22 23:08:14 | Test | [ 50/60] Train_class_acc=[0.868001070577793, 0.16542989465316318]
2020-10-22 23:08:53 | Iter | [ 50/60] valid loss=0.47647
2020-10-22 23:08:53 | Test | [ 50/60] Valid Acc=0.51310
2020-10-22 23:08:53 | Test | [ 50/60] Valid Mean IU=0.44626
2020-10-22 23:08:53 | Test | [ 50/60] Valid Class Acc=[0.8462319169499345, 0.13111567123879328]
2020-10-22 23:09:50 | Iter | [ 51/60] train loss=0.48993
2020-10-22 23:09:50 | Test | [ 51/60] Train Acc=0.52330
2020-10-22 23:09:50 | Test | [ 51/60] Train Mean IU=0.43968
2020-10-22 23:09:50 | Test | [ 51/60] Train_class_acc=[0.8741569730508082, 0.1724475146862642]
2020-10-22 23:10:29 | Iter | [ 51/60] valid loss=0.47601
2020-10-22 23:10:29 | Test | [ 51/60] Valid Acc=0.51701
2020-10-22 23:10:29 | Test | [ 51/60] Valid Mean IU=0.44979
2020-10-22 23:10:29 | Test | [ 51/60] Valid Class Acc=[0.8740591918738652, 0.16579634464751777]
2020-10-22 23:11:27 | Iter | [ 52/60] train loss=0.48394
2020-10-22 23:11:27 | Test | [ 52/60] Train Acc=0.51035
2020-10-22 23:11:27 | Test | [ 52/60] Train Mean IU=0.44231
2020-10-22 23:11:27 | Test | [ 52/60] Train_class_acc=[0.8819322995710407, 0.13875839095910647]
2020-10-22 23:12:08 | Iter | [ 52/60] valid loss=0.47027
2020-10-22 23:12:08 | Test | [ 52/60] Valid Acc=0.52218
2020-10-22 23:12:08 | Test | [ 52/60] Valid Mean IU=0.45512
2020-10-22 23:12:08 | Test | [ 52/60] Valid Class Acc=[0.8694335687823657, 0.12428687856560212]
2020-10-22 23:13:06 | Iter | [ 53/60] train loss=0.47269
2020-10-22 23:13:06 | Test | [ 53/60] Train Acc=0.51627
2020-10-22 23:13:06 | Test | [ 53/60] Train Mean IU=0.44529
2020-10-22 23:13:06 | Test | [ 53/60] Train_class_acc=[0.88670666576364, 0.14584097122788328]
2020-10-22 23:13:46 | Iter | [ 53/60] valid loss=0.44952
2020-10-22 23:13:46 | Test | [ 53/60] Valid Acc=0.51124
2020-10-22 23:13:46 | Test | [ 53/60] Valid Mean IU=0.45712
2020-10-22 23:13:46 | Test | [ 53/60] Valid Class Acc=[0.8740087796488639, 0.1888581588304943]
2020-10-22 23:14:44 | Iter | [ 54/60] train loss=0.46583
2020-10-22 23:14:44 | Test | [ 54/60] Train Acc=0.52075
2020-10-22 23:14:44 | Test | [ 54/60] Train Mean IU=0.45060
2020-10-22 23:14:44 | Test | [ 54/60] Train_class_acc=[0.8970797272095189, 0.14441302177886575]
2020-10-22 23:15:24 | Iter | [ 54/60] valid loss=0.44919
2020-10-22 23:15:24 | Test | [ 54/60] Valid Acc=0.51988
2020-10-22 23:15:24 | Test | [ 54/60] Valid Mean IU=0.46317
2020-10-22 23:15:24 | Test | [ 54/60] Valid Class Acc=[0.8842747624044218, 0.1778435239973643]
2020-10-22 23:16:23 | Iter | [ 55/60] train loss=0.44357
2020-10-22 23:16:23 | Test | [ 55/60] Train Acc=0.51407
2020-10-22 23:16:23 | Test | [ 55/60] Train Mean IU=0.45881
2020-10-22 23:16:23 | Test | [ 55/60] Train_class_acc=[0.9138974117247266, 0.11424834230638936]
2020-10-22 23:17:03 | Iter | [ 55/60] valid loss=0.43360
2020-10-22 23:17:03 | Test | [ 55/60] Valid Acc=0.51887
2020-10-22 23:17:03 | Test | [ 55/60] Valid Mean IU=0.46652
2020-10-22 23:17:03 | Test | [ 55/60] Valid Class Acc=[0.8955622431446628, 0.14169675090252282]
2020-10-22 23:18:01 | Iter | [ 56/60] train loss=0.43895
2020-10-22 23:18:01 | Test | [ 56/60] Train Acc=0.52206
2020-10-22 23:18:01 | Test | [ 56/60] Train Mean IU=0.46019
2020-10-22 23:18:01 | Test | [ 56/60] Train_class_acc=[0.9152493589537646, 0.12886889954473166]
2020-10-22 23:18:41 | Iter | [ 56/60] valid loss=0.42684
2020-10-22 23:18:41 | Test | [ 56/60] Valid Acc=0.52128
2020-10-22 23:18:41 | Test | [ 56/60] Valid Mean IU=0.46974
2020-10-22 23:18:41 | Test | [ 56/60] Valid Class Acc=[0.9267070160269661, 0.1316339323025436]
2020-10-22 23:19:40 | Iter | [ 57/60] train loss=0.42129
2020-10-22 23:19:40 | Test | [ 57/60] Train Acc=0.52081
2020-10-22 23:19:40 | Test | [ 57/60] Train Mean IU=0.46615
2020-10-22 23:19:40 | Test | [ 57/60] Train_class_acc=[0.928030634015811, 0.1135922566162683]
2020-10-22 23:20:20 | Iter | [ 57/60] valid loss=0.42096
2020-10-22 23:20:20 | Test | [ 57/60] Valid Acc=0.52452
2020-10-22 23:20:20 | Test | [ 57/60] Valid Mean IU=0.47362
2020-10-22 23:20:20 | Test | [ 57/60] Valid Class Acc=[0.9349608609584289, 0.09281437125748225]
2020-10-22 23:21:19 | Iter | [ 58/60] train loss=0.42362
2020-10-22 23:21:19 | Test | [ 58/60] Train Acc=0.51839
2020-10-22 23:21:19 | Test | [ 58/60] Train Mean IU=0.46381
2020-10-22 23:21:19 | Test | [ 58/60] Train_class_acc=[0.9231229992745272, 0.11366130822967789]
2020-10-22 23:21:58 | Iter | [ 58/60] valid loss=0.41599
2020-10-22 23:21:58 | Test | [ 58/60] Valid Acc=0.52672
2020-10-22 23:21:58 | Test | [ 58/60] Valid Mean IU=0.47725
2020-10-22 23:21:58 | Test | [ 58/60] Valid Class Acc=[0.938734840575054, 0.11962365591397447]
2020-10-22 23:22:57 | Iter | [ 59/60] train loss=0.41413
2020-10-22 23:22:57 | Test | [ 59/60] Train Acc=0.51789
2020-10-22 23:22:57 | Test | [ 59/60] Train Mean IU=0.46761
2020-10-22 23:22:57 | Test | [ 59/60] Train_class_acc=[0.930663693526157, 0.10512568226255414]
2020-10-22 23:23:37 | Iter | [ 59/60] valid loss=0.39812
2020-10-22 23:23:37 | Test | [ 59/60] Valid Acc=0.52179
2020-10-22 23:23:37 | Test | [ 59/60] Valid Mean IU=0.48009
2020-10-22 23:23:37 | Test | [ 59/60] Valid Class Acc=[0.9595383846978238, 0.03723582690372233]
2020-10-22 23:24:36 | Iter | [ 60/60] train loss=0.40109
2020-10-22 23:24:36 | Test | [ 60/60] Train Acc=0.51861
2020-10-22 23:24:36 | Test | [ 60/60] Train Mean IU=0.47786
2020-10-22 23:24:36 | Test | [ 60/60] Train_class_acc=[0.950718640616481, 0.08649424160843411]
2020-10-22 23:25:16 | Iter | [ 60/60] valid loss=0.40317
2020-10-22 23:25:16 | Test | [ 60/60] Valid Acc=0.53034
2020-10-22 23:25:16 | Test | [ 60/60] Valid Mean IU=0.48453
2020-10-22 23:25:16 | Test | [ 60/60] Valid Class Acc=[0.9650139046658991, 0.0923311713086573]
