2020-10-21 10:20:03 | Conf | use logdir run/crackSegmentationSimple/2020-10-21-10-20-8945
2020-10-21 10:20:03 | Conf | use dataset crackSegmentationSimple
2020-10-21 10:20:03 | Conf | use augmentation True
2020-10-21 10:20:03 | Conf | use image size (448, 448)
2020-10-21 10:20:03 | Conf | use batch_size 4
2020-10-21 10:20:03 | Conf | use model fcn
2020-10-21 10:20:03 | Conf | use GPU [0]
2020-10-21 10:20:03 | Conf | use optimizer Adam, lr=0.0001, weight_decay=0.001
2020-10-21 10:20:03 | Conf | use step_lr_scheduler every 40 steps decay 0.1
2020-10-21 10:20:03 | Conf | use loss function crossentropyloss2D
2020-10-21 10:20:03 | Conf | use epoch 120
2020-10-21 10:22:02 | Iter | [  1/120] train loss=0.16054
2020-10-21 10:22:02 | Test | [  1/120] Train Acc=0.52552
2020-10-21 10:22:02 | Test | [  1/120] Train Mean IU=0.48358
2020-10-21 10:22:02 | Test | [  1/120] Train_class_acc=[0.9645260588425132, 0.0865105374974333]
2020-10-21 10:22:39 | Iter | [  1/120] valid loss=0.08389
2020-10-21 10:22:39 | Test | [  1/120] Valid Acc=0.50000
2020-10-21 10:22:39 | Test | [  1/120] Valid Mean IU=0.49492
2020-10-21 10:22:39 | Test | [  1/120] Valid Class Acc=[0.9992706181949427, 0.05901639344262053]
2020-10-21 10:24:37 | Iter | [  2/120] train loss=0.06636
2020-10-21 10:24:37 | Test | [  2/120] Train Acc=0.57099
2020-10-21 10:24:37 | Test | [  2/120] Train Mean IU=0.53265
2020-10-21 10:24:37 | Test | [  2/120] Train_class_acc=[0.9968782499094099, 0.14510365340154685]
2020-10-21 10:25:13 | Iter | [  2/120] valid loss=0.09902
2020-10-21 10:25:13 | Test | [  2/120] Valid Acc=0.50000
2020-10-21 10:25:13 | Test | [  2/120] Valid Mean IU=0.49492
2020-10-21 10:25:13 | Test | [  2/120] Valid Class Acc=[0.9997593605005297, 0.016187778227437628]
2020-10-21 10:27:10 | Iter | [  3/120] train loss=0.05167
2020-10-21 10:27:10 | Test | [  3/120] Train Acc=0.60625
2020-10-21 10:27:10 | Test | [  3/120] Train Mean IU=0.55582
2020-10-21 10:27:10 | Test | [  3/120] Train_class_acc=[0.9947756059258294, 0.21771905319874177]
2020-10-21 10:27:46 | Iter | [  3/120] valid loss=0.12517
2020-10-21 10:27:46 | Test | [  3/120] Valid Acc=0.50000
2020-10-21 10:27:46 | Test | [  3/120] Valid Mean IU=0.49492
2020-10-21 10:27:46 | Test | [  3/120] Valid Class Acc=[0.9927690643455385, 0.3310969473330986]
2020-10-21 10:29:43 | Iter | [  4/120] train loss=0.04561
2020-10-21 10:29:43 | Test | [  4/120] Train Acc=0.54778
2020-10-21 10:29:43 | Test | [  4/120] Train Mean IU=0.53299
2020-10-21 10:29:43 | Test | [  4/120] Train_class_acc=[0.9976904384128478, 0.09787463520352348]
2020-10-21 10:30:20 | Iter | [  4/120] valid loss=0.12390
2020-10-21 10:30:20 | Test | [  4/120] Valid Acc=0.50000
2020-10-21 10:30:20 | Test | [  4/120] Valid Mean IU=0.49492
2020-10-21 10:30:20 | Test | [  4/120] Valid Class Acc=[0.9987020388283699, 0.07376253639598597]
2020-10-21 10:32:18 | Iter | [  5/120] train loss=0.04256
2020-10-21 10:32:18 | Test | [  5/120] Train Acc=0.64748
2020-10-21 10:32:18 | Test | [  5/120] Train Mean IU=0.57586
2020-10-21 10:32:18 | Test | [  5/120] Train_class_acc=[0.9948363504428439, 0.3001139346071236]
2020-10-21 10:32:55 | Iter | [  5/120] valid loss=0.12754
2020-10-21 10:32:55 | Test | [  5/120] Valid Acc=0.50000
2020-10-21 10:32:55 | Test | [  5/120] Valid Mean IU=0.49492
2020-10-21 10:32:55 | Test | [  5/120] Valid Class Acc=[0.998521653138161, 0.05886287625417863]
2020-10-21 10:34:52 | Iter | [  6/120] train loss=0.04172
2020-10-21 10:34:52 | Test | [  6/120] Train Acc=0.53206
2020-10-21 10:34:52 | Test | [  6/120] Train Mean IU=0.52388
2020-10-21 10:34:52 | Test | [  6/120] Train_class_acc=[0.9988958289386973, 0.0652307544823299]
2020-10-21 10:35:28 | Iter | [  6/120] valid loss=0.12002
2020-10-21 10:35:28 | Test | [  6/120] Valid Acc=0.50000
2020-10-21 10:35:28 | Test | [  6/120] Valid Mean IU=0.49492
2020-10-21 10:35:28 | Test | [  6/120] Valid Class Acc=[0.9976922037286846, 0.06199373582460242]
2020-10-21 10:37:32 | Iter | [  7/120] train loss=0.03420
2020-10-21 10:37:32 | Test | [  7/120] Train Acc=0.62823
2020-10-21 10:37:32 | Test | [  7/120] Train Mean IU=0.56949
2020-10-21 10:37:32 | Test | [  7/120] Train_class_acc=[0.995517143309444, 0.2609389335494189]
2020-10-21 10:38:11 | Iter | [  7/120] valid loss=0.11100
2020-10-21 10:38:11 | Test | [  7/120] Valid Acc=0.50000
2020-10-21 10:38:11 | Test | [  7/120] Valid Mean IU=0.49492
2020-10-21 10:38:11 | Test | [  7/120] Valid Class Acc=[0.9999247588521207, 0.005204460966542557]
2020-10-21 10:40:11 | Iter | [  8/120] train loss=0.03209
2020-10-21 10:40:11 | Test | [  8/120] Train Acc=0.54385
2020-10-21 10:40:11 | Test | [  8/120] Train Mean IU=0.52726
2020-10-21 10:40:11 | Test | [  8/120] Train_class_acc=[0.9989063216666727, 0.08880019530763043]
2020-10-21 10:40:47 | Iter | [  8/120] valid loss=0.08728
2020-10-21 10:40:47 | Test | [  8/120] Valid Acc=0.50001
2020-10-21 10:40:47 | Test | [  8/120] Valid Mean IU=0.49493
2020-10-21 10:40:47 | Test | [  8/120] Valid Class Acc=[0.9963073081705505, 0.3706210191082655]
2020-10-21 10:46:01 | Iter | [  9/120] train loss=0.03158
2020-10-21 10:46:01 | Test | [  9/120] Train Acc=0.58911
2020-10-21 10:46:01 | Test | [  9/120] Train Mean IU=0.55268
2020-10-21 10:46:01 | Test | [  9/120] Train_class_acc=[0.9974449328734565, 0.18077748751681486]
2020-10-21 10:46:39 | Iter | [  9/120] valid loss=0.06919
2020-10-21 10:46:39 | Test | [  9/120] Valid Acc=0.50003
2020-10-21 10:46:39 | Test | [  9/120] Valid Mean IU=0.49494
2020-10-21 10:46:39 | Test | [  9/120] Valid Class Acc=[0.9998920755872465, 0.005702784300570087]
2020-10-21 10:48:39 | Iter | [ 10/120] train loss=0.02919
2020-10-21 10:48:39 | Test | [ 10/120] Train Acc=0.56302
2020-10-21 10:48:39 | Test | [ 10/120] Train Mean IU=0.54555
2020-10-21 10:48:39 | Test | [ 10/120] Train_class_acc=[0.9984332585162767, 0.12760839091357493]
2020-10-21 10:49:16 | Iter | [ 10/120] valid loss=0.05520
2020-10-21 10:49:16 | Test | [ 10/120] Valid Acc=0.50704
2020-10-21 10:49:16 | Test | [ 10/120] Valid Mean IU=0.50192
2020-10-21 10:49:16 | Test | [ 10/120] Valid Class Acc=[0.9976117109040086, 0.269051321928452]
2020-10-21 10:51:14 | Iter | [ 11/120] train loss=0.02895
2020-10-21 10:51:14 | Test | [ 11/120] Train Acc=0.54287
2020-10-21 10:51:14 | Test | [ 11/120] Train Mean IU=0.53384
2020-10-21 10:51:14 | Test | [ 11/120] Train_class_acc=[0.9992069428503024, 0.08652462906287933]
2020-10-21 10:51:53 | Iter | [ 11/120] valid loss=0.04494
2020-10-21 10:51:53 | Test | [ 11/120] Valid Acc=0.53411
2020-10-21 10:51:53 | Test | [ 11/120] Valid Mean IU=0.52589
2020-10-21 10:51:53 | Test | [ 11/120] Valid Class Acc=[0.9991391599405691, 0.12499999999999578]
2020-10-21 10:53:51 | Iter | [ 12/120] train loss=0.02755
2020-10-21 10:53:51 | Test | [ 12/120] Train Acc=0.58830
2020-10-21 10:53:51 | Test | [ 12/120] Train Mean IU=0.56603
2020-10-21 10:53:51 | Test | [ 12/120] Train_class_acc=[0.9980274082847171, 0.17857717986617228]
2020-10-21 10:54:28 | Iter | [ 12/120] valid loss=0.04012
2020-10-21 10:54:28 | Test | [ 12/120] Valid Acc=0.51484
2020-10-21 10:54:28 | Test | [ 12/120] Valid Mean IU=0.50935
2020-10-21 10:54:28 | Test | [ 12/120] Valid Class Acc=[0.999227520340292, 0.11998514115898513]
2020-10-21 10:56:28 | Iter | [ 13/120] train loss=0.02791
2020-10-21 10:56:28 | Test | [ 13/120] Train Acc=0.54821
2020-10-21 10:56:28 | Test | [ 13/120] Train Mean IU=0.53629
2020-10-21 10:56:28 | Test | [ 13/120] Train_class_acc=[0.9988112050590127, 0.09761584135973218]
2020-10-21 10:57:05 | Iter | [ 13/120] valid loss=0.03626
2020-10-21 10:57:05 | Test | [ 13/120] Valid Acc=0.60725
2020-10-21 10:57:05 | Test | [ 13/120] Valid Mean IU=0.57711
2020-10-21 10:57:05 | Test | [ 13/120] Valid Class Acc=[0.9979021504837332, 0.2186985172981788]
2020-10-21 10:59:02 | Iter | [ 14/120] train loss=0.02707
2020-10-21 10:59:02 | Test | [ 14/120] Train Acc=0.55638
2020-10-21 10:59:02 | Test | [ 14/120] Train Mean IU=0.54444
2020-10-21 10:59:02 | Test | [ 14/120] Train_class_acc=[0.9986231449689223, 0.11413327882623425]
2020-10-21 10:59:38 | Iter | [ 14/120] valid loss=0.03860
2020-10-21 10:59:38 | Test | [ 14/120] Valid Acc=0.52842
2020-10-21 10:59:38 | Test | [ 14/120] Valid Mean IU=0.52147
2020-10-21 10:59:38 | Test | [ 14/120] Valid Class Acc=[0.9991146980192307, 0.11293941660433385]
2020-10-21 11:01:34 | Iter | [ 15/120] train loss=0.02628
2020-10-21 11:01:34 | Test | [ 15/120] Train Acc=0.56728
2020-10-21 11:01:34 | Test | [ 15/120] Train Mean IU=0.55183
2020-10-21 11:01:34 | Test | [ 15/120] Train_class_acc=[0.9987301657632462, 0.13583536071118854]
2020-10-21 11:02:10 | Iter | [ 15/120] valid loss=0.04022
2020-10-21 11:02:10 | Test | [ 15/120] Valid Acc=0.51926
2020-10-21 11:02:10 | Test | [ 15/120] Valid Mean IU=0.51339
2020-10-21 11:02:10 | Test | [ 15/120] Valid Class Acc=[0.9988447476111834, 0.14443032613298837]
2020-10-21 11:04:06 | Iter | [ 16/120] train loss=0.02596
2020-10-21 11:04:06 | Test | [ 16/120] Train Acc=0.56122
2020-10-21 11:04:06 | Test | [ 16/120] Train Mean IU=0.54737
2020-10-21 11:04:06 | Test | [ 16/120] Train_class_acc=[0.9987740314512014, 0.12366712630225103]
2020-10-21 11:04:43 | Iter | [ 16/120] valid loss=0.03894
2020-10-21 11:04:43 | Test | [ 16/120] Valid Acc=0.53519
2020-10-21 11:04:43 | Test | [ 16/120] Valid Mean IU=0.52697
2020-10-21 11:04:43 | Test | [ 16/120] Valid Class Acc=[0.9976623839666152, 0.25135393437399645]
2020-10-21 11:07:11 | Iter | [ 17/120] train loss=0.02926
2020-10-21 11:07:11 | Test | [ 17/120] Train Acc=0.55745
2020-10-21 11:07:11 | Test | [ 17/120] Train Mean IU=0.54587
2020-10-21 11:07:11 | Test | [ 17/120] Train_class_acc=[0.9988068699604002, 0.1161016428273306]
2020-10-21 11:07:49 | Iter | [ 17/120] valid loss=0.03506
2020-10-21 11:07:49 | Test | [ 17/120] Valid Acc=0.55226
2020-10-21 11:07:49 | Test | [ 17/120] Valid Mean IU=0.54091
2020-10-21 11:07:49 | Test | [ 17/120] Valid Class Acc=[0.998763228356496, 0.05735580038885226]
2020-10-21 11:09:51 | Iter | [ 18/120] train loss=0.02511
2020-10-21 11:09:51 | Test | [ 18/120] Train Acc=0.55760
2020-10-21 11:09:51 | Test | [ 18/120] Train Mean IU=0.54635
2020-10-21 11:09:51 | Test | [ 18/120] Train_class_acc=[0.9987629712677354, 0.11643398847210518]
2020-10-21 11:10:28 | Iter | [ 18/120] valid loss=0.03471
2020-10-21 11:10:28 | Test | [ 18/120] Valid Acc=0.55284
2020-10-21 11:10:28 | Test | [ 18/120] Valid Mean IU=0.54082
2020-10-21 11:10:28 | Test | [ 18/120] Valid Class Acc=[0.9996590940424175, 0.061108862808577046]
2020-10-21 11:12:26 | Iter | [ 19/120] train loss=0.02550
2020-10-21 11:12:26 | Test | [ 19/120] Train Acc=0.56071
2020-10-21 11:12:26 | Test | [ 19/120] Train Mean IU=0.54825
2020-10-21 11:12:26 | Test | [ 19/120] Train_class_acc=[0.9984691936704381, 0.12295305420866141]
2020-10-21 11:13:03 | Iter | [ 19/120] valid loss=0.03794
2020-10-21 11:13:03 | Test | [ 19/120] Valid Acc=0.55948
2020-10-21 11:13:03 | Test | [ 19/120] Valid Mean IU=0.54467
2020-10-21 11:13:03 | Test | [ 19/120] Valid Class Acc=[0.9988406598933706, 0.1226114649681496]
2020-10-21 11:15:01 | Iter | [ 20/120] train loss=0.02593
2020-10-21 11:15:01 | Test | [ 20/120] Train Acc=0.57024
2020-10-21 11:15:01 | Test | [ 20/120] Train Mean IU=0.55390
2020-10-21 11:15:01 | Test | [ 20/120] Train_class_acc=[0.998909467739797, 0.1415616557715775]
2020-10-21 11:15:39 | Iter | [ 20/120] valid loss=0.03881
2020-10-21 11:15:39 | Test | [ 20/120] Valid Acc=0.57846
2020-10-21 11:15:39 | Test | [ 20/120] Valid Mean IU=0.55856
2020-10-21 11:15:39 | Test | [ 20/120] Valid Class Acc=[0.9989992350042008, 0.12237375598967482]
2020-10-21 11:17:39 | Iter | [ 21/120] train loss=0.02513
2020-10-21 11:17:39 | Test | [ 21/120] Train Acc=0.57185
2020-10-21 11:17:39 | Test | [ 21/120] Train Mean IU=0.55275
2020-10-21 11:17:39 | Test | [ 21/120] Train_class_acc=[0.9982212104069532, 0.14547542377485465]
2020-10-21 11:18:16 | Iter | [ 21/120] valid loss=0.04143
2020-10-21 11:18:16 | Test | [ 21/120] Valid Acc=0.51127
2020-10-21 11:18:16 | Test | [ 21/120] Valid Mean IU=0.50596
2020-10-21 11:18:16 | Test | [ 21/120] Valid Class Acc=[0.9996565495007431, 0.05208747514910329]
2020-10-21 11:20:13 | Iter | [ 22/120] train loss=0.02472
2020-10-21 11:20:13 | Test | [ 22/120] Train Acc=0.57648
2020-10-21 11:20:13 | Test | [ 22/120] Train Mean IU=0.55953
2020-10-21 11:20:13 | Test | [ 22/120] Train_class_acc=[0.9982389673904116, 0.15473080195647512]
2020-10-21 11:20:50 | Iter | [ 22/120] valid loss=0.03974
2020-10-21 11:20:50 | Test | [ 22/120] Valid Acc=0.52867
2020-10-21 11:20:50 | Test | [ 22/120] Valid Mean IU=0.52165
2020-10-21 11:20:50 | Test | [ 22/120] Valid Class Acc=[0.9993522877047634, 0.09082062925721406]
2020-10-21 11:22:46 | Iter | [ 23/120] train loss=0.02500
2020-10-21 11:22:46 | Test | [ 23/120] Train Acc=0.56953
2020-10-21 11:22:46 | Test | [ 23/120] Train Mean IU=0.55220
2020-10-21 11:22:46 | Test | [ 23/120] Train_class_acc=[0.9987149449051276, 0.14034836061632902]
2020-10-21 11:23:23 | Iter | [ 23/120] valid loss=0.04093
2020-10-21 11:23:23 | Test | [ 23/120] Valid Acc=0.54544
2020-10-21 11:23:23 | Test | [ 23/120] Valid Mean IU=0.53527
2020-10-21 11:23:23 | Test | [ 23/120] Valid Class Acc=[0.9976191911277196, 0.2763647642679815]
2020-10-21 11:25:19 | Iter | [ 24/120] train loss=0.02429
2020-10-21 11:25:19 | Test | [ 24/120] Train Acc=0.56410
2020-10-21 11:25:19 | Test | [ 24/120] Train Mean IU=0.54992
2020-10-21 11:25:19 | Test | [ 24/120] Train_class_acc=[0.9982886490965482, 0.12991397649539568]
2020-10-21 11:25:56 | Iter | [ 24/120] valid loss=0.03342
2020-10-21 11:25:56 | Test | [ 24/120] Valid Acc=0.55757
2020-10-21 11:25:56 | Test | [ 24/120] Valid Mean IU=0.54501
2020-10-21 11:25:56 | Test | [ 24/120] Valid Class Acc=[0.9994488108093208, 0.09775429326287548]
2020-10-21 11:30:07 | Iter | [ 25/120] train loss=0.02523
2020-10-21 11:30:07 | Test | [ 25/120] Train Acc=0.58614
2020-10-21 11:30:07 | Test | [ 25/120] Train Mean IU=0.56441
2020-10-21 11:30:07 | Test | [ 25/120] Train_class_acc=[0.998326405888251, 0.17394886945630447]
2020-10-21 11:30:46 | Iter | [ 25/120] valid loss=0.03265
2020-10-21 11:30:46 | Test | [ 25/120] Valid Acc=0.55827
2020-10-21 11:30:46 | Test | [ 25/120] Valid Mean IU=0.54637
2020-10-21 11:30:46 | Test | [ 25/120] Valid Class Acc=[0.9988321013886688, 0.11667178385016527]
2020-10-21 11:32:46 | Iter | [ 26/120] train loss=0.02839
2020-10-21 11:32:46 | Test | [ 26/120] Train Acc=0.56302
2020-10-21 11:32:46 | Test | [ 26/120] Train Mean IU=0.54925
2020-10-21 11:32:46 | Test | [ 26/120] Train_class_acc=[0.998629143645945, 0.12740216462901113]
2020-10-21 11:33:23 | Iter | [ 26/120] valid loss=0.04052
2020-10-21 11:33:23 | Test | [ 26/120] Valid Acc=0.53078
2020-10-21 11:33:23 | Test | [ 26/120] Valid Mean IU=0.52364
2020-10-21 11:33:23 | Test | [ 26/120] Valid Class Acc=[0.9972096463596595, 0.10178743444289733]
2020-10-21 11:35:23 | Iter | [ 27/120] train loss=0.02774
2020-10-21 11:35:23 | Test | [ 27/120] Train Acc=0.56954
2020-10-21 11:35:23 | Test | [ 27/120] Train Mean IU=0.55274
2020-10-21 11:35:23 | Test | [ 27/120] Train_class_acc=[0.9980956165592222, 0.14098577870074888]
2020-10-21 11:36:00 | Iter | [ 27/120] valid loss=0.04085
2020-10-21 11:36:00 | Test | [ 27/120] Valid Acc=0.53768
2020-10-21 11:36:00 | Test | [ 27/120] Valid Mean IU=0.52934
2020-10-21 11:36:00 | Test | [ 27/120] Valid Class Acc=[0.9964148651683097, 0.12983599663582707]
2020-10-21 11:37:59 | Iter | [ 28/120] train loss=0.02776
2020-10-21 11:37:59 | Test | [ 28/120] Train Acc=0.57581
2020-10-21 11:37:59 | Test | [ 28/120] Train Mean IU=0.55884
2020-10-21 11:37:59 | Test | [ 28/120] Train_class_acc=[0.9986672074958264, 0.15294736650125368]
2020-10-21 11:38:36 | Iter | [ 28/120] valid loss=0.03576
2020-10-21 11:38:36 | Test | [ 28/120] Valid Acc=0.56504
2020-10-21 11:38:36 | Test | [ 28/120] Valid Mean IU=0.55124
2020-10-21 11:38:36 | Test | [ 28/120] Valid Class Acc=[0.9983440878322346, 0.06530224707247531]
2020-10-21 11:40:34 | Iter | [ 29/120] train loss=0.02438
2020-10-21 11:40:34 | Test | [ 29/120] Train Acc=0.58388
2020-10-21 11:40:34 | Test | [ 29/120] Train Mean IU=0.56101
2020-10-21 11:40:34 | Test | [ 29/120] Train_class_acc=[0.9983765714450787, 0.1693778407657156]
2020-10-21 11:41:11 | Iter | [ 29/120] valid loss=0.03855
2020-10-21 11:41:11 | Test | [ 29/120] Valid Acc=0.50798
2020-10-21 11:41:11 | Test | [ 29/120] Valid Mean IU=0.50280
2020-10-21 11:41:11 | Test | [ 29/120] Valid Class Acc=[0.9999172127281664, 0.017167381974248313]
2020-10-21 11:49:03 | Iter | [ 30/120] train loss=0.02361
2020-10-21 11:49:03 | Test | [ 30/120] Train Acc=0.58538
2020-10-21 11:49:03 | Test | [ 30/120] Train Mean IU=0.56302
2020-10-21 11:49:03 | Test | [ 30/120] Train_class_acc=[0.9980809498756221, 0.17267108190977518]
2020-10-21 11:49:44 | Iter | [ 30/120] valid loss=0.03504
2020-10-21 11:49:44 | Test | [ 30/120] Valid Acc=0.57494
2020-10-21 11:49:44 | Test | [ 30/120] Valid Mean IU=0.55786
2020-10-21 11:49:44 | Test | [ 30/120] Valid Class Acc=[0.9996614003977914, 0.058736608792018516]
2020-10-21 11:51:52 | Iter | [ 31/120] train loss=0.02333
2020-10-21 11:51:52 | Test | [ 31/120] Train Acc=0.57039
2020-10-21 11:51:52 | Test | [ 31/120] Train Mean IU=0.55464
2020-10-21 11:51:52 | Test | [ 31/120] Train_class_acc=[0.9988393851312646, 0.1419433710343295]
2020-10-21 11:52:30 | Iter | [ 31/120] valid loss=0.03607
2020-10-21 11:52:30 | Test | [ 31/120] Valid Acc=0.55331
2020-10-21 11:52:30 | Test | [ 31/120] Valid Mean IU=0.54227
2020-10-21 11:52:30 | Test | [ 31/120] Valid Class Acc=[0.9992114376696725, 0.12130637636080492]
2020-10-21 11:54:36 | Iter | [ 32/120] train loss=0.02269
2020-10-21 11:54:36 | Test | [ 32/120] Train Acc=0.58474
2020-10-21 11:54:36 | Test | [ 32/120] Train Mean IU=0.56689
2020-10-21 11:54:36 | Test | [ 32/120] Train_class_acc=[0.998257946688074, 0.17122581915292276]
2020-10-21 11:55:13 | Iter | [ 32/120] valid loss=0.03637
2020-10-21 11:55:13 | Test | [ 32/120] Valid Acc=0.52776
2020-10-21 11:55:13 | Test | [ 32/120] Valid Mean IU=0.52102
2020-10-21 11:55:13 | Test | [ 32/120] Valid Class Acc=[0.9995492077325897, 0.07626717195641515]
2020-10-21 11:57:16 | Iter | [ 33/120] train loss=0.02286
2020-10-21 11:57:16 | Test | [ 33/120] Train Acc=0.57696
2020-10-21 11:57:16 | Test | [ 33/120] Train Mean IU=0.55996
2020-10-21 11:57:16 | Test | [ 33/120] Train_class_acc=[0.9985224846654047, 0.15540690436350243]
2020-10-21 11:57:54 | Iter | [ 33/120] valid loss=0.03904
2020-10-21 11:57:54 | Test | [ 33/120] Valid Acc=0.50693
2020-10-21 11:57:54 | Test | [ 33/120] Valid Mean IU=0.50178
2020-10-21 11:57:54 | Test | [ 33/120] Valid Class Acc=[0.9986854384714958, 0.1480686695278917]
2020-10-21 11:59:54 | Iter | [ 34/120] train loss=0.02311
2020-10-21 11:59:54 | Test | [ 34/120] Train Acc=0.57550
2020-10-21 11:59:54 | Test | [ 34/120] Train Mean IU=0.55564
2020-10-21 11:59:54 | Test | [ 34/120] Train_class_acc=[0.9982943860778107, 0.15271245069032272]
2020-10-21 12:00:30 | Iter | [ 34/120] valid loss=0.03569
2020-10-21 12:00:30 | Test | [ 34/120] Valid Acc=0.53163
2020-10-21 12:00:30 | Test | [ 34/120] Valid Mean IU=0.52410
2020-10-21 12:00:30 | Test | [ 34/120] Valid Class Acc=[0.999278137594995, 0.11844262295081483]
2020-10-21 12:02:35 | Iter | [ 35/120] train loss=0.02278
2020-10-21 12:02:35 | Test | [ 35/120] Train Acc=0.59245
2020-10-21 12:02:35 | Test | [ 35/120] Train Mean IU=0.56591
2020-10-21 12:02:35 | Test | [ 35/120] Train_class_acc=[0.9983343209762053, 0.18656827787896177]
2020-10-21 12:03:13 | Iter | [ 35/120] valid loss=0.03297
2020-10-21 12:03:13 | Test | [ 35/120] Valid Acc=0.55910
2020-10-21 12:03:13 | Test | [ 35/120] Valid Mean IU=0.54596
2020-10-21 12:03:13 | Test | [ 35/120] Valid Class Acc=[0.9954689487509499, 0.4569911504424617]
2020-10-21 12:05:16 | Iter | [ 36/120] train loss=0.02276
2020-10-21 12:05:16 | Test | [ 36/120] Train Acc=0.55439
2020-10-21 12:05:16 | Test | [ 36/120] Train Mean IU=0.54370
2020-10-21 12:05:16 | Test | [ 36/120] Train_class_acc=[0.9989042059113359, 0.10988491306093288]
2020-10-21 12:05:54 | Iter | [ 36/120] valid loss=0.03274
2020-10-21 12:05:54 | Test | [ 36/120] Valid Acc=0.65147
2020-10-21 12:05:54 | Test | [ 36/120] Valid Mean IU=0.60135
2020-10-21 12:05:54 | Test | [ 36/120] Valid Class Acc=[0.9983166294398895, 0.22519870473946937]
2020-10-21 12:07:57 | Iter | [ 37/120] train loss=0.02364
2020-10-21 12:07:57 | Test | [ 37/120] Train Acc=0.57771
2020-10-21 12:07:57 | Test | [ 37/120] Train Mean IU=0.55554
2020-10-21 12:07:57 | Test | [ 37/120] Train_class_acc=[0.9981704432850044, 0.15724307512456728]
2020-10-21 12:08:34 | Iter | [ 37/120] valid loss=0.03248
2020-10-21 12:08:34 | Test | [ 37/120] Valid Acc=0.65422
2020-10-21 12:08:34 | Test | [ 37/120] Valid Mean IU=0.60361
2020-10-21 12:08:34 | Test | [ 37/120] Valid Class Acc=[0.9978251260723683, 0.27450372208435875]
2020-10-21 12:10:38 | Iter | [ 38/120] train loss=0.02342
2020-10-21 12:10:38 | Test | [ 38/120] Train Acc=0.56598
2020-10-21 12:10:38 | Test | [ 38/120] Train Mean IU=0.54947
2020-10-21 12:10:38 | Test | [ 38/120] Train_class_acc=[0.9981582851488623, 0.13379653284441226]
2020-10-21 12:11:16 | Iter | [ 38/120] valid loss=0.03243
2020-10-21 12:11:16 | Test | [ 38/120] Valid Acc=0.56689
2020-10-21 12:11:16 | Test | [ 38/120] Valid Mean IU=0.55299
2020-10-21 12:11:16 | Test | [ 38/120] Valid Class Acc=[0.9998819771588131, 0.015408805031446057]
2020-10-21 13:01:54 | Iter | [ 39/120] train loss=0.02449
2020-10-21 13:01:54 | Test | [ 39/120] Train Acc=0.60792
2020-10-21 13:01:54 | Test | [ 39/120] Train Mean IU=0.57465
2020-10-21 13:01:54 | Test | [ 39/120] Train_class_acc=[0.9982355335485735, 0.2176077762174807]
2020-10-21 13:19:18 | Iter | [ 39/120] valid loss=0.03264
2020-10-21 13:19:18 | Test | [ 39/120] Valid Acc=0.54260
2020-10-21 13:19:18 | Test | [ 39/120] Valid Mean IU=0.53390
2020-10-21 13:19:18 | Test | [ 39/120] Valid Class Acc=[0.9995606977625705, 0.09609708101016412]
2020-10-21 13:21:18 | Iter | [ 40/120] train loss=0.02746
2020-10-21 13:21:18 | Test | [ 40/120] Train Acc=0.61042
2020-10-21 13:21:18 | Test | [ 40/120] Train Mean IU=0.57709
2020-10-21 13:21:18 | Test | [ 40/120] Train_class_acc=[0.9974886956890398, 0.22335954674774672]
2020-10-21 13:21:59 | Iter | [ 40/120] valid loss=0.03958
2020-10-21 13:21:59 | Test | [ 40/120] Valid Acc=0.57568
2020-10-21 13:21:59 | Test | [ 40/120] Valid Mean IU=0.55718
2020-10-21 13:21:59 | Test | [ 40/120] Valid Class Acc=[0.9970463779870986, 0.12271317000106854]
2020-10-21 13:24:12 | Iter | [ 41/120] train loss=0.02300
2020-10-21 13:24:12 | Test | [ 41/120] Train Acc=0.58370
2020-10-21 13:24:12 | Test | [ 41/120] Train Mean IU=0.56272
2020-10-21 13:24:12 | Test | [ 41/120] Train_class_acc=[0.9984986431672924, 0.168893198472045]
2020-10-21 13:24:51 | Iter | [ 41/120] valid loss=0.03553
2020-10-21 13:24:51 | Test | [ 41/120] Valid Acc=0.59058
2020-10-21 13:24:51 | Test | [ 41/120] Valid Mean IU=0.56758
2020-10-21 13:24:51 | Test | [ 41/120] Valid Class Acc=[0.9996462574793961, 0.06327763953074785]
2020-10-21 13:26:58 | Iter | [ 42/120] train loss=0.02557
2020-10-21 13:26:58 | Test | [ 42/120] Train Acc=0.59677
2020-10-21 13:26:58 | Test | [ 42/120] Train Mean IU=0.57540
2020-10-21 13:26:58 | Test | [ 42/120] Train_class_acc=[0.9980911052548372, 0.1954517677761122]
2020-10-21 13:27:38 | Iter | [ 42/120] valid loss=0.03272
2020-10-21 13:27:38 | Test | [ 42/120] Valid Acc=0.51498
2020-10-21 13:27:38 | Test | [ 42/120] Valid Mean IU=0.50951
2020-10-21 13:27:38 | Test | [ 42/120] Valid Class Acc=[0.9957337949116083, 0.1927978487080534]
2020-10-21 13:29:46 | Iter | [ 43/120] train loss=0.02253
2020-10-21 13:29:46 | Test | [ 43/120] Train Acc=0.58150
2020-10-21 13:29:46 | Test | [ 43/120] Train Mean IU=0.56335
2020-10-21 13:29:46 | Test | [ 43/120] Train_class_acc=[0.9984469955325507, 0.16454462931111916]
2020-10-21 13:30:27 | Iter | [ 43/120] valid loss=0.03183
2020-10-21 13:30:27 | Test | [ 43/120] Valid Acc=0.61372
2020-10-21 13:30:27 | Test | [ 43/120] Valid Mean IU=0.58278
2020-10-21 13:30:27 | Test | [ 43/120] Valid Class Acc=[0.9972423631290386, 0.37735266892933117]
2020-10-21 13:32:43 | Iter | [ 44/120] train loss=0.02273
2020-10-21 13:32:43 | Test | [ 44/120] Train Acc=0.58010
2020-10-21 13:32:43 | Test | [ 44/120] Train Mean IU=0.56241
2020-10-21 13:32:43 | Test | [ 44/120] Train_class_acc=[0.9983559442200528, 0.16184260281524324]
2020-10-21 13:33:25 | Iter | [ 44/120] valid loss=0.03017
2020-10-21 13:33:25 | Test | [ 44/120] Valid Acc=0.65107
2020-10-21 13:33:25 | Test | [ 44/120] Valid Mean IU=0.60477
2020-10-21 13:33:25 | Test | [ 44/120] Valid Class Acc=[0.9973697961152365, 0.23622754491017256]
2020-10-21 13:35:40 | Iter | [ 45/120] train loss=0.02242
2020-10-21 13:35:40 | Test | [ 45/120] Train Acc=0.56979
2020-10-21 13:35:40 | Test | [ 45/120] Train Mean IU=0.55376
2020-10-21 13:35:40 | Test | [ 45/120] Train_class_acc=[0.998503409337632, 0.14107649241489284]
2020-10-21 13:36:21 | Iter | [ 45/120] valid loss=0.03126
2020-10-21 13:36:21 | Test | [ 45/120] Valid Acc=0.64017
2020-10-21 13:36:21 | Test | [ 45/120] Valid Mean IU=0.59557
2020-10-21 13:36:21 | Test | [ 45/120] Valid Class Acc=[0.9972743153160387, 0.2879704301075172]
2020-10-21 13:38:21 | Iter | [ 46/120] train loss=0.02225
2020-10-21 13:38:21 | Test | [ 46/120] Train Acc=0.56938
2020-10-21 13:38:21 | Test | [ 46/120] Train Mean IU=0.55580
2020-10-21 13:38:21 | Test | [ 46/120] Train_class_acc=[0.9985317984691577, 0.1402250703163663]
2020-10-21 13:38:58 | Iter | [ 46/120] valid loss=0.02925
2020-10-21 13:38:58 | Test | [ 46/120] Valid Acc=0.59961
2020-10-21 13:38:58 | Test | [ 46/120] Valid Mean IU=0.57581
2020-10-21 13:38:58 | Test | [ 46/120] Valid Class Acc=[0.9988238901091165, 0.1678141135972413]
2020-10-21 13:40:56 | Iter | [ 47/120] train loss=0.02554
2020-10-21 13:40:56 | Test | [ 47/120] Train Acc=0.58871
2020-10-21 13:40:56 | Test | [ 47/120] Train Mean IU=0.56565
2020-10-21 13:40:56 | Test | [ 47/120] Train_class_acc=[0.9985155861780557, 0.17891169035413157]
2020-10-21 13:41:33 | Iter | [ 47/120] valid loss=0.03173
2020-10-21 13:41:33 | Test | [ 47/120] Valid Acc=0.57699
2020-10-21 13:41:33 | Test | [ 47/120] Valid Mean IU=0.55950
2020-10-21 13:41:33 | Test | [ 47/120] Valid Class Acc=[0.9997834880332558, 0.028231292517006477]
2020-10-21 13:43:30 | Iter | [ 48/120] train loss=0.02245
2020-10-21 13:43:30 | Test | [ 48/120] Train Acc=0.60618
2020-10-21 13:43:30 | Test | [ 48/120] Train Mean IU=0.57539
2020-10-21 13:43:30 | Test | [ 48/120] Train_class_acc=[0.9974635973462168, 0.21490551983999331]
2020-10-21 13:44:06 | Iter | [ 48/120] valid loss=0.03018
2020-10-21 13:44:06 | Test | [ 48/120] Valid Acc=0.53475
2020-10-21 13:44:06 | Test | [ 48/120] Valid Mean IU=0.52738
2020-10-21 13:44:06 | Test | [ 48/120] Valid Class Acc=[0.9999899821682592, 0.0023584905660376247]
2020-10-21 13:46:03 | Iter | [ 49/120] train loss=0.02185
2020-10-21 13:46:03 | Test | [ 49/120] Train Acc=0.60392
2020-10-21 13:46:03 | Test | [ 49/120] Train Mean IU=0.57551
2020-10-21 13:46:03 | Test | [ 49/120] Train_class_acc=[0.9982275048238246, 0.20961801993507764]
2020-10-21 13:55:37 | Iter | [ 49/120] valid loss=0.03801
2020-10-21 13:55:37 | Test | [ 49/120] Valid Acc=0.52691
2020-10-21 13:55:37 | Test | [ 49/120] Valid Mean IU=0.52028
2020-10-21 13:55:37 | Test | [ 49/120] Valid Class Acc=[0.9996161035767603, 0.0684596577017091]
2020-10-21 13:57:42 | Iter | [ 50/120] train loss=0.02151
2020-10-21 13:57:42 | Test | [ 50/120] Train Acc=0.57403
2020-10-21 13:57:42 | Test | [ 50/120] Train Mean IU=0.55936
2020-10-21 13:57:42 | Test | [ 50/120] Train_class_acc=[0.9986886778343824, 0.14937509000596488]
2020-10-21 13:58:19 | Iter | [ 50/120] valid loss=0.03446
2020-10-21 13:58:19 | Test | [ 50/120] Valid Acc=0.53072
2020-10-21 13:58:19 | Test | [ 50/120] Valid Mean IU=0.52375
2020-10-21 13:58:19 | Test | [ 50/120] Valid Class Acc=[0.9996439871434226, 0.0628436763550643]
2020-10-21 14:00:19 | Iter | [ 51/120] train loss=0.02104
2020-10-21 14:00:19 | Test | [ 51/120] Train Acc=0.58032
2020-10-21 14:00:19 | Test | [ 51/120] Train Mean IU=0.56534
2020-10-21 14:00:19 | Test | [ 51/120] Train_class_acc=[0.9985950593567989, 0.1620355277317872]
2020-10-21 14:00:58 | Iter | [ 51/120] valid loss=0.03456
2020-10-21 14:00:58 | Test | [ 51/120] Valid Acc=0.52555
2020-10-21 14:00:58 | Test | [ 51/120] Valid Mean IU=0.51929
2020-10-21 14:00:58 | Test | [ 51/120] Valid Class Acc=[0.9992702377369843, 0.11064954682779038]
2020-10-21 14:03:05 | Iter | [ 52/120] train loss=0.02118
2020-10-21 14:03:05 | Test | [ 52/120] Train Acc=0.58207
2020-10-21 14:03:05 | Test | [ 52/120] Train Mean IU=0.56689
2020-10-21 14:03:05 | Test | [ 52/120] Train_class_acc=[0.9987244889366683, 0.16541120658045722]
2020-10-21 14:03:42 | Iter | [ 52/120] valid loss=0.03541
2020-10-21 14:03:42 | Test | [ 52/120] Valid Acc=0.53070
2020-10-21 14:03:42 | Test | [ 52/120] Valid Mean IU=0.52379
2020-10-21 14:03:42 | Test | [ 52/120] Valid Class Acc=[0.9991157645120122, 0.13929001203369015]
2020-10-21 14:05:40 | Iter | [ 53/120] train loss=0.02121
2020-10-21 14:05:40 | Test | [ 53/120] Train Acc=0.57710
2020-10-21 14:05:40 | Test | [ 53/120] Train Mean IU=0.56117
2020-10-21 14:05:40 | Test | [ 53/120] Train_class_acc=[0.9986786441579644, 0.15552379615468728]
2020-10-21 14:06:17 | Iter | [ 53/120] valid loss=0.03497
2020-10-21 14:06:17 | Test | [ 53/120] Valid Acc=0.52874
2020-10-21 14:06:17 | Test | [ 53/120] Valid Mean IU=0.52197
2020-10-21 14:06:17 | Test | [ 53/120] Valid Class Acc=[0.9999247588521207, 0.013011152416356395]
2020-10-21 14:10:02 | Iter | [ 54/120] train loss=0.02104
2020-10-21 14:10:02 | Test | [ 54/120] Train Acc=0.58392
2020-10-21 14:10:02 | Test | [ 54/120] Train Mean IU=0.56638
2020-10-21 14:10:02 | Test | [ 54/120] Train_class_acc=[0.9984556912722921, 0.1693856604356816]
2020-10-21 14:10:41 | Iter | [ 54/120] valid loss=0.04163
2020-10-21 14:10:41 | Test | [ 54/120] Valid Acc=0.50438
2020-10-21 14:10:41 | Test | [ 54/120] Valid Mean IU=0.49931
2020-10-21 14:10:41 | Test | [ 54/120] Valid Class Acc=[0.9997969777251978, 0.048420188756666045]
2020-10-21 14:12:50 | Iter | [ 55/120] train loss=0.02475
2020-10-21 14:12:50 | Test | [ 55/120] Train Acc=0.58923
2020-10-21 14:12:50 | Test | [ 55/120] Train Mean IU=0.56352
2020-10-21 14:12:50 | Test | [ 55/120] Train_class_acc=[0.9986031117332668, 0.17985491788920646]
2020-10-21 14:13:29 | Iter | [ 55/120] valid loss=0.03200
2020-10-21 14:13:29 | Test | [ 55/120] Valid Acc=0.59103
2020-10-21 14:13:29 | Test | [ 55/120] Valid Mean IU=0.57023
2020-10-21 14:13:29 | Test | [ 55/120] Valid Class Acc=[0.9995949096189853, 0.036279905649780564]
2020-10-21 14:15:34 | Iter | [ 56/120] train loss=0.02207
2020-10-21 14:15:34 | Test | [ 56/120] Train Acc=0.59565
2020-10-21 14:15:34 | Test | [ 56/120] Train Mean IU=0.57005
2020-10-21 14:15:34 | Test | [ 56/120] Train_class_acc=[0.9978750133821078, 0.19341899375242566]
2020-10-21 14:16:12 | Iter | [ 56/120] valid loss=0.02736
2020-10-21 14:16:12 | Test | [ 56/120] Valid Acc=0.61267
2020-10-21 14:16:12 | Test | [ 56/120] Valid Mean IU=0.58399
2020-10-21 14:16:12 | Test | [ 56/120] Valid Class Acc=[0.9998192979726234, 0.029709655638081374]
2020-10-21 14:18:17 | Iter | [ 57/120] train loss=0.02202
2020-10-21 14:18:17 | Test | [ 57/120] Train Acc=0.60206
2020-10-21 14:18:17 | Test | [ 57/120] Train Mean IU=0.57679
2020-10-21 14:18:17 | Test | [ 57/120] Train_class_acc=[0.9978336240502504, 0.20629180986101944]
2020-10-21 14:18:56 | Iter | [ 57/120] valid loss=0.03209
2020-10-21 14:18:56 | Test | [ 57/120] Valid Acc=0.55158
2020-10-21 14:18:56 | Test | [ 57/120] Valid Mean IU=0.54104
2020-10-21 14:18:56 | Test | [ 57/120] Valid Class Acc=[0.9992844445783493, 0.13510911424903288]
2020-10-21 14:21:02 | Iter | [ 58/120] train loss=0.02124
2020-10-21 14:21:02 | Test | [ 58/120] Train Acc=0.59997
2020-10-21 14:21:02 | Test | [ 58/120] Train Mean IU=0.57514
2020-10-21 14:21:02 | Test | [ 58/120] Train_class_acc=[0.9981664358175317, 0.20177130487251108]
2020-10-21 14:21:42 | Iter | [ 58/120] valid loss=0.03493
2020-10-21 14:21:42 | Test | [ 58/120] Valid Acc=0.50090
2020-10-21 14:21:42 | Test | [ 58/120] Valid Mean IU=0.49583
2020-10-21 14:21:42 | Test | [ 58/120] Valid Class Acc=[0.9997414989547018, 0.04599256002705289]
2020-10-21 14:23:43 | Iter | [ 59/120] train loss=0.02188
2020-10-21 14:23:43 | Test | [ 59/120] Train Acc=0.61409
2020-10-21 14:23:43 | Test | [ 59/120] Train Mean IU=0.57627
2020-10-21 14:23:43 | Test | [ 59/120] Train_class_acc=[0.9982061275686314, 0.22997609153161194]
2020-10-21 14:24:20 | Iter | [ 59/120] valid loss=0.04648
2020-10-21 14:24:20 | Test | [ 59/120] Valid Acc=0.50406
2020-10-21 14:24:20 | Test | [ 59/120] Valid Mean IU=0.49898
2020-10-21 14:24:20 | Test | [ 59/120] Valid Class Acc=[0.9995137344940204, 0.09759085340955094]
2020-10-21 14:26:23 | Iter | [ 60/120] train loss=0.02505
2020-10-21 14:26:23 | Test | [ 60/120] Train Acc=0.58125
2020-10-21 14:26:23 | Test | [ 60/120] Train Mean IU=0.56253
2020-10-21 14:26:23 | Test | [ 60/120] Train_class_acc=[0.9978509949367398, 0.1646503651106642]
2020-10-21 14:26:59 | Iter | [ 60/120] valid loss=0.03420
2020-10-21 14:26:59 | Test | [ 60/120] Valid Acc=0.53258
2020-10-21 14:26:59 | Test | [ 60/120] Valid Mean IU=0.52542
2020-10-21 14:26:59 | Test | [ 60/120] Valid Class Acc=[0.9945072615431734, 0.20232896652110416]
2020-10-21 14:28:57 | Iter | [ 61/120] train loss=0.02140
2020-10-21 14:28:57 | Test | [ 61/120] Train Acc=0.58293
2020-10-21 14:28:57 | Test | [ 61/120] Train Mean IU=0.55929
2020-10-21 14:28:57 | Test | [ 61/120] Train_class_acc=[0.9986741576811674, 0.1671775077086329]
2020-10-21 14:29:34 | Iter | [ 61/120] valid loss=0.03879
2020-10-21 14:29:34 | Test | [ 61/120] Valid Acc=0.56586
2020-10-21 14:29:34 | Test | [ 61/120] Valid Mean IU=0.55174
2020-10-21 14:29:34 | Test | [ 61/120] Valid Class Acc=[0.9958020748596506, 0.498395378690613]
2020-10-21 14:31:31 | Iter | [ 62/120] train loss=0.02190
2020-10-21 14:31:31 | Test | [ 62/120] Train Acc=0.56719
2020-10-21 14:31:31 | Test | [ 62/120] Train Mean IU=0.54903
2020-10-21 14:31:31 | Test | [ 62/120] Train_class_acc=[0.9986298972343962, 0.13574291353512535]
2020-10-21 14:32:08 | Iter | [ 62/120] valid loss=0.03982
2020-10-21 14:32:08 | Test | [ 62/120] Valid Acc=0.59600
2020-10-21 14:32:08 | Test | [ 62/120] Valid Mean IU=0.57231
2020-10-21 14:32:08 | Test | [ 62/120] Valid Class Acc=[0.999527431590695, 0.07984366275823339]
2020-10-21 14:34:05 | Iter | [ 63/120] train loss=0.02259
2020-10-21 14:34:05 | Test | [ 63/120] Train Acc=0.61482
2020-10-21 14:34:05 | Test | [ 63/120] Train Mean IU=0.57281
2020-10-21 14:34:05 | Test | [ 63/120] Train_class_acc=[0.9976558433970869, 0.23199080703798244]
2020-10-21 14:34:42 | Iter | [ 63/120] valid loss=0.03053
2020-10-21 14:34:42 | Test | [ 63/120] Valid Acc=0.56291
2020-10-21 14:34:42 | Test | [ 63/120] Valid Mean IU=0.55025
2020-10-21 14:34:42 | Test | [ 63/120] Valid Class Acc=[0.9995233531852549, 0.08172043010752394]
2020-10-21 14:41:36 | Iter | [ 64/120] train loss=0.02185
2020-10-21 14:41:36 | Test | [ 64/120] Train Acc=0.61955
2020-10-21 14:41:36 | Test | [ 64/120] Train Mean IU=0.58181
2020-10-21 14:41:36 | Test | [ 64/120] Train_class_acc=[0.9974134035590162, 0.24169331575196085]
2020-10-21 14:42:14 | Iter | [ 64/120] valid loss=0.02860
2020-10-21 14:42:14 | Test | [ 64/120] Valid Acc=0.54682
2020-10-21 14:42:14 | Test | [ 64/120] Valid Mean IU=0.53785
2020-10-21 14:42:14 | Test | [ 64/120] Valid Class Acc=[0.9993289012328608, 0.11567689276667278]
2020-10-21 14:44:12 | Iter | [ 65/120] train loss=0.02479
2020-10-21 14:44:12 | Test | [ 65/120] Train Acc=0.59854
2020-10-21 14:44:12 | Test | [ 65/120] Train Mean IU=0.57664
2020-10-21 14:44:12 | Test | [ 65/120] Train_class_acc=[0.998484113282399, 0.19860265739766536]
2020-10-21 14:44:49 | Iter | [ 65/120] valid loss=0.03170
2020-10-21 14:44:49 | Test | [ 65/120] Valid Acc=0.53835
2020-10-21 14:44:49 | Test | [ 65/120] Valid Mean IU=0.53014
2020-10-21 14:44:49 | Test | [ 65/120] Valid Class Acc=[0.9996091305069804, 0.02226010227614537]
2020-10-21 14:46:46 | Iter | [ 66/120] train loss=0.02463
2020-10-21 14:46:46 | Test | [ 66/120] Train Acc=0.62770
2020-10-21 14:46:46 | Test | [ 66/120] Train Mean IU=0.59306
2020-10-21 14:46:46 | Test | [ 66/120] Train_class_acc=[0.9975393760577531, 0.2578673525353118]
2020-10-21 14:47:23 | Iter | [ 66/120] valid loss=0.03917
2020-10-21 14:47:23 | Test | [ 66/120] Valid Acc=0.50002
2020-10-21 14:47:23 | Test | [ 66/120] Valid Mean IU=0.49494
2020-10-21 14:47:23 | Test | [ 66/120] Valid Class Acc=[0.9974561719086873, 0.11351408376410894]
2020-10-21 14:49:20 | Iter | [ 67/120] train loss=0.02250
2020-10-21 14:49:20 | Test | [ 67/120] Train Acc=0.59968
2020-10-21 14:49:20 | Test | [ 67/120] Train Mean IU=0.57136
2020-10-21 14:49:20 | Test | [ 67/120] Train_class_acc=[0.9981943340432413, 0.20116038615356227]
2020-10-21 14:49:56 | Iter | [ 67/120] valid loss=0.03287
2020-10-21 14:49:56 | Test | [ 67/120] Valid Acc=0.58246
2020-10-21 14:49:56 | Test | [ 67/120] Valid Mean IU=0.56331
2020-10-21 14:49:56 | Test | [ 67/120] Valid Class Acc=[0.9982389943426748, 0.21317365269460437]
2020-10-21 14:52:03 | Iter | [ 68/120] train loss=0.02509
2020-10-21 14:52:03 | Test | [ 68/120] Train Acc=0.59601
2020-10-21 14:52:03 | Test | [ 68/120] Train Mean IU=0.56962
2020-10-21 14:52:03 | Test | [ 68/120] Train_class_acc=[0.9971364765277363, 0.1948882791349595]
2020-10-21 14:52:41 | Iter | [ 68/120] valid loss=0.02968
2020-10-21 14:52:41 | Test | [ 68/120] Valid Acc=0.53641
2020-10-21 14:52:41 | Test | [ 68/120] Valid Mean IU=0.52830
2020-10-21 14:52:41 | Test | [ 68/120] Valid Class Acc=[0.9879673509011709, 0.37350847287676353]
2020-10-21 14:54:39 | Iter | [ 69/120] train loss=0.02231
2020-10-21 14:54:39 | Test | [ 69/120] Train Acc=0.57683
2020-10-21 14:54:39 | Test | [ 69/120] Train Mean IU=0.55231
2020-10-21 14:54:39 | Test | [ 69/120] Train_class_acc=[0.9982975981943626, 0.1553532501323883]
2020-10-21 14:55:16 | Iter | [ 69/120] valid loss=0.02719
2020-10-21 14:55:16 | Test | [ 69/120] Valid Acc=0.68185
2020-10-21 14:55:16 | Test | [ 69/120] Valid Mean IU=0.61901
2020-10-21 14:55:16 | Test | [ 69/120] Valid Class Acc=[0.9957641898385722, 0.45811789038261086]
2020-10-21 14:57:14 | Iter | [ 70/120] train loss=0.02474
2020-10-21 14:57:14 | Test | [ 70/120] Train Acc=0.58196
2020-10-21 14:57:14 | Test | [ 70/120] Train Mean IU=0.55713
2020-10-21 14:57:14 | Test | [ 70/120] Train_class_acc=[0.9986828900355009, 0.16524449651176173]
2020-10-21 14:57:50 | Iter | [ 70/120] valid loss=0.02894
2020-10-21 14:57:50 | Test | [ 70/120] Valid Acc=0.60282
2020-10-21 14:57:50 | Test | [ 70/120] Valid Mean IU=0.57898
2020-10-21 14:57:50 | Test | [ 70/120] Valid Class Acc=[0.9984485798636891, 0.08349984225470519]
2020-10-21 14:59:48 | Iter | [ 71/120] train loss=0.02179
2020-10-21 14:59:48 | Test | [ 71/120] Train Acc=0.66267
2020-10-21 14:59:48 | Test | [ 71/120] Train Mean IU=0.59786
2020-10-21 14:59:48 | Test | [ 71/120] Train_class_acc=[0.997093154928366, 0.3282524804360262]
2020-10-21 15:00:25 | Iter | [ 71/120] valid loss=0.04281
2020-10-21 15:00:25 | Test | [ 71/120] Valid Acc=0.50000
2020-10-21 15:00:25 | Test | [ 71/120] Valid Mean IU=0.49492
2020-10-21 15:00:25 | Test | [ 71/120] Valid Class Acc=[0.9999548915140911, 0.007594936708860439]
2020-10-21 15:02:22 | Iter | [ 72/120] train loss=0.02173
2020-10-21 15:02:22 | Test | [ 72/120] Train Acc=0.63441
2020-10-21 15:02:22 | Test | [ 72/120] Train Mean IU=0.58708
2020-10-21 15:02:22 | Test | [ 72/120] Train_class_acc=[0.9972510410608869, 0.2715763119417283]
2020-10-21 15:02:59 | Iter | [ 72/120] valid loss=0.03892
2020-10-21 15:02:59 | Test | [ 72/120] Valid Acc=0.50403
2020-10-21 15:02:59 | Test | [ 72/120] Valid Mean IU=0.49895
2020-10-21 15:02:59 | Test | [ 72/120] Valid Class Acc=[0.9990278783444866, 0.18632178868916324]
2020-10-21 15:04:56 | Iter | [ 73/120] train loss=0.02216
2020-10-21 15:04:56 | Test | [ 73/120] Train Acc=0.58875
2020-10-21 15:04:56 | Test | [ 73/120] Train Mean IU=0.55592
2020-10-21 15:04:56 | Test | [ 73/120] Train_class_acc=[0.9982654856637095, 0.17923413837733623]
2020-10-21 15:05:32 | Iter | [ 73/120] valid loss=0.02724
2020-10-21 15:05:32 | Test | [ 73/120] Valid Acc=0.64078
2020-10-21 15:05:32 | Test | [ 73/120] Valid Mean IU=0.60352
2020-10-21 15:05:32 | Test | [ 73/120] Valid Class Acc=[0.9938991030602358, 0.6488783140720378]
2020-10-21 15:07:29 | Iter | [ 74/120] train loss=0.02345
2020-10-21 15:07:29 | Test | [ 74/120] Train Acc=0.59320
2020-10-21 15:07:29 | Test | [ 74/120] Train Mean IU=0.56547
2020-10-21 15:07:29 | Test | [ 74/120] Train_class_acc=[0.9987067151025574, 0.18769463583694246]
2020-10-21 15:08:10 | Iter | [ 74/120] valid loss=0.02991
2020-10-21 15:08:10 | Test | [ 74/120] Valid Acc=0.54355
2020-10-21 15:08:10 | Test | [ 74/120] Valid Mean IU=0.53486
2020-10-21 15:08:10 | Test | [ 74/120] Valid Class Acc=[0.9989097985674548, 0.09546485260770866]
2020-10-21 15:10:10 | Iter | [ 75/120] train loss=0.02118
2020-10-21 15:10:10 | Test | [ 75/120] Train Acc=0.63623
2020-10-21 15:10:10 | Test | [ 75/120] Train Mean IU=0.59482
2020-10-21 15:10:10 | Test | [ 75/120] Train_class_acc=[0.997083013087868, 0.27538546120150537]
2020-10-21 15:10:46 | Iter | [ 75/120] valid loss=0.04134
2020-10-21 15:10:46 | Test | [ 75/120] Valid Acc=0.50396
2020-10-21 15:10:46 | Test | [ 75/120] Valid Mean IU=0.49887
2020-10-21 15:10:46 | Test | [ 75/120] Valid Class Acc=[0.9998620419793711, 0.027777777777776763]
2020-10-21 15:12:43 | Iter | [ 76/120] train loss=0.02091
2020-10-21 15:12:43 | Test | [ 76/120] Train Acc=0.63319
2020-10-21 15:12:43 | Test | [ 76/120] Train Mean IU=0.58553
2020-10-21 15:12:43 | Test | [ 76/120] Train_class_acc=[0.998020601262381, 0.2683643599580977]
2020-10-21 15:13:20 | Iter | [ 76/120] valid loss=0.04176
2020-10-21 15:13:20 | Test | [ 76/120] Valid Acc=0.58807
2020-10-21 15:13:20 | Test | [ 76/120] Valid Mean IU=0.56576
2020-10-21 15:13:20 | Test | [ 76/120] Valid Class Acc=[0.9957401704432977, 0.5740025740025494]
2020-10-21 15:15:17 | Iter | [ 77/120] train loss=0.02300
2020-10-21 15:15:17 | Test | [ 77/120] Train Acc=0.57560
2020-10-21 15:15:17 | Test | [ 77/120] Train Mean IU=0.55808
2020-10-21 15:15:17 | Test | [ 77/120] Train_class_acc=[0.9985703921808081, 0.15263679321760967]
2020-10-21 15:15:53 | Iter | [ 77/120] valid loss=0.03518
2020-10-21 15:15:53 | Test | [ 77/120] Valid Acc=0.53297
2020-10-21 15:15:53 | Test | [ 77/120] Valid Mean IU=0.52565
2020-10-21 15:15:53 | Test | [ 77/120] Valid Class Acc=[0.9957972163248451, 0.20477400817769692]
2020-10-21 15:17:50 | Iter | [ 78/120] train loss=0.02043
2020-10-21 15:17:50 | Test | [ 78/120] Train Acc=0.59679
2020-10-21 15:17:50 | Test | [ 78/120] Train Mean IU=0.57543
2020-10-21 15:17:50 | Test | [ 78/120] Train_class_acc=[0.998339214121287, 0.19523800022913]
2020-10-21 15:18:26 | Iter | [ 78/120] valid loss=0.03325
2020-10-21 15:18:26 | Test | [ 78/120] Valid Acc=0.59579
2020-10-21 15:18:26 | Test | [ 78/120] Valid Mean IU=0.57311
2020-10-21 15:18:26 | Test | [ 78/120] Valid Class Acc=[0.9998872073029508, 0.026165167620603995]
2020-10-21 15:37:38 | Iter | [ 79/120] train loss=0.02008
2020-10-21 15:37:38 | Test | [ 79/120] Train Acc=0.60715
2020-10-21 15:37:38 | Test | [ 79/120] Train Mean IU=0.58555
2020-10-21 15:37:38 | Test | [ 79/120] Train_class_acc=[0.9983542942044118, 0.2159536580746887]
2020-10-21 15:38:14 | Iter | [ 79/120] valid loss=0.03089
2020-10-21 15:38:14 | Test | [ 79/120] Valid Acc=0.53806
2020-10-21 15:38:14 | Test | [ 79/120] Valid Mean IU=0.53061
2020-10-21 15:38:14 | Test | [ 79/120] Valid Class Acc=[0.9997942861730202, 0.0439914163090113]
2020-10-21 15:40:12 | Iter | [ 80/120] train loss=0.01953
2020-10-21 15:40:12 | Test | [ 80/120] Train Acc=0.58982
2020-10-21 15:40:12 | Test | [ 80/120] Train Mean IU=0.57367
2020-10-21 15:40:12 | Test | [ 80/120] Train_class_acc=[0.9984442780463344, 0.18119252774357575]
2020-10-21 15:40:49 | Iter | [ 80/120] valid loss=0.03887
2020-10-21 15:40:49 | Test | [ 80/120] Valid Acc=0.55101
2020-10-21 15:40:49 | Test | [ 80/120] Valid Mean IU=0.54033
2020-10-21 15:40:49 | Test | [ 80/120] Valid Class Acc=[0.9997545305396567, 0.05890473999079342]
2020-10-21 15:42:47 | Iter | [ 81/120] train loss=0.02105
2020-10-21 15:42:47 | Test | [ 81/120] Train Acc=0.66937
2020-10-21 15:42:47 | Test | [ 81/120] Train Mean IU=0.61341
2020-10-21 15:42:47 | Test | [ 81/120] Train_class_acc=[0.9977077464032239, 0.3410241299400123]
2020-10-21 15:43:23 | Iter | [ 81/120] valid loss=0.03010
2020-10-21 15:43:23 | Test | [ 81/120] Valid Acc=0.50393
2020-10-21 15:43:23 | Test | [ 81/120] Valid Mean IU=0.49882
2020-10-21 15:43:23 | Test | [ 81/120] Valid Class Acc=[0.9968699525476777, 0.5516344725111236]
2020-10-21 15:45:20 | Iter | [ 82/120] train loss=0.02176
2020-10-21 15:45:20 | Test | [ 82/120] Train Acc=0.57696
2020-10-21 15:45:20 | Test | [ 82/120] Train Mean IU=0.55789
2020-10-21 15:45:20 | Test | [ 82/120] Train_class_acc=[0.9986687954046345, 0.15525809569171073]
2020-10-21 15:45:57 | Iter | [ 82/120] valid loss=0.02691
2020-10-21 15:45:57 | Test | [ 82/120] Valid Acc=0.61431
2020-10-21 15:45:57 | Test | [ 82/120] Valid Mean IU=0.58587
2020-10-21 15:45:57 | Test | [ 82/120] Valid Class Acc=[0.9969326850068635, 0.38106928532459405]
2020-10-21 15:47:54 | Iter | [ 83/120] train loss=0.02059
2020-10-21 15:47:54 | Test | [ 83/120] Train Acc=0.59785
2020-10-21 15:47:54 | Test | [ 83/120] Train Mean IU=0.57375
2020-10-21 15:47:54 | Test | [ 83/120] Train_class_acc=[0.9983048508557792, 0.19740266253523386]
2020-10-21 15:48:30 | Iter | [ 83/120] valid loss=0.02758
2020-10-21 15:48:30 | Test | [ 83/120] Valid Acc=0.53944
2020-10-21 15:48:30 | Test | [ 83/120] Valid Mean IU=0.53148
2020-10-21 15:48:30 | Test | [ 83/120] Valid Class Acc=[0.9993780174305597, 0.16660454714870793]
2020-10-21 15:50:31 | Iter | [ 84/120] train loss=0.01973
2020-10-21 15:50:31 | Test | [ 84/120] Train Acc=0.63209
2020-10-21 15:50:31 | Test | [ 84/120] Train Mean IU=0.60489
2020-10-21 15:50:31 | Test | [ 84/120] Train_class_acc=[0.9979529694749435, 0.2662267444046864]
2020-10-21 15:51:09 | Iter | [ 84/120] valid loss=0.02958
2020-10-21 15:51:09 | Test | [ 84/120] Valid Acc=0.51212
2020-10-21 15:51:09 | Test | [ 84/120] Valid Mean IU=0.50677
2020-10-21 15:51:09 | Test | [ 84/120] Valid Class Acc=[0.9986467147053653, 0.26106478511865744]
2020-10-21 15:53:09 | Iter | [ 85/120] train loss=0.02206
2020-10-21 15:53:09 | Test | [ 85/120] Train Acc=0.59997
2020-10-21 15:53:09 | Test | [ 85/120] Train Mean IU=0.58158
2020-10-21 15:53:09 | Test | [ 85/120] Train_class_acc=[0.9985987608370096, 0.20133313032900968]
2020-10-21 15:53:47 | Iter | [ 85/120] valid loss=0.02747
2020-10-21 15:53:47 | Test | [ 85/120] Valid Acc=0.56976
2020-10-21 15:53:47 | Test | [ 85/120] Valid Mean IU=0.55577
2020-10-21 15:53:47 | Test | [ 85/120] Valid Class Acc=[0.9978709587052574, 0.16047123413015943]
2020-10-21 15:55:45 | Iter | [ 86/120] train loss=0.01937
2020-10-21 15:55:45 | Test | [ 86/120] Train Acc=0.60196
2020-10-21 15:55:45 | Test | [ 86/120] Train Mean IU=0.58401
2020-10-21 15:55:45 | Test | [ 86/120] Train_class_acc=[0.9985719864183279, 0.20535232145926952]
2020-10-21 15:56:22 | Iter | [ 86/120] valid loss=0.02621
2020-10-21 15:56:22 | Test | [ 86/120] Valid Acc=0.56648
2020-10-21 15:56:22 | Test | [ 86/120] Valid Mean IU=0.55377
2020-10-21 15:56:22 | Test | [ 86/120] Valid Class Acc=[0.9991377106217003, 0.17813765182185512]
2020-10-21 15:58:19 | Iter | [ 87/120] train loss=0.02217
2020-10-21 15:58:19 | Test | [ 87/120] Train Acc=0.60431
2020-10-21 15:58:19 | Test | [ 87/120] Train Mean IU=0.58553
2020-10-21 15:58:19 | Test | [ 87/120] Train_class_acc=[0.9985047328362319, 0.21011787090633002]
2020-10-21 15:58:56 | Iter | [ 87/120] valid loss=0.03028
2020-10-21 15:58:56 | Test | [ 87/120] Valid Acc=0.57085
2020-10-21 15:58:56 | Test | [ 87/120] Valid Mean IU=0.55700
2020-10-21 15:58:56 | Test | [ 87/120] Valid Class Acc=[0.9980226010323296, 0.11899989450363838]
2020-10-21 16:00:54 | Iter | [ 88/120] train loss=0.01887
2020-10-21 16:00:54 | Test | [ 88/120] Train Acc=0.61554
2020-10-21 16:00:54 | Test | [ 88/120] Train Mean IU=0.59427
2020-10-21 16:00:54 | Test | [ 88/120] Train_class_acc=[0.9983057413236129, 0.2327813688232935]
2020-10-21 16:01:31 | Iter | [ 88/120] valid loss=0.03063
2020-10-21 16:01:31 | Test | [ 88/120] Valid Acc=0.55065
2020-10-21 16:01:31 | Test | [ 88/120] Valid Mean IU=0.54083
2020-10-21 16:01:31 | Test | [ 88/120] Valid Class Acc=[0.9992957128714111, 0.14898885678909826]
2020-10-21 16:09:25 | Iter | [ 89/120] train loss=0.01885
2020-10-21 16:09:25 | Test | [ 89/120] Train Acc=0.60986
2020-10-21 16:09:25 | Test | [ 89/120] Train Mean IU=0.59016
2020-10-21 16:09:25 | Test | [ 89/120] Train_class_acc=[0.998377577419061, 0.22133803866119373]
2020-10-21 16:10:03 | Iter | [ 89/120] valid loss=0.03639
2020-10-21 16:10:03 | Test | [ 89/120] Valid Acc=0.54568
2020-10-21 16:10:03 | Test | [ 89/120] Valid Mean IU=0.53650
2020-10-21 16:10:03 | Test | [ 89/120] Valid Class Acc=[0.9991902651317635, 0.18869426751591606]
2020-10-21 16:12:02 | Iter | [ 90/120] train loss=0.01894
2020-10-21 16:12:02 | Test | [ 90/120] Train Acc=0.63563
2020-10-21 16:12:02 | Test | [ 90/120] Train Mean IU=0.60593
2020-10-21 16:12:02 | Test | [ 90/120] Train_class_acc=[0.9981480179914821, 0.27310651391848495]
2020-10-21 16:12:39 | Iter | [ 90/120] valid loss=0.04164
2020-10-21 16:12:39 | Test | [ 90/120] Valid Acc=0.53434
2020-10-21 16:12:39 | Test | [ 90/120] Valid Mean IU=0.52681
2020-10-21 16:12:39 | Test | [ 90/120] Valid Class Acc=[0.9972807699055158, 0.48248540450373306]
2020-10-21 16:14:38 | Iter | [ 91/120] train loss=0.01919
2020-10-21 16:14:38 | Test | [ 91/120] Train Acc=0.61091
2020-10-21 16:14:38 | Test | [ 91/120] Train Mean IU=0.58725
2020-10-21 16:14:38 | Test | [ 91/120] Train_class_acc=[0.9982092213543498, 0.22360615277264825]
2020-10-21 16:15:15 | Iter | [ 91/120] valid loss=0.04065
2020-10-21 16:15:15 | Test | [ 91/120] Valid Acc=0.52393
2020-10-21 16:15:15 | Test | [ 91/120] Valid Mean IU=0.51775
2020-10-21 16:15:15 | Test | [ 91/120] Valid Class Acc=[0.9987930221120355, 0.1991701244813209]
2020-10-21 16:17:14 | Iter | [ 92/120] train loss=0.01925
2020-10-21 16:17:14 | Test | [ 92/120] Train Acc=0.63048
2020-10-21 16:17:14 | Test | [ 92/120] Train Mean IU=0.60133
2020-10-21 16:17:14 | Test | [ 92/120] Train_class_acc=[0.9982080648162919, 0.26275693696344365]
2020-10-21 16:17:51 | Iter | [ 92/120] valid loss=0.03708
2020-10-21 16:17:51 | Test | [ 92/120] Valid Acc=0.52960
2020-10-21 16:17:51 | Test | [ 92/120] Valid Mean IU=0.52285
2020-10-21 16:17:51 | Test | [ 92/120] Valid Class Acc=[0.9969353201836796, 0.48766546329721755]
2020-10-21 16:19:49 | Iter | [ 93/120] train loss=0.01880
2020-10-21 16:19:49 | Test | [ 93/120] Train Acc=0.61291
2020-10-21 16:19:49 | Test | [ 93/120] Train Mean IU=0.58900
2020-10-21 16:19:49 | Test | [ 93/120] Train_class_acc=[0.9985746084351277, 0.22723904447082122]
2020-10-21 16:20:27 | Iter | [ 93/120] valid loss=0.02928
2020-10-21 16:20:27 | Test | [ 93/120] Valid Acc=0.59989
2020-10-21 16:20:27 | Test | [ 93/120] Valid Mean IU=0.57721
2020-10-21 16:20:27 | Test | [ 93/120] Valid Class Acc=[0.9978437103208886, 0.4258645191852001]
2020-10-21 16:22:25 | Iter | [ 94/120] train loss=0.01926
2020-10-21 16:22:25 | Test | [ 94/120] Train Acc=0.59627
2020-10-21 16:22:25 | Test | [ 94/120] Train Mean IU=0.57233
2020-10-21 16:22:25 | Test | [ 94/120] Train_class_acc=[0.9985659388020504, 0.19397323924261076]
2020-10-21 16:23:02 | Iter | [ 94/120] valid loss=0.03756
2020-10-21 16:23:02 | Test | [ 94/120] Valid Acc=0.60936
2020-10-21 16:23:02 | Test | [ 94/120] Valid Mean IU=0.58027
2020-10-21 16:23:02 | Test | [ 94/120] Valid Class Acc=[0.9992881099318687, 0.16194331983805013]
2020-10-21 16:25:01 | Iter | [ 95/120] train loss=0.01915
2020-10-21 16:25:01 | Test | [ 95/120] Train Acc=0.64167
2020-10-21 16:25:01 | Test | [ 95/120] Train Mean IU=0.60484
2020-10-21 16:25:01 | Test | [ 95/120] Train_class_acc=[0.9981516531492388, 0.2851933662823674]
2020-10-21 16:25:38 | Iter | [ 95/120] valid loss=0.04133
2020-10-21 16:25:38 | Test | [ 95/120] Valid Acc=0.55419
2020-10-21 16:25:38 | Test | [ 95/120] Valid Mean IU=0.54251
2020-10-21 16:25:38 | Test | [ 95/120] Valid Class Acc=[0.9990786302470372, 0.19624352331605582]
2020-10-21 16:41:42 | Iter | [ 96/120] train loss=0.01934
2020-10-21 16:41:42 | Test | [ 96/120] Train Acc=0.61634
2020-10-21 16:41:42 | Test | [ 96/120] Train Mean IU=0.59345
2020-10-21 16:41:42 | Test | [ 96/120] Train_class_acc=[0.9979966836703138, 0.23469216694337539]
2020-10-21 16:42:22 | Iter | [ 96/120] valid loss=0.03222
2020-10-21 16:42:22 | Test | [ 96/120] Valid Acc=0.57783
2020-10-21 16:42:22 | Test | [ 96/120] Valid Mean IU=0.56106
2020-10-21 16:42:22 | Test | [ 96/120] Valid Class Acc=[0.9987828186299164, 0.20276008492568467]
2020-10-21 16:44:44 | Iter | [ 97/120] train loss=0.02200
2020-10-21 16:44:44 | Test | [ 97/120] Train Acc=0.63825
2020-10-21 16:44:44 | Test | [ 97/120] Train Mean IU=0.60198
2020-10-21 16:44:44 | Test | [ 97/120] Train_class_acc=[0.9979854492080356, 0.27852051240071257]
2020-10-21 16:45:26 | Iter | [ 97/120] valid loss=0.02920
2020-10-21 16:45:26 | Test | [ 97/120] Valid Acc=0.51589
2020-10-21 16:45:26 | Test | [ 97/120] Valid Mean IU=0.51029
2020-10-21 16:45:26 | Test | [ 97/120] Valid Class Acc=[0.9974397813104032, 0.12934947049924217]
2020-10-21 16:47:33 | Iter | [ 98/120] train loss=0.01984
2020-10-21 16:47:33 | Test | [ 98/120] Train Acc=0.63517
2020-10-21 16:47:33 | Test | [ 98/120] Train Mean IU=0.60050
2020-10-21 16:47:33 | Test | [ 98/120] Train_class_acc=[0.9973357110310735, 0.27300691305928526]
2020-10-21 16:48:10 | Iter | [ 98/120] valid loss=0.03853
2020-10-21 16:48:10 | Test | [ 98/120] Valid Acc=0.52687
2020-10-21 16:48:10 | Test | [ 98/120] Valid Mean IU=0.52009
2020-10-21 16:48:10 | Test | [ 98/120] Valid Class Acc=[0.9991588494064236, 0.17970737913485432]
2020-10-21 16:50:07 | Iter | [ 99/120] train loss=0.02008
2020-10-21 16:50:07 | Test | [ 99/120] Train Acc=0.63943
2020-10-21 16:50:07 | Test | [ 99/120] Train Mean IU=0.59760
2020-10-21 16:50:07 | Test | [ 99/120] Train_class_acc=[0.9975389943227349, 0.2813282921561911]
2020-10-21 16:50:44 | Iter | [ 99/120] valid loss=0.03445
2020-10-21 16:50:44 | Test | [ 99/120] Valid Acc=0.51288
2020-10-21 16:50:44 | Test | [ 99/120] Valid Mean IU=0.50745
2020-10-21 16:50:44 | Test | [ 99/120] Valid Class Acc=[0.999031406518182, 0.17116182572613517]
2020-10-21 16:52:42 | Iter | [100/120] train loss=0.02025
2020-10-21 16:52:42 | Test | [100/120] Train Acc=0.62999
2020-10-21 16:52:42 | Test | [100/120] Train Mean IU=0.58700
2020-10-21 16:52:42 | Test | [100/120] Train_class_acc=[0.9980179483165874, 0.26197050400579514]
2020-10-21 16:53:20 | Iter | [100/120] valid loss=0.02671
2020-10-21 16:53:20 | Test | [100/120] Valid Acc=0.53132
2020-10-21 16:53:20 | Test | [100/120] Valid Mean IU=0.52386
2020-10-21 16:53:20 | Test | [100/120] Valid Class Acc=[0.9975363470266989, 0.42999584545075076]
2020-10-21 16:55:17 | Iter | [101/120] train loss=0.01937
2020-10-21 16:55:17 | Test | [101/120] Train Acc=0.58925
2020-10-21 16:55:17 | Test | [101/120] Train Mean IU=0.57047
2020-10-21 16:55:17 | Test | [101/120] Train_class_acc=[0.9984582673471967, 0.18004448693331274]
2020-10-21 16:55:54 | Iter | [101/120] valid loss=0.03006
2020-10-21 16:55:54 | Test | [101/120] Valid Acc=0.57238
2020-10-21 16:55:54 | Test | [101/120] Valid Mean IU=0.55753
2020-10-21 16:55:54 | Test | [101/120] Valid Class Acc=[0.9995538645853694, 0.11253091508655762]
2020-10-21 17:07:07 | Iter | [102/120] train loss=0.02255
2020-10-21 17:07:07 | Test | [102/120] Train Acc=0.62382
2020-10-21 17:07:07 | Test | [102/120] Train Mean IU=0.59626
2020-10-21 17:07:07 | Test | [102/120] Train_class_acc=[0.9982416392120518, 0.24940458774955845]
2020-10-21 17:19:42 | Iter | [102/120] valid loss=0.02967
2020-10-21 17:19:42 | Test | [102/120] Valid Acc=0.53737
2020-10-21 17:19:42 | Test | [102/120] Valid Mean IU=0.52975
2020-10-21 17:19:42 | Test | [102/120] Valid Class Acc=[0.9971683467638975, 0.16612044244162058]
2020-10-21 17:21:44 | Iter | [103/120] train loss=0.01994
2020-10-21 17:21:44 | Test | [103/120] Train Acc=0.59496
2020-10-21 17:21:44 | Test | [103/120] Train Mean IU=0.57302
2020-10-21 17:21:44 | Test | [103/120] Train_class_acc=[0.9980743311753134, 0.1918479096146705]
2020-10-21 17:22:23 | Iter | [103/120] valid loss=0.03587
2020-10-21 17:22:23 | Test | [103/120] Valid Acc=0.62218
2020-10-21 17:22:23 | Test | [103/120] Valid Mean IU=0.58656
2020-10-21 17:22:23 | Test | [103/120] Valid Class Acc=[0.9989622993841468, 0.22948142098814905]
2020-10-21 17:24:33 | Iter | [104/120] train loss=0.02020
2020-10-21 17:24:33 | Test | [104/120] Train Acc=0.61547
2020-10-21 17:24:33 | Test | [104/120] Train Mean IU=0.58475
2020-10-21 17:24:33 | Test | [104/120] Train_class_acc=[0.997963484810319, 0.23298617573721228]
2020-10-21 17:25:13 | Iter | [104/120] valid loss=0.03059
2020-10-21 17:25:13 | Test | [104/120] Valid Acc=0.77195
2020-10-21 17:25:13 | Test | [104/120] Valid Mean IU=0.65229
2020-10-21 17:25:13 | Test | [104/120] Valid Class Acc=[0.9993228958990059, 0.14786872878158627]
2020-10-21 17:27:20 | Iter | [105/120] train loss=0.01974
2020-10-21 17:27:20 | Test | [105/120] Train Acc=0.62377
2020-10-21 17:27:20 | Test | [105/120] Train Mean IU=0.58961
2020-10-21 17:27:20 | Test | [105/120] Train_class_acc=[0.997917487706121, 0.24962200499852097]
2020-10-21 17:28:01 | Iter | [105/120] valid loss=0.02687
2020-10-21 17:28:01 | Test | [105/120] Valid Acc=0.63989
2020-10-21 17:28:01 | Test | [105/120] Valid Mean IU=0.60103
2020-10-21 17:28:01 | Test | [105/120] Valid Class Acc=[0.999382604505481, 0.1395270270270223]
2020-10-21 17:30:08 | Iter | [106/120] train loss=0.01963
2020-10-21 17:30:08 | Test | [106/120] Train Acc=0.65571
2020-10-21 17:30:08 | Test | [106/120] Train Mean IU=0.61536
2020-10-21 17:30:08 | Test | [106/120] Train_class_acc=[0.9977821716298325, 0.3136424146938707]
2020-10-21 17:30:49 | Iter | [106/120] valid loss=0.03373
2020-10-21 17:30:49 | Test | [106/120] Valid Acc=0.54729
2020-10-21 17:30:49 | Test | [106/120] Valid Mean IU=0.53727
2020-10-21 17:30:49 | Test | [106/120] Valid Class Acc=[0.9989273189505308, 0.17814371257484496]
2020-10-21 17:32:52 | Iter | [107/120] train loss=0.01912
2020-10-21 17:32:52 | Test | [107/120] Train Acc=0.62675
2020-10-21 17:32:52 | Test | [107/120] Train Mean IU=0.59484
2020-10-21 17:32:52 | Test | [107/120] Train_class_acc=[0.9982692465230102, 0.25522713771857775]
2020-10-21 17:33:30 | Iter | [107/120] valid loss=0.03336
2020-10-21 17:33:30 | Test | [107/120] Valid Acc=0.54532
2020-10-21 17:33:30 | Test | [107/120] Valid Mean IU=0.53585
2020-10-21 17:33:30 | Test | [107/120] Valid Class Acc=[0.9998017978689505, 0.05168141592920171]
2020-10-21 17:35:44 | Iter | [108/120] train loss=0.01843
2020-10-21 17:35:44 | Test | [108/120] Train Acc=0.61688
2020-10-21 17:35:44 | Test | [108/120] Train Mean IU=0.59440
2020-10-21 17:35:44 | Test | [108/120] Train_class_acc=[0.9982185268211855, 0.2355339308540797]
2020-10-21 17:36:24 | Iter | [108/120] valid loss=0.03611
2020-10-21 17:36:24 | Test | [108/120] Valid Acc=0.56891
2020-10-21 17:36:24 | Test | [108/120] Valid Mean IU=0.55385
2020-10-21 17:36:24 | Test | [108/120] Valid Class Acc=[0.9991556783760961, 0.2025539409951474]
2020-10-21 17:38:44 | Iter | [109/120] train loss=0.02129
2020-10-21 17:38:44 | Test | [109/120] Train Acc=0.63479
2020-10-21 17:38:44 | Test | [109/120] Train Mean IU=0.60667
2020-10-21 17:38:44 | Test | [109/120] Train_class_acc=[0.998101789984973, 0.27147007741771156]
2020-10-21 17:39:25 | Iter | [109/120] valid loss=0.03343
2020-10-21 17:39:25 | Test | [109/120] Valid Acc=0.54947
2020-10-21 17:39:25 | Test | [109/120] Valid Mean IU=0.53904
2020-10-21 17:39:25 | Test | [109/120] Valid Class Acc=[0.9972350934365292, 0.18683356513676186]
2020-10-21 17:41:37 | Iter | [110/120] train loss=0.02140
2020-10-21 17:41:37 | Test | [110/120] Train Acc=0.62130
2020-10-21 17:41:37 | Test | [110/120] Train Mean IU=0.59469
2020-10-21 17:41:37 | Test | [110/120] Train_class_acc=[0.9979967149601249, 0.24459541707394053]
2020-10-21 17:42:19 | Iter | [110/120] valid loss=0.03720
2020-10-21 17:42:19 | Test | [110/120] Valid Acc=0.56121
2020-10-21 17:42:19 | Test | [110/120] Valid Mean IU=0.54832
2020-10-21 17:42:19 | Test | [110/120] Valid Class Acc=[0.9955096462284596, 0.2605588044184507]
2020-10-21 17:44:24 | Iter | [111/120] train loss=0.01865
2020-10-21 17:44:24 | Test | [111/120] Train Acc=0.64425
2020-10-21 17:44:24 | Test | [111/120] Train Mean IU=0.60868
2020-10-21 17:44:24 | Test | [111/120] Train_class_acc=[0.9982104690213479, 0.2902838367591565]
2020-10-21 17:45:02 | Iter | [111/120] valid loss=0.03435
2020-10-21 17:45:02 | Test | [111/120] Valid Acc=0.57966
2020-10-21 17:45:02 | Test | [111/120] Valid Mean IU=0.56155
2020-10-21 17:45:02 | Test | [111/120] Valid Class Acc=[0.9965605651611089, 0.5271816881258753]
2020-10-21 17:47:01 | Iter | [112/120] train loss=0.01899
2020-10-21 17:47:01 | Test | [112/120] Train Acc=0.61595
2020-10-21 17:47:01 | Test | [112/120] Train Mean IU=0.58807
2020-10-21 17:47:01 | Test | [112/120] Train_class_acc=[0.9982758784936673, 0.23362226572685793]
2020-10-21 17:47:43 | Iter | [112/120] valid loss=0.02861
2020-10-21 17:47:43 | Test | [112/120] Valid Acc=0.68646
2020-10-21 17:47:43 | Test | [112/120] Valid Mean IU=0.62246
2020-10-21 17:47:43 | Test | [112/120] Valid Class Acc=[0.9967637052938146, 0.5065852875039991]
2020-10-21 17:49:46 | Iter | [113/120] train loss=0.01986
2020-10-21 17:49:46 | Test | [113/120] Train Acc=0.62002
2020-10-21 17:49:46 | Test | [113/120] Train Mean IU=0.58277
2020-10-21 17:49:46 | Test | [113/120] Train_class_acc=[0.997748368725658, 0.24229834079559973]
2020-10-21 17:50:26 | Iter | [113/120] valid loss=0.02894
2020-10-21 17:50:26 | Test | [113/120] Valid Acc=0.79079
2020-10-21 17:50:26 | Test | [113/120] Valid Mean IU=0.65212
2020-10-21 17:50:26 | Test | [113/120] Valid Class Acc=[0.9978412059194032, 0.4561819043107316]
2020-10-21 17:52:38 | Iter | [114/120] train loss=0.02095
2020-10-21 17:52:38 | Test | [114/120] Train Acc=0.65516
2020-10-21 17:52:38 | Test | [114/120] Train Mean IU=0.59517
2020-10-21 17:52:38 | Test | [114/120] Train_class_acc=[0.9972549106916387, 0.313062019632195]
2020-10-21 17:53:20 | Iter | [114/120] valid loss=0.03299
2020-10-21 17:53:20 | Test | [114/120] Valid Acc=0.50116
2020-10-21 17:53:20 | Test | [114/120] Valid Mean IU=0.49602
2020-10-21 17:53:20 | Test | [114/120] Valid Class Acc=[0.9996359189781623, 0.0820349761526206]
2020-10-21 17:55:23 | Iter | [115/120] train loss=0.02013
2020-10-21 17:55:23 | Test | [115/120] Train Acc=0.63130
2020-10-21 17:55:23 | Test | [115/120] Train Mean IU=0.59090
2020-10-21 17:55:23 | Test | [115/120] Train_class_acc=[0.9973747154407394, 0.26521628817007087]
2020-10-21 17:56:02 | Iter | [115/120] valid loss=0.03367
2020-10-21 17:56:02 | Test | [115/120] Valid Acc=0.53739
2020-10-21 17:56:02 | Test | [115/120] Valid Mean IU=0.52925
2020-10-21 17:56:02 | Test | [115/120] Valid Class Acc=[0.9997891142799757, 0.0534326424870449]
2020-10-21 17:58:12 | Iter | [116/120] train loss=0.01985
2020-10-21 17:58:12 | Test | [116/120] Train Acc=0.65423
2020-10-21 17:58:12 | Test | [116/120] Train Mean IU=0.60679
2020-10-21 17:58:12 | Test | [116/120] Train_class_acc=[0.9975193500131189, 0.31094040816522517]
2020-10-21 17:58:52 | Iter | [116/120] valid loss=0.02791
2020-10-21 17:58:52 | Test | [116/120] Valid Acc=0.52364
2020-10-21 17:58:52 | Test | [116/120] Valid Mean IU=0.51736
2020-10-21 17:58:52 | Test | [116/120] Valid Class Acc=[0.9996992488740627, 0.04819277108433535]
2020-10-21 18:00:58 | Iter | [117/120] train loss=0.01916
2020-10-21 18:00:58 | Test | [117/120] Train Acc=0.64026
2020-10-21 18:00:58 | Test | [117/120] Train Mean IU=0.60508
2020-10-21 18:00:58 | Test | [117/120] Train_class_acc=[0.9982788234960195, 0.2822442490346362]
2020-10-21 18:01:37 | Iter | [117/120] valid loss=0.02870
2020-10-21 18:01:37 | Test | [117/120] Valid Acc=0.60101
2020-10-21 18:01:37 | Test | [117/120] Valid Mean IU=0.57636
2020-10-21 18:01:37 | Test | [117/120] Valid Class Acc=[0.998262230213121, 0.34261732163295144]
2020-10-21 18:03:42 | Iter | [118/120] train loss=0.01912
2020-10-21 18:03:42 | Test | [118/120] Train Acc=0.60773
2020-10-21 18:03:42 | Test | [118/120] Train Mean IU=0.58458
2020-10-21 18:03:42 | Test | [118/120] Train_class_acc=[0.9986871724231466, 0.21676551279568682]
2020-10-21 18:04:20 | Iter | [118/120] valid loss=0.02622
2020-10-21 18:04:20 | Test | [118/120] Valid Acc=0.70344
2020-10-21 18:04:20 | Test | [118/120] Valid Mean IU=0.63108
2020-10-21 18:04:20 | Test | [118/120] Valid Class Acc=[0.9981941082782575, 0.29119056395133464]
2020-10-21 18:06:35 | Iter | [119/120] train loss=0.01928
2020-10-21 18:06:35 | Test | [119/120] Train Acc=0.63216
2020-10-21 18:06:35 | Test | [119/120] Train Mean IU=0.59818
2020-10-21 18:06:35 | Test | [119/120] Train_class_acc=[0.9981557566210683, 0.2661679977712734]
2020-10-21 18:07:18 | Iter | [119/120] valid loss=0.02624
2020-10-21 18:07:18 | Test | [119/120] Valid Acc=0.54188
2020-10-21 18:07:18 | Test | [119/120] Valid Mean IU=0.53309
2020-10-21 18:07:18 | Test | [119/120] Valid Class Acc=[0.9984783694950746, 0.21421770866390938]
2020-10-21 18:09:30 | Iter | [120/120] train loss=0.01904
2020-10-21 18:09:30 | Test | [120/120] Train Acc=0.63302
2020-10-21 18:09:30 | Test | [120/120] Train Mean IU=0.60309
2020-10-21 18:09:30 | Test | [120/120] Train_class_acc=[0.9978891338730892, 0.26814976618983627]
2020-10-21 18:10:10 | Iter | [120/120] valid loss=0.03415
2020-10-21 18:10:10 | Test | [120/120] Valid Acc=0.59584
2020-10-21 18:10:10 | Test | [120/120] Valid Mean IU=0.57283
2020-10-21 18:10:10 | Test | [120/120] Valid Class Acc=[0.9969888973437501, 0.4942457231726129]
