YOLOv5  torch 1.7.1 CUDA:0 (GeForce GTX 1080 Ti, 11178.5MB)
                    CUDA:1 (GeForce GTX 1080 Ti, 11178.5MB)
                    CUDA:2 (GeForce GTX 1080 Ti, 11178.5MB)
                    CUDA:3 (GeForce GTX 1080 Ti, 11178.5MB)

Namespace(adam=False, batch_size=48, bucket='', cache_images=False, cfg='models/yolov5AFF.yaml', data='data/trafficSign512TT.yaml', device='0,1,2,3', epochs=100, evolve=False, exist_ok=False, global_rank=-1, hyp='data/hyp.scratch.yaml', image_weights=False, img_size=[512, 512], local_rank=-1, log_artifacts=False, log_imgs=16, multi_scale=False, name='exp', noautoanchor=False, nosave=False, notest=False, project='runs/train', quad=False, rect=False, resume=False, save_dir='runs/train/exp5', single_cls=False, sync_bn=False, total_batch_size=48, weights='', workers=8, world_size=1)
Start Tensorboard with "tensorboard --logdir runs/train", view at http://localhost:6006/
2021-02-03 21:48:15.457831: I tensorflow/stream_executor/platform/default/dso_loader.cc:44] Successfully opened dynamic library libnvinfer.so.6
2021-02-03 21:48:15.459336: I tensorflow/stream_executor/platform/default/dso_loader.cc:44] Successfully opened dynamic library libnvinfer_plugin.so.6
[34m[1mhyperparameters: [0mlr0=0.01, lrf=0.2, momentum=0.937, weight_decay=0.0005, warmup_epochs=3.0, warmup_momentum=0.8, warmup_bias_lr=0.1, box=0.05, cls=0.5, cls_pw=1.0, obj=1.0, obj_pw=1.0, iou_t=0.2, anchor_t=4.0, fl_gamma=0.0, hsv_h=0.015, hsv_s=0.7, hsv_v=0.4, degrees=0.0, translate=0.1, scale=0.5, shear=0.0, perspective=0.0, flipud=0.0, fliplr=0.5, mosaic=1.0, mixup=0.0
Model init starts 

                 from  n    params  module                                  arguments                     
  0                -1  1      3520  models.common.Focus                     [3, 32, 3]                    
  1                -1  1     18560  models.common.Conv                      [32, 64, 3, 2]                
  2                -1  1     18816  models.common.C3                        [64, 64, 1]                   
  3                -1  1     73984  models.common.Conv                      [64, 128, 3, 2]               
  4                -1  1    156928  models.common.C3                        [128, 128, 3]                 
  5                -1  1    295424  models.common.Conv                      [128, 256, 3, 2]              
  6                -1  1    625152  models.common.C3                        [256, 256, 3]                 
  7                -1  1   1180672  models.common.Conv                      [256, 512, 3, 2]              
  8                -1  1    656896  models.common.SPP                       [512, 512, [5, 9, 13]]        
  9                -1  1   1182720  models.common.C3                        [512, 512, 1, False]          
 10                -1  1    131584  models.common.Conv                      [512, 256, 1, 1]              
 11                -1  1         0  torch.nn.modules.upsampling.Upsample    [None, 2, 'nearest']          
 12           [-1, 6]  1     67456  plugplay.attention.AFF.AFF              [256, 256]                    
 13                -1  1    296448  models.common.C3                        [256, 256, 1, False]          
 14                -1  1     33024  models.common.Conv                      [256, 128, 1, 1]              
 15                -1  1         0  torch.nn.modules.upsampling.Upsample    [None, 2, 'nearest']          
 16           [-1, 4]  1     17344  plugplay.attention.AFF.AFF              [128, 128]                    
 17                -1  1     74496  models.common.C3                        [128, 128, 1, False]          
 18                -1  1    147712  models.common.Conv                      [128, 128, 3, 2]              
 19          [-1, 14]  1     17344  plugplay.attention.AFF.AFF              [128, 128]                    
 20                -1  1    263680  models.common.C3                        [128, 256, 1, False]          
 21                -1  1    590336  models.common.Conv                      [256, 256, 3, 2]              
 22          [-1, 10]  1     67456  plugplay.attention.AFF.AFF              [256, 256]                    
 23                -1  1   1051648  models.common.C3                        [256, 512, 1, False]          
 24      [17, 20, 23]  1    609522  models.yolo.Detect                      [221, [[10, 13, 16, 30, 33, 23], [30, 61, 62, 45, 59, 119], [116, 90, 156, 198, 373, 326]], [128, 256, 512]]

Scaled weight_decay = 0.000375
Optimizer groups: 94 .bias, 78 conv.weight, 75 other
[34m[1mtrain: [0mScanning '/data/nextcloud/data/trafficsign512TT/labels/train.cache' for images and labels... 22334 found, 0 missing, 0 empty, 0 corrupted: 100%|██████████| 22334/22334 [00:00<?, ?it/s][34m[1mtrain: [0mScanning '/data/nextcloud/data/trafficsign512TT/labels/train.cache' for images and labels... 22334 found, 0 missing, 0 empty, 0 corrupted: 100%|██████████| 22334/22334 [00:00<00:00, 118576690.55it/s][34m[1mgithub: [0mskipping check (not a git repository)
args got  [256, 256]
args got  [128, 128]
args got  [128, 128]
args got  [256, 256]

[34m[1mval: [0mScanning '/data/nextcloud/data/trafficsign512TT/labels/val.cache' for images and labels... 3622 found, 0 missing, 0 empty, 0 corrupted: 100%|██████████| 3622/3622 [00:00<?, ?it/s][34m[1mval: [0mScanning '/data/nextcloud/data/trafficsign512TT/labels/val.cache' for images and labels... 3622 found, 0 missing, 0 empty, 0 corrupted: 100%|██████████| 3622/3622 [00:00<00:00, 14345391.02it/s]
Image sizes 512 train, 512 test
Using 8 dataloader workers
Logging results to runs/train/exp5
Starting training for 100 epochs...

     Epoch   gpu_mem       box       obj       cls     total   targets  img_size
  0%|          | 0/465 [00:00<?, ?it/s]Plotting labels... 

[34m[1mautoanchor: [0mAnalyzing anchors... anchors/target = 6.00, Best Possible Recall (BPR) = 0.9980
images : tensor([[[[0.45882, 0.45882, 0.46667,  ..., 0.32941, 0.32941, 0.32941],
          [0.45490, 0.45098, 0.45882,  ..., 0.32941, 0.33333, 0.33333],
          [0.42353, 0.41569, 0.43922,  ..., 0.32157, 0.32941, 0.33333],
          ...,
          [0.49412, 0.49412, 0.49412,  ..., 0.29412, 0.28235, 0.27451],
          [0.49412, 0.49412, 0.49020,  ..., 0.29804, 0.28235, 0.28235],
          [0.49412, 0.49020, 0.48627,  ..., 0.28627, 0.27843, 0.27843]],

         [[0.38824, 0.38824, 0.39608,  ..., 0.31373, 0.31373, 0.31373],
          [0.38431, 0.38039, 0.38824,  ..., 0.31373, 0.32157, 0.32157],
          [0.35294, 0.34510, 0.36863,  ..., 0.30588, 0.31373, 0.31765],
          ...,
          [0.33333, 0.32941, 0.33333,  ..., 0.23529, 0.22353, 0.21569],
          [0.33333, 0.33333, 0.33333,  ..., 0.23529, 0.22353, 0.21961],
          [0.33725, 0.33333, 0.33333,  ..., 0.21961, 0.21176, 0.21569]],

         [[0.30980, 0.30980, 0.31765,  ..., 0.30588, 0.30588, 0.30588],
          [0.30588, 0.30196, 0.30980,  ..., 0.30588, 0.31373, 0.31373],
          [0.27451, 0.26667, 0.29020,  ..., 0.29804, 0.30588, 0.30980],
          ...,
          [0.09412, 0.09020, 0.09412,  ..., 0.07843, 0.06667, 0.05882],
          [0.09412, 0.09412, 0.09804,  ..., 0.07451, 0.06275, 0.05490],
          [0.10980, 0.10196, 0.10588,  ..., 0.06275, 0.05882, 0.05098]]],


        [[[0.41176, 0.41176, 0.41176,  ..., 0.39216, 0.43137, 0.42745],
          [0.41176, 0.41176, 0.41176,  ..., 0.41961, 0.41961, 0.42353],
          [0.41176, 0.41176, 0.41176,  ..., 0.42745, 0.41961, 0.41961],
          ...,
          [0.41961, 0.42745, 0.41961,  ..., 0.43529, 0.43137, 0.43529],
          [0.41961, 0.42745, 0.41961,  ..., 0.42745, 0.42745, 0.43137],
          [0.41961, 0.42745, 0.42353,  ..., 0.42745, 0.42745, 0.42745]],

         [[0.45098, 0.45098, 0.45098,  ..., 0.42745, 0.46667, 0.46275],
          [0.45098, 0.45098, 0.45098,  ..., 0.45490, 0.45882, 0.46275],
          [0.45098, 0.45098, 0.45098,  ..., 0.46275, 0.45882, 0.45882],
          ...,
          [0.40392, 0.40784, 0.40392,  ..., 0.42353, 0.41961, 0.42353],
          [0.40392, 0.40784, 0.40392,  ..., 0.41569, 0.41569, 0.41961],
          [0.40392, 0.41176, 0.40784,  ..., 0.41961, 0.41961, 0.41961]],

         [[0.49412, 0.49412, 0.49412,  ..., 0.48627, 0.52549, 0.51765],
          [0.49412, 0.49412, 0.49412,  ..., 0.50980, 0.51373, 0.51765],
          [0.49412, 0.49412, 0.49412,  ..., 0.51373, 0.51373, 0.50980],
          ...,
          [0.37647, 0.38039, 0.37647,  ..., 0.40784, 0.40392, 0.40784],
          [0.37255, 0.38039, 0.37647,  ..., 0.40000, 0.40000, 0.40392],
          [0.37255, 0.38039, 0.38039,  ..., 0.40000, 0.40000, 0.40000]]],


        [[[0.40784, 0.40784, 0.40784,  ..., 0.15294, 0.12157, 0.14902],
          [0.40784, 0.40784, 0.40784,  ..., 0.18431, 0.12157, 0.15686],
          [0.40784, 0.40784, 0.40784,  ..., 0.19608, 0.13333, 0.23922],
          ...,
          [0.40784, 0.40784, 0.40784,  ..., 0.40784, 0.40784, 0.40784],
          [0.40784, 0.40784, 0.40784,  ..., 0.40784, 0.40784, 0.40784],
          [0.40784, 0.40784, 0.40784,  ..., 0.40784, 0.40784, 0.40784]],

         [[0.40784, 0.40784, 0.40784,  ..., 0.15294, 0.13333, 0.16078],
          [0.40784, 0.40784, 0.40784,  ..., 0.19216, 0.12941, 0.16863],
          [0.40784, 0.40784, 0.40784,  ..., 0.19216, 0.13725, 0.24706],
          ...,
          [0.40784, 0.40784, 0.40784,  ..., 0.40784, 0.40784, 0.40784],
          [0.40784, 0.40784, 0.40784,  ..., 0.40784, 0.40784, 0.40784],
          [0.40784, 0.40784, 0.40784,  ..., 0.40784, 0.40784, 0.40784]],

         [[0.40784, 0.40784, 0.40784,  ..., 0.16471, 0.14118, 0.15686],
          [0.40784, 0.40784, 0.40784,  ..., 0.18431, 0.13333, 0.16471],
          [0.40784, 0.40784, 0.40784,  ..., 0.18824, 0.14118, 0.25882],
          ...,
          [0.40784, 0.40784, 0.40784,  ..., 0.40784, 0.40784, 0.40784],
          [0.40784, 0.40784, 0.40784,  ..., 0.40784, 0.40784, 0.40784],
          [0.40784, 0.40784, 0.40784,  ..., 0.40784, 0.40784, 0.40784]]],


        ...,


        [[[0.33725, 0.76078, 0.79608,  ..., 0.54118, 0.54510, 0.53333],
          [0.69412, 0.63922, 0.61569,  ..., 0.53333, 0.54902, 0.53725],
          [0.75294, 0.77255, 0.75686,  ..., 0.52941, 0.54118, 0.54510],
          ...,
          [0.04314, 0.03137, 0.01961,  ..., 0.49804, 0.48235, 0.52549],
          [0.02353, 0.02745, 0.01569,  ..., 0.50588, 0.49804, 0.52157],
          [0.01961, 0.03137, 0.02353,  ..., 0.48235, 0.50196, 0.50980]],

         [[0.39216, 0.80392, 0.83137,  ..., 0.59608, 0.60000, 0.60392],
          [0.69020, 0.64314, 0.63529,  ..., 0.60392, 0.60392, 0.60784],
          [0.76078, 0.78431, 0.77647,  ..., 0.60000, 0.59608, 0.60000],
          ...,
          [0.05098, 0.03922, 0.03137,  ..., 0.49804, 0.48235, 0.52549],
          [0.04314, 0.03922, 0.04314,  ..., 0.50980, 0.49804, 0.52157],
          [0.04706, 0.05882, 0.05098,  ..., 0.48235, 0.50196, 0.50588]],

         [[0.43529, 0.83529, 0.87059,  ..., 0.63529, 0.63137, 0.64314],
          [0.72549, 0.67451, 0.65490,  ..., 0.63922, 0.63529, 0.63529],
          [0.77647, 0.80000, 0.79216,  ..., 0.63529, 0.62745, 0.63137],
          ...,
          [0.07059, 0.05882, 0.05098,  ..., 0.50980, 0.48235, 0.52549],
          [0.05882, 0.05882, 0.05882,  ..., 0.51373, 0.49804, 0.52157],
          [0.06667, 0.07843, 0.07059,  ..., 0.49412, 0.50196, 0.51373]]],


        [[[0.56471, 0.56471, 0.56471,  ..., 0.30196, 0.28627, 0.29804],
          [0.56078, 0.56471, 0.56471,  ..., 0.26275, 0.27843, 0.28235],
          [0.56078, 0.56078, 0.55686,  ..., 0.26275, 0.23529, 0.23137],
          ...,
          [0.52941, 0.52157, 0.51373,  ..., 0.55294, 0.57255, 0.59608],
          [0.53725, 0.54118, 0.52549,  ..., 0.55686, 0.51765, 0.49804],
          [0.54118, 0.54902, 0.52549,  ..., 0.56078, 0.52549, 0.49412]],

         [[0.58824, 0.58824, 0.58824,  ..., 0.30980, 0.29020, 0.30196],
          [0.58431, 0.58824, 0.58824,  ..., 0.27843, 0.28235, 0.28627],
          [0.58431, 0.58431, 0.58039,  ..., 0.28627, 0.25098, 0.24706],
          ...,
          [0.50980, 0.50196, 0.49412,  ..., 0.54510, 0.56471, 0.58824],
          [0.51765, 0.52157, 0.50588,  ..., 0.54902, 0.50980, 0.49020],
          [0.52549, 0.53333, 0.50980,  ..., 0.55294, 0.51765, 0.48627]],

         [[0.49412, 0.49412, 0.49412,  ..., 0.32941, 0.30980, 0.32157],
          [0.49020, 0.49412, 0.49412,  ..., 0.29804, 0.30588, 0.30980],
          [0.49020, 0.49020, 0.48627,  ..., 0.30980, 0.27451, 0.27843],
          ...,
          [0.43137, 0.41961, 0.41569,  ..., 0.52549, 0.54510, 0.56471],
          [0.43137, 0.43922, 0.41961,  ..., 0.52941, 0.49020, 0.47059],
          [0.43137, 0.43922, 0.41569,  ..., 0.53333, 0.49804, 0.46667]]],


        [[[0.56471, 0.56471, 0.56471,  ..., 0.47059, 0.47059, 0.47059],
          [0.56471, 0.56471, 0.56471,  ..., 0.47059, 0.47059, 0.47059],
          [0.56471, 0.56471, 0.56471,  ..., 0.47059, 0.47059, 0.47059],
          ...,
          [0.40392, 0.40000, 0.38039,  ..., 0.37647, 0.37255, 0.36471],
          [0.39608, 0.38431, 0.37647,  ..., 0.37647, 0.37647, 0.37647],
          [0.36863, 0.36471, 0.37647,  ..., 0.36078, 0.37647, 0.38431]],

         [[0.58824, 0.58824, 0.58824,  ..., 0.50196, 0.50196, 0.50196],
          [0.58824, 0.58824, 0.58824,  ..., 0.50196, 0.50196, 0.50196],
          [0.58824, 0.58824, 0.58824,  ..., 0.50196, 0.50196, 0.50196],
          ...,
          [0.39608, 0.39216, 0.37255,  ..., 0.37255, 0.36863, 0.36078],
          [0.38824, 0.37647, 0.36863,  ..., 0.37255, 0.37255, 0.37255],
          [0.36078, 0.35686, 0.36863,  ..., 0.35686, 0.37255, 0.38039]],

         [[0.60392, 0.60392, 0.60392,  ..., 0.52941, 0.52941, 0.52941],
          [0.60392, 0.60392, 0.60392,  ..., 0.52941, 0.52941, 0.52941],
          [0.60392, 0.60392, 0.60392,  ..., 0.52941, 0.52941, 0.52941],
          ...,
          [0.39216, 0.39216, 0.37255,  ..., 0.36863, 0.36471, 0.35686],
          [0.38824, 0.37647, 0.36863,  ..., 0.36863, 0.36863, 0.36863],
          [0.36078, 0.35686, 0.36863,  ..., 0.35294, 0.36863, 0.37647]]]], device='cuda:0')
Model forward starts  Model forward starts  Model forward starts  Model forward starts  tensor([[[[0.49412, 0.42745, 0.49412,  ..., 0.22745, 0.23922, 0.25098],
          [0.20000, 0.19216, 0.28235,  ..., 0.20784, 0.21961, 0.23922],
          [0.15686, 0.16471, 0.20784,  ..., 0.21961, 0.23137, 0.25882],
          ...,
          [0.25098, 0.16078, 0.13725,  ..., 0.52549, 0.52549, 0.52549],
          [0.28235, 0.21961, 0.28235,  ..., 0.52549, 0.52549, 0.52549],
          [0.35294, 0.24314, 0.19216,  ..., 0.52549, 0.52549, 0.52549]],

         [[0.48235, 0.40784, 0.47059,  ..., 0.20784, 0.21961, 0.23922],
          [0.19216, 0.17647, 0.25882,  ..., 0.18824, 0.20000, 0.22353],
          [0.14902, 0.14510, 0.18824,  ..., 0.20392, 0.21961, 0.23922],
          ...,
          [0.31765, 0.21176, 0.16471,  ..., 0.59216, 0.59216, 0.59216],
          [0.34902, 0.25490, 0.30196,  ..., 0.59216, 0.59216, 0.59216],
          [0.41961, 0.27451, 0.20000,  ..., 0.59216, 0.59216, 0.59216]],

         [[0.37255, 0.29412, 0.35294,  ..., 0.20000, 0.20784, 0.21961],
          [0.05490, 0.03529, 0.12549,  ..., 0.18824, 0.19216, 0.20392],
          [0.00392, 0.00000, 0.03529,  ..., 0.21961, 0.23137, 0.22745],
          ...,
          [0.37255, 0.22745, 0.14510,  ..., 0.63922, 0.63922, 0.63922],
          [0.39216, 0.26667, 0.28235,  ..., 0.63922, 0.63922, 0.63922],
          [0.45490, 0.28235, 0.18824,  ..., 0.63922, 0.63922, 0.63922]]],


        [[[0.51373, 0.51373, 0.51373,  ..., 0.27843, 0.25882, 0.25882],
          [0.51373, 0.51373, 0.51373,  ..., 0.23529, 0.24706, 0.21569],
          [0.51373, 0.51373, 0.51373,  ..., 0.23922, 0.23529, 0.24706],
          ...,
          [0.51373, 0.51373, 0.51373,  ..., 0.51373, 0.51373, 0.51373],
          [0.51373, 0.51373, 0.51373,  ..., 0.51373, 0.51373, 0.51373],
          [0.51373, 0.51373, 0.51373,  ..., 0.51373, 0.51373, 0.51373]],

         [[0.51373, 0.51373, 0.51373,  ..., 0.30980, 0.29412, 0.29020],
          [0.51373, 0.51373, 0.51373,  ..., 0.26667, 0.28235, 0.25098],
          [0.51373, 0.51373, 0.51373,  ..., 0.26667, 0.26667, 0.27843],
          ...,
          [0.51373, 0.51373, 0.51373,  ..., 0.51373, 0.51373, 0.51373],
          [0.51373, 0.51373, 0.51373,  ..., 0.51373, 0.51373, 0.51373],
          [0.51373, 0.51373, 0.51373,  ..., 0.51373, 0.51373, 0.51373]],

         [[0.51373, 0.51373, 0.51373,  ..., 0.12157, 0.12549, 0.13725],
          [0.51373, 0.51373, 0.51373,  ..., 0.09020, 0.11373, 0.10588],
          [0.51373, 0.51373, 0.51373,  ..., 0.11373, 0.11373, 0.12549],
          ...,
          [0.51373, 0.51373, 0.51373,  ..., 0.51373, 0.51373, 0.51373],
          [0.51373, 0.51373, 0.51373,  ..., 0.51373, 0.51373, 0.51373],
          [0.51373, 0.51373, 0.51373,  ..., 0.51373, 0.51373, 0.51373]]],


        [[[0.63137, 0.63137, 0.63137,  ..., 0.53725, 0.53725, 0.53725],
          [0.63137, 0.63137, 0.63137,  ..., 0.53725, 0.53725, 0.53725],
          [0.63137, 0.63137, 0.63137,  ..., 0.53725, 0.53725, 0.53725],
          ...,
          [0.88627, 0.93333, 0.98039,  ..., 0.53725, 0.53725, 0.53725],
          [0.65490, 0.69804, 0.72549,  ..., 0.53725, 0.53725, 0.53725],
          [0.59216, 0.61569, 0.65098,  ..., 0.53725, 0.53725, 0.53725]],

         [[0.80392, 0.80392, 0.80392,  ..., 0.53725, 0.53725, 0.53725],
          [0.80392, 0.80392, 0.80392,  ..., 0.53725, 0.53725, 0.53725],
          [0.80392, 0.80392, 0.80392,  ..., 0.53725, 0.53725, 0.53725],
          ...,
          [0.80000, 0.82353, 0.85490,  ..., 0.53725, 0.53725, 0.53725],
          [0.60392, 0.62745, 0.63529,  ..., 0.53725, 0.53725, 0.53725],
          [0.55686, 0.58039, 0.59608,  ..., 0.53725, 0.53725, 0.53725]],

         [[1.00000, 1.00000, 1.00000,  ..., 0.53725, 0.53725, 0.53725],
          [1.00000, 1.00000, 1.00000,  ..., 0.53725, 0.53725, 0.53725],
          [1.00000, 1.00000, 1.00000,  ..., 0.53725, 0.53725, 0.53725],
          ...,
          [0.67059, 0.68627, 0.69804,  ..., 0.53725, 0.53725, 0.53725],
          [0.51373, 0.52549, 0.52157,  ..., 0.53725, 0.53725, 0.53725],
          [0.50980, 0.51373, 0.51765,  ..., 0.53725, 0.53725, 0.53725]]],


        ...,


        [[[0.33725, 0.76078, 0.79608,  ..., 0.54118, 0.54510, 0.53333],
          [0.69412, 0.63922, 0.61569,  ..., 0.53333, 0.54902, 0.53725],
          [0.75294, 0.77255, 0.75686,  ..., 0.52941, 0.54118, 0.54510],
          ...,
          [0.04314, 0.03137, 0.01961,  ..., 0.49804, 0.48235, 0.52549],
          [0.02353, 0.02745, 0.01569,  ..., 0.50588, 0.49804, 0.52157],
          [0.01961, 0.03137, 0.02353,  ..., 0.48235, 0.50196, 0.50980]],

         [[0.39216, 0.80392, 0.83137,  ..., 0.59608, 0.60000, 0.60392],
          [0.69020, 0.64314, 0.63529,  ..., 0.60392, 0.60392, 0.60784],
          [0.76078, 0.78431, 0.77647,  ..., 0.60000, 0.59608, 0.60000],
          ...,
          [0.05098, 0.03922, 0.03137,  ..., 0.49804, 0.48235, 0.52549],
          [0.04314, 0.03922, 0.04314,  ..., 0.50980, 0.49804, 0.52157],
          [0.04706, 0.05882, 0.05098,  ..., 0.48235, 0.50196, 0.50588]],

         [[0.43529, 0.83529, 0.87059,  ..., 0.63529, 0.63137, 0.64314],
          [0.72549, 0.67451, 0.65490,  ..., 0.63922, 0.63529, 0.63529],
          [0.77647, 0.80000, 0.79216,  ..., 0.63529, 0.62745, 0.63137],
          ...,
          [0.07059, 0.05882, 0.05098,  ..., 0.50980, 0.48235, 0.52549],
          [0.05882, 0.05882, 0.05882,  ..., 0.51373, 0.49804, 0.52157],
          [0.06667, 0.07843, 0.07059,  ..., 0.49412, 0.50196, 0.51373]]],


        [[[0.56471, 0.56471, 0.56471,  ..., 0.30196, 0.28627, 0.29804],
          [0.56078, 0.56471, 0.56471,  ..., 0.26275, 0.27843, 0.28235],
          [0.56078, 0.56078, 0.55686,  ..., 0.26275, 0.23529, 0.23137],
          ...,
          [0.52941, 0.52157, 0.51373,  ..., 0.55294, 0.57255, 0.59608],
          [0.53725, 0.54118, 0.52549,  ..., 0.55686, 0.51765, 0.49804],
          [0.54118, 0.54902, 0.52549,  ..., 0.56078, 0.52549, 0.49412]],

         [[0.58824, 0.58824, 0.58824,  ..., 0.30980, 0.29020, 0.30196],
          [0.58431, 0.58824, 0.58824,  ..., 0.27843, 0.28235, 0.28627],
          [0.58431, 0.58431, 0.58039,  ..., 0.28627, 0.25098, 0.24706],
          ...,
          [0.50980, 0.50196, 0.49412,  ..., 0.54510, 0.56471, 0.58824],
          [0.51765, 0.52157, 0.50588,  ..., 0.54902, 0.50980, 0.49020],
          [0.52549, 0.53333, 0.50980,  ..., 0.55294, 0.51765, 0.48627]],

         [[0.49412, 0.49412, 0.49412,  ..., 0.32941, 0.30980, 0.32157],
          [0.49020, 0.49412, 0.49412,  ..., 0.29804, 0.30588, 0.30980],
          [0.49020, 0.49020, 0.48627,  ..., 0.30980, 0.27451, 0.27843],
          ...,
          [0.43137, 0.41961, 0.41569,  ..., 0.52549, 0.54510, 0.56471],
          [0.43137, 0.43922, 0.41961,  ..., 0.52941, 0.49020, 0.47059],
          [0.43137, 0.43922, 0.41569,  ..., 0.53333, 0.49804, 0.46667]]],


        [[[0.56471, 0.56471, 0.56471,  ..., 0.47059, 0.47059, 0.47059],
          [0.56471, 0.56471, 0.56471,  ..., 0.47059, 0.47059, 0.47059],
          [0.56471, 0.56471, 0.56471,  ..., 0.47059, 0.47059, 0.47059],
          ...,
          [0.40392, 0.40000, 0.38039,  ..., 0.37647, 0.37255, 0.36471],
          [0.39608, 0.38431, 0.37647,  ..., 0.37647, 0.37647, 0.37647],
          [0.36863, 0.36471, 0.37647,  ..., 0.36078, 0.37647, 0.38431]],

         [[0.58824, 0.58824, 0.58824,  ..., 0.50196, 0.50196, 0.50196],
          [0.58824, 0.58824, 0.58824,  ..., 0.50196, 0.50196, 0.50196],
          [0.58824, 0.58824, 0.58824,  ..., 0.50196, 0.50196, 0.50196],
          ...,
          [0.39608, 0.39216, 0.37255,  ..., 0.37255, 0.36863, 0.36078],
          [0.38824, 0.37647, 0.36863,  ..., 0.37255, 0.37255, 0.37255],
          [0.36078, 0.35686, 0.36863,  ..., 0.35686, 0.37255, 0.38039]],

         [[0.60392, 0.60392, 0.60392,  ..., 0.52941, 0.52941, 0.52941],
          [0.60392, 0.60392, 0.60392,  ..., 0.52941, 0.52941, 0.52941],
          [0.60392, 0.60392, 0.60392,  ..., 0.52941, 0.52941, 0.52941],
          ...,
          [0.39216, 0.39216, 0.37255,  ..., 0.36863, 0.36471, 0.35686],
          [0.38824, 0.37647, 0.36863,  ..., 0.36863, 0.36863, 0.36863],
          [0.36078, 0.35686, 0.36863,  ..., 0.35294, 0.36863, 0.37647]]]], device='cuda:3')
Model forward_once starts  tensor([[[[0.45882, 0.45882, 0.46667,  ..., 0.32941, 0.32941, 0.32941],
          [0.45490, 0.45098, 0.45882,  ..., 0.32941, 0.33333, 0.33333],
          [0.42353, 0.41569, 0.43922,  ..., 0.32157, 0.32941, 0.33333],
          ...,
          [0.49412, 0.49412, 0.49412,  ..., 0.29412, 0.28235, 0.27451],
          [0.49412, 0.49412, 0.49020,  ..., 0.29804, 0.28235, 0.28235],
          [0.49412, 0.49020, 0.48627,  ..., 0.28627, 0.27843, 0.27843]],

         [[0.38824, 0.38824, 0.39608,  ..., 0.31373, 0.31373, 0.31373],
          [0.38431, 0.38039, 0.38824,  ..., 0.31373, 0.32157, 0.32157],
          [0.35294, 0.34510, 0.36863,  ..., 0.30588, 0.31373, 0.31765],
          ...,
          [0.33333, 0.32941, 0.33333,  ..., 0.23529, 0.22353, 0.21569],
          [0.33333, 0.33333, 0.33333,  ..., 0.23529, 0.22353, 0.21961],
          [0.33725, 0.33333, 0.33333,  ..., 0.21961, 0.21176, 0.21569]],

         [[0.30980, 0.30980, 0.31765,  ..., 0.30588, 0.30588, 0.30588],
          [0.30588, 0.30196, 0.30980,  ..., 0.30588, 0.31373, 0.31373],
          [0.27451, 0.26667, 0.29020,  ..., 0.29804, 0.30588, 0.30980],
          ...,
          [0.09412, 0.09020, 0.09412,  ..., 0.07843, 0.06667, 0.05882],
          [0.09412, 0.09412, 0.09804,  ..., 0.07451, 0.06275, 0.05490],
          [0.10980, 0.10196, 0.10588,  ..., 0.06275, 0.05882, 0.05098]]],


        [[[0.41176, 0.41176, 0.41176,  ..., 0.39216, 0.43137, 0.42745],
          [0.41176, 0.41176, 0.41176,  ..., 0.41961, 0.41961, 0.42353],
          [0.41176, 0.41176, 0.41176,  ..., 0.42745, 0.41961, 0.41961],
          ...,
          [0.41961, 0.42745, 0.41961,  ..., 0.43529, 0.43137, 0.43529],
          [0.41961, 0.42745, 0.41961,  ..., 0.42745, 0.42745, 0.43137],
          [0.41961, 0.42745, 0.42353,  ..., 0.42745, 0.42745, 0.42745]],

         [[0.45098, 0.45098, 0.45098,  ..., 0.42745, 0.46667, 0.46275],
          [0.45098, 0.45098, 0.45098,  ..., 0.45490, 0.45882, 0.46275],
          [0.45098, 0.45098, 0.45098,  ..., 0.46275, 0.45882, 0.45882],
          ...,
          [0.40392, 0.40784, 0.40392,  ..., 0.42353, 0.41961, 0.42353],
          [0.40392, 0.40784, 0.40392,  ..., 0.41569, 0.41569, 0.41961],
          [0.40392, 0.41176, 0.40784,  ..., 0.41961, 0.41961, 0.41961]],

         [[0.49412, 0.49412, 0.49412,  ..., 0.48627, 0.52549, 0.51765],
          [0.49412, 0.49412, 0.49412,  ..., 0.50980, 0.51373, 0.51765],
          [0.49412, 0.49412, 0.49412,  ..., 0.51373, 0.51373, 0.50980],
          ...,
          [0.37647, 0.38039, 0.37647,  ..., 0.40784, 0.40392, 0.40784],
          [0.37255, 0.38039, 0.37647,  ..., 0.40000, 0.40000, 0.40392],
          [0.37255, 0.38039, 0.38039,  ..., 0.40000, 0.40000, 0.40000]]],


        [[[0.40784, 0.40784, 0.40784,  ..., 0.15294, 0.12157, 0.14902],
          [0.40784, 0.40784, 0.40784,  ..., 0.18431, 0.12157, 0.15686],
          [0.40784, 0.40784, 0.40784,  ..., 0.19608, 0.13333, 0.23922],
          ...,
          [0.40784, 0.40784, 0.40784,  ..., 0.40784, 0.40784, 0.40784],
          [0.40784, 0.40784, 0.40784,  ..., 0.40784, 0.40784, 0.40784],
          [0.40784, 0.40784, 0.40784,  ..., 0.40784, 0.40784, 0.40784]],

         [[0.40784, 0.40784, 0.40784,  ..., 0.15294, 0.13333, 0.16078],
          [0.40784, 0.40784, 0.40784,  ..., 0.19216, 0.12941, 0.16863],
          [0.40784, 0.40784, 0.40784,  ..., 0.19216, 0.13725, 0.24706],
          ...,
          [0.40784, 0.40784, 0.40784,  ..., 0.40784, 0.40784, 0.40784],
          [0.40784, 0.40784, 0.40784,  ..., 0.40784, 0.40784, 0.40784],
          [0.40784, 0.40784, 0.40784,  ..., 0.40784, 0.40784, 0.40784]],

         [[0.40784, 0.40784, 0.40784,  ..., 0.16471, 0.14118, 0.15686],
          [0.40784, 0.40784, 0.40784,  ..., 0.18431, 0.13333, 0.16471],
          [0.40784, 0.40784, 0.40784,  ..., 0.18824, 0.14118, 0.25882],
          ...,
          [0.40784, 0.40784, 0.40784,  ..., 0.40784, 0.40784, 0.40784],
          [0.40784, 0.40784, 0.40784,  ..., 0.40784, 0.40784, 0.40784],
          [0.40784, 0.40784, 0.40784,  ..., 0.40784, 0.40784, 0.40784]]],


        ...,


        [[[0.51373, 0.49804, 0.49020,  ..., 0.93725, 0.95686, 0.95686],
          [0.50980, 0.51373, 0.49020,  ..., 0.93333, 0.94118, 0.94118],
          [0.48627, 0.49804, 0.50980,  ..., 0.93333, 0.93333, 0.93725],
          ...,
          [0.51373, 0.49804, 0.49412,  ..., 0.69804, 0.69020, 0.70588],
          [0.73725, 0.73333, 0.72941,  ..., 0.70196, 0.68235, 0.68235],
          [0.80392, 0.80000, 0.79608,  ..., 0.69804, 0.69020, 0.68235]],

         [[0.50980, 0.49412, 0.48627,  ..., 0.92157, 0.93725, 0.94118],
          [0.51373, 0.50980, 0.48627,  ..., 0.92549, 0.92941, 0.93333],
          [0.49020, 0.49412, 0.50588,  ..., 0.92157, 0.91765, 0.92157],
          ...,
          [0.50588, 0.49412, 0.49804,  ..., 0.69804, 0.69020, 0.70588],
          [0.72549, 0.72157, 0.72157,  ..., 0.70196, 0.68235, 0.68235],
          [0.78431, 0.78039, 0.78039,  ..., 0.69804, 0.69020, 0.68235]],

         [[0.49804, 0.48627, 0.47843,  ..., 0.89804, 0.91765, 0.91765],
          [0.49804, 0.49804, 0.47843,  ..., 0.89412, 0.89804, 0.90196],
          [0.47843, 0.48627, 0.49412,  ..., 0.89020, 0.89020, 0.89020],
          ...,
          [0.48627, 0.47451, 0.47451,  ..., 0.70980, 0.70196, 0.71765],
          [0.69804, 0.69020, 0.69020,  ..., 0.71373, 0.69412, 0.69412],
          [0.74902, 0.74510, 0.74510,  ..., 0.70980, 0.70196, 0.69412]]],


        [[[0.90588, 0.90588, 0.90196,  ..., 0.90588, 0.77255, 0.63137],
          [0.90980, 0.90588, 0.90196,  ..., 0.64706, 0.56863, 0.57647],
          [0.91765, 0.90980, 0.90980,  ..., 0.84706, 0.73725, 0.68235],
          ...,
          [0.15686, 0.15686, 0.15686,  ..., 0.05490, 0.04706, 0.04314],
          [0.16863, 0.15686, 0.15686,  ..., 0.07451, 0.07059, 0.05882],
          [0.16863, 0.15686, 0.15294,  ..., 0.07451, 0.08235, 0.07451]],

         [[0.96078, 0.96471, 0.96078,  ..., 0.93725, 0.79216, 0.63137],
          [0.96078, 0.96471, 0.96078,  ..., 0.66667, 0.58039, 0.57647],
          [0.96078, 0.96078, 0.96078,  ..., 0.85882, 0.73725, 0.68235],
          ...,
          [0.13725, 0.13725, 0.13725,  ..., 0.08235, 0.07843, 0.07843],
          [0.14118, 0.13725, 0.13725,  ..., 0.09412, 0.09412, 0.08235],
          [0.14118, 0.13725, 0.12941,  ..., 0.09804, 0.10588, 0.09804]],

         [[1.00000, 1.00000, 1.00000,  ..., 0.65490, 0.50980, 0.34902],
          [1.00000, 1.00000, 1.00000,  ..., 0.39608, 0.30588, 0.29804],
          [1.00000, 1.00000, 1.00000,  ..., 0.59608, 0.48235, 0.43529],
          ...,
          [0.12157, 0.12157, 0.12157,  ..., 0.09412, 0.07451, 0.06275],
          [0.12941, 0.12157, 0.12157,  ..., 0.08627, 0.08235, 0.06275],
          [0.12941, 0.12157, 0.11765,  ..., 0.07843, 0.08627, 0.07843]]],


        [[[0.25882, 0.24706, 0.24706,  ..., 0.29804, 0.29804, 0.29412],
          [0.24706, 0.24706, 0.24706,  ..., 0.30196, 0.31373, 0.31765],
          [0.25098, 0.24314, 0.25490,  ..., 0.30588, 0.31373, 0.30980],
          ...,
          [0.43137, 0.34510, 0.40392,  ..., 0.55686, 0.54902, 0.53333],
          [0.40392, 0.38824, 0.35294,  ..., 0.52549, 0.53333, 0.52941],
          [0.49804, 0.33725, 0.34510,  ..., 0.54118, 0.52549, 0.51765]],

         [[0.24706, 0.23529, 0.23529,  ..., 0.29412, 0.29020, 0.28627],
          [0.23529, 0.23529, 0.23529,  ..., 0.29412, 0.30588, 0.30980],
          [0.23922, 0.22745, 0.24314,  ..., 0.30196, 0.30588, 0.30196],
          ...,
          [0.40000, 0.32549, 0.38431,  ..., 0.50588, 0.49804, 0.48235],
          [0.37647, 0.36863, 0.33333,  ..., 0.47451, 0.48235, 0.48235],
          [0.45490, 0.29412, 0.29412,  ..., 0.49020, 0.48235, 0.47451]],

         [[0.20784, 0.19608, 0.19608,  ..., 0.26667, 0.27059, 0.26667],
          [0.19608, 0.19608, 0.19608,  ..., 0.27059, 0.28627, 0.29020],
          [0.20000, 0.19216, 0.20392,  ..., 0.27451, 0.28627, 0.28235],
          ...,
          [0.13725, 0.05882, 0.11373,  ..., 0.42745, 0.42353, 0.41176],
          [0.12941, 0.10980, 0.06275,  ..., 0.40784, 0.41961, 0.42353],
          [0.25490, 0.09020, 0.09412,  ..., 0.42745, 0.42353, 0.41961]]]], device='cuda:0')
Model forward_once starts  tensor([[[[0.03922, 0.05098, 0.05490,  ..., 0.06275, 0.06667, 0.07843],
          [0.04314, 0.03922, 0.03922,  ..., 0.06667, 0.07451, 0.08235],
          [0.05098, 0.03529, 0.03922,  ..., 0.07843, 0.08235, 0.07451],
          ...,
          [0.18431, 0.19216, 0.19216,  ..., 0.19608, 0.07451, 0.05882],
          [0.16078, 0.15686, 0.16078,  ..., 0.10588, 0.12549, 0.07059],
          [0.19216, 0.18431, 0.18039,  ..., 0.07451, 0.07843, 0.05490]],

         [[0.05490, 0.06275, 0.07059,  ..., 0.05490, 0.05490, 0.06275],
          [0.05882, 0.05490, 0.05490,  ..., 0.05490, 0.05882, 0.06275],
          [0.06667, 0.05098, 0.05490,  ..., 0.06275, 0.05882, 0.05882],
          ...,
          [0.16863, 0.17255, 0.17255,  ..., 0.20000, 0.08235, 0.06667],
          [0.14118, 0.13333, 0.13333,  ..., 0.10980, 0.12941, 0.07451],
          [0.16471, 0.15294, 0.14902,  ..., 0.08235, 0.08627, 0.06667]],

         [[0.00000, 0.01569, 0.02353,  ..., 0.00000, 0.00000, 0.00000],
          [0.00392, 0.00392, 0.00784,  ..., 0.00392, 0.00000, 0.00000],
          [0.01569, 0.00000, 0.00392,  ..., 0.01176, 0.00784, 0.00000],
          ...,
          [0.16863, 0.16078, 0.15686,  ..., 0.18824, 0.05490, 0.03137],
          [0.13333, 0.12157, 0.11373,  ..., 0.09412, 0.10588, 0.04314],
          [0.15686, 0.14510, 0.12941,  ..., 0.06275, 0.06275, 0.03529]]],


        [[[0.59608, 0.59608, 0.59216,  ..., 0.74118, 0.84706, 0.90196],
          [0.59608, 0.59608, 0.58431,  ..., 0.76078, 0.79608, 0.89412],
          [0.60392, 0.58431, 0.57255,  ..., 0.76471, 0.76471, 0.86667],
          ...,
          [0.23529, 0.23922, 0.26275,  ..., 0.27059, 0.23922, 0.27451],
          [0.25490, 0.27451, 0.30196,  ..., 0.17255, 0.19608, 0.24314],
          [0.25098, 0.49412, 0.53725,  ..., 0.32549, 0.34902, 0.21569]],

         [[0.58039, 0.58039, 0.56863,  ..., 0.70980, 0.78824, 0.84314],
          [0.58824, 0.58824, 0.56863,  ..., 0.72157, 0.72941, 0.83137],
          [0.59608, 0.57647, 0.54510,  ..., 0.72549, 0.70980, 0.79608],
          ...,
          [0.30588, 0.28235, 0.32941,  ..., 0.21569, 0.20000, 0.20392],
          [0.34118, 0.33725, 0.36078,  ..., 0.16078, 0.20392, 0.19608],
          [0.34510, 0.54510, 0.58431,  ..., 0.34510, 0.38824, 0.20000]],

         [[0.54902, 0.55686, 0.54510,  ..., 0.67843, 0.70588, 0.72941],
          [0.55686, 0.55686, 0.53725,  ..., 0.68235, 0.64314, 0.70980],
          [0.56471, 0.54510, 0.52157,  ..., 0.68627, 0.62745, 0.69412],
          ...,
          [0.93725, 0.91765, 0.91765,  ..., 0.27843, 0.24706, 0.24706],
          [0.90980, 0.91373, 0.90980,  ..., 0.24706, 0.24314, 0.22353],
          [0.81961, 1.00000, 1.00000,  ..., 0.41961, 0.43529, 0.22353]]],


        [[[0.09020, 0.09412, 0.09412,  ..., 0.23137, 0.38824, 0.37647],
          [0.09412, 0.09804, 0.09804,  ..., 0.27451, 0.31765, 0.32941],
          [0.09412, 0.09804, 0.09412,  ..., 0.25098, 0.24314, 0.25490],
          ...,
          [0.47843, 0.41961, 0.34510,  ..., 0.36078, 0.36078, 0.36078],
          [0.46275, 0.41961, 0.34118,  ..., 0.36078, 0.36078, 0.36078],
          [0.49412, 0.50196, 0.46667,  ..., 0.36471, 0.36471, 0.36471]],

         [[0.15686, 0.15294, 0.15294,  ..., 0.21176, 0.37647, 0.36471],
          [0.16078, 0.15686, 0.15686,  ..., 0.24706, 0.27843, 0.29020],
          [0.16078, 0.15686, 0.15686,  ..., 0.21176, 0.20392, 0.21176],
          ...,
          [0.52941, 0.46667, 0.40000,  ..., 0.46275, 0.46275, 0.46275],
          [0.50980, 0.47059, 0.39216,  ..., 0.46275, 0.46275, 0.46275],
          [0.54510, 0.55294, 0.51373,  ..., 0.47059, 0.46275, 0.46275]],

         [[0.13333, 0.13725, 0.13725,  ..., 0.20392, 0.36078, 0.35686],
          [0.13725, 0.14118, 0.14118,  ..., 0.22745, 0.27059, 0.28627],
          [0.13725, 0.14118, 0.14118,  ..., 0.19608, 0.19608, 0.21176],
          ...,
          [0.61176, 0.54118, 0.46275,  ..., 0.56471, 0.56471, 0.56471],
          [0.58824, 0.54118, 0.45490,  ..., 0.56863, 0.56471, 0.56471],
          [0.61569, 0.61569, 0.57255,  ..., 0.56471, 0.56471, 0.56471]]],


        ...,


        [[[0.84706, 0.84706, 0.84706,  ..., 0.30588, 0.29804, 0.29020],
          [0.83137, 0.82353, 0.82745,  ..., 0.32157, 0.30980, 0.29412],
          [0.81961, 0.82353, 0.82745,  ..., 0.33725, 0.33725, 0.32549],
          ...,
          [0.35686, 0.29804, 0.30196,  ..., 0.81961, 0.81176, 0.80000],
          [0.33333, 0.21961, 0.17647,  ..., 0.83529, 0.83137, 0.83529],
          [0.30196, 0.27451, 0.28627,  ..., 0.82745, 0.83529, 0.83529]],

         [[0.83137, 0.83137, 0.83137,  ..., 0.30980, 0.30588, 0.29804],
          [0.81569, 0.80784, 0.81176,  ..., 0.32549, 0.31373, 0.30196],
          [0.80392, 0.80784, 0.81176,  ..., 0.34510, 0.34510, 0.32941],
          ...,
          [0.35294, 0.30196, 0.30196,  ..., 0.80784, 0.80392, 0.78824],
          [0.32941, 0.22353, 0.16863,  ..., 0.82353, 0.81961, 0.82353],
          [0.29804, 0.27059, 0.27451,  ..., 0.81569, 0.82353, 0.82353]],

         [[0.82353, 0.82353, 0.82353,  ..., 0.31765, 0.30980, 0.30196],
          [0.80784, 0.80000, 0.80392,  ..., 0.33333, 0.32157, 0.30588],
          [0.79608, 0.80000, 0.80392,  ..., 0.34902, 0.34902, 0.33725],
          ...,
          [0.33333, 0.27059, 0.26667,  ..., 0.79608, 0.78824, 0.77255],
          [0.30588, 0.19216, 0.13725,  ..., 0.81176, 0.80392, 0.80784],
          [0.27059, 0.25098, 0.24706,  ..., 0.79608, 0.80392, 0.80000]]],


        [[[0.78824, 0.78824, 0.78824,  ..., 0.56471, 0.56471, 0.56863],
          [0.78824, 0.78824, 0.78824,  ..., 0.56471, 0.56471, 0.56471],
          [0.78824, 0.78824, 0.78824,  ..., 0.56471, 0.56471, 0.56471],
          ...,
          [0.63137, 0.63137, 0.63529,  ..., 0.99216, 0.99608, 1.00000],
          [0.62353, 0.61176, 0.61176,  ..., 0.99216, 0.99608, 0.99216],
          [0.60784, 0.59608, 0.60392,  ..., 0.99216, 0.99216, 0.99216]],

         [[0.90588, 0.90588, 0.90588,  ..., 0.73725, 0.73725, 0.74118],
          [0.90588, 0.90588, 0.90588,  ..., 0.73725, 0.73725, 0.73725],
          [0.90588, 0.90588, 0.90588,  ..., 0.73725, 0.73725, 0.73725],
          ...,
          [0.63137, 0.63137, 0.63529,  ..., 1.00000, 1.00000, 1.00000],
          [0.62353, 0.61176, 0.61176,  ..., 1.00000, 1.00000, 1.00000],
          [0.60784, 0.59608, 0.60392,  ..., 1.00000, 1.00000, 1.00000]],

         [[1.00000, 1.00000, 1.00000,  ..., 1.00000, 1.00000, 1.00000],
          [1.00000, 1.00000, 1.00000,  ..., 1.00000, 1.00000, 1.00000],
          [1.00000, 1.00000, 1.00000,  ..., 1.00000, 1.00000, 1.00000],
          ...,
          [0.64314, 0.64314, 0.64706,  ..., 0.97647, 0.97647, 0.97647],
          [0.63529, 0.62353, 0.62353,  ..., 0.97255, 0.97255, 0.96863],
          [0.61961, 0.60784, 0.61569,  ..., 0.96863, 0.96863, 0.96863]]],


        [[[0.31373, 0.31373, 0.31373,  ..., 0.31373, 0.31373, 0.31373],
          [0.31373, 0.31373, 0.31373,  ..., 0.31373, 0.31373, 0.31373],
          [0.31373, 0.31373, 0.31373,  ..., 0.31373, 0.31373, 0.31373],
          ...,
          [0.31373, 0.31373, 0.31373,  ..., 0.31373, 0.31373, 0.31373],
          [0.31373, 0.31373, 0.31373,  ..., 0.31373, 0.31373, 0.31373],
          [0.31373, 0.31373, 0.31373,  ..., 0.31373, 0.31373, 0.31373]],

         [[0.31373, 0.31373, 0.31373,  ..., 0.31373, 0.31373, 0.31373],
          [0.31373, 0.31373, 0.31373,  ..., 0.31373, 0.31373, 0.31373],
          [0.31373, 0.31373, 0.31373,  ..., 0.31373, 0.31373, 0.31373],
          ...,
          [0.31373, 0.31373, 0.31373,  ..., 0.31373, 0.31373, 0.31373],
          [0.31373, 0.31373, 0.31373,  ..., 0.31373, 0.31373, 0.31373],
          [0.31373, 0.31373, 0.31373,  ..., 0.31373, 0.31373, 0.31373]],

         [[0.31373, 0.31373, 0.31373,  ..., 0.31373, 0.31373, 0.31373],
          [0.31373, 0.31373, 0.31373,  ..., 0.31373, 0.31373, 0.31373],
          [0.31373, 0.31373, 0.31373,  ..., 0.31373, 0.31373, 0.31373],
          ...,
          [0.31373, 0.31373, 0.31373,  ..., 0.31373, 0.31373, 0.31373],
          [0.31373, 0.31373, 0.31373,  ..., 0.31373, 0.31373, 0.31373],
          [0.31373, 0.31373, 0.31373,  ..., 0.31373, 0.31373, 0.31373]]]], device='cuda:1')
Model forward_once starts  tensor([[[[0.50196, 0.49804, 0.51373,  ..., 0.38431, 0.38824, 0.38824],
          [0.52941, 0.49020, 0.51765,  ..., 0.38824, 0.38039, 0.38431],
          [0.52549, 0.49412, 0.52157,  ..., 0.36863, 0.37255, 0.35686],
          ...,
          [0.40784, 0.40784, 0.40784,  ..., 0.40784, 0.40784, 0.40784],
          [0.40784, 0.40784, 0.40784,  ..., 0.40784, 0.40784, 0.40784],
          [0.40784, 0.40784, 0.40784,  ..., 0.40784, 0.40784, 0.40784]],

         [[0.50980, 0.50588, 0.51765,  ..., 0.38824, 0.39216, 0.39216],
          [0.53725, 0.49804, 0.52157,  ..., 0.40000, 0.39216, 0.39608],
          [0.53333, 0.50196, 0.52941,  ..., 0.38039, 0.38431, 0.36863],
          ...,
          [0.40784, 0.40784, 0.40784,  ..., 0.40784, 0.40784, 0.40784],
          [0.40784, 0.40784, 0.40784,  ..., 0.40784, 0.40784, 0.40784],
          [0.40784, 0.40784, 0.40784,  ..., 0.40784, 0.40784, 0.40784]],

         [[0.52941, 0.52549, 0.53725,  ..., 0.39608, 0.40000, 0.40000],
          [0.55686, 0.51765, 0.54118,  ..., 0.39216, 0.38431, 0.38824],
          [0.55294, 0.52157, 0.54902,  ..., 0.37255, 0.37647, 0.36078],
          ...,
          [0.40784, 0.40784, 0.40784,  ..., 0.40784, 0.40784, 0.40784],
          [0.40784, 0.40784, 0.40784,  ..., 0.40784, 0.40784, 0.40784],
          [0.40784, 0.40784, 0.40784,  ..., 0.40784, 0.40784, 0.40784]]],


        [[[0.34510, 0.34510, 0.34510,  ..., 0.34118, 0.29804, 0.28627],
          [0.34510, 0.34510, 0.34510,  ..., 0.40784, 0.25882, 0.32941],
          [0.34510, 0.34510, 0.34510,  ..., 0.37255, 0.30980, 0.34902],
          ...,
          [0.35294, 0.35294, 0.34902,  ..., 0.29804, 0.27843, 0.28627],
          [0.34118, 0.33725, 0.37255,  ..., 0.29804, 0.30196, 0.29412],
          [0.32941, 0.34510, 0.35294,  ..., 0.31765, 0.30588, 0.29804]],

         [[0.50980, 0.50980, 0.50980,  ..., 0.50196, 0.44706, 0.42353],
          [0.51373, 0.50980, 0.50980,  ..., 0.54510, 0.39608, 0.45882],
          [0.51373, 0.51373, 0.50980,  ..., 0.46275, 0.41569, 0.47451],
          ...,
          [0.41961, 0.40784, 0.40392,  ..., 0.30588, 0.28627, 0.29412],
          [0.40392, 0.39216, 0.42745,  ..., 0.30588, 0.30980, 0.30196],
          [0.39608, 0.40000, 0.40784,  ..., 0.30980, 0.29804, 0.29020]],

         [[0.70196, 0.70196, 0.70196,  ..., 0.64314, 0.59608, 0.56078],
          [0.70588, 0.70196, 0.70196,  ..., 0.68235, 0.53725, 0.59216],
          [0.70588, 0.70588, 0.70196,  ..., 0.56863, 0.55686, 0.61961],
          ...,
          [0.44706, 0.44314, 0.43922,  ..., 0.27843, 0.25882, 0.26667],
          [0.43529, 0.42745, 0.45882,  ..., 0.27843, 0.28235, 0.27451],
          [0.42353, 0.43529, 0.44314,  ..., 0.29020, 0.27843, 0.27059]]],


        [[[0.66667, 0.61961, 0.59216,  ..., 0.12941, 0.13725, 0.13725],
          [0.89804, 0.86275, 0.85882,  ..., 0.13725, 0.13725, 0.13725],
          [0.95686, 0.92549, 0.91373,  ..., 0.13725, 0.14118, 0.14118],
          ...,
          [0.89804, 0.89804, 0.89804,  ..., 0.85098, 0.85098, 0.85098],
          [0.89804, 0.89804, 0.89804,  ..., 0.85098, 0.85098, 0.85098],
          [0.89804, 0.89804, 0.89804,  ..., 0.85098, 0.85098, 0.85098]],

         [[0.70588, 0.67059, 0.65490,  ..., 0.12941, 0.13725, 0.13725],
          [0.90588, 0.87843, 0.87451,  ..., 0.13725, 0.13725, 0.13725],
          [0.93725, 0.91765, 0.89804,  ..., 0.13725, 0.14118, 0.14118],
          ...,
          [0.94118, 0.94118, 0.94118,  ..., 0.92941, 0.92941, 0.92941],
          [0.94118, 0.94118, 0.94118,  ..., 0.92941, 0.92941, 0.92941],
          [0.94118, 0.94118, 0.94118,  ..., 0.92941, 0.92941, 0.92941]],

         [[0.54902, 0.50980, 0.48627,  ..., 0.11373, 0.12941, 0.13725],
          [0.76471, 0.72549, 0.72157,  ..., 0.12157, 0.12941, 0.13725],
          [0.80784, 0.78039, 0.77255,  ..., 0.12157, 0.13333, 0.14118],
          ...,
          [1.00000, 1.00000, 1.00000,  ..., 1.00000, 1.00000, 1.00000],
          [1.00000, 1.00000, 1.00000,  ..., 1.00000, 1.00000, 1.00000],
          [1.00000, 1.00000, 1.00000,  ..., 1.00000, 1.00000, 1.00000]]],


        ...,


        [[[0.38039, 0.37255, 0.35294,  ..., 0.45098, 0.43922, 0.44706],
          [0.38431, 0.35686, 0.35686,  ..., 0.43137, 0.43922, 0.44706],
          [0.38431, 0.35686, 0.36078,  ..., 0.43529, 0.44314, 0.44706],
          ...,
          [0.27843, 0.28235, 0.29804,  ..., 0.61961, 0.61961, 0.62353],
          [0.28627, 0.31373, 0.31765,  ..., 0.61176, 0.62353, 0.62745],
          [0.28235, 0.29020, 0.29020,  ..., 0.61176, 0.61569, 0.61569]],

         [[0.37255, 0.36471, 0.34510,  ..., 0.43922, 0.42745, 0.43529],
          [0.37647, 0.34902, 0.34902,  ..., 0.41961, 0.42745, 0.43529],
          [0.37647, 0.34902, 0.35294,  ..., 0.42353, 0.43137, 0.43529],
          ...,
          [0.29020, 0.29020, 0.30588,  ..., 0.59608, 0.59608, 0.60000],
          [0.29804, 0.32157, 0.32549,  ..., 0.58824, 0.60000, 0.60392],
          [0.29412, 0.29804, 0.29804,  ..., 0.59216, 0.59216, 0.59216]],

         [[0.37647, 0.36863, 0.34902,  ..., 0.41176, 0.40000, 0.40784],
          [0.38039, 0.35294, 0.35294,  ..., 0.39216, 0.40000, 0.40784],
          [0.38039, 0.35294, 0.35686,  ..., 0.39608, 0.40392, 0.40784],
          ...,
          [0.28627, 0.28627, 0.30196,  ..., 0.55294, 0.55294, 0.56078],
          [0.29412, 0.31765, 0.32157,  ..., 0.54902, 0.56078, 0.56471],
          [0.29020, 0.29412, 0.29412,  ..., 0.55294, 0.55686, 0.55686]]],


        [[[0.59216, 0.59216, 0.59216,  ..., 0.59216, 0.59216, 0.59216],
          [0.59216, 0.59216, 0.59216,  ..., 0.59216, 0.59216, 0.59216],
          [0.59216, 0.59216, 0.59216,  ..., 0.59216, 0.59216, 0.59216],
          ...,
          [0.64706, 0.61176, 0.61176,  ..., 0.41176, 0.44314, 0.39608],
          [0.60784, 0.57255, 0.55686,  ..., 0.29412, 0.31765, 0.30980],
          [0.72549, 0.72549, 0.72549,  ..., 0.23137, 0.23137, 0.23922]],

         [[0.59216, 0.59216, 0.59216,  ..., 0.59216, 0.59216, 0.59216],
          [0.59216, 0.59216, 0.59216,  ..., 0.59216, 0.59216, 0.59216],
          [0.59216, 0.59216, 0.59216,  ..., 0.59216, 0.59216, 0.59216],
          ...,
          [0.65490, 0.61569, 0.61176,  ..., 0.42353, 0.45490, 0.40784],
          [0.62353, 0.58431, 0.56078,  ..., 0.30588, 0.32941, 0.32157],
          [0.75686, 0.74510, 0.74510,  ..., 0.24314, 0.24314, 0.25098]],

         [[0.59216, 0.59216, 0.59216,  ..., 0.59216, 0.59216, 0.59216],
          [0.59216, 0.59216, 0.59216,  ..., 0.59216, 0.59216, 0.59216],
          [0.59216, 0.59216, 0.59216,  ..., 0.59216, 0.59216, 0.59216],
          ...,
          [0.65098, 0.61176, 0.61176,  ..., 0.45490, 0.48627, 0.43922],
          [0.63137, 0.59216, 0.56863,  ..., 0.33725, 0.36078, 0.34510],
          [0.77255, 0.76471, 0.76471,  ..., 0.27451, 0.27451, 0.27451]]],


        [[[0.49804, 0.42353, 0.21569,  ..., 0.54902, 0.54902, 0.50196],
          [0.42353, 0.28235, 0.17647,  ..., 0.58824, 0.62353, 0.58039],
          [0.36078, 0.21961, 0.16078,  ..., 0.57255, 0.71765, 0.56471],
          ...,
          [0.61961, 0.61569, 0.61961,  ..., 0.10588, 0.12157, 0.14510],
          [0.74510, 0.75294, 0.76863,  ..., 0.09804, 0.11373, 0.11373],
          [0.82353, 0.83137, 0.84706,  ..., 0.09804, 0.18824, 0.13333]],

         [[0.49020, 0.41569, 0.21176,  ..., 0.56078, 0.56078, 0.50980],
          [0.41569, 0.27843, 0.17255,  ..., 0.60392, 0.63529, 0.59216],
          [0.35294, 0.21569, 0.15686,  ..., 0.58824, 0.72941, 0.57647],
          ...,
          [0.61569, 0.61176, 0.61569,  ..., 0.11765, 0.13333, 0.15686],
          [0.74118, 0.74902, 0.76471,  ..., 0.10980, 0.12549, 0.12549],
          [0.81961, 0.82745, 0.84314,  ..., 0.10980, 0.20000, 0.14510]],

         [[0.47451, 0.40000, 0.20000,  ..., 0.42353, 0.42353, 0.37255],
          [0.40000, 0.26667, 0.16471,  ..., 0.46275, 0.49020, 0.44706],
          [0.34510, 0.20784, 0.15294,  ..., 0.44706, 0.58431, 0.43137],
          ...,
          [0.61569, 0.61176, 0.61569,  ..., 0.10588, 0.12157, 0.14510],
          [0.74118, 0.74902, 0.76471,  ..., 0.09804, 0.11373, 0.11373],
          [0.81961, 0.82745, 0.84314,  ..., 0.09804, 0.18431, 0.12941]]]], device='cuda:2')
Model forward_once starts  tensor([[[[0.45882, 0.45882, 0.46667,  ..., 0.32941, 0.32941, 0.32941],
          [0.45490, 0.45098, 0.45882,  ..., 0.32941, 0.33333, 0.33333],
          [0.42353, 0.41569, 0.43922,  ..., 0.32157, 0.32941, 0.33333],
          ...,
          [0.49412, 0.49412, 0.49412,  ..., 0.29412, 0.28235, 0.27451],
          [0.49412, 0.49412, 0.49020,  ..., 0.29804, 0.28235, 0.28235],
          [0.49412, 0.49020, 0.48627,  ..., 0.28627, 0.27843, 0.27843]],

         [[0.38824, 0.38824, 0.39608,  ..., 0.31373, 0.31373, 0.31373],
          [0.38431, 0.38039, 0.38824,  ..., 0.31373, 0.32157, 0.32157],
          [0.35294, 0.34510, 0.36863,  ..., 0.30588, 0.31373, 0.31765],
          ...,
          [0.33333, 0.32941, 0.33333,  ..., 0.23529, 0.22353, 0.21569],
          [0.33333, 0.33333, 0.33333,  ..., 0.23529, 0.22353, 0.21961],
          [0.33725, 0.33333, 0.33333,  ..., 0.21961, 0.21176, 0.21569]],

         [[0.30980, 0.30980, 0.31765,  ..., 0.30588, 0.30588, 0.30588],
          [0.30588, 0.30196, 0.30980,  ..., 0.30588, 0.31373, 0.31373],
          [0.27451, 0.26667, 0.29020,  ..., 0.29804, 0.30588, 0.30980],
          ...,
          [0.09412, 0.09020, 0.09412,  ..., 0.07843, 0.06667, 0.05882],
          [0.09412, 0.09412, 0.09804,  ..., 0.07451, 0.06275, 0.05490],
          [0.10980, 0.10196, 0.10588,  ..., 0.06275, 0.05882, 0.05098]]],


        [[[0.41176, 0.41176, 0.41176,  ..., 0.39216, 0.43137, 0.42745],
          [0.41176, 0.41176, 0.41176,  ..., 0.41961, 0.41961, 0.42353],
          [0.41176, 0.41176, 0.41176,  ..., 0.42745, 0.41961, 0.41961],
          ...,
          [0.41961, 0.42745, 0.41961,  ..., 0.43529, 0.43137, 0.43529],
          [0.41961, 0.42745, 0.41961,  ..., 0.42745, 0.42745, 0.43137],
          [0.41961, 0.42745, 0.42353,  ..., 0.42745, 0.42745, 0.42745]],

         [[0.45098, 0.45098, 0.45098,  ..., 0.42745, 0.46667, 0.46275],
          [0.45098, 0.45098, 0.45098,  ..., 0.45490, 0.45882, 0.46275],
          [0.45098, 0.45098, 0.45098,  ..., 0.46275, 0.45882, 0.45882],
          ...,
          [0.40392, 0.40784, 0.40392,  ..., 0.42353, 0.41961, 0.42353],
          [0.40392, 0.40784, 0.40392,  ..., 0.41569, 0.41569, 0.41961],
          [0.40392, 0.41176, 0.40784,  ..., 0.41961, 0.41961, 0.41961]],

         [[0.49412, 0.49412, 0.49412,  ..., 0.48627, 0.52549, 0.51765],
          [0.49412, 0.49412, 0.49412,  ..., 0.50980, 0.51373, 0.51765],
          [0.49412, 0.49412, 0.49412,  ..., 0.51373, 0.51373, 0.50980],
          ...,
          [0.37647, 0.38039, 0.37647,  ..., 0.40784, 0.40392, 0.40784],
          [0.37255, 0.38039, 0.37647,  ..., 0.40000, 0.40000, 0.40392],
          [0.37255, 0.38039, 0.38039,  ..., 0.40000, 0.40000, 0.40000]]],


        [[[0.40784, 0.40784, 0.40784,  ..., 0.15294, 0.12157, 0.14902],
          [0.40784, 0.40784, 0.40784,  ..., 0.18431, 0.12157, 0.15686],
          [0.40784, 0.40784, 0.40784,  ..., 0.19608, 0.13333, 0.23922],
          ...,
          [0.40784, 0.40784, 0.40784,  ..., 0.40784, 0.40784, 0.40784],
          [0.40784, 0.40784, 0.40784,  ..., 0.40784, 0.40784, 0.40784],
          [0.40784, 0.40784, 0.40784,  ..., 0.40784, 0.40784, 0.40784]],

         [[0.40784, 0.40784, 0.40784,  ..., 0.15294, 0.13333, 0.16078],
          [0.40784, 0.40784, 0.40784,  ..., 0.19216, 0.12941, 0.16863],
          [0.40784, 0.40784, 0.40784,  ..., 0.19216, 0.13725, 0.24706],
          ...,
          [0.40784, 0.40784, 0.40784,  ..., 0.40784, 0.40784, 0.40784],
          [0.40784, 0.40784, 0.40784,  ..., 0.40784, 0.40784, 0.40784],
          [0.40784, 0.40784, 0.40784,  ..., 0.40784, 0.40784, 0.40784]],

         [[0.40784, 0.40784, 0.40784,  ..., 0.16471, 0.14118, 0.15686],
          [0.40784, 0.40784, 0.40784,  ..., 0.18431, 0.13333, 0.16471],
          [0.40784, 0.40784, 0.40784,  ..., 0.18824, 0.14118, 0.25882],
          ...,
          [0.40784, 0.40784, 0.40784,  ..., 0.40784, 0.40784, 0.40784],
          [0.40784, 0.40784, 0.40784,  ..., 0.40784, 0.40784, 0.40784],
          [0.40784, 0.40784, 0.40784,  ..., 0.40784, 0.40784, 0.40784]]],


        ...,


        [[[0.51373, 0.49804, 0.49020,  ..., 0.93725, 0.95686, 0.95686],
          [0.50980, 0.51373, 0.49020,  ..., 0.93333, 0.94118, 0.94118],
          [0.48627, 0.49804, 0.50980,  ..., 0.93333, 0.93333, 0.93725],
          ...,
          [0.51373, 0.49804, 0.49412,  ..., 0.69804, 0.69020, 0.70588],
          [0.73725, 0.73333, 0.72941,  ..., 0.70196, 0.68235, 0.68235],
          [0.80392, 0.80000, 0.79608,  ..., 0.69804, 0.69020, 0.68235]],

         [[0.50980, 0.49412, 0.48627,  ..., 0.92157, 0.93725, 0.94118],
          [0.51373, 0.50980, 0.48627,  ..., 0.92549, 0.92941, 0.93333],
          [0.49020, 0.49412, 0.50588,  ..., 0.92157, 0.91765, 0.92157],
          ...,
          [0.50588, 0.49412, 0.49804,  ..., 0.69804, 0.69020, 0.70588],
          [0.72549, 0.72157, 0.72157,  ..., 0.70196, 0.68235, 0.68235],
          [0.78431, 0.78039, 0.78039,  ..., 0.69804, 0.69020, 0.68235]],

         [[0.49804, 0.48627, 0.47843,  ..., 0.89804, 0.91765, 0.91765],
          [0.49804, 0.49804, 0.47843,  ..., 0.89412, 0.89804, 0.90196],
          [0.47843, 0.48627, 0.49412,  ..., 0.89020, 0.89020, 0.89020],
          ...,
          [0.48627, 0.47451, 0.47451,  ..., 0.70980, 0.70196, 0.71765],
          [0.69804, 0.69020, 0.69020,  ..., 0.71373, 0.69412, 0.69412],
          [0.74902, 0.74510, 0.74510,  ..., 0.70980, 0.70196, 0.69412]]],


        [[[0.90588, 0.90588, 0.90196,  ..., 0.90588, 0.77255, 0.63137],
          [0.90980, 0.90588, 0.90196,  ..., 0.64706, 0.56863, 0.57647],
          [0.91765, 0.90980, 0.90980,  ..., 0.84706, 0.73725, 0.68235],
          ...,
          [0.15686, 0.15686, 0.15686,  ..., 0.05490, 0.04706, 0.04314],
          [0.16863, 0.15686, 0.15686,  ..., 0.07451, 0.07059, 0.05882],
          [0.16863, 0.15686, 0.15294,  ..., 0.07451, 0.08235, 0.07451]],

         [[0.96078, 0.96471, 0.96078,  ..., 0.93725, 0.79216, 0.63137],
          [0.96078, 0.96471, 0.96078,  ..., 0.66667, 0.58039, 0.57647],
          [0.96078, 0.96078, 0.96078,  ..., 0.85882, 0.73725, 0.68235],
          ...,
          [0.13725, 0.13725, 0.13725,  ..., 0.08235, 0.07843, 0.07843],
          [0.14118, 0.13725, 0.13725,  ..., 0.09412, 0.09412, 0.08235],
          [0.14118, 0.13725, 0.12941,  ..., 0.09804, 0.10588, 0.09804]],

         [[1.00000, 1.00000, 1.00000,  ..., 0.65490, 0.50980, 0.34902],
          [1.00000, 1.00000, 1.00000,  ..., 0.39608, 0.30588, 0.29804],
          [1.00000, 1.00000, 1.00000,  ..., 0.59608, 0.48235, 0.43529],
          ...,
          [0.12157, 0.12157, 0.12157,  ..., 0.09412, 0.07451, 0.06275],
          [0.12941, 0.12157, 0.12157,  ..., 0.08627, 0.08235, 0.06275],
          [0.12941, 0.12157, 0.11765,  ..., 0.07843, 0.08627, 0.07843]]],


        [[[0.25882, 0.24706, 0.24706,  ..., 0.29804, 0.29804, 0.29412],
          [0.24706, 0.24706, 0.24706,  ..., 0.30196, 0.31373, 0.31765],
          [0.25098, 0.24314, 0.25490,  ..., 0.30588, 0.31373, 0.30980],
          ...,
          [0.43137, 0.34510, 0.40392,  ..., 0.55686, 0.54902, 0.53333],
          [0.40392, 0.38824, 0.35294,  ..., 0.52549, 0.53333, 0.52941],
          [0.49804, 0.33725, 0.34510,  ..., 0.54118, 0.52549, 0.51765]],

         [[0.24706, 0.23529, 0.23529,  ..., 0.29412, 0.29020, 0.28627],
          [0.23529, 0.23529, 0.23529,  ..., 0.29412, 0.30588, 0.30980],
          [0.23922, 0.22745, 0.24314,  ..., 0.30196, 0.30588, 0.30196],
          ...,
          [0.40000, 0.32549, 0.38431,  ..., 0.50588, 0.49804, 0.48235],
          [0.37647, 0.36863, 0.33333,  ..., 0.47451, 0.48235, 0.48235],
          [0.45490, 0.29412, 0.29412,  ..., 0.49020, 0.48235, 0.47451]],

         [[0.20784, 0.19608, 0.19608,  ..., 0.26667, 0.27059, 0.26667],
          [0.19608, 0.19608, 0.19608,  ..., 0.27059, 0.28627, 0.29020],
          [0.20000, 0.19216, 0.20392,  ..., 0.27451, 0.28627, 0.28235],
          ...,
          [0.13725, 0.05882, 0.11373,  ..., 0.42745, 0.42353, 0.41176],
          [0.12941, 0.10980, 0.06275,  ..., 0.40784, 0.41961, 0.42353],
          [0.25490, 0.09020, 0.09412,  ..., 0.42745, 0.42353, 0.41961]]]], device='cuda:0')
tensor([[[[0.49412, 0.42745, 0.49412,  ..., 0.22745, 0.23922, 0.25098],
          [0.20000, 0.19216, 0.28235,  ..., 0.20784, 0.21961, 0.23922],
          [0.15686, 0.16471, 0.20784,  ..., 0.21961, 0.23137, 0.25882],
          ...,
          [0.25098, 0.16078, 0.13725,  ..., 0.52549, 0.52549, 0.52549],
          [0.28235, 0.21961, 0.28235,  ..., 0.52549, 0.52549, 0.52549],
          [0.35294, 0.24314, 0.19216,  ..., 0.52549, 0.52549, 0.52549]],

         [[0.48235, 0.40784, 0.47059,  ..., 0.20784, 0.21961, 0.23922],
          [0.19216, 0.17647, 0.25882,  ..., 0.18824, 0.20000, 0.22353],
          [0.14902, 0.14510, 0.18824,  ..., 0.20392, 0.21961, 0.23922],
          ...,
          [0.31765, 0.21176, 0.16471,  ..., 0.59216, 0.59216, 0.59216],
          [0.34902, 0.25490, 0.30196,  ..., 0.59216, 0.59216, 0.59216],
          [0.41961, 0.27451, 0.20000,  ..., 0.59216, 0.59216, 0.59216]],

         [[0.37255, 0.29412, 0.35294,  ..., 0.20000, 0.20784, 0.21961],
          [0.05490, 0.03529, 0.12549,  ..., 0.18824, 0.19216, 0.20392],
          [0.00392, 0.00000, 0.03529,  ..., 0.21961, 0.23137, 0.22745],
          ...,
          [0.37255, 0.22745, 0.14510,  ..., 0.63922, 0.63922, 0.63922],
          [0.39216, 0.26667, 0.28235,  ..., 0.63922, 0.63922, 0.63922],
          [0.45490, 0.28235, 0.18824,  ..., 0.63922, 0.63922, 0.63922]]],


        [[[0.51373, 0.51373, 0.51373,  ..., 0.27843, 0.25882, 0.25882],
          [0.51373, 0.51373, 0.51373,  ..., 0.23529, 0.24706, 0.21569],
          [0.51373, 0.51373, 0.51373,  ..., 0.23922, 0.23529, 0.24706],
          ...,
          [0.51373, 0.51373, 0.51373,  ..., 0.51373, 0.51373, 0.51373],
          [0.51373, 0.51373, 0.51373,  ..., 0.51373, 0.51373, 0.51373],
          [0.51373, 0.51373, 0.51373,  ..., 0.51373, 0.51373, 0.51373]],

         [[0.51373, 0.51373, 0.51373,  ..., 0.30980, 0.29412, 0.29020],
          [0.51373, 0.51373, 0.51373,  ..., 0.26667, 0.28235, 0.25098],
          [0.51373, 0.51373, 0.51373,  ..., 0.26667, 0.26667, 0.27843],
          ...,
          [0.51373, 0.51373, 0.51373,  ..., 0.51373, 0.51373, 0.51373],
          [0.51373, 0.51373, 0.51373,  ..., 0.51373, 0.51373, 0.51373],
          [0.51373, 0.51373, 0.51373,  ..., 0.51373, 0.51373, 0.51373]],

         [[0.51373, 0.51373, 0.51373,  ..., 0.12157, 0.12549, 0.13725],
          [0.51373, 0.51373, 0.51373,  ..., 0.09020, 0.11373, 0.10588],
          [0.51373, 0.51373, 0.51373,  ..., 0.11373, 0.11373, 0.12549],
          ...,
          [0.51373, 0.51373, 0.51373,  ..., 0.51373, 0.51373, 0.51373],
          [0.51373, 0.51373, 0.51373,  ..., 0.51373, 0.51373, 0.51373],
          [0.51373, 0.51373, 0.51373,  ..., 0.51373, 0.51373, 0.51373]]],


        [[[0.63137, 0.63137, 0.63137,  ..., 0.53725, 0.53725, 0.53725],
          [0.63137, 0.63137, 0.63137,  ..., 0.53725, 0.53725, 0.53725],
          [0.63137, 0.63137, 0.63137,  ..., 0.53725, 0.53725, 0.53725],
          ...,
          [0.88627, 0.93333, 0.98039,  ..., 0.53725, 0.53725, 0.53725],
          [0.65490, 0.69804, 0.72549,  ..., 0.53725, 0.53725, 0.53725],
          [0.59216, 0.61569, 0.65098,  ..., 0.53725, 0.53725, 0.53725]],

         [[0.80392, 0.80392, 0.80392,  ..., 0.53725, 0.53725, 0.53725],
          [0.80392, 0.80392, 0.80392,  ..., 0.53725, 0.53725, 0.53725],
          [0.80392, 0.80392, 0.80392,  ..., 0.53725, 0.53725, 0.53725],
          ...,
          [0.80000, 0.82353, 0.85490,  ..., 0.53725, 0.53725, 0.53725],
          [0.60392, 0.62745, 0.63529,  ..., 0.53725, 0.53725, 0.53725],
          [0.55686, 0.58039, 0.59608,  ..., 0.53725, 0.53725, 0.53725]],

         [[1.00000, 1.00000, 1.00000,  ..., 0.53725, 0.53725, 0.53725],
          [1.00000, 1.00000, 1.00000,  ..., 0.53725, 0.53725, 0.53725],
          [1.00000, 1.00000, 1.00000,  ..., 0.53725, 0.53725, 0.53725],
          ...,
          [0.67059, 0.68627, 0.69804,  ..., 0.53725, 0.53725, 0.53725],
          [0.51373, 0.52549, 0.52157,  ..., 0.53725, 0.53725, 0.53725],
          [0.50980, 0.51373, 0.51765,  ..., 0.53725, 0.53725, 0.53725]]],


        ...,


        [[[0.33725, 0.76078, 0.79608,  ..., 0.54118, 0.54510, 0.53333],
          [0.69412, 0.63922, 0.61569,  ..., 0.53333, 0.54902, 0.53725],
          [0.75294, 0.77255, 0.75686,  ..., 0.52941, 0.54118, 0.54510],
          ...,
          [0.04314, 0.03137, 0.01961,  ..., 0.49804, 0.48235, 0.52549],
          [0.02353, 0.02745, 0.01569,  ..., 0.50588, 0.49804, 0.52157],
          [0.01961, 0.03137, 0.02353,  ..., 0.48235, 0.50196, 0.50980]],

         [[0.39216, 0.80392, 0.83137,  ..., 0.59608, 0.60000, 0.60392],
          [0.69020, 0.64314, 0.63529,  ..., 0.60392, 0.60392, 0.60784],
          [0.76078, 0.78431, 0.77647,  ..., 0.60000, 0.59608, 0.60000],
          ...,
          [0.05098, 0.03922, 0.03137,  ..., 0.49804, 0.48235, 0.52549],
          [0.04314, 0.03922, 0.04314,  ..., 0.50980, 0.49804, 0.52157],
          [0.04706, 0.05882, 0.05098,  ..., 0.48235, 0.50196, 0.50588]],

         [[0.43529, 0.83529, 0.87059,  ..., 0.63529, 0.63137, 0.64314],
          [0.72549, 0.67451, 0.65490,  ..., 0.63922, 0.63529, 0.63529],
          [0.77647, 0.80000, 0.79216,  ..., 0.63529, 0.62745, 0.63137],
          ...,
          [0.07059, 0.05882, 0.05098,  ..., 0.50980, 0.48235, 0.52549],
          [0.05882, 0.05882, 0.05882,  ..., 0.51373, 0.49804, 0.52157],
          [0.06667, 0.07843, 0.07059,  ..., 0.49412, 0.50196, 0.51373]]],


        [[[0.56471, 0.56471, 0.56471,  ..., 0.30196, 0.28627, 0.29804],
          [0.56078, 0.56471, 0.56471,  ..., 0.26275, 0.27843, 0.28235],
          [0.56078, 0.56078, 0.55686,  ..., 0.26275, 0.23529, 0.23137],
          ...,
          [0.52941, 0.52157, 0.51373,  ..., 0.55294, 0.57255, 0.59608],
          [0.53725, 0.54118, 0.52549,  ..., 0.55686, 0.51765, 0.49804],
          [0.54118, 0.54902, 0.52549,  ..., 0.56078, 0.52549, 0.49412]],

         [[0.58824, 0.58824, 0.58824,  ..., 0.30980, 0.29020, 0.30196],
          [0.58431, 0.58824, 0.58824,  ..., 0.27843, 0.28235, 0.28627],
          [0.58431, 0.58431, 0.58039,  ..., 0.28627, 0.25098, 0.24706],
          ...,
          [0.50980, 0.50196, 0.49412,  ..., 0.54510, 0.56471, 0.58824],
          [0.51765, 0.52157, 0.50588,  ..., 0.54902, 0.50980, 0.49020],
          [0.52549, 0.53333, 0.50980,  ..., 0.55294, 0.51765, 0.48627]],

         [[0.49412, 0.49412, 0.49412,  ..., 0.32941, 0.30980, 0.32157],
          [0.49020, 0.49412, 0.49412,  ..., 0.29804, 0.30588, 0.30980],
          [0.49020, 0.49020, 0.48627,  ..., 0.30980, 0.27451, 0.27843],
          ...,
          [0.43137, 0.41961, 0.41569,  ..., 0.52549, 0.54510, 0.56471],
          [0.43137, 0.43922, 0.41961,  ..., 0.52941, 0.49020, 0.47059],
          [0.43137, 0.43922, 0.41569,  ..., 0.53333, 0.49804, 0.46667]]],


        [[[0.56471, 0.56471, 0.56471,  ..., 0.47059, 0.47059, 0.47059],
          [0.56471, 0.56471, 0.56471,  ..., 0.47059, 0.47059, 0.47059],
          [0.56471, 0.56471, 0.56471,  ..., 0.47059, 0.47059, 0.47059],
          ...,
          [0.40392, 0.40000, 0.38039,  ..., 0.37647, 0.37255, 0.36471],
          [0.39608, 0.38431, 0.37647,  ..., 0.37647, 0.37647, 0.37647],
          [0.36863, 0.36471, 0.37647,  ..., 0.36078, 0.37647, 0.38431]],

         [[0.58824, 0.58824, 0.58824,  ..., 0.50196, 0.50196, 0.50196],
          [0.58824, 0.58824, 0.58824,  ..., 0.50196, 0.50196, 0.50196],
          [0.58824, 0.58824, 0.58824,  ..., 0.50196, 0.50196, 0.50196],
          ...,
          [0.39608, 0.39216, 0.37255,  ..., 0.37255, 0.36863, 0.36078],
          [0.38824, 0.37647, 0.36863,  ..., 0.37255, 0.37255, 0.37255],
          [0.36078, 0.35686, 0.36863,  ..., 0.35686, 0.37255, 0.38039]],

         [[0.60392, 0.60392, 0.60392,  ..., 0.52941, 0.52941, 0.52941],
          [0.60392, 0.60392, 0.60392,  ..., 0.52941, 0.52941, 0.52941],
          [0.60392, 0.60392, 0.60392,  ..., 0.52941, 0.52941, 0.52941],
          ...,
          [0.39216, 0.39216, 0.37255,  ..., 0.36863, 0.36471, 0.35686],
          [0.38824, 0.37647, 0.36863,  ..., 0.36863, 0.36863, 0.36863],
          [0.36078, 0.35686, 0.36863,  ..., 0.35294, 0.36863, 0.37647]]]], device='cuda:3')
tensor([[[[0.50196, 0.49804, 0.51373,  ..., 0.38431, 0.38824, 0.38824],
          [0.52941, 0.49020, 0.51765,  ..., 0.38824, 0.38039, 0.38431],
          [0.52549, 0.49412, 0.52157,  ..., 0.36863, 0.37255, 0.35686],
          ...,
          [0.40784, 0.40784, 0.40784,  ..., 0.40784, 0.40784, 0.40784],
          [0.40784, 0.40784, 0.40784,  ..., 0.40784, 0.40784, 0.40784],
          [0.40784, 0.40784, 0.40784,  ..., 0.40784, 0.40784, 0.40784]],

         [[0.50980, 0.50588, 0.51765,  ..., 0.38824, 0.39216, 0.39216],
          [0.53725, 0.49804, 0.52157,  ..., 0.40000, 0.39216, 0.39608],
          [0.53333, 0.50196, 0.52941,  ..., 0.38039, 0.38431, 0.36863],
          ...,
          [0.40784, 0.40784, 0.40784,  ..., 0.40784, 0.40784, 0.40784],
          [0.40784, 0.40784, 0.40784,  ..., 0.40784, 0.40784, 0.40784],
          [0.40784, 0.40784, 0.40784,  ..., 0.40784, 0.40784, 0.40784]],

         [[0.52941, 0.52549, 0.53725,  ..., 0.39608, 0.40000, 0.40000],
          [0.55686, 0.51765, 0.54118,  ..., 0.39216, 0.38431, 0.38824],
          [0.55294, 0.52157, 0.54902,  ..., 0.37255, 0.37647, 0.36078],
          ...,
          [0.40784, 0.40784, 0.40784,  ..., 0.40784, 0.40784, 0.40784],
          [0.40784, 0.40784, 0.40784,  ..., 0.40784, 0.40784, 0.40784],
          [0.40784, 0.40784, 0.40784,  ..., 0.40784, 0.40784, 0.40784]]],


        [[[0.34510, 0.34510, 0.34510,  ..., 0.34118, 0.29804, 0.28627],
          [0.34510, 0.34510, 0.34510,  ..., 0.40784, 0.25882, 0.32941],
          [0.34510, 0.34510, 0.34510,  ..., 0.37255, 0.30980, 0.34902],
          ...,
          [0.35294, 0.35294, 0.34902,  ..., 0.29804, 0.27843, 0.28627],
          [0.34118, 0.33725, 0.37255,  ..., 0.29804, 0.30196, 0.29412],
          [0.32941, 0.34510, 0.35294,  ..., 0.31765, 0.30588, 0.29804]],

         [[0.50980, 0.50980, 0.50980,  ..., 0.50196, 0.44706, 0.42353],
          [0.51373, 0.50980, 0.50980,  ..., 0.54510, 0.39608, 0.45882],
          [0.51373, 0.51373, 0.50980,  ..., 0.46275, 0.41569, 0.47451],
          ...,
          [0.41961, 0.40784, 0.40392,  ..., 0.30588, 0.28627, 0.29412],
          [0.40392, 0.39216, 0.42745,  ..., 0.30588, 0.30980, 0.30196],
          [0.39608, 0.40000, 0.40784,  ..., 0.30980, 0.29804, 0.29020]],

         [[0.70196, 0.70196, 0.70196,  ..., 0.64314, 0.59608, 0.56078],
          [0.70588, 0.70196, 0.70196,  ..., 0.68235, 0.53725, 0.59216],
          [0.70588, 0.70588, 0.70196,  ..., 0.56863, 0.55686, 0.61961],
          ...,
          [0.44706, 0.44314, 0.43922,  ..., 0.27843, 0.25882, 0.26667],
          [0.43529, 0.42745, 0.45882,  ..., 0.27843, 0.28235, 0.27451],
          [0.42353, 0.43529, 0.44314,  ..., 0.29020, 0.27843, 0.27059]]],


        [[[0.66667, 0.61961, 0.59216,  ..., 0.12941, 0.13725, 0.13725],
          [0.89804, 0.86275, 0.85882,  ..., 0.13725, 0.13725, 0.13725],
          [0.95686, 0.92549, 0.91373,  ..., 0.13725, 0.14118, 0.14118],
          ...,
          [0.89804, 0.89804, 0.89804,  ..., 0.85098, 0.85098, 0.85098],
          [0.89804, 0.89804, 0.89804,  ..., 0.85098, 0.85098, 0.85098],
          [0.89804, 0.89804, 0.89804,  ..., 0.85098, 0.85098, 0.85098]],

         [[0.70588, 0.67059, 0.65490,  ..., 0.12941, 0.13725, 0.13725],
          [0.90588, 0.87843, 0.87451,  ..., 0.13725, 0.13725, 0.13725],
          [0.93725, 0.91765, 0.89804,  ..., 0.13725, 0.14118, 0.14118],
          ...,
          [0.94118, 0.94118, 0.94118,  ..., 0.92941, 0.92941, 0.92941],
          [0.94118, 0.94118, 0.94118,  ..., 0.92941, 0.92941, 0.92941],
          [0.94118, 0.94118, 0.94118,  ..., 0.92941, 0.92941, 0.92941]],

         [[0.54902, 0.50980, 0.48627,  ..., 0.11373, 0.12941, 0.13725],
          [0.76471, 0.72549, 0.72157,  ..., 0.12157, 0.12941, 0.13725],
          [0.80784, 0.78039, 0.77255,  ..., 0.12157, 0.13333, 0.14118],
          ...,
          [1.00000, 1.00000, 1.00000,  ..., 1.00000, 1.00000, 1.00000],
          [1.00000, 1.00000, 1.00000,  ..., 1.00000, 1.00000, 1.00000],
          [1.00000, 1.00000, 1.00000,  ..., 1.00000, 1.00000, 1.00000]]],


        ...,


        [[[0.38039, 0.37255, 0.35294,  ..., 0.45098, 0.43922, 0.44706],
          [0.38431, 0.35686, 0.35686,  ..., 0.43137, 0.43922, 0.44706],
          [0.38431, 0.35686, 0.36078,  ..., 0.43529, 0.44314, 0.44706],
          ...,
          [0.27843, 0.28235, 0.29804,  ..., 0.61961, 0.61961, 0.62353],
          [0.28627, 0.31373, 0.31765,  ..., 0.61176, 0.62353, 0.62745],
          [0.28235, 0.29020, 0.29020,  ..., 0.61176, 0.61569, 0.61569]],

         [[0.37255, 0.36471, 0.34510,  ..., 0.43922, 0.42745, 0.43529],
          [0.37647, 0.34902, 0.34902,  ..., 0.41961, 0.42745, 0.43529],
          [0.37647, 0.34902, 0.35294,  ..., 0.42353, 0.43137, 0.43529],
          ...,
          [0.29020, 0.29020, 0.30588,  ..., 0.59608, 0.59608, 0.60000],
          [0.29804, 0.32157, 0.32549,  ..., 0.58824, 0.60000, 0.60392],
          [0.29412, 0.29804, 0.29804,  ..., 0.59216, 0.59216, 0.59216]],

         [[0.37647, 0.36863, 0.34902,  ..., 0.41176, 0.40000, 0.40784],
          [0.38039, 0.35294, 0.35294,  ..., 0.39216, 0.40000, 0.40784],
          [0.38039, 0.35294, 0.35686,  ..., 0.39608, 0.40392, 0.40784],
          ...,
          [0.28627, 0.28627, 0.30196,  ..., 0.55294, 0.55294, 0.56078],
          [0.29412, 0.31765, 0.32157,  ..., 0.54902, 0.56078, 0.56471],
          [0.29020, 0.29412, 0.29412,  ..., 0.55294, 0.55686, 0.55686]]],


        [[[0.59216, 0.59216, 0.59216,  ..., 0.59216, 0.59216, 0.59216],
          [0.59216, 0.59216, 0.59216,  ..., 0.59216, 0.59216, 0.59216],
          [0.59216, 0.59216, 0.59216,  ..., 0.59216, 0.59216, 0.59216],
          ...,
          [0.64706, 0.61176, 0.61176,  ..., 0.41176, 0.44314, 0.39608],
          [0.60784, 0.57255, 0.55686,  ..., 0.29412, 0.31765, 0.30980],
          [0.72549, 0.72549, 0.72549,  ..., 0.23137, 0.23137, 0.23922]],

         [[0.59216, 0.59216, 0.59216,  ..., 0.59216, 0.59216, 0.59216],
          [0.59216, 0.59216, 0.59216,  ..., 0.59216, 0.59216, 0.59216],
          [0.59216, 0.59216, 0.59216,  ..., 0.59216, 0.59216, 0.59216],
          ...,
          [0.65490, 0.61569, 0.61176,  ..., 0.42353, 0.45490, 0.40784],
          [0.62353, 0.58431, 0.56078,  ..., 0.30588, 0.32941, 0.32157],
          [0.75686, 0.74510, 0.74510,  ..., 0.24314, 0.24314, 0.25098]],

         [[0.59216, 0.59216, 0.59216,  ..., 0.59216, 0.59216, 0.59216],
          [0.59216, 0.59216, 0.59216,  ..., 0.59216, 0.59216, 0.59216],
          [0.59216, 0.59216, 0.59216,  ..., 0.59216, 0.59216, 0.59216],
          ...,
          [0.65098, 0.61176, 0.61176,  ..., 0.45490, 0.48627, 0.43922],
          [0.63137, 0.59216, 0.56863,  ..., 0.33725, 0.36078, 0.34510],
          [0.77255, 0.76471, 0.76471,  ..., 0.27451, 0.27451, 0.27451]]],


        [[[0.49804, 0.42353, 0.21569,  ..., 0.54902, 0.54902, 0.50196],
          [0.42353, 0.28235, 0.17647,  ..., 0.58824, 0.62353, 0.58039],
          [0.36078, 0.21961, 0.16078,  ..., 0.57255, 0.71765, 0.56471],
          ...,
          [0.61961, 0.61569, 0.61961,  ..., 0.10588, 0.12157, 0.14510],
          [0.74510, 0.75294, 0.76863,  ..., 0.09804, 0.11373, 0.11373],
          [0.82353, 0.83137, 0.84706,  ..., 0.09804, 0.18824, 0.13333]],

         [[0.49020, 0.41569, 0.21176,  ..., 0.56078, 0.56078, 0.50980],
          [0.41569, 0.27843, 0.17255,  ..., 0.60392, 0.63529, 0.59216],
          [0.35294, 0.21569, 0.15686,  ..., 0.58824, 0.72941, 0.57647],
          ...,
          [0.61569, 0.61176, 0.61569,  ..., 0.11765, 0.13333, 0.15686],
          [0.74118, 0.74902, 0.76471,  ..., 0.10980, 0.12549, 0.12549],
          [0.81961, 0.82745, 0.84314,  ..., 0.10980, 0.20000, 0.14510]],

         [[0.47451, 0.40000, 0.20000,  ..., 0.42353, 0.42353, 0.37255],
          [0.40000, 0.26667, 0.16471,  ..., 0.46275, 0.49020, 0.44706],
          [0.34510, 0.20784, 0.15294,  ..., 0.44706, 0.58431, 0.43137],
          ...,
          [0.61569, 0.61176, 0.61569,  ..., 0.10588, 0.12157, 0.14510],
          [0.74118, 0.74902, 0.76471,  ..., 0.09804, 0.11373, 0.11373],
          [0.81961, 0.82745, 0.84314,  ..., 0.09804, 0.18431, 0.12941]]]], device='cuda:2')
tensor([[[[0.03922, 0.05098, 0.05490,  ..., 0.06275, 0.06667, 0.07843],
          [0.04314, 0.03922, 0.03922,  ..., 0.06667, 0.07451, 0.08235],
          [0.05098, 0.03529, 0.03922,  ..., 0.07843, 0.08235, 0.07451],
          ...,
          [0.18431, 0.19216, 0.19216,  ..., 0.19608, 0.07451, 0.05882],
          [0.16078, 0.15686, 0.16078,  ..., 0.10588, 0.12549, 0.07059],
          [0.19216, 0.18431, 0.18039,  ..., 0.07451, 0.07843, 0.05490]],

         [[0.05490, 0.06275, 0.07059,  ..., 0.05490, 0.05490, 0.06275],
          [0.05882, 0.05490, 0.05490,  ..., 0.05490, 0.05882, 0.06275],
          [0.06667, 0.05098, 0.05490,  ..., 0.06275, 0.05882, 0.05882],
          ...,
          [0.16863, 0.17255, 0.17255,  ..., 0.20000, 0.08235, 0.06667],
          [0.14118, 0.13333, 0.13333,  ..., 0.10980, 0.12941, 0.07451],
          [0.16471, 0.15294, 0.14902,  ..., 0.08235, 0.08627, 0.06667]],

         [[0.00000, 0.01569, 0.02353,  ..., 0.00000, 0.00000, 0.00000],
          [0.00392, 0.00392, 0.00784,  ..., 0.00392, 0.00000, 0.00000],
          [0.01569, 0.00000, 0.00392,  ..., 0.01176, 0.00784, 0.00000],
          ...,
          [0.16863, 0.16078, 0.15686,  ..., 0.18824, 0.05490, 0.03137],
          [0.13333, 0.12157, 0.11373,  ..., 0.09412, 0.10588, 0.04314],
          [0.15686, 0.14510, 0.12941,  ..., 0.06275, 0.06275, 0.03529]]],


        [[[0.59608, 0.59608, 0.59216,  ..., 0.74118, 0.84706, 0.90196],
          [0.59608, 0.59608, 0.58431,  ..., 0.76078, 0.79608, 0.89412],
          [0.60392, 0.58431, 0.57255,  ..., 0.76471, 0.76471, 0.86667],
          ...,
          [0.23529, 0.23922, 0.26275,  ..., 0.27059, 0.23922, 0.27451],
          [0.25490, 0.27451, 0.30196,  ..., 0.17255, 0.19608, 0.24314],
          [0.25098, 0.49412, 0.53725,  ..., 0.32549, 0.34902, 0.21569]],

         [[0.58039, 0.58039, 0.56863,  ..., 0.70980, 0.78824, 0.84314],
          [0.58824, 0.58824, 0.56863,  ..., 0.72157, 0.72941, 0.83137],
          [0.59608, 0.57647, 0.54510,  ..., 0.72549, 0.70980, 0.79608],
          ...,
          [0.30588, 0.28235, 0.32941,  ..., 0.21569, 0.20000, 0.20392],
          [0.34118, 0.33725, 0.36078,  ..., 0.16078, 0.20392, 0.19608],
          [0.34510, 0.54510, 0.58431,  ..., 0.34510, 0.38824, 0.20000]],

         [[0.54902, 0.55686, 0.54510,  ..., 0.67843, 0.70588, 0.72941],
          [0.55686, 0.55686, 0.53725,  ..., 0.68235, 0.64314, 0.70980],
          [0.56471, 0.54510, 0.52157,  ..., 0.68627, 0.62745, 0.69412],
          ...,
          [0.93725, 0.91765, 0.91765,  ..., 0.27843, 0.24706, 0.24706],
          [0.90980, 0.91373, 0.90980,  ..., 0.24706, 0.24314, 0.22353],
          [0.81961, 1.00000, 1.00000,  ..., 0.41961, 0.43529, 0.22353]]],


        [[[0.09020, 0.09412, 0.09412,  ..., 0.23137, 0.38824, 0.37647],
          [0.09412, 0.09804, 0.09804,  ..., 0.27451, 0.31765, 0.32941],
          [0.09412, 0.09804, 0.09412,  ..., 0.25098, 0.24314, 0.25490],
          ...,
          [0.47843, 0.41961, 0.34510,  ..., 0.36078, 0.36078, 0.36078],
          [0.46275, 0.41961, 0.34118,  ..., 0.36078, 0.36078, 0.36078],
          [0.49412, 0.50196, 0.46667,  ..., 0.36471, 0.36471, 0.36471]],

         [[0.15686, 0.15294, 0.15294,  ..., 0.21176, 0.37647, 0.36471],
          [0.16078, 0.15686, 0.15686,  ..., 0.24706, 0.27843, 0.29020],
          [0.16078, 0.15686, 0.15686,  ..., 0.21176, 0.20392, 0.21176],
          ...,
          [0.52941, 0.46667, 0.40000,  ..., 0.46275, 0.46275, 0.46275],
          [0.50980, 0.47059, 0.39216,  ..., 0.46275, 0.46275, 0.46275],
          [0.54510, 0.55294, 0.51373,  ..., 0.47059, 0.46275, 0.46275]],

         [[0.13333, 0.13725, 0.13725,  ..., 0.20392, 0.36078, 0.35686],
          [0.13725, 0.14118, 0.14118,  ..., 0.22745, 0.27059, 0.28627],
          [0.13725, 0.14118, 0.14118,  ..., 0.19608, 0.19608, 0.21176],
          ...,
          [0.61176, 0.54118, 0.46275,  ..., 0.56471, 0.56471, 0.56471],
          [0.58824, 0.54118, 0.45490,  ..., 0.56863, 0.56471, 0.56471],
          [0.61569, 0.61569, 0.57255,  ..., 0.56471, 0.56471, 0.56471]]],


        ...,


        [[[0.84706, 0.84706, 0.84706,  ..., 0.30588, 0.29804, 0.29020],
          [0.83137, 0.82353, 0.82745,  ..., 0.32157, 0.30980, 0.29412],
          [0.81961, 0.82353, 0.82745,  ..., 0.33725, 0.33725, 0.32549],
          ...,
          [0.35686, 0.29804, 0.30196,  ..., 0.81961, 0.81176, 0.80000],
          [0.33333, 0.21961, 0.17647,  ..., 0.83529, 0.83137, 0.83529],
          [0.30196, 0.27451, 0.28627,  ..., 0.82745, 0.83529, 0.83529]],

         [[0.83137, 0.83137, 0.83137,  ..., 0.30980, 0.30588, 0.29804],
          [0.81569, 0.80784, 0.81176,  ..., 0.32549, 0.31373, 0.30196],
          [0.80392, 0.80784, 0.81176,  ..., 0.34510, 0.34510, 0.32941],
          ...,
          [0.35294, 0.30196, 0.30196,  ..., 0.80784, 0.80392, 0.78824],
          [0.32941, 0.22353, 0.16863,  ..., 0.82353, 0.81961, 0.82353],
          [0.29804, 0.27059, 0.27451,  ..., 0.81569, 0.82353, 0.82353]],

         [[0.82353, 0.82353, 0.82353,  ..., 0.31765, 0.30980, 0.30196],
          [0.80784, 0.80000, 0.80392,  ..., 0.33333, 0.32157, 0.30588],
          [0.79608, 0.80000, 0.80392,  ..., 0.34902, 0.34902, 0.33725],
          ...,
          [0.33333, 0.27059, 0.26667,  ..., 0.79608, 0.78824, 0.77255],
          [0.30588, 0.19216, 0.13725,  ..., 0.81176, 0.80392, 0.80784],
          [0.27059, 0.25098, 0.24706,  ..., 0.79608, 0.80392, 0.80000]]],


        [[[0.78824, 0.78824, 0.78824,  ..., 0.56471, 0.56471, 0.56863],
          [0.78824, 0.78824, 0.78824,  ..., 0.56471, 0.56471, 0.56471],
          [0.78824, 0.78824, 0.78824,  ..., 0.56471, 0.56471, 0.56471],
          ...,
          [0.63137, 0.63137, 0.63529,  ..., 0.99216, 0.99608, 1.00000],
          [0.62353, 0.61176, 0.61176,  ..., 0.99216, 0.99608, 0.99216],
          [0.60784, 0.59608, 0.60392,  ..., 0.99216, 0.99216, 0.99216]],

         [[0.90588, 0.90588, 0.90588,  ..., 0.73725, 0.73725, 0.74118],
          [0.90588, 0.90588, 0.90588,  ..., 0.73725, 0.73725, 0.73725],
          [0.90588, 0.90588, 0.90588,  ..., 0.73725, 0.73725, 0.73725],
          ...,
          [0.63137, 0.63137, 0.63529,  ..., 1.00000, 1.00000, 1.00000],
          [0.62353, 0.61176, 0.61176,  ..., 1.00000, 1.00000, 1.00000],
          [0.60784, 0.59608, 0.60392,  ..., 1.00000, 1.00000, 1.00000]],

         [[1.00000, 1.00000, 1.00000,  ..., 1.00000, 1.00000, 1.00000],
          [1.00000, 1.00000, 1.00000,  ..., 1.00000, 1.00000, 1.00000],
          [1.00000, 1.00000, 1.00000,  ..., 1.00000, 1.00000, 1.00000],
          ...,
          [0.64314, 0.64314, 0.64706,  ..., 0.97647, 0.97647, 0.97647],
          [0.63529, 0.62353, 0.62353,  ..., 0.97255, 0.97255, 0.96863],
          [0.61961, 0.60784, 0.61569,  ..., 0.96863, 0.96863, 0.96863]]],


        [[[0.31373, 0.31373, 0.31373,  ..., 0.31373, 0.31373, 0.31373],
          [0.31373, 0.31373, 0.31373,  ..., 0.31373, 0.31373, 0.31373],
          [0.31373, 0.31373, 0.31373,  ..., 0.31373, 0.31373, 0.31373],
          ...,
          [0.31373, 0.31373, 0.31373,  ..., 0.31373, 0.31373, 0.31373],
          [0.31373, 0.31373, 0.31373,  ..., 0.31373, 0.31373, 0.31373],
          [0.31373, 0.31373, 0.31373,  ..., 0.31373, 0.31373, 0.31373]],

         [[0.31373, 0.31373, 0.31373,  ..., 0.31373, 0.31373, 0.31373],
          [0.31373, 0.31373, 0.31373,  ..., 0.31373, 0.31373, 0.31373],
          [0.31373, 0.31373, 0.31373,  ..., 0.31373, 0.31373, 0.31373],
          ...,
          [0.31373, 0.31373, 0.31373,  ..., 0.31373, 0.31373, 0.31373],
          [0.31373, 0.31373, 0.31373,  ..., 0.31373, 0.31373, 0.31373],
          [0.31373, 0.31373, 0.31373,  ..., 0.31373, 0.31373, 0.31373]],

         [[0.31373, 0.31373, 0.31373,  ..., 0.31373, 0.31373, 0.31373],
          [0.31373, 0.31373, 0.31373,  ..., 0.31373, 0.31373, 0.31373],
          [0.31373, 0.31373, 0.31373,  ..., 0.31373, 0.31373, 0.31373],
          ...,
          [0.31373, 0.31373, 0.31373,  ..., 0.31373, 0.31373, 0.31373],
          [0.31373, 0.31373, 0.31373,  ..., 0.31373, 0.31373, 0.31373],
          [0.31373, 0.31373, 0.31373,  ..., 0.31373, 0.31373, 0.31373]]]], device='cuda:1')
loss got  tensor([14.26827], device='cuda:0', grad_fn=<MulBackward0>)[W python_anomaly_mode.cpp:104] Warning: Error detected in BroadcastBackward. Traceback of forward call that caused the error:
  File "train.py", line 526, in <module>
    train(hyp, opt, device, tb_writer, wandb)
  File "train.py", line 291, in train
    pred = model(imgs)  # forward
  File "/root/anaconda3/envs/python377/lib/python3.7/site-packages/torch/nn/modules/module.py", line 727, in _call_impl
    result = self.forward(*input, **kwargs)
  File "/root/anaconda3/envs/python377/lib/python3.7/site-packages/torch/nn/parallel/data_parallel.py", line 160, in forward
    replicas = self.replicate(self.module, self.device_ids[:len(inputs)])
  File "/root/anaconda3/envs/python377/lib/python3.7/site-packages/torch/nn/parallel/data_parallel.py", line 165, in replicate
    return replicate(module, device_ids, not torch.is_grad_enabled())
  File "/root/anaconda3/envs/python377/lib/python3.7/site-packages/torch/nn/parallel/replicate.py", line 88, in replicate
    param_copies = _broadcast_coalesced_reshape(params, devices, detach)
  File "/root/anaconda3/envs/python377/lib/python3.7/site-packages/torch/nn/parallel/replicate.py", line 71, in _broadcast_coalesced_reshape
    tensor_copies = Broadcast.apply(devices, *tensors)
 (function _print_stack)

Traceback (most recent call last):
  File "train.py", line 526, in <module>
    train(hyp, opt, device, tb_writer, wandb)
  File "train.py", line 300, in train
    scaler.scale(loss).backward()
  File "/root/anaconda3/envs/python377/lib/python3.7/site-packages/torch/tensor.py", line 221, in backward
    torch.autograd.backward(self, gradient, retain_graph, create_graph)
  File "/root/anaconda3/envs/python377/lib/python3.7/site-packages/torch/autograd/__init__.py", line 132, in backward
    allow_unreachable=True)  # allow_unreachable flag
RuntimeError: Function 'BroadcastBackward' returned nan values in its 0th output.
  0%|          | 0/465 [00:10<?, ?it/s]