2020-10-20 06:11:42 | Conf | use logdir run/crackSegmentationSimple/2020-10-20-06-11-8866
2020-10-20 06:11:42 | Conf | use dataset crackSegmentationSimple
2020-10-20 06:11:42 | Conf | use augmentation True
2020-10-20 06:11:42 | Conf | use image size (256, 512)
2020-10-20 06:11:42 | Conf | use batch_size 4
2020-10-20 06:11:42 | Conf | use model unet
2020-10-20 06:11:42 | Conf | use GPU [0]
2020-10-20 06:11:42 | Conf | use optimizer Adam, lr=0.0001, weight_decay=0.001
2020-10-20 06:11:42 | Conf | use step_lr_scheduler every 40 steps decay 0.1
2020-10-20 06:11:42 | Conf | use loss function crossentropyloss2D
2020-10-20 06:11:42 | Conf | use epoch 120
2020-10-20 06:14:39 | Iter | [  1/120] train loss=0.59283
2020-10-20 06:14:39 | Test | [  1/120] Train Acc=0.62166
2020-10-20 06:14:39 | Test | [  1/120] Train Mean IU=0.41371
2020-10-20 06:14:39 | Test | [  1/120] Train_class_acc=[0.7956664442923103, 0.44764782394870445]
2020-10-20 06:15:48 | Iter | [  1/120] valid loss=0.64713
2020-10-20 06:15:48 | Test | [  1/120] Valid Acc=0.50000
2020-10-20 06:15:48 | Test | [  1/120] Valid Mean IU=0.49299
2020-10-20 06:15:48 | Test | [  1/120] Valid Class Acc=[0.9410258117321779, 0.2925680647534909]
2020-10-20 06:18:57 | Iter | [  2/120] train loss=0.46479
2020-10-20 06:18:57 | Test | [  2/120] Train Acc=0.62123
2020-10-20 06:18:57 | Test | [  2/120] Train Mean IU=0.51878
2020-10-20 06:18:57 | Test | [  2/120] Train_class_acc=[0.9704430914060244, 0.2720115078368503]
2020-10-20 06:20:25 | Iter | [  2/120] valid loss=0.64282
2020-10-20 06:20:25 | Test | [  2/120] Valid Acc=0.50000
2020-10-20 06:20:25 | Test | [  2/120] Valid Mean IU=0.49299
2020-10-20 06:20:25 | Test | [  2/120] Valid Class Acc=[0.992222590312714, 0.09858601728200712]
2020-10-20 06:23:46 | Iter | [  3/120] train loss=0.38153
2020-10-20 06:23:46 | Test | [  3/120] Train Acc=0.54518
2020-10-20 06:23:46 | Test | [  3/120] Train Mean IU=0.51405
2020-10-20 06:23:46 | Test | [  3/120] Train_class_acc=[0.9892027938871616, 0.10115876391856281]
2020-10-20 06:24:51 | Iter | [  3/120] valid loss=0.54344
2020-10-20 06:24:51 | Test | [  3/120] Valid Acc=0.50029
2020-10-20 06:24:51 | Test | [  3/120] Valid Mean IU=0.49328
2020-10-20 06:24:51 | Test | [  3/120] Valid Class Acc=[0.9987940527149222, 0.04813246053138051]
2020-10-20 06:27:44 | Iter | [  4/120] train loss=0.33342
2020-10-20 06:27:44 | Test | [  4/120] Train Acc=0.51791
2020-10-20 06:27:44 | Test | [  4/120] Train Mean IU=0.50895
2020-10-20 06:27:44 | Test | [  4/120] Train_class_acc=[0.9982127185165672, 0.03761651403267695]
2020-10-20 06:28:49 | Iter | [  4/120] valid loss=0.40167
2020-10-20 06:28:49 | Test | [  4/120] Valid Acc=0.50127
2020-10-20 06:28:49 | Test | [  4/120] Valid Mean IU=0.49423
2020-10-20 06:28:49 | Test | [  4/120] Valid Class Acc=[0.9962028388672712, 0.021524663677129723]
2020-10-20 06:31:30 | Iter | [  5/120] train loss=0.30764
2020-10-20 06:31:30 | Test | [  5/120] Train Acc=0.51295
2020-10-20 06:31:30 | Test | [  5/120] Train Mean IU=0.50552
2020-10-20 06:31:30 | Test | [  5/120] Train_class_acc=[0.9983385223303493, 0.02755556810730737]
2020-10-20 06:32:32 | Iter | [  5/120] valid loss=0.31840
2020-10-20 06:32:32 | Test | [  5/120] Valid Acc=0.50504
2020-10-20 06:32:32 | Test | [  5/120] Valid Mean IU=0.49708
2020-10-20 06:32:32 | Test | [  5/120] Valid Class Acc=[0.9994715444018419, 0.04140786749482259]
2020-10-20 06:35:20 | Iter | [  6/120] train loss=0.28607
2020-10-20 06:35:20 | Test | [  6/120] Train Acc=0.50952
2020-10-20 06:35:20 | Test | [  6/120] Train Mean IU=0.50067
2020-10-20 06:35:20 | Test | [  6/120] Train_class_acc=[0.9974688616603302, 0.02157624669535714]
2020-10-20 06:36:22 | Iter | [  6/120] valid loss=0.27264
2020-10-20 06:36:22 | Test | [  6/120] Valid Acc=0.51244
2020-10-20 06:36:22 | Test | [  6/120] Valid Mean IU=0.50436
2020-10-20 06:36:22 | Test | [  6/120] Valid Class Acc=[0.9996859604702738, 0.007838897148263173]
2020-10-20 06:39:03 | Iter | [  7/120] train loss=0.26907
2020-10-20 06:39:03 | Test | [  7/120] Train Acc=0.51304
2020-10-20 06:39:03 | Test | [  7/120] Train Mean IU=0.50505
2020-10-20 06:39:03 | Test | [  7/120] Train_class_acc=[0.9996432905115137, 0.026428624710278487]
2020-10-20 06:40:04 | Iter | [  7/120] valid loss=0.28095
2020-10-20 06:40:04 | Test | [  7/120] Valid Acc=0.52839
2020-10-20 06:40:04 | Test | [  7/120] Valid Mean IU=0.51538
2020-10-20 06:40:04 | Test | [  7/120] Valid Class Acc=[0.9997410078717908, 0.004514363885088858]
2020-10-20 06:43:02 | Iter | [  8/120] train loss=0.25930
2020-10-20 06:43:02 | Test | [  8/120] Train Acc=0.51320
2020-10-20 06:43:02 | Test | [  8/120] Train Mean IU=0.50616
2020-10-20 06:43:02 | Test | [  8/120] Train_class_acc=[0.9995744239876379, 0.026831255405632522]
2020-10-20 06:44:08 | Iter | [  8/120] valid loss=0.25044
2020-10-20 06:44:08 | Test | [  8/120] Valid Acc=0.52117
2020-10-20 06:44:08 | Test | [  8/120] Valid Mean IU=0.51328
2020-10-20 06:44:08 | Test | [  8/120] Valid Class Acc=[0.9998029282542917, 0.01818181818181764]
2020-10-20 06:47:10 | Iter | [  9/120] train loss=0.25122
2020-10-20 06:47:10 | Test | [  9/120] Train Acc=0.52087
2020-10-20 06:47:10 | Test | [  9/120] Train Mean IU=0.51319
2020-10-20 06:47:10 | Test | [  9/120] Train_class_acc=[0.9994155413459284, 0.04231897915155272]
2020-10-20 06:48:16 | Iter | [  9/120] valid loss=0.24835
2020-10-20 06:48:16 | Test | [  9/120] Valid Acc=0.52523
2020-10-20 06:48:16 | Test | [  9/120] Valid Mean IU=0.51640
2020-10-20 06:48:16 | Test | [  9/120] Valid Class Acc=[0.999320544645235, 0.06296177320912101]
2020-10-20 06:51:25 | Iter | [ 10/120] train loss=0.24279
2020-10-20 06:51:25 | Test | [ 10/120] Train Acc=0.52943
2020-10-20 06:51:25 | Test | [ 10/120] Train Mean IU=0.52040
2020-10-20 06:51:25 | Test | [ 10/120] Train_class_acc=[0.9993298247087692, 0.05953112485992745]
2020-10-20 06:52:32 | Iter | [ 10/120] valid loss=0.23721
2020-10-20 06:52:32 | Test | [ 10/120] Valid Acc=0.52481
2020-10-20 06:52:32 | Test | [ 10/120] Valid Mean IU=0.51669
2020-10-20 06:52:32 | Test | [ 10/120] Valid Class Acc=[0.9987150831541243, 0.1664399092970446]
2020-10-20 06:55:31 | Iter | [ 11/120] train loss=0.23610
2020-10-20 06:55:31 | Test | [ 11/120] Train Acc=0.52621
2020-10-20 06:55:31 | Test | [ 11/120] Train Mean IU=0.51852
2020-10-20 06:55:31 | Test | [ 11/120] Train_class_acc=[0.9993625057147355, 0.0530620036168935]
2020-10-20 06:56:35 | Iter | [ 11/120] valid loss=0.24555
2020-10-20 06:56:35 | Test | [ 11/120] Valid Acc=0.53877
2020-10-20 06:56:35 | Test | [ 11/120] Valid Mean IU=0.52856
2020-10-20 06:56:35 | Test | [ 11/120] Valid Class Acc=[0.999753363315105, 0.009423294383716191]
2020-10-20 06:59:35 | Iter | [ 12/120] train loss=0.22921
2020-10-20 06:59:35 | Test | [ 12/120] Train Acc=0.54067
2020-10-20 06:59:35 | Test | [ 12/120] Train Mean IU=0.53066
2020-10-20 06:59:35 | Test | [ 12/120] Train_class_acc=[0.9990599817038167, 0.08227870035743841]
2020-10-20 07:00:40 | Iter | [ 12/120] valid loss=0.23162
2020-10-20 07:00:40 | Test | [ 12/120] Valid Acc=0.54432
2020-10-20 07:00:40 | Test | [ 12/120] Valid Mean IU=0.53350
2020-10-20 07:00:40 | Test | [ 12/120] Valid Class Acc=[0.9993514064442399, 0.07655349135169517]
2020-10-20 07:03:40 | Iter | [ 13/120] train loss=0.22428
2020-10-20 07:03:40 | Test | [ 13/120] Train Acc=0.55180
2020-10-20 07:03:40 | Test | [ 13/120] Train Mean IU=0.54098
2020-10-20 07:03:40 | Test | [ 13/120] Train_class_acc=[0.9987223205712213, 0.10486887733459675]
2020-10-20 07:04:46 | Iter | [ 13/120] valid loss=0.23153
2020-10-20 07:04:46 | Test | [ 13/120] Valid Acc=0.54602
2020-10-20 07:04:46 | Test | [ 13/120] Valid Mean IU=0.53464
2020-10-20 07:04:46 | Test | [ 13/120] Valid Class Acc=[0.9984944119520524, 0.12705049855258516]
2020-10-20 07:07:45 | Iter | [ 14/120] train loss=0.21930
2020-10-20 07:07:45 | Test | [ 14/120] Train Acc=0.59250
2020-10-20 07:07:45 | Test | [ 14/120] Train Mean IU=0.57091
2020-10-20 07:07:45 | Test | [ 14/120] Train_class_acc=[0.9980477788550628, 0.18694515774061796]
2020-10-20 07:08:50 | Iter | [ 14/120] valid loss=0.23167
2020-10-20 07:08:50 | Test | [ 14/120] Valid Acc=0.55347
2020-10-20 07:08:50 | Test | [ 14/120] Valid Mean IU=0.54104
2020-10-20 07:08:50 | Test | [ 14/120] Valid Class Acc=[0.9979335980790541, 0.24119718309858093]
2020-10-20 07:11:49 | Iter | [ 15/120] train loss=0.21301
2020-10-20 07:11:49 | Test | [ 15/120] Train Acc=0.58926
2020-10-20 07:11:49 | Test | [ 15/120] Train Mean IU=0.56888
2020-10-20 07:11:49 | Test | [ 15/120] Train_class_acc=[0.9978368337589653, 0.1806916388730222]
2020-10-20 07:12:54 | Iter | [ 15/120] valid loss=0.22010
2020-10-20 07:12:54 | Test | [ 15/120] Valid Acc=0.55409
2020-10-20 07:12:54 | Test | [ 15/120] Valid Mean IU=0.54250
2020-10-20 07:12:54 | Test | [ 15/120] Valid Class Acc=[0.9981494832046321, 0.1991294885745303]
2020-10-20 07:15:53 | Iter | [ 16/120] train loss=0.20825
2020-10-20 07:15:53 | Test | [ 16/120] Train Acc=0.59347
2020-10-20 07:15:53 | Test | [ 16/120] Train Mean IU=0.56937
2020-10-20 07:15:53 | Test | [ 16/120] Train_class_acc=[0.9979988812740589, 0.18893594865237795]
2020-10-20 07:16:58 | Iter | [ 16/120] valid loss=0.22140
2020-10-20 07:16:58 | Test | [ 16/120] Valid Acc=0.55909
2020-10-20 07:16:58 | Test | [ 16/120] Valid Mean IU=0.54663
2020-10-20 07:16:58 | Test | [ 16/120] Valid Class Acc=[0.999464849464849, 0.05823627287853335]
2020-10-20 07:19:57 | Iter | [ 17/120] train loss=0.20385
2020-10-20 07:19:57 | Test | [ 17/120] Train Acc=0.59358
2020-10-20 07:19:57 | Test | [ 17/120] Train Mean IU=0.57132
2020-10-20 07:19:57 | Test | [ 17/120] Train_class_acc=[0.9977093356287918, 0.18945262753054723]
2020-10-20 07:21:03 | Iter | [ 17/120] valid loss=0.21725
2020-10-20 07:21:03 | Test | [ 17/120] Valid Acc=0.57449
2020-10-20 07:21:03 | Test | [ 17/120] Valid Mean IU=0.55890
2020-10-20 07:21:03 | Test | [ 17/120] Valid Class Acc=[0.9996996511332391, 0.017579721995093313]
2020-10-20 07:24:05 | Iter | [ 18/120] train loss=0.20026
2020-10-20 07:24:05 | Test | [ 18/120] Train Acc=0.60819
2020-10-20 07:24:05 | Test | [ 18/120] Train Mean IU=0.58020
2020-10-20 07:24:05 | Test | [ 18/120] Train_class_acc=[0.9974013832664599, 0.21897666131962953]
2020-10-20 07:25:11 | Iter | [ 18/120] valid loss=0.20918
2020-10-20 07:25:11 | Test | [ 18/120] Valid Acc=0.59173
2020-10-20 07:25:11 | Test | [ 18/120] Valid Mean IU=0.57188
2020-10-20 07:25:11 | Test | [ 18/120] Valid Class Acc=[0.9995802817118342, 0.026165167620603995]
2020-10-20 07:28:12 | Iter | [ 19/120] train loss=0.19541
2020-10-20 07:28:12 | Test | [ 19/120] Train Acc=0.62830
2020-10-20 07:28:12 | Test | [ 19/120] Train Mean IU=0.59773
2020-10-20 07:28:12 | Test | [ 19/120] Train_class_acc=[0.9970081688725729, 0.2595852689681472]
2020-10-20 07:29:18 | Iter | [ 19/120] valid loss=0.20587
2020-10-20 07:29:18 | Test | [ 19/120] Valid Acc=0.59852
2020-10-20 07:29:18 | Test | [ 19/120] Valid Mean IU=0.57736
2020-10-20 07:29:18 | Test | [ 19/120] Valid Class Acc=[0.9975504211421061, 0.25541516245486595]
2020-10-20 07:32:18 | Iter | [ 20/120] train loss=0.19302
2020-10-20 07:32:18 | Test | [ 20/120] Train Acc=0.62829
2020-10-20 07:32:18 | Test | [ 20/120] Train Mean IU=0.59516
2020-10-20 07:32:18 | Test | [ 20/120] Train_class_acc=[0.9970439195052537, 0.25953254590239483]
2020-10-20 07:33:24 | Iter | [ 20/120] valid loss=0.20176
2020-10-20 07:33:24 | Test | [ 20/120] Valid Acc=0.60930
2020-10-20 07:33:24 | Test | [ 20/120] Valid Mean IU=0.58518
2020-10-20 07:33:24 | Test | [ 20/120] Valid Class Acc=[0.9981424221404467, 0.08446866485013503]
2020-10-20 07:36:24 | Iter | [ 21/120] train loss=0.18776
2020-10-20 07:36:24 | Test | [ 21/120] Train Acc=0.64666
2020-10-20 07:36:24 | Test | [ 21/120] Train Mean IU=0.60692
2020-10-20 07:36:24 | Test | [ 21/120] Train_class_acc=[0.9964153199292504, 0.2968980898900159]
2020-10-20 07:37:31 | Iter | [ 21/120] valid loss=0.20056
2020-10-20 07:37:31 | Test | [ 21/120] Valid Acc=0.61177
2020-10-20 07:37:31 | Test | [ 21/120] Valid Mean IU=0.58642
2020-10-20 07:37:31 | Test | [ 21/120] Valid Class Acc=[0.9980478000207922, 0.21460812474352836]
2020-10-20 07:40:32 | Iter | [ 22/120] train loss=0.18450
2020-10-20 07:40:32 | Test | [ 22/120] Train Acc=0.62944
2020-10-20 07:40:32 | Test | [ 22/120] Train Mean IU=0.59846
2020-10-20 07:40:32 | Test | [ 22/120] Train_class_acc=[0.9969765266078814, 0.2619093879883026]
2020-10-20 07:41:38 | Iter | [ 22/120] valid loss=0.19369
2020-10-20 07:41:38 | Test | [ 22/120] Valid Acc=0.58420
2020-10-20 07:41:38 | Test | [ 22/120] Valid Mean IU=0.56598
2020-10-20 07:41:38 | Test | [ 22/120] Valid Class Acc=[0.9974422283090927, 0.24267211997272523]
2020-10-20 07:44:43 | Iter | [ 23/120] train loss=0.18056
2020-10-20 07:44:43 | Test | [ 23/120] Train Acc=0.65653
2020-10-20 07:44:43 | Test | [ 23/120] Train Mean IU=0.61283
2020-10-20 07:44:43 | Test | [ 23/120] Train_class_acc=[0.9964477849952312, 0.31661066159303236]
2020-10-20 07:45:50 | Iter | [ 23/120] valid loss=0.18944
2020-10-20 07:45:50 | Test | [ 23/120] Valid Acc=0.61826
2020-10-20 07:45:50 | Test | [ 23/120] Valid Mean IU=0.59044
2020-10-20 07:45:50 | Test | [ 23/120] Valid Class Acc=[0.9965135475231175, 0.368697939500203]
2020-10-20 07:48:51 | Iter | [ 24/120] train loss=0.17701
2020-10-20 07:48:51 | Test | [ 24/120] Train Acc=0.65334
2020-10-20 07:48:51 | Test | [ 24/120] Train Mean IU=0.61263
2020-10-20 07:48:51 | Test | [ 24/120] Train_class_acc=[0.9964338432875638, 0.31024439677303856]
2020-10-20 07:49:57 | Iter | [ 24/120] valid loss=0.18394
2020-10-20 07:49:57 | Test | [ 24/120] Valid Acc=0.59935
2020-10-20 07:49:57 | Test | [ 24/120] Valid Mean IU=0.57786
2020-10-20 07:49:57 | Test | [ 24/120] Valid Class Acc=[0.9978395895220087, 0.2297205180640685]
2020-10-20 07:52:59 | Iter | [ 25/120] train loss=0.17360
2020-10-20 07:52:59 | Test | [ 25/120] Train Acc=0.67713
2020-10-20 07:52:59 | Test | [ 25/120] Train Mean IU=0.62472
2020-10-20 07:52:59 | Test | [ 25/120] Train_class_acc=[0.9962505286194463, 0.3580185037698005]
2020-10-20 07:54:05 | Iter | [ 25/120] valid loss=0.18224
2020-10-20 07:54:05 | Test | [ 25/120] Valid Acc=0.60816
2020-10-20 07:54:05 | Test | [ 25/120] Valid Mean IU=0.58369
2020-10-20 07:54:05 | Test | [ 25/120] Valid Class Acc=[0.9952669916922232, 0.5478606087339856]
2020-10-20 07:57:06 | Iter | [ 26/120] train loss=0.17025
2020-10-20 07:57:06 | Test | [ 26/120] Train Acc=0.65461
2020-10-20 07:57:06 | Test | [ 26/120] Train Mean IU=0.61472
2020-10-20 07:57:06 | Test | [ 26/120] Train_class_acc=[0.9966134270939654, 0.31260159380074665]
2020-10-20 07:58:12 | Iter | [ 26/120] valid loss=0.17723
2020-10-20 07:58:12 | Test | [ 26/120] Valid Acc=0.58808
2020-10-20 07:58:12 | Test | [ 26/120] Valid Mean IU=0.56922
2020-10-20 07:58:12 | Test | [ 26/120] Valid Class Acc=[0.9959937749426027, 0.45211930926214866]
2020-10-20 08:01:14 | Iter | [ 27/120] train loss=0.16778
2020-10-20 08:01:14 | Test | [ 27/120] Train Acc=0.67125
2020-10-20 08:01:14 | Test | [ 27/120] Train Mean IU=0.62370
2020-10-20 08:01:14 | Test | [ 27/120] Train_class_acc=[0.996006856867684, 0.3464864091126966]
2020-10-20 08:02:20 | Iter | [ 27/120] valid loss=0.17402
2020-10-20 08:02:20 | Test | [ 27/120] Valid Acc=0.61574
2020-10-20 08:02:20 | Test | [ 27/120] Valid Mean IU=0.58891
2020-10-20 08:02:20 | Test | [ 27/120] Valid Class Acc=[0.9976171411853467, 0.29510961214164017]
2020-10-20 08:05:21 | Iter | [ 28/120] train loss=0.16425
2020-10-20 08:05:21 | Test | [ 28/120] Train Acc=0.65838
2020-10-20 08:05:21 | Test | [ 28/120] Train Mean IU=0.61935
2020-10-20 08:05:21 | Test | [ 28/120] Train_class_acc=[0.9965678576718582, 0.3201920909342419]
2020-10-20 08:06:28 | Iter | [ 28/120] valid loss=0.17274
2020-10-20 08:06:28 | Test | [ 28/120] Valid Acc=0.62369
2020-10-20 08:06:28 | Test | [ 28/120] Valid Mean IU=0.59443
2020-10-20 08:06:28 | Test | [ 28/120] Valid Class Acc=[0.9970423088476554, 0.35697018533439334]
2020-10-20 08:09:30 | Iter | [ 29/120] train loss=0.16419
2020-10-20 08:09:30 | Test | [ 29/120] Train Acc=0.68598
2020-10-20 08:09:30 | Test | [ 29/120] Train Mean IU=0.63131
2020-10-20 08:09:30 | Test | [ 29/120] Train_class_acc=[0.9956752549640157, 0.3762767873177843]
2020-10-20 08:10:35 | Iter | [ 29/120] valid loss=0.16766
2020-10-20 08:10:35 | Test | [ 29/120] Valid Acc=0.61500
2020-10-20 08:10:35 | Test | [ 29/120] Valid Mean IU=0.58902
2020-10-20 08:10:35 | Test | [ 29/120] Valid Class Acc=[0.9956686221832334, 0.19108561341570768]
2020-10-20 08:13:36 | Iter | [ 30/120] train loss=0.15926
2020-10-20 08:13:36 | Test | [ 30/120] Train Acc=0.69318
2020-10-20 08:13:36 | Test | [ 30/120] Train Mean IU=0.63667
2020-10-20 08:13:36 | Test | [ 30/120] Train_class_acc=[0.9957384546277107, 0.3906302025045052]
2020-10-20 08:14:42 | Iter | [ 30/120] valid loss=0.16477
2020-10-20 08:14:42 | Test | [ 30/120] Valid Acc=0.58570
2020-10-20 08:14:42 | Test | [ 30/120] Valid Mean IU=0.56770
2020-10-20 08:14:42 | Test | [ 30/120] Valid Class Acc=[0.9949600813785022, 0.5504587155963092]
2020-10-20 08:17:43 | Iter | [ 31/120] train loss=0.15668
2020-10-20 08:17:43 | Test | [ 31/120] Train Acc=0.65582
2020-10-20 08:17:43 | Test | [ 31/120] Train Mean IU=0.61474
2020-10-20 08:17:43 | Test | [ 31/120] Train_class_acc=[0.9965349821408872, 0.315112750260837]
2020-10-20 08:18:49 | Iter | [ 31/120] valid loss=0.16111
2020-10-20 08:18:49 | Test | [ 31/120] Valid Acc=0.57594
2020-10-20 08:18:49 | Test | [ 31/120] Valid Mean IU=0.55990
2020-10-20 08:18:49 | Test | [ 31/120] Valid Class Acc=[0.9988910195688835, 0.11161079313163894]
2020-10-20 08:21:50 | Iter | [ 32/120] train loss=0.15378
2020-10-20 08:21:50 | Test | [ 32/120] Train Acc=0.71724
2020-10-20 08:21:50 | Test | [ 32/120] Train Mean IU=0.64798
2020-10-20 08:21:50 | Test | [ 32/120] Train_class_acc=[0.9950975840956274, 0.4393806512447325]
2020-10-20 08:22:56 | Iter | [ 32/120] valid loss=0.15980
2020-10-20 08:22:56 | Test | [ 32/120] Valid Acc=0.59819
2020-10-20 08:22:56 | Test | [ 32/120] Valid Mean IU=0.57657
2020-10-20 08:22:56 | Test | [ 32/120] Valid Class Acc=[0.9957351566916504, 0.5210800568450724]
2020-10-20 08:25:56 | Iter | [ 33/120] train loss=0.15177
2020-10-20 08:25:56 | Test | [ 33/120] Train Acc=0.67374
2020-10-20 08:25:56 | Test | [ 33/120] Train Mean IU=0.62584
2020-10-20 08:25:56 | Test | [ 33/120] Train_class_acc=[0.9963061024086405, 0.3511645521750136]
2020-10-20 08:27:02 | Iter | [ 33/120] valid loss=0.15522
2020-10-20 08:27:02 | Test | [ 33/120] Valid Acc=0.58401
2020-10-20 08:27:02 | Test | [ 33/120] Valid Mean IU=0.56642
2020-10-20 08:27:02 | Test | [ 33/120] Valid Class Acc=[0.9957075751849249, 0.4326315789473532]
2020-10-20 08:30:02 | Iter | [ 34/120] train loss=0.14915
2020-10-20 08:30:02 | Test | [ 34/120] Train Acc=0.69379
2020-10-20 08:30:02 | Test | [ 34/120] Train Mean IU=0.63712
2020-10-20 08:30:02 | Test | [ 34/120] Train_class_acc=[0.9955066282346281, 0.3920724903163226]
2020-10-20 08:31:08 | Iter | [ 34/120] valid loss=0.15527
2020-10-20 08:31:08 | Test | [ 34/120] Valid Acc=0.61062
2020-10-20 08:31:08 | Test | [ 34/120] Valid Mean IU=0.58649
2020-10-20 08:31:08 | Test | [ 34/120] Valid Class Acc=[0.9965881215799381, 0.3743402354851655]
2020-10-20 08:34:09 | Iter | [ 35/120] train loss=0.14763
2020-10-20 08:34:09 | Test | [ 35/120] Train Acc=0.68467
2020-10-20 08:34:09 | Test | [ 35/120] Train Mean IU=0.63134
2020-10-20 08:34:09 | Test | [ 35/120] Train_class_acc=[0.9959739785122382, 0.3733677492474867]
2020-10-20 08:35:14 | Iter | [ 35/120] valid loss=0.15507
2020-10-20 08:35:14 | Test | [ 35/120] Valid Acc=0.60171
2020-10-20 08:35:14 | Test | [ 35/120] Valid Mean IU=0.57949
2020-10-20 08:35:14 | Test | [ 35/120] Valid Class Acc=[0.9951311697509004, 0.4948453608247211]
2020-10-20 08:38:15 | Iter | [ 36/120] train loss=0.14523
2020-10-20 08:38:15 | Test | [ 36/120] Train Acc=0.70583
2020-10-20 08:38:15 | Test | [ 36/120] Train Mean IU=0.64236
2020-10-20 08:38:15 | Test | [ 36/120] Train_class_acc=[0.9953864900482202, 0.4162811145236569]
2020-10-20 08:39:20 | Iter | [ 36/120] valid loss=0.15373
2020-10-20 08:39:20 | Test | [ 36/120] Valid Acc=0.61168
2020-10-20 08:39:20 | Test | [ 36/120] Valid Mean IU=0.58678
2020-10-20 08:39:20 | Test | [ 36/120] Valid Class Acc=[0.9974432257067816, 0.26395781637716303]
2020-10-20 08:42:21 | Iter | [ 37/120] train loss=0.14277
2020-10-20 08:42:21 | Test | [ 37/120] Train Acc=0.70632
2020-10-20 08:42:21 | Test | [ 37/120] Train Mean IU=0.64050
2020-10-20 08:42:21 | Test | [ 37/120] Train_class_acc=[0.995239167762096, 0.4174027199030574]
2020-10-20 08:43:29 | Iter | [ 37/120] valid loss=0.15031
2020-10-20 08:43:29 | Test | [ 37/120] Valid Acc=0.55508
2020-10-20 08:43:29 | Test | [ 37/120] Valid Mean IU=0.54378
2020-10-20 08:43:29 | Test | [ 37/120] Valid Class Acc=[0.9977167015771313, 0.2520559210526212]
2020-10-20 08:46:31 | Iter | [ 38/120] train loss=0.14049
2020-10-20 08:46:31 | Test | [ 38/120] Train Acc=0.69468
2020-10-20 08:46:31 | Test | [ 38/120] Train Mean IU=0.63339
2020-10-20 08:46:31 | Test | [ 38/120] Train_class_acc=[0.9958817459255861, 0.3934741508571176]
2020-10-20 08:47:37 | Iter | [ 38/120] valid loss=0.15901
2020-10-20 08:47:37 | Test | [ 38/120] Valid Acc=0.69975
2020-10-20 08:47:37 | Test | [ 38/120] Valid Mean IU=0.63707
2020-10-20 08:47:37 | Test | [ 38/120] Valid Class Acc=[0.9930637572661276, 0.6920634920634606]
2020-10-20 08:50:37 | Iter | [ 39/120] train loss=0.13971
2020-10-20 08:50:37 | Test | [ 39/120] Train Acc=0.68191
2020-10-20 08:50:37 | Test | [ 39/120] Train Mean IU=0.63156
2020-10-20 08:50:37 | Test | [ 39/120] Train_class_acc=[0.9960688719214842, 0.36775565889676337]
2020-10-20 08:51:43 | Iter | [ 39/120] valid loss=0.14890
2020-10-20 08:51:43 | Test | [ 39/120] Valid Acc=0.65050
2020-10-20 08:51:43 | Test | [ 39/120] Valid Mean IU=0.61058
2020-10-20 08:51:43 | Test | [ 39/120] Valid Class Acc=[0.997195940864051, 0.36913451511990375]
2020-10-20 08:54:44 | Iter | [ 40/120] train loss=0.13681
2020-10-20 08:54:44 | Test | [ 40/120] Train Acc=0.68763
2020-10-20 08:54:44 | Test | [ 40/120] Train Mean IU=0.63365
2020-10-20 08:54:44 | Test | [ 40/120] Train_class_acc=[0.9962984398744922, 0.3789619411873942]
2020-10-20 08:55:50 | Iter | [ 40/120] valid loss=0.14334
2020-10-20 08:55:50 | Test | [ 40/120] Valid Acc=0.61442
2020-10-20 08:55:50 | Test | [ 40/120] Valid Mean IU=0.58921
2020-10-20 08:55:50 | Test | [ 40/120] Valid Class Acc=[0.996392229417206, 0.44489644970412556]
2020-10-20 08:58:47 | Iter | [ 41/120] train loss=0.13458
2020-10-20 08:58:47 | Test | [ 41/120] Train Acc=0.73718
2020-10-20 08:58:47 | Test | [ 41/120] Train Mean IU=0.65187
2020-10-20 08:58:47 | Test | [ 41/120] Train_class_acc=[0.9942834269121298, 0.4800785068357774]
2020-10-20 08:59:47 | Iter | [ 41/120] valid loss=0.14262
2020-10-20 08:59:47 | Test | [ 41/120] Valid Acc=0.66780
2020-10-20 08:59:47 | Test | [ 41/120] Valid Mean IU=0.62236
2020-10-20 08:59:47 | Test | [ 41/120] Valid Class Acc=[0.9942242473580848, 0.5671288468041743]
2020-10-20 09:02:33 | Iter | [ 42/120] train loss=0.13324
2020-10-20 09:02:33 | Test | [ 42/120] Train Acc=0.68705
2020-10-20 09:02:33 | Test | [ 42/120] Train Mean IU=0.63517
2020-10-20 09:02:33 | Test | [ 42/120] Train_class_acc=[0.996317654966017, 0.3777884730908861]
2020-10-20 09:03:34 | Iter | [ 42/120] valid loss=0.14235
2020-10-20 09:03:34 | Test | [ 42/120] Valid Acc=0.61964
2020-10-20 09:03:34 | Test | [ 42/120] Valid Mean IU=0.59228
2020-10-20 09:03:34 | Test | [ 42/120] Valid Class Acc=[0.9945450544529416, 0.5788628332797758]
2020-10-20 09:06:13 | Iter | [ 43/120] train loss=0.13222
2020-10-20 09:06:13 | Test | [ 43/120] Train Acc=0.71949
2020-10-20 09:06:13 | Test | [ 43/120] Train Mean IU=0.65138
2020-10-20 09:06:13 | Test | [ 43/120] Train_class_acc=[0.99476290218397, 0.44420910389144114]
2020-10-20 09:07:13 | Iter | [ 43/120] valid loss=0.13690
2020-10-20 09:07:13 | Test | [ 43/120] Valid Acc=0.60359
2020-10-20 09:07:13 | Test | [ 43/120] Valid Mean IU=0.58112
2020-10-20 09:07:13 | Test | [ 43/120] Valid Class Acc=[0.9941256868051174, 0.2573951434878549]
2020-10-20 09:09:52 | Iter | [ 44/120] train loss=0.12953
2020-10-20 09:09:52 | Test | [ 44/120] Train Acc=0.69323
2020-10-20 09:09:52 | Test | [ 44/120] Train Mean IU=0.64125
2020-10-20 09:09:52 | Test | [ 44/120] Train_class_acc=[0.9958800178607828, 0.39057842210274923]
2020-10-20 09:10:53 | Iter | [ 44/120] valid loss=0.13644
2020-10-20 09:10:53 | Test | [ 44/120] Valid Acc=0.57371
2020-10-20 09:10:53 | Test | [ 44/120] Valid Mean IU=0.55898
2020-10-20 09:10:53 | Test | [ 44/120] Valid Class Acc=[0.9953826699305077, 0.48381649310440517]
2020-10-20 09:13:48 | Iter | [ 45/120] train loss=0.12680
2020-10-20 09:13:48 | Test | [ 45/120] Train Acc=0.72074
2020-10-20 09:13:48 | Test | [ 45/120] Train Mean IU=0.65322
2020-10-20 09:13:48 | Test | [ 45/120] Train_class_acc=[0.9951302045810166, 0.4463443579164699]
2020-10-20 09:14:53 | Iter | [ 45/120] valid loss=0.13474
2020-10-20 09:14:53 | Test | [ 45/120] Valid Acc=0.61679
2020-10-20 09:14:53 | Test | [ 45/120] Valid Mean IU=0.58981
2020-10-20 09:14:53 | Test | [ 45/120] Valid Class Acc=[0.9926788801355159, 0.5770198490354884]
2020-10-20 09:17:31 | Iter | [ 46/120] train loss=0.12476
2020-10-20 09:17:31 | Test | [ 46/120] Train Acc=0.70908
2020-10-20 09:17:31 | Test | [ 46/120] Train Mean IU=0.64879
2020-10-20 09:17:31 | Test | [ 46/120] Train_class_acc=[0.9952775985844103, 0.42289028476006235]
2020-10-20 09:18:31 | Iter | [ 46/120] valid loss=0.12979
2020-10-20 09:18:31 | Test | [ 46/120] Valid Acc=0.56302
2020-10-20 09:18:31 | Test | [ 46/120] Valid Mean IU=0.55020
2020-10-20 09:18:31 | Test | [ 46/120] Valid Class Acc=[0.9958414589965541, 0.5156833457804139]
2020-10-20 09:21:09 | Iter | [ 47/120] train loss=0.12253
2020-10-20 09:21:09 | Test | [ 47/120] Train Acc=0.71377
2020-10-20 09:21:09 | Test | [ 47/120] Train Mean IU=0.65025
2020-10-20 09:21:09 | Test | [ 47/120] Train_class_acc=[0.9955247694812885, 0.43200939402271016]
2020-10-20 09:22:10 | Iter | [ 47/120] valid loss=0.12641
2020-10-20 09:22:10 | Test | [ 47/120] Valid Acc=0.56960
2020-10-20 09:22:10 | Test | [ 47/120] Valid Mean IU=0.55536
2020-10-20 09:22:10 | Test | [ 47/120] Valid Class Acc=[0.9952390658108776, 0.6072951207958026]
2020-10-20 09:24:51 | Iter | [ 48/120] train loss=0.12108
2020-10-20 09:24:51 | Test | [ 48/120] Train Acc=0.71609
2020-10-20 09:24:51 | Test | [ 48/120] Train Mean IU=0.65357
2020-10-20 09:24:51 | Test | [ 48/120] Train_class_acc=[0.9952313883847368, 0.43695772073567113]
2020-10-20 09:25:54 | Iter | [ 48/120] valid loss=0.12653
2020-10-20 09:25:54 | Test | [ 48/120] Valid Acc=0.57101
2020-10-20 09:25:54 | Test | [ 48/120] Valid Mean IU=0.55653
2020-10-20 09:25:54 | Test | [ 48/120] Valid Class Acc=[0.9952895988623933, 0.4664679582712231]
2020-10-20 09:28:52 | Iter | [ 49/120] train loss=0.11934
2020-10-20 09:28:52 | Test | [ 49/120] Train Acc=0.70258
2020-10-20 09:28:52 | Test | [ 49/120] Train Mean IU=0.64362
2020-10-20 09:28:52 | Test | [ 49/120] Train_class_acc=[0.9956750696420359, 0.40949057005256567]
2020-10-20 09:29:56 | Iter | [ 49/120] valid loss=0.12318
2020-10-20 09:29:56 | Test | [ 49/120] Valid Acc=0.63169
2020-10-20 09:29:56 | Test | [ 49/120] Valid Mean IU=0.59964
2020-10-20 09:29:56 | Test | [ 49/120] Valid Class Acc=[0.9976942684999223, 0.24596774193547627]
2020-10-20 09:32:54 | Iter | [ 50/120] train loss=0.11722
2020-10-20 09:32:54 | Test | [ 50/120] Train Acc=0.75613
2020-10-20 09:32:54 | Test | [ 50/120] Train Mean IU=0.66940
2020-10-20 09:32:54 | Test | [ 50/120] Train_class_acc=[0.9944001284669789, 0.517852547404268]
2020-10-20 09:33:59 | Iter | [ 50/120] valid loss=0.12301
2020-10-20 09:33:59 | Test | [ 50/120] Valid Acc=0.56621
2020-10-20 09:33:59 | Test | [ 50/120] Valid Mean IU=0.55282
2020-10-20 09:33:59 | Test | [ 50/120] Valid Class Acc=[0.9957541486548385, 0.546802202456563]
2020-10-20 09:36:56 | Iter | [ 51/120] train loss=0.11697
2020-10-20 09:36:56 | Test | [ 51/120] Train Acc=0.70910
2020-10-20 09:36:56 | Test | [ 51/120] Train Mean IU=0.64164
2020-10-20 09:36:56 | Test | [ 51/120] Train_class_acc=[0.9959154515280476, 0.42228922324758145]
2020-10-20 09:37:58 | Iter | [ 51/120] valid loss=0.12156
2020-10-20 09:37:58 | Test | [ 51/120] Valid Acc=0.70177
2020-10-20 09:37:58 | Test | [ 51/120] Valid Mean IU=0.64176
2020-10-20 09:37:58 | Test | [ 51/120] Valid Class Acc=[0.9958881958881955, 0.4147254575706983]
2020-10-20 09:41:08 | Iter | [ 52/120] train loss=0.11455
2020-10-20 09:41:08 | Test | [ 52/120] Train Acc=0.71471
2020-10-20 09:41:08 | Test | [ 52/120] Train Mean IU=0.64968
2020-10-20 09:41:08 | Test | [ 52/120] Train_class_acc=[0.9957404186858888, 0.4336744084366861]
2020-10-20 09:42:23 | Iter | [ 52/120] valid loss=0.11727
2020-10-20 09:42:23 | Test | [ 52/120] Valid Acc=0.61997
2020-10-20 09:42:23 | Test | [ 52/120] Valid Mean IU=0.59288
2020-10-20 09:42:23 | Test | [ 52/120] Valid Class Acc=[0.9956249374716213, 0.5702917771883037]
2020-10-20 09:45:44 | Iter | [ 53/120] train loss=0.11249
2020-10-20 09:45:44 | Test | [ 53/120] Train Acc=0.71505
2020-10-20 09:45:44 | Test | [ 53/120] Train Mean IU=0.65165
2020-10-20 09:45:44 | Test | [ 53/120] Train_class_acc=[0.995367894140173, 0.43473817454398117]
2020-10-20 09:47:00 | Iter | [ 53/120] valid loss=0.11722
2020-10-20 09:47:00 | Test | [ 53/120] Valid Acc=0.64459
2020-10-20 09:47:00 | Test | [ 53/120] Valid Mean IU=0.60853
2020-10-20 09:47:00 | Test | [ 53/120] Valid Class Acc=[0.9943568419915755, 0.5497925311203129]
2020-10-20 09:50:29 | Iter | [ 54/120] train loss=0.11098
2020-10-20 09:50:29 | Test | [ 54/120] Train Acc=0.70492
2020-10-20 09:50:29 | Test | [ 54/120] Train Mean IU=0.64665
2020-10-20 09:50:29 | Test | [ 54/120] Train_class_acc=[0.9955474079713317, 0.4142965028587788]
2020-10-20 09:51:55 | Iter | [ 54/120] valid loss=0.11562
2020-10-20 09:51:55 | Test | [ 54/120] Valid Acc=0.62775
2020-10-20 09:51:55 | Test | [ 54/120] Valid Mean IU=0.59787
2020-10-20 09:51:55 | Test | [ 54/120] Valid Class Acc=[0.9961383848408432, 0.42574568288852666]
2020-10-20 09:55:35 | Iter | [ 55/120] train loss=0.10949
2020-10-20 09:55:35 | Test | [ 55/120] Train Acc=0.73847
2020-10-20 09:55:35 | Test | [ 55/120] Train Mean IU=0.66308
2020-10-20 09:55:35 | Test | [ 55/120] Train_class_acc=[0.9945967341964459, 0.482344186938138]
2020-10-20 09:56:57 | Iter | [ 55/120] valid loss=0.11625
2020-10-20 09:56:57 | Test | [ 55/120] Valid Acc=0.57289
2020-10-20 09:56:57 | Test | [ 55/120] Valid Mean IU=0.55803
2020-10-20 09:56:57 | Test | [ 55/120] Valid Class Acc=[0.9961697806504419, 0.33640114249443553]
2020-10-20 10:00:35 | Iter | [ 56/120] train loss=0.10806
2020-10-20 10:00:35 | Test | [ 56/120] Train Acc=0.72115
2020-10-20 10:00:35 | Test | [ 56/120] Train Mean IU=0.65611
2020-10-20 10:00:35 | Test | [ 56/120] Train_class_acc=[0.995370668073346, 0.4469256988230001]
2020-10-20 10:01:59 | Iter | [ 56/120] valid loss=0.11492
2020-10-20 10:01:59 | Test | [ 56/120] Valid Acc=0.62275
2020-10-20 10:01:59 | Test | [ 56/120] Valid Mean IU=0.59365
2020-10-20 10:01:59 | Test | [ 56/120] Valid Class Acc=[0.9958025015239077, 0.4609109449354024]
2020-10-20 10:05:43 | Iter | [ 57/120] train loss=0.10744
2020-10-20 10:05:43 | Test | [ 57/120] Train Acc=0.71926
2020-10-20 10:05:43 | Test | [ 57/120] Train Mean IU=0.65021
2020-10-20 10:05:43 | Test | [ 57/120] Train_class_acc=[0.9954841159552927, 0.44303153596470296]
2020-10-20 10:07:04 | Iter | [ 57/120] valid loss=0.14079
2020-10-20 10:07:04 | Test | [ 57/120] Valid Acc=0.74698
2020-10-20 10:07:04 | Test | [ 57/120] Valid Mean IU=0.64720
2020-10-20 10:07:04 | Test | [ 57/120] Valid Class Acc=[0.9934111489381408, 0.5817589576547042]
2020-10-20 10:10:45 | Iter | [ 58/120] train loss=0.10566
2020-10-20 10:10:45 | Test | [ 58/120] Train Acc=0.73316
2020-10-20 10:10:45 | Test | [ 58/120] Train Mean IU=0.65730
2020-10-20 10:10:45 | Test | [ 58/120] Train_class_acc=[0.9948551583710571, 0.4714598792548917]
2020-10-20 10:12:10 | Iter | [ 58/120] valid loss=0.10916
2020-10-20 10:12:10 | Test | [ 58/120] Valid Acc=0.61399
2020-10-20 10:12:10 | Test | [ 58/120] Valid Mean IU=0.58886
2020-10-20 10:12:10 | Test | [ 58/120] Valid Class Acc=[0.995740501819722, 0.5106468461229204]
2020-10-20 10:15:53 | Iter | [ 59/120] train loss=0.10476
2020-10-20 10:15:53 | Test | [ 59/120] Train Acc=0.74031
2020-10-20 10:15:53 | Test | [ 59/120] Train Mean IU=0.66288
2020-10-20 10:15:53 | Test | [ 59/120] Train_class_acc=[0.9949608818601158, 0.48565698698667653]
2020-10-20 10:17:15 | Iter | [ 59/120] valid loss=0.10834
2020-10-20 10:17:15 | Test | [ 59/120] Valid Acc=0.64713
2020-10-20 10:17:15 | Test | [ 59/120] Valid Mean IU=0.61027
2020-10-20 10:17:15 | Test | [ 59/120] Valid Class Acc=[0.9925420042495918, 0.6442477876105966]
2020-10-20 10:20:54 | Iter | [ 60/120] train loss=0.10255
2020-10-20 10:20:54 | Test | [ 60/120] Train Acc=0.72762
2020-10-20 10:20:54 | Test | [ 60/120] Train Mean IU=0.65879
2020-10-20 10:20:54 | Test | [ 60/120] Train_class_acc=[0.9950729055937928, 0.460160860958894]
2020-10-20 10:22:17 | Iter | [ 60/120] valid loss=0.10755
2020-10-20 10:22:17 | Test | [ 60/120] Valid Acc=0.60138
2020-10-20 10:22:17 | Test | [ 60/120] Valid Mean IU=0.57984
2020-10-20 10:22:17 | Test | [ 60/120] Valid Class Acc=[0.9972050109058618, 0.2878739144419335]
2020-10-20 10:26:03 | Iter | [ 61/120] train loss=0.10075
2020-10-20 10:26:03 | Test | [ 61/120] Train Acc=0.73021
2020-10-20 10:26:03 | Test | [ 61/120] Train Mean IU=0.66170
2020-10-20 10:26:03 | Test | [ 61/120] Train_class_acc=[0.9951784717570528, 0.46525089989682505]
2020-10-20 10:27:28 | Iter | [ 61/120] valid loss=0.10579
2020-10-20 10:27:28 | Test | [ 61/120] Valid Acc=0.61024
2020-10-20 10:27:28 | Test | [ 61/120] Valid Mean IU=0.58595
2020-10-20 10:27:28 | Test | [ 61/120] Valid Class Acc=[0.9962972534105765, 0.4855752519985928]
2020-10-20 10:31:11 | Iter | [ 62/120] train loss=0.09922
2020-10-20 10:31:11 | Test | [ 62/120] Train Acc=0.74440
2020-10-20 10:31:11 | Test | [ 62/120] Train Mean IU=0.66863
2020-10-20 10:31:11 | Test | [ 62/120] Train_class_acc=[0.9946326132456509, 0.49416613068500714]
2020-10-20 10:32:36 | Iter | [ 62/120] valid loss=0.10329
2020-10-20 10:32:36 | Test | [ 62/120] Valid Acc=0.62800
2020-10-20 10:32:36 | Test | [ 62/120] Valid Mean IU=0.59798
2020-10-20 10:32:36 | Test | [ 62/120] Valid Class Acc=[0.995202552473286, 0.55758266818698]
2020-10-20 10:36:20 | Iter | [ 63/120] train loss=0.10077
2020-10-20 10:36:20 | Test | [ 63/120] Train Acc=0.72092
2020-10-20 10:36:20 | Test | [ 63/120] Train Mean IU=0.65662
2020-10-20 10:36:20 | Test | [ 63/120] Train_class_acc=[0.9950525818648989, 0.4467862421790653]
2020-10-20 10:37:45 | Iter | [ 63/120] valid loss=0.10307
2020-10-20 10:37:45 | Test | [ 63/120] Valid Acc=0.67388
2020-10-20 10:37:45 | Test | [ 63/120] Valid Mean IU=0.62384
2020-10-20 10:37:45 | Test | [ 63/120] Valid Class Acc=[0.9931732054191109, 0.2863903628280469]
2020-10-20 10:41:33 | Iter | [ 64/120] train loss=0.09798
2020-10-20 10:41:33 | Test | [ 64/120] Train Acc=0.73277
2020-10-20 10:41:33 | Test | [ 64/120] Train Mean IU=0.65851
2020-10-20 10:41:33 | Test | [ 64/120] Train_class_acc=[0.9948396421518356, 0.47069916499151826]
2020-10-20 10:43:02 | Iter | [ 64/120] valid loss=0.10282
2020-10-20 10:43:02 | Test | [ 64/120] Valid Acc=0.63598
2020-10-20 10:43:02 | Test | [ 64/120] Valid Mean IU=0.60282
2020-10-20 10:43:02 | Test | [ 64/120] Valid Class Acc=[0.9960153528378083, 0.5226586102718835]
2020-10-20 10:46:49 | Iter | [ 65/120] train loss=0.09590
2020-10-20 10:46:49 | Test | [ 65/120] Train Acc=0.74310
2020-10-20 10:46:49 | Test | [ 65/120] Train Mean IU=0.66681
2020-10-20 10:46:49 | Test | [ 65/120] Train_class_acc=[0.9947282605264212, 0.491463285245718]
2020-10-20 10:48:14 | Iter | [ 65/120] valid loss=0.10213
2020-10-20 10:48:14 | Test | [ 65/120] Valid Acc=0.63149
2020-10-20 10:48:14 | Test | [ 65/120] Valid Mean IU=0.59977
2020-10-20 10:48:14 | Test | [ 65/120] Valid Class Acc=[0.9960928309426187, 0.49704553354186665]
2020-10-20 10:52:02 | Iter | [ 66/120] train loss=0.09441
2020-10-20 10:52:02 | Test | [ 66/120] Train Acc=0.74571
2020-10-20 10:52:02 | Test | [ 66/120] Train Mean IU=0.67087
2020-10-20 10:52:02 | Test | [ 66/120] Train_class_acc=[0.9947799251231401, 0.4966410104279518]
2020-10-20 10:53:28 | Iter | [ 66/120] valid loss=0.09963
2020-10-20 10:53:28 | Test | [ 66/120] Valid Acc=0.65093
2020-10-20 10:53:28 | Test | [ 66/120] Valid Mean IU=0.61270
2020-10-20 10:53:28 | Test | [ 66/120] Valid Class Acc=[0.9961583263262643, 0.49028452463565264]
2020-10-20 10:57:13 | Iter | [ 67/120] train loss=0.09334
2020-10-20 10:57:13 | Test | [ 67/120] Train Acc=0.75554
2020-10-20 10:57:13 | Test | [ 67/120] Train Mean IU=0.67193
2020-10-20 10:57:13 | Test | [ 67/120] Train_class_acc=[0.9945881051912345, 0.5164978972148885]
2020-10-20 10:58:38 | Iter | [ 67/120] valid loss=0.10078
2020-10-20 10:58:38 | Test | [ 67/120] Valid Acc=0.59601
2020-10-20 10:58:38 | Test | [ 67/120] Valid Mean IU=0.57546
2020-10-20 10:58:38 | Test | [ 67/120] Valid Class Acc=[0.9941850165977337, 0.6275303643724442]
2020-10-20 11:02:23 | Iter | [ 68/120] train loss=0.09196
2020-10-20 11:02:23 | Test | [ 68/120] Train Acc=0.74706
2020-10-20 11:02:23 | Test | [ 68/120] Train Mean IU=0.67026
2020-10-20 11:02:23 | Test | [ 68/120] Train_class_acc=[0.9950362684322274, 0.49909117527637653]
2020-10-20 11:03:48 | Iter | [ 68/120] valid loss=0.09732
2020-10-20 11:03:48 | Test | [ 68/120] Valid Acc=0.66865
2020-10-20 11:03:48 | Test | [ 68/120] Valid Mean IU=0.62167
2020-10-20 11:03:48 | Test | [ 68/120] Valid Class Acc=[0.99447403180031, 0.6615197074359748]
2020-10-20 11:07:37 | Iter | [ 69/120] train loss=0.09050
2020-10-20 11:07:37 | Test | [ 69/120] Train Acc=0.74719
2020-10-20 11:07:37 | Test | [ 69/120] Train Mean IU=0.67204
2020-10-20 11:07:37 | Test | [ 69/120] Train_class_acc=[0.9948637205958385, 0.49950819641016536]
2020-10-20 11:09:03 | Iter | [ 69/120] valid loss=0.09642
2020-10-20 11:09:03 | Test | [ 69/120] Valid Acc=0.62865
2020-10-20 11:09:03 | Test | [ 69/120] Valid Mean IU=0.59845
2020-10-20 11:09:03 | Test | [ 69/120] Valid Class Acc=[0.9962337247230166, 0.498178874949393]
2020-10-20 11:12:50 | Iter | [ 70/120] train loss=0.08930
2020-10-20 11:12:50 | Test | [ 70/120] Train Acc=0.75644
2020-10-20 11:12:50 | Test | [ 70/120] Train Mean IU=0.67714
2020-10-20 11:12:50 | Test | [ 70/120] Train_class_acc=[0.9947730405919222, 0.5181037401188424]
2020-10-20 11:14:15 | Iter | [ 70/120] valid loss=0.09574
2020-10-20 11:14:15 | Test | [ 70/120] Valid Acc=0.62392
2020-10-20 11:14:15 | Test | [ 70/120] Valid Mean IU=0.59486
2020-10-20 11:14:15 | Test | [ 70/120] Valid Class Acc=[0.995807596419502, 0.5736581652074392]
2020-10-20 11:18:00 | Iter | [ 71/120] train loss=0.08799
2020-10-20 11:18:00 | Test | [ 71/120] Train Acc=0.76308
2020-10-20 11:18:00 | Test | [ 71/120] Train Mean IU=0.67986
2020-10-20 11:18:00 | Test | [ 71/120] Train_class_acc=[0.9946344599383123, 0.5315172697231264]
2020-10-20 11:19:25 | Iter | [ 71/120] valid loss=0.09453
2020-10-20 11:19:25 | Test | [ 71/120] Valid Acc=0.63448
2020-10-20 11:19:25 | Test | [ 71/120] Valid Mean IU=0.60196
2020-10-20 11:19:25 | Test | [ 71/120] Valid Class Acc=[0.9954176133081749, 0.591687041564768]
2020-10-20 11:23:11 | Iter | [ 72/120] train loss=0.08697
2020-10-20 11:23:11 | Test | [ 72/120] Train Acc=0.75296
2020-10-20 11:23:11 | Test | [ 72/120] Train Mean IU=0.67637
2020-10-20 11:23:11 | Test | [ 72/120] Train_class_acc=[0.9948513059298058, 0.5110717454696901]
2020-10-20 11:24:36 | Iter | [ 72/120] valid loss=0.09466
2020-10-20 11:24:36 | Test | [ 72/120] Valid Acc=0.61745
2020-10-20 11:24:36 | Test | [ 72/120] Valid Mean IU=0.59044
2020-10-20 11:24:36 | Test | [ 72/120] Valid Class Acc=[0.9952485366032235, 0.5965973534971419]
2020-10-20 11:28:22 | Iter | [ 73/120] train loss=0.08629
2020-10-20 11:28:22 | Test | [ 73/120] Train Acc=0.75708
2020-10-20 11:28:22 | Test | [ 73/120] Train Mean IU=0.67618
2020-10-20 11:28:22 | Test | [ 73/120] Train_class_acc=[0.9947673745560972, 0.5193875840066191]
2020-10-20 11:29:48 | Iter | [ 73/120] valid loss=0.09265
2020-10-20 11:29:48 | Test | [ 73/120] Valid Acc=0.66030
2020-10-20 11:29:48 | Test | [ 73/120] Valid Mean IU=0.61733
2020-10-20 11:29:48 | Test | [ 73/120] Valid Class Acc=[0.9974391854684361, 0.38358390898007383]
2020-10-20 11:33:37 | Iter | [ 74/120] train loss=0.08767
2020-10-20 11:33:37 | Test | [ 74/120] Train Acc=0.74652
2020-10-20 11:33:37 | Test | [ 74/120] Train Mean IU=0.66994
2020-10-20 11:33:37 | Test | [ 74/120] Train_class_acc=[0.9945975358100432, 0.4984407233375256]
2020-10-20 11:35:06 | Iter | [ 74/120] valid loss=0.09192
2020-10-20 11:35:06 | Test | [ 74/120] Valid Acc=0.62820
2020-10-20 11:35:06 | Test | [ 74/120] Valid Mean IU=0.59778
2020-10-20 11:35:06 | Test | [ 74/120] Valid Class Acc=[0.9927980836708207, 0.34341863424289065]
2020-10-20 11:38:52 | Iter | [ 75/120] train loss=0.08720
2020-10-20 11:38:52 | Test | [ 75/120] Train Acc=0.75879
2020-10-20 11:38:52 | Test | [ 75/120] Train Mean IU=0.67446
2020-10-20 11:38:52 | Test | [ 75/120] Train_class_acc=[0.9938980322107978, 0.5236810334022681]
2020-10-20 11:40:16 | Iter | [ 75/120] valid loss=0.08995
2020-10-20 11:40:16 | Test | [ 75/120] Valid Acc=0.70382
2020-10-20 11:40:16 | Test | [ 75/120] Valid Mean IU=0.64238
2020-10-20 11:40:16 | Test | [ 75/120] Valid Class Acc=[0.9925221497057797, 0.34761267291387254]
2020-10-20 11:44:07 | Iter | [ 76/120] train loss=0.08401
2020-10-20 11:44:07 | Test | [ 76/120] Train Acc=0.74766
2020-10-20 11:44:07 | Test | [ 76/120] Train Mean IU=0.67149
2020-10-20 11:44:07 | Test | [ 76/120] Train_class_acc=[0.9947290225375306, 0.5005987905812822]
2020-10-20 11:45:32 | Iter | [ 76/120] valid loss=0.08996
2020-10-20 11:45:32 | Test | [ 76/120] Valid Acc=0.64000
2020-10-20 11:45:32 | Test | [ 76/120] Valid Mean IU=0.60533
2020-10-20 11:45:32 | Test | [ 76/120] Valid Class Acc=[0.9942217741779735, 0.5988892317185869]
2020-10-20 11:49:18 | Iter | [ 77/120] train loss=0.08322
2020-10-20 11:49:18 | Test | [ 77/120] Train Acc=0.76892
2020-10-20 11:49:18 | Test | [ 77/120] Train Mean IU=0.68082
2020-10-20 11:49:18 | Test | [ 77/120] Train_class_acc=[0.9943842826269597, 0.5434597409614866]
2020-10-20 11:50:47 | Iter | [ 77/120] valid loss=0.09110
2020-10-20 11:50:47 | Test | [ 77/120] Valid Acc=0.66021
2020-10-20 11:50:47 | Test | [ 77/120] Valid Mean IU=0.61871
2020-10-20 11:50:47 | Test | [ 77/120] Valid Class Acc=[0.99355530024332, 0.5804234259004515]
2020-10-20 11:54:33 | Iter | [ 78/120] train loss=0.08165
2020-10-20 11:54:33 | Test | [ 78/120] Train Acc=0.74570
2020-10-20 11:54:33 | Test | [ 78/120] Train Mean IU=0.66962
2020-10-20 11:54:33 | Test | [ 78/120] Train_class_acc=[0.9949913141444817, 0.4964039020974513]
2020-10-20 11:55:59 | Iter | [ 78/120] valid loss=0.08825
2020-10-20 11:55:59 | Test | [ 78/120] Valid Acc=0.65216
2020-10-20 11:55:59 | Test | [ 78/120] Valid Mean IU=0.61269
2020-10-20 11:55:59 | Test | [ 78/120] Valid Class Acc=[0.9952682844261156, 0.5560109289617233]
2020-10-20 11:59:44 | Iter | [ 79/120] train loss=0.08174
2020-10-20 11:59:44 | Test | [ 79/120] Train Acc=0.76422
2020-10-20 11:59:44 | Test | [ 79/120] Train Mean IU=0.67978
2020-10-20 11:59:44 | Test | [ 79/120] Train_class_acc=[0.9944910436837122, 0.5339470048107481]
2020-10-20 12:01:08 | Iter | [ 79/120] valid loss=0.08808
2020-10-20 12:01:08 | Test | [ 79/120] Valid Acc=0.67287
2020-10-20 12:01:08 | Test | [ 79/120] Valid Mean IU=0.62620
2020-10-20 12:01:08 | Test | [ 79/120] Valid Class Acc=[0.9936803174897306, 0.6037917737789009]
2020-10-20 12:04:59 | Iter | [ 80/120] train loss=0.08028
2020-10-20 12:04:59 | Test | [ 80/120] Train Acc=0.75483
2020-10-20 12:04:59 | Test | [ 80/120] Train Mean IU=0.67254
2020-10-20 12:04:59 | Test | [ 80/120] Train_class_acc=[0.9948360884748458, 0.514826245468131]
2020-10-20 12:06:28 | Iter | [ 80/120] valid loss=0.08725
2020-10-20 12:06:28 | Test | [ 80/120] Valid Acc=0.69998
2020-10-20 12:06:28 | Test | [ 80/120] Valid Mean IU=0.63922
2020-10-20 12:06:28 | Test | [ 80/120] Valid Class Acc=[0.9931404287424501, 0.7615417196103024]
2020-10-20 12:10:14 | Iter | [ 81/120] train loss=0.07905
2020-10-20 12:10:14 | Test | [ 81/120] Train Acc=0.75168
2020-10-20 12:10:14 | Test | [ 81/120] Train Mean IU=0.67273
2020-10-20 12:10:14 | Test | [ 81/120] Train_class_acc=[0.9948915571971534, 0.5084587581084777]
2020-10-20 12:11:41 | Iter | [ 81/120] valid loss=0.08903
2020-10-20 12:11:41 | Test | [ 81/120] Valid Acc=0.58457
2020-10-20 12:11:41 | Test | [ 81/120] Valid Mean IU=0.56720
2020-10-20 12:11:41 | Test | [ 81/120] Valid Class Acc=[0.9938816032508309, 0.7363556338027845]
2020-10-20 12:15:27 | Iter | [ 82/120] train loss=0.07866
2020-10-20 12:15:27 | Test | [ 82/120] Train Acc=0.74995
2020-10-20 12:15:27 | Test | [ 82/120] Train Mean IU=0.67280
2020-10-20 12:15:27 | Test | [ 82/120] Train_class_acc=[0.9947621330715392, 0.5051397386013269]
2020-10-20 12:16:52 | Iter | [ 82/120] valid loss=0.08624
2020-10-20 12:16:52 | Test | [ 82/120] Valid Acc=0.60918
2020-10-20 12:16:52 | Test | [ 82/120] Valid Mean IU=0.58325
2020-10-20 12:16:52 | Test | [ 82/120] Valid Class Acc=[0.9971398946155237, 0.3162550681901837]
2020-10-20 12:20:39 | Iter | [ 83/120] train loss=0.07776
2020-10-20 12:20:39 | Test | [ 83/120] Train Acc=0.76644
2020-10-20 12:20:39 | Test | [ 83/120] Train Mean IU=0.67821
2020-10-20 12:20:39 | Test | [ 83/120] Train_class_acc=[0.9945881860810477, 0.5383009803759239]
2020-10-20 12:22:05 | Iter | [ 83/120] valid loss=0.08389
2020-10-20 12:22:05 | Test | [ 83/120] Valid Acc=0.63576
2020-10-20 12:22:05 | Test | [ 83/120] Valid Mean IU=0.60279
2020-10-20 12:22:05 | Test | [ 83/120] Valid Class Acc=[0.9942932820578159, 0.49412884798475104]
2020-10-20 12:25:51 | Iter | [ 84/120] train loss=0.07631
2020-10-20 12:25:51 | Test | [ 84/120] Train Acc=0.76330
2020-10-20 12:25:51 | Test | [ 84/120] Train Mean IU=0.67937
2020-10-20 12:25:51 | Test | [ 84/120] Train_class_acc=[0.9945459714312567, 0.5320449871076252]
2020-10-20 12:27:17 | Iter | [ 84/120] valid loss=0.08319
2020-10-20 12:27:17 | Test | [ 84/120] Valid Acc=0.72255
2020-10-20 12:27:17 | Test | [ 84/120] Valid Mean IU=0.64882
2020-10-20 12:27:17 | Test | [ 84/120] Valid Class Acc=[0.9935707678075852, 0.7181952662721628]
2020-10-20 12:31:04 | Iter | [ 85/120] train loss=0.07839
2020-10-20 12:31:04 | Test | [ 85/120] Train Acc=0.72785
2020-10-20 12:31:04 | Test | [ 85/120] Train Mean IU=0.66132
2020-10-20 12:31:04 | Test | [ 85/120] Train_class_acc=[0.995024640120257, 0.4606801201971062]
2020-10-20 12:32:29 | Iter | [ 85/120] valid loss=0.08189
2020-10-20 12:32:29 | Test | [ 85/120] Valid Acc=0.65001
2020-10-20 12:32:29 | Test | [ 85/120] Valid Mean IU=0.61025
2020-10-20 12:32:29 | Test | [ 85/120] Valid Class Acc=[0.9915410987146707, 0.40087988268230373]
2020-10-20 12:36:16 | Iter | [ 86/120] train loss=0.07721
2020-10-20 12:36:16 | Test | [ 86/120] Train Acc=0.76848
2020-10-20 12:36:16 | Test | [ 86/120] Train Mean IU=0.67846
2020-10-20 12:36:17 | Test | [ 86/120] Train_class_acc=[0.994057152140671, 0.5429002289212259]
2020-10-20 12:37:41 | Iter | [ 86/120] valid loss=0.07844
2020-10-20 12:37:41 | Test | [ 86/120] Valid Acc=0.66611
2020-10-20 12:37:41 | Test | [ 86/120] Valid Mean IU=0.62156
2020-10-20 12:37:41 | Test | [ 86/120] Valid Class Acc=[0.9921642915572392, 0.39250789829997906]
2020-10-20 12:41:28 | Iter | [ 87/120] train loss=0.07442
2020-10-20 12:41:28 | Test | [ 87/120] Train Acc=0.76968
2020-10-20 12:41:29 | Test | [ 87/120] Train Mean IU=0.68502
2020-10-20 12:41:29 | Test | [ 87/120] Train_class_acc=[0.9944610032490343, 0.5448910889027364]
2020-10-20 12:42:56 | Iter | [ 87/120] valid loss=0.08144
2020-10-20 12:42:56 | Test | [ 87/120] Valid Acc=0.64847
2020-10-20 12:42:56 | Test | [ 87/120] Valid Mean IU=0.61035
2020-10-20 12:42:56 | Test | [ 87/120] Valid Class Acc=[0.9945194792153467, 0.6321660985435192]
2020-10-20 12:46:43 | Iter | [ 88/120] train loss=0.07300
2020-10-20 12:46:43 | Test | [ 88/120] Train Acc=0.77257
2020-10-20 12:46:43 | Test | [ 88/120] Train Mean IU=0.68535
2020-10-20 12:46:43 | Test | [ 88/120] Train_class_acc=[0.9944101938801598, 0.5507273726560424]
2020-10-20 12:48:12 | Iter | [ 88/120] valid loss=0.08024
2020-10-20 12:48:12 | Test | [ 88/120] Valid Acc=0.65466
2020-10-20 12:48:12 | Test | [ 88/120] Valid Mean IU=0.61592
2020-10-20 12:48:12 | Test | [ 88/120] Valid Class Acc=[0.9953900559119259, 0.604139145750744]
2020-10-20 12:51:59 | Iter | [ 89/120] train loss=0.07224
2020-10-20 12:51:59 | Test | [ 89/120] Train Acc=0.76061
2020-10-20 12:51:59 | Test | [ 89/120] Train Mean IU=0.68168
2020-10-20 12:51:59 | Test | [ 89/120] Train_class_acc=[0.994738150059109, 0.5264823626549221]
2020-10-20 12:53:24 | Iter | [ 89/120] valid loss=0.07767
2020-10-20 12:53:24 | Test | [ 89/120] Valid Acc=0.66328
2020-10-20 12:53:24 | Test | [ 89/120] Valid Mean IU=0.62049
2020-10-20 12:53:24 | Test | [ 89/120] Valid Class Acc=[0.9941162390258589, 0.5834932821496934]
2020-10-20 12:57:11 | Iter | [ 90/120] train loss=0.07262
2020-10-20 12:57:11 | Test | [ 90/120] Train Acc=0.77463
2020-10-20 12:57:11 | Test | [ 90/120] Train Mean IU=0.68829
2020-10-20 12:57:11 | Test | [ 90/120] Train_class_acc=[0.9941324307647063, 0.555118075102249]
2020-10-20 12:58:36 | Iter | [ 90/120] valid loss=0.07879
2020-10-20 12:58:36 | Test | [ 90/120] Valid Acc=0.64568
2020-10-20 12:58:36 | Test | [ 90/120] Valid Mean IU=0.60930
2020-10-20 12:58:36 | Test | [ 90/120] Valid Class Acc=[0.9907667115860725, 0.4783178114086077]
2020-10-20 13:02:24 | Iter | [ 91/120] train loss=0.07229
2020-10-20 13:02:24 | Test | [ 91/120] Train Acc=0.76162
2020-10-20 13:02:24 | Test | [ 91/120] Train Mean IU=0.68294
2020-10-20 13:02:24 | Test | [ 91/120] Train_class_acc=[0.9944623529698419, 0.5287813640684557]
2020-10-20 13:03:48 | Iter | [ 91/120] valid loss=0.07684
2020-10-20 13:03:48 | Test | [ 91/120] Valid Acc=0.66540
2020-10-20 13:03:48 | Test | [ 91/120] Valid Mean IU=0.62118
2020-10-20 13:03:48 | Test | [ 91/120] Valid Class Acc=[0.9920084196306199, 0.40527929609384883]
2020-10-20 13:07:35 | Iter | [ 92/120] train loss=0.07049
2020-10-20 13:07:35 | Test | [ 92/120] Train Acc=0.79882
2020-10-20 13:07:35 | Test | [ 92/120] Train Mean IU=0.69101
2020-10-20 13:07:35 | Test | [ 92/120] Train_class_acc=[0.9940249738000868, 0.6036249256174323]
2020-10-20 13:09:00 | Iter | [ 92/120] valid loss=0.07621
2020-10-20 13:09:00 | Test | [ 92/120] Valid Acc=0.66888
2020-10-20 13:09:00 | Test | [ 92/120] Valid Mean IU=0.62020
2020-10-20 13:09:00 | Test | [ 92/120] Valid Class Acc=[0.9952100704219917, 0.5522807017543666]
2020-10-20 13:12:48 | Iter | [ 93/120] train loss=0.07188
2020-10-20 13:12:48 | Test | [ 93/120] Train Acc=0.77313
2020-10-20 13:12:48 | Test | [ 93/120] Train Mean IU=0.68412
2020-10-20 13:12:48 | Test | [ 93/120] Train_class_acc=[0.9937637532488321, 0.5524902298434659]
2020-10-20 13:14:13 | Iter | [ 93/120] valid loss=0.07810
2020-10-20 13:14:13 | Test | [ 93/120] Valid Acc=0.63560
2020-10-20 13:14:13 | Test | [ 93/120] Valid Mean IU=0.60140
2020-10-20 13:14:13 | Test | [ 93/120] Valid Class Acc=[0.9919155933132362, 0.3942508191837892]
2020-10-20 13:17:59 | Iter | [ 94/120] train loss=0.07095
2020-10-20 13:17:59 | Test | [ 94/120] Train Acc=0.74454
2020-10-20 13:17:59 | Test | [ 94/120] Train Mean IU=0.66969
2020-10-20 13:17:59 | Test | [ 94/120] Train_class_acc=[0.9947023736619802, 0.4943777395199964]
2020-10-20 13:19:24 | Iter | [ 94/120] valid loss=0.07445
2020-10-20 13:19:24 | Test | [ 94/120] Valid Acc=0.69428
2020-10-20 13:19:24 | Test | [ 94/120] Valid Mean IU=0.63764
2020-10-20 13:19:24 | Test | [ 94/120] Valid Class Acc=[0.9949925808762783, 0.2919827457980025]
2020-10-20 13:23:11 | Iter | [ 95/120] train loss=0.06889
2020-10-20 13:23:11 | Test | [ 95/120] Train Acc=0.78797
2020-10-20 13:23:11 | Test | [ 95/120] Train Mean IU=0.68690
2020-10-20 13:23:11 | Test | [ 95/120] Train_class_acc=[0.9932279926949464, 0.5827092935633417]
2020-10-20 13:24:36 | Iter | [ 95/120] valid loss=0.07631
2020-10-20 13:24:36 | Test | [ 95/120] Valid Acc=0.63032
2020-10-20 13:24:36 | Test | [ 95/120] Valid Mean IU=0.60036
2020-10-20 13:24:36 | Test | [ 95/120] Valid Class Acc=[0.9971895689771649, 0.31135413316177835]
2020-10-20 13:28:25 | Iter | [ 96/120] train loss=0.06744
2020-10-20 13:28:25 | Test | [ 96/120] Train Acc=0.76606
2020-10-20 13:28:25 | Test | [ 96/120] Train Mean IU=0.68420
2020-10-20 13:28:25 | Test | [ 96/120] Train_class_acc=[0.9946812228503848, 0.537432326018429]
2020-10-20 13:29:49 | Iter | [ 96/120] valid loss=0.07291
2020-10-20 13:29:49 | Test | [ 96/120] Valid Acc=0.68261
2020-10-20 13:29:49 | Test | [ 96/120] Valid Mean IU=0.63167
2020-10-20 13:29:49 | Test | [ 96/120] Valid Class Acc=[0.9954035576155567, 0.5492356914326146]
2020-10-20 13:33:35 | Iter | [ 97/120] train loss=0.06665
2020-10-20 13:33:35 | Test | [ 97/120] Train Acc=0.76832
2020-10-20 13:33:35 | Test | [ 97/120] Train Mean IU=0.68525
2020-10-20 13:33:35 | Test | [ 97/120] Train_class_acc=[0.9946047661831998, 0.5420272494686194]
2020-10-20 13:35:01 | Iter | [ 97/120] valid loss=0.07332
2020-10-20 13:35:01 | Test | [ 97/120] Valid Acc=0.72432
2020-10-20 13:35:01 | Test | [ 97/120] Valid Mean IU=0.65091
2020-10-20 13:35:01 | Test | [ 97/120] Valid Class Acc=[0.9932588173973473, 0.6744186046511413]
2020-10-20 13:38:49 | Iter | [ 98/120] train loss=0.06548
2020-10-20 13:38:49 | Test | [ 98/120] Train Acc=0.78612
2020-10-20 13:38:49 | Test | [ 98/120] Train Mean IU=0.69155
2020-10-20 13:38:49 | Test | [ 98/120] Train_class_acc=[0.9946153041045536, 0.577624525207782]
2020-10-20 13:40:14 | Iter | [ 98/120] valid loss=0.07213
2020-10-20 13:40:14 | Test | [ 98/120] Valid Acc=0.68261
2020-10-20 13:40:14 | Test | [ 98/120] Valid Mean IU=0.63118
2020-10-20 13:40:14 | Test | [ 98/120] Valid Class Acc=[0.9948186528497406, 0.7537965945696846]
2020-10-20 13:44:05 | Iter | [ 99/120] train loss=0.06725
2020-10-20 13:44:05 | Test | [ 99/120] Train Acc=0.76559
2020-10-20 13:44:06 | Test | [ 99/120] Train Mean IU=0.68351
2020-10-20 13:44:06 | Test | [ 99/120] Train_class_acc=[0.994159601616457, 0.5370134625520242]
2020-10-20 13:45:32 | Iter | [ 99/120] valid loss=0.07247
2020-10-20 13:45:32 | Test | [ 99/120] Valid Acc=0.73376
2020-10-20 13:45:32 | Test | [ 99/120] Valid Mean IU=0.65254
2020-10-20 13:45:32 | Test | [ 99/120] Valid Class Acc=[0.9917019288893771, 0.39371784457080433]
2020-10-20 13:49:21 | Iter | [100/120] train loss=0.06499
2020-10-20 13:49:21 | Test | [100/120] Train Acc=0.77579
2020-10-20 13:49:21 | Test | [100/120] Train Mean IU=0.68647
2020-10-20 13:49:21 | Test | [100/120] Train_class_acc=[0.9939937261583157, 0.5575810767201453]
2020-10-20 13:50:48 | Iter | [100/120] valid loss=0.07237
2020-10-20 13:50:48 | Test | [100/120] Valid Acc=0.65294
2020-10-20 13:50:48 | Test | [100/120] Valid Mean IU=0.61475
2020-10-20 13:50:48 | Test | [100/120] Valid Class Acc=[0.9969861641037496, 0.3960359012714885]
2020-10-20 13:54:36 | Iter | [101/120] train loss=0.06494
2020-10-20 13:54:36 | Test | [101/120] Train Acc=0.78128
2020-10-20 13:54:36 | Test | [101/120] Train Mean IU=0.68718
2020-10-20 13:54:36 | Test | [101/120] Train_class_acc=[0.9939775764718645, 0.5685887091408136]
2020-10-20 13:56:00 | Iter | [101/120] valid loss=0.07527
2020-10-20 13:56:00 | Test | [101/120] Valid Acc=0.56845
2020-10-20 13:56:00 | Test | [101/120] Valid Mean IU=0.55396
2020-10-20 13:56:00 | Test | [101/120] Valid Class Acc=[0.9932572914215617, 0.64288176490863]
2020-10-20 13:59:48 | Iter | [102/120] train loss=0.06503
2020-10-20 13:59:48 | Test | [102/120] Train Acc=0.76676
2020-10-20 13:59:48 | Test | [102/120] Train Mean IU=0.67660
2020-10-20 13:59:48 | Test | [102/120] Train_class_acc=[0.9945009372395334, 0.5390255898157977]
2020-10-20 14:01:13 | Iter | [102/120] valid loss=0.07082
2020-10-20 14:01:13 | Test | [102/120] Valid Acc=0.67320
2020-10-20 14:01:13 | Test | [102/120] Valid Mean IU=0.62681
2020-10-20 14:01:13 | Test | [102/120] Valid Class Acc=[0.9925573901916345, 0.70059435364039]
2020-10-20 14:04:59 | Iter | [103/120] train loss=0.06339
2020-10-20 14:04:59 | Test | [103/120] Train Acc=0.75495
2020-10-20 14:04:59 | Test | [103/120] Train Mean IU=0.68083
2020-10-20 14:04:59 | Test | [103/120] Train_class_acc=[0.9949899144030412, 0.5149074986813318]
2020-10-20 14:06:25 | Iter | [103/120] valid loss=0.07090
2020-10-20 14:06:25 | Test | [103/120] Valid Acc=0.69785
2020-10-20 14:06:25 | Test | [103/120] Valid Mean IU=0.63839
2020-10-20 14:06:25 | Test | [103/120] Valid Class Acc=[0.9950977177967111, 0.6378171706638638]
2020-10-20 14:10:14 | Iter | [104/120] train loss=0.06219
2020-10-20 14:10:14 | Test | [104/120] Train Acc=0.76651
2020-10-20 14:10:14 | Test | [104/120] Train Mean IU=0.68442
2020-10-20 14:10:14 | Test | [104/120] Train_class_acc=[0.9948054369539263, 0.5382050383124357]
2020-10-20 14:11:39 | Iter | [104/120] valid loss=0.07822
2020-10-20 14:11:39 | Test | [104/120] Valid Acc=0.69094
2020-10-20 14:11:39 | Test | [104/120] Valid Mean IU=0.63062
2020-10-20 14:11:39 | Test | [104/120] Valid Class Acc=[0.9967654737425777, 0.40228945216678647]
2020-10-20 14:15:26 | Iter | [105/120] train loss=0.06197
2020-10-20 14:15:26 | Test | [105/120] Train Acc=0.76771
2020-10-20 14:15:26 | Test | [105/120] Train Mean IU=0.68521
2020-10-20 14:15:26 | Test | [105/120] Train_class_acc=[0.9948288949912744, 0.5405884843197218]
2020-10-20 14:16:50 | Iter | [105/120] valid loss=0.07018
2020-10-20 14:16:50 | Test | [105/120] Valid Acc=0.69427
2020-10-20 14:16:50 | Test | [105/120] Valid Mean IU=0.63619
2020-10-20 14:16:50 | Test | [105/120] Valid Class Acc=[0.9962097259280963, 0.47460658082973983]
2020-10-20 14:20:35 | Iter | [106/120] train loss=0.06173
2020-10-20 14:20:35 | Test | [106/120] Train Acc=0.77218
2020-10-20 14:20:35 | Test | [106/120] Train Mean IU=0.68347
2020-10-20 14:20:35 | Test | [106/120] Train_class_acc=[0.9939323168996527, 0.5504215798113452]
2020-10-20 14:22:01 | Iter | [106/120] valid loss=0.06840
2020-10-20 14:22:01 | Test | [106/120] Valid Acc=0.71791
2020-10-20 14:22:01 | Test | [106/120] Valid Mean IU=0.64694
2020-10-20 14:22:01 | Test | [106/120] Valid Class Acc=[0.9950581484786017, 0.5726415094339352]
2020-10-20 14:25:49 | Iter | [107/120] train loss=0.06133
2020-10-20 14:25:49 | Test | [107/120] Train Acc=0.76484
2020-10-20 14:25:49 | Test | [107/120] Train Mean IU=0.67926
2020-10-20 14:25:49 | Test | [107/120] Train_class_acc=[0.9946136649517516, 0.5350623939424353]
2020-10-20 14:27:16 | Iter | [107/120] valid loss=0.06890
2020-10-20 14:27:16 | Test | [107/120] Valid Acc=0.67911
2020-10-20 14:27:16 | Test | [107/120] Valid Mean IU=0.62969
2020-10-20 14:27:16 | Test | [107/120] Valid Class Acc=[0.9974547358855282, 0.3233851185609026]
2020-10-20 14:31:03 | Iter | [108/120] train loss=0.06094
2020-10-20 14:31:03 | Test | [108/120] Train Acc=0.78506
2020-10-20 14:31:03 | Test | [108/120] Train Mean IU=0.69177
2020-10-20 14:31:03 | Test | [108/120] Train_class_acc=[0.9940744243828762, 0.5760414778045607]
2020-10-20 14:32:27 | Iter | [108/120] valid loss=0.07098
2020-10-20 14:32:27 | Test | [108/120] Valid Acc=0.61489
2020-10-20 14:32:27 | Test | [108/120] Valid Mean IU=0.58949
2020-10-20 14:32:27 | Test | [108/120] Valid Class Acc=[0.9929236066778863, 0.6349551508561937]
2020-10-20 14:36:15 | Iter | [109/120] train loss=0.06206
2020-10-20 14:36:15 | Test | [109/120] Train Acc=0.76279
2020-10-20 14:36:15 | Test | [109/120] Train Mean IU=0.68271
2020-10-20 14:36:15 | Test | [109/120] Train_class_acc=[0.9946211532674033, 0.5309552482590129]
2020-10-20 14:37:41 | Iter | [109/120] valid loss=0.06728
2020-10-20 14:37:41 | Test | [109/120] Valid Acc=0.67062
2020-10-20 14:37:41 | Test | [109/120] Valid Mean IU=0.62538
2020-10-20 14:37:41 | Test | [109/120] Valid Class Acc=[0.993070644195196, 0.3732299895662487]
2020-10-20 14:41:29 | Iter | [110/120] train loss=0.05938
2020-10-20 14:41:29 | Test | [110/120] Train Acc=0.78890
2020-10-20 14:41:29 | Test | [110/120] Train Mean IU=0.69512
2020-10-20 14:41:29 | Test | [110/120] Train_class_acc=[0.9944005072263438, 0.5834077541308279]
2020-10-20 14:42:57 | Iter | [110/120] valid loss=0.06830
2020-10-20 14:42:57 | Test | [110/120] Valid Acc=0.65643
2020-10-20 14:42:57 | Test | [110/120] Valid Mean IU=0.61649
2020-10-20 14:42:57 | Test | [110/120] Valid Class Acc=[0.9945513241324979, 0.6269641734757817]
2020-10-20 14:46:58 | Iter | [111/120] train loss=0.05867
2020-10-20 14:46:58 | Test | [111/120] Train Acc=0.77451
2020-10-20 14:46:58 | Test | [111/120] Train Mean IU=0.68650
2020-10-20 14:46:58 | Test | [111/120] Train_class_acc=[0.9946320764521491, 0.5543928503703907]
2020-10-20 14:48:27 | Iter | [111/120] valid loss=0.06918
2020-10-20 14:48:27 | Test | [111/120] Valid Acc=0.64201
2020-10-20 14:48:27 | Test | [111/120] Valid Mean IU=0.60718
2020-10-20 14:48:27 | Test | [111/120] Valid Class Acc=[0.9955679440356414, 0.4999999999999839]
2020-10-20 14:52:16 | Iter | [112/120] train loss=0.05776
2020-10-20 14:52:16 | Test | [112/120] Train Acc=0.78652
2020-10-20 14:52:16 | Test | [112/120] Train Mean IU=0.69214
2020-10-20 14:52:16 | Test | [112/120] Train_class_acc=[0.9941864983638635, 0.5788471565013927]
2020-10-20 14:53:42 | Iter | [112/120] valid loss=0.06569
2020-10-20 14:53:42 | Test | [112/120] Valid Acc=0.66699
2020-10-20 14:53:42 | Test | [112/120] Valid Mean IU=0.62285
2020-10-20 14:53:42 | Test | [112/120] Valid Class Acc=[0.9973762280870735, 0.3889745566692217]
2020-10-20 14:57:32 | Iter | [113/120] train loss=0.05745
2020-10-20 14:57:32 | Test | [113/120] Train Acc=0.79223
2020-10-20 14:57:32 | Test | [113/120] Train Mean IU=0.69696
2020-10-20 14:57:32 | Test | [113/120] Train_class_acc=[0.9941924855174067, 0.5902710068520868]
2020-10-20 14:58:57 | Iter | [113/120] valid loss=0.06761
2020-10-20 14:58:57 | Test | [113/120] Valid Acc=0.63500
2020-10-20 14:58:57 | Test | [113/120] Valid Mean IU=0.60233
2020-10-20 14:58:57 | Test | [113/120] Valid Class Acc=[0.9951644361009272, 0.6624145785876692]
2020-10-20 15:02:44 | Iter | [114/120] train loss=0.05645
2020-10-20 15:02:44 | Test | [114/120] Train Acc=0.77951
2020-10-20 15:02:44 | Test | [114/120] Train Mean IU=0.69578
2020-10-20 15:02:44 | Test | [114/120] Train_class_acc=[0.9949291133641204, 0.5640959445574152]
2020-10-20 15:04:10 | Iter | [114/120] valid loss=0.06856
2020-10-20 15:04:10 | Test | [114/120] Valid Acc=0.63916
2020-10-20 15:04:10 | Test | [114/120] Valid Mean IU=0.60369
2020-10-20 15:04:10 | Test | [114/120] Valid Class Acc=[0.9959694649435837, 0.6743794699200389]
2020-10-20 15:07:58 | Iter | [115/120] train loss=0.05557
2020-10-20 15:07:58 | Test | [115/120] Train Acc=0.79768
2020-10-20 15:07:58 | Test | [115/120] Train Mean IU=0.70156
2020-10-20 15:07:58 | Test | [115/120] Train_class_acc=[0.99422095770973, 0.6011366990640844]
2020-10-20 15:09:24 | Iter | [115/120] valid loss=0.06596
2020-10-20 15:09:24 | Test | [115/120] Valid Acc=0.64783
2020-10-20 15:09:24 | Test | [115/120] Valid Mean IU=0.61022
2020-10-20 15:09:24 | Test | [115/120] Valid Class Acc=[0.9971366912019729, 0.3820648078372124]
2020-10-20 15:13:13 | Iter | [116/120] train loss=0.05470
2020-10-20 15:13:13 | Test | [116/120] Train Acc=0.80888
2020-10-20 15:13:13 | Test | [116/120] Train Mean IU=0.71048
2020-10-20 15:13:13 | Test | [116/120] Train_class_acc=[0.9940679353115494, 0.6236907951753887]
2020-10-20 15:14:39 | Iter | [116/120] valid loss=0.06618
2020-10-20 15:14:39 | Test | [116/120] Valid Acc=0.64270
2020-10-20 15:14:39 | Test | [116/120] Valid Mean IU=0.60710
2020-10-20 15:14:39 | Test | [116/120] Valid Class Acc=[0.9949760968790784, 0.6106222501571147]
2020-10-20 15:18:26 | Iter | [117/120] train loss=0.05414
2020-10-20 15:18:26 | Test | [117/120] Train Acc=0.80825
2020-10-20 15:18:26 | Test | [117/120] Train Mean IU=0.71143
2020-10-20 15:18:26 | Test | [117/120] Train_class_acc=[0.9942146792721239, 0.6222945921373447]
2020-10-20 15:19:52 | Iter | [117/120] valid loss=0.06689
2020-10-20 15:19:52 | Test | [117/120] Valid Acc=0.64164
2020-10-20 15:19:52 | Test | [117/120] Valid Mean IU=0.60659
2020-10-20 15:19:52 | Test | [117/120] Valid Class Acc=[0.9951962032642664, 0.6331540013449686]
2020-10-20 15:23:41 | Iter | [118/120] train loss=0.05370
2020-10-20 15:23:41 | Test | [118/120] Train Acc=0.81800
2020-10-20 15:23:41 | Test | [118/120] Train Mean IU=0.71607
2020-10-20 15:23:41 | Test | [118/120] Train_class_acc=[0.9941265030925551, 0.6418819208943478]
2020-10-20 15:25:06 | Iter | [118/120] valid loss=0.06666
2020-10-20 15:25:06 | Test | [118/120] Valid Acc=0.61227
2020-10-20 15:25:06 | Test | [118/120] Valid Mean IU=0.58706
2020-10-20 15:25:06 | Test | [118/120] Valid Class Acc=[0.9940021114423934, 0.6926540951308559]
2020-10-20 15:28:57 | Iter | [119/120] train loss=0.05264
2020-10-20 15:28:57 | Test | [119/120] Train Acc=0.82966
2020-10-20 15:28:57 | Test | [119/120] Train Mean IU=0.72106
2020-10-20 15:28:57 | Test | [119/120] Train_class_acc=[0.9939516613235697, 0.6653708980254026]
2020-10-20 15:30:22 | Iter | [119/120] valid loss=0.06487
2020-10-20 15:30:22 | Test | [119/120] Valid Acc=0.62818
2020-10-20 15:30:22 | Test | [119/120] Valid Mean IU=0.59765
2020-10-20 15:30:22 | Test | [119/120] Valid Class Acc=[0.9955193372930481, 0.6488775942397015]
2020-10-20 15:34:09 | Iter | [120/120] train loss=0.05240
2020-10-20 15:34:09 | Test | [120/120] Train Acc=0.80948
2020-10-20 15:34:09 | Test | [120/120] Train Mean IU=0.71161
2020-10-20 15:34:09 | Test | [120/120] Train_class_acc=[0.9943914875994483, 0.6245691600168553]
2020-10-20 15:35:36 | Iter | [120/120] valid loss=0.06642
2020-10-20 15:35:36 | Test | [120/120] Valid Acc=0.63305
2020-10-20 15:35:36 | Test | [120/120] Valid Mean IU=0.59968
2020-10-20 15:35:36 | Test | [120/120] Valid Class Acc=[0.9960516371824726, 0.5371959942775201]
