2020-10-24 18:38:52 | Conf | use logdir run/crackSegmentationSimple/2020-10-24-18-38-8030
2020-10-24 18:38:52 | Conf | use dataset crackSegmentationSimple
2020-10-24 18:38:52 | Conf | use augmentation True
2020-10-24 18:38:52 | Conf | use image size (448, 448)
2020-10-24 18:38:52 | Conf | use batch_size 4
2020-10-24 18:38:52 | Conf | use model enet
2020-10-24 18:38:52 | Conf | use GPU [0]
2020-10-24 18:38:52 | Conf | use optimizer Adam, lr=0.0001, weight_decay=0.001
2020-10-24 18:38:52 | Conf | use step_lr_scheduler every 40 steps decay 0.1
2020-10-24 18:38:52 | Conf | use loss function crossentropyloss2D
2020-10-24 18:38:52 | Conf | use epoch 60
2020-10-24 18:39:50 | Iter | [  1/60] train loss=0.93907
2020-10-24 18:39:50 | Test | [  1/60] Train Acc=0.49733
2020-10-24 18:39:50 | Test | [  1/60] Train Mean IU=0.17139
2020-10-24 18:39:50 | Test | [  1/60] Train_class_acc=[0.33446377510391806, 0.6601919144231623]
2020-10-24 18:40:29 | Iter | [  1/60] valid loss=0.71490
2020-10-24 18:40:29 | Test | [  1/60] Valid Acc=0.48900
2020-10-24 18:40:29 | Test | [  1/60] Valid Mean IU=0.14881
2020-10-24 18:40:29 | Test | [  1/60] Valid Class Acc=[0.31488447340609355, 0.6790123456789801]
2020-10-24 18:41:26 | Iter | [  2/60] train loss=0.87530
2020-10-24 18:41:26 | Test | [  2/60] Train Acc=0.50950
2020-10-24 18:41:26 | Test | [  2/60] Train Mean IU=0.17989
2020-10-24 18:41:26 | Test | [  2/60] Train_class_acc=[0.35096807460062834, 0.668033245061369]
2020-10-24 18:42:06 | Iter | [  2/60] valid loss=0.72889
2020-10-24 18:42:06 | Test | [  2/60] Valid Acc=0.49321
2020-10-24 18:42:06 | Test | [  2/60] Valid Mean IU=0.14572
2020-10-24 18:42:06 | Test | [  2/60] Valid Class Acc=[0.3195755723198465, 0.6862678450033757]
2020-10-24 18:43:04 | Iter | [  3/60] train loss=0.84512
2020-10-24 18:43:04 | Test | [  3/60] Train Acc=0.49428
2020-10-24 18:43:04 | Test | [  3/60] Train Mean IU=0.18286
2020-10-24 18:43:04 | Test | [  3/60] Train_class_acc=[0.35755011551678223, 0.6310050659935508]
2020-10-24 18:43:44 | Iter | [  3/60] valid loss=0.73534
2020-10-24 18:43:44 | Test | [  3/60] Valid Acc=0.49597
2020-10-24 18:43:44 | Test | [  3/60] Valid Mean IU=0.14925
2020-10-24 18:43:44 | Test | [  3/60] Valid Class Acc=[0.37549250489683406, 0.6057441253263481]
2020-10-24 18:44:42 | Iter | [  4/60] train loss=0.82314
2020-10-24 18:44:42 | Test | [  4/60] Train Acc=0.50077
2020-10-24 18:44:42 | Test | [  4/60] Train Mean IU=0.18163
2020-10-24 18:44:42 | Test | [  4/60] Train_class_acc=[0.3549153227995581, 0.6466278601214257]
2020-10-24 18:45:21 | Iter | [  4/60] valid loss=0.73411
2020-10-24 18:45:21 | Test | [  4/60] Valid Acc=0.49395
2020-10-24 18:45:21 | Test | [  4/60] Valid Mean IU=0.15528
2020-10-24 18:45:21 | Test | [  4/60] Valid Class Acc=[0.3915362748981013, 0.6281224818694348]
2020-10-24 18:46:19 | Iter | [  5/60] train loss=0.79335
2020-10-24 18:46:19 | Test | [  5/60] Train Acc=0.49592
2020-10-24 18:46:19 | Test | [  5/60] Train Mean IU=0.19423
2020-10-24 18:46:19 | Test | [  5/60] Train_class_acc=[0.38059049216032087, 0.6112481560780104]
2020-10-24 18:46:58 | Iter | [  5/60] valid loss=0.72876
2020-10-24 18:46:58 | Test | [  5/60] Valid Acc=0.49414
2020-10-24 18:46:58 | Test | [  5/60] Valid Mean IU=0.16418
2020-10-24 18:46:58 | Test | [  5/60] Valid Class Acc=[0.3818568152968505, 0.614336917562702]
2020-10-24 18:47:56 | Iter | [  6/60] train loss=0.78341
2020-10-24 18:47:56 | Test | [  6/60] Train Acc=0.50553
2020-10-24 18:47:56 | Test | [  6/60] Train Mean IU=0.19887
2020-10-24 18:47:56 | Test | [  6/60] Train_class_acc=[0.3894494743952202, 0.6216028996718047]
2020-10-24 18:48:36 | Iter | [  6/60] valid loss=0.72192
2020-10-24 18:48:36 | Test | [  6/60] Valid Acc=0.49391
2020-10-24 18:48:36 | Test | [  6/60] Valid Mean IU=0.17373
2020-10-24 18:48:36 | Test | [  6/60] Valid Class Acc=[0.38614644483837424, 0.6101209420750919]
2020-10-24 18:49:34 | Iter | [  7/60] train loss=0.77693
2020-10-24 18:49:34 | Test | [  7/60] Train Acc=0.49981
2020-10-24 18:49:34 | Test | [  7/60] Train Mean IU=0.19818
2020-10-24 18:49:34 | Test | [  7/60] Train_class_acc=[0.3881619420831897, 0.6114508816634737]
2020-10-24 18:50:14 | Iter | [  7/60] valid loss=0.71403
2020-10-24 18:50:14 | Test | [  7/60] Valid Acc=0.50117
2020-10-24 18:50:14 | Test | [  7/60] Valid Mean IU=0.19164
2020-10-24 18:50:14 | Test | [  7/60] Valid Class Acc=[0.3867220000452452, 0.6326530612244721]
2020-10-24 18:51:12 | Iter | [  8/60] train loss=0.75214
2020-10-24 18:51:12 | Test | [  8/60] Train Acc=0.50538
2020-10-24 18:51:12 | Test | [  8/60] Train Mean IU=0.22290
2020-10-24 18:51:12 | Test | [  8/60] Train_class_acc=[0.43795767505331845, 0.5727926167108465]
2020-10-24 18:51:51 | Iter | [  8/60] valid loss=0.71058
2020-10-24 18:51:51 | Test | [  8/60] Valid Acc=0.50293
2020-10-24 18:51:51 | Test | [  8/60] Valid Mean IU=0.20769
2020-10-24 18:51:51 | Test | [  8/60] Valid Class Acc=[0.5012119465089171, 0.5282176207876359]
2020-10-24 18:52:49 | Iter | [  9/60] train loss=0.74437
2020-10-24 18:52:49 | Test | [  9/60] Train Acc=0.50469
2020-10-24 18:52:49 | Test | [  9/60] Train Mean IU=0.22323
2020-10-24 18:52:49 | Test | [  9/60] Train_class_acc=[0.43843732658978213, 0.5709465928565985]
2020-10-24 18:53:29 | Iter | [  9/60] valid loss=0.70611
2020-10-24 18:53:29 | Test | [  9/60] Valid Acc=0.50476
2020-10-24 18:53:29 | Test | [  9/60] Valid Mean IU=0.22050
2020-10-24 18:53:29 | Test | [  9/60] Valid Class Acc=[0.45576855522657683, 0.5582287308228536]
2020-10-24 18:54:27 | Iter | [ 10/60] train loss=0.72622
2020-10-24 18:54:27 | Test | [ 10/60] Train Acc=0.50598
2020-10-24 18:54:27 | Test | [ 10/60] Train Mean IU=0.24726
2020-10-24 18:54:27 | Test | [ 10/60] Train_class_acc=[0.48701578760268877, 0.5249373629160959]
2020-10-24 18:55:06 | Iter | [ 10/60] valid loss=0.70144
2020-10-24 18:55:06 | Test | [ 10/60] Valid Acc=0.50863
2020-10-24 18:55:06 | Test | [ 10/60] Valid Mean IU=0.23423
2020-10-24 18:55:06 | Test | [ 10/60] Valid Class Acc=[0.504073437178825, 0.49999999999997985]
2020-10-24 18:56:04 | Iter | [ 11/60] train loss=0.72260
2020-10-24 18:56:04 | Test | [ 11/60] Train Acc=0.51391
2020-10-24 18:56:04 | Test | [ 11/60] Train Mean IU=0.25070
2020-10-24 18:56:04 | Test | [ 11/60] Train_class_acc=[0.4935457240939973, 0.5342796921734574]
2020-10-24 18:56:44 | Iter | [ 11/60] valid loss=0.69389
2020-10-24 18:56:44 | Test | [ 11/60] Valid Acc=0.51282
2020-10-24 18:56:44 | Test | [ 11/60] Valid Mean IU=0.24821
2020-10-24 18:56:44 | Test | [ 11/60] Valid Class Acc=[0.529573510652189, 0.496855345911934]
2020-10-24 18:57:42 | Iter | [ 12/60] train loss=0.71132
2020-10-24 18:57:42 | Test | [ 12/60] Train Acc=0.51894
2020-10-24 18:57:42 | Test | [ 12/60] Train Mean IU=0.26223
2020-10-24 18:57:42 | Test | [ 12/60] Train_class_acc=[0.5164974273566674, 0.5213780020528967]
2020-10-24 18:58:21 | Iter | [ 12/60] valid loss=0.68319
2020-10-24 18:58:21 | Test | [ 12/60] Valid Acc=0.51629
2020-10-24 18:58:21 | Test | [ 12/60] Valid Mean IU=0.26428
2020-10-24 18:58:21 | Test | [ 12/60] Valid Class Acc=[0.4717008609888439, 0.5618441971382969]
2020-10-24 18:59:19 | Iter | [ 13/60] train loss=0.69361
2020-10-24 18:59:19 | Test | [ 13/60] Train Acc=0.51979
2020-10-24 18:59:19 | Test | [ 13/60] Train Mean IU=0.28290
2020-10-24 18:59:19 | Test | [ 13/60] Train_class_acc=[0.5584749841973572, 0.48111119632850285]
2020-10-24 19:00:00 | Iter | [ 13/60] valid loss=0.67215
2020-10-24 19:00:00 | Test | [ 13/60] Valid Acc=0.51757
2020-10-24 19:00:00 | Test | [ 13/60] Valid Mean IU=0.27975
2020-10-24 19:00:00 | Test | [ 13/60] Valid Class Acc=[0.5744488615829416, 0.4790540540540379]
2020-10-24 19:00:59 | Iter | [ 14/60] train loss=0.69346
2020-10-24 19:00:59 | Test | [ 14/60] Train Acc=0.52218
2020-10-24 19:00:59 | Test | [ 14/60] Train Mean IU=0.28240
2020-10-24 19:00:59 | Test | [ 14/60] Train_class_acc=[0.557283422962245, 0.48707946106660666]
2020-10-24 19:01:39 | Iter | [ 14/60] valid loss=0.66032
2020-10-24 19:01:39 | Test | [ 14/60] Valid Acc=0.51681
2020-10-24 19:01:39 | Test | [ 14/60] Valid Mean IU=0.29433
2020-10-24 19:01:39 | Test | [ 14/60] Valid Class Acc=[0.5736005112974171, 0.4754436648782304]
2020-10-24 19:02:38 | Iter | [ 15/60] train loss=0.67424
2020-10-24 19:02:38 | Test | [ 15/60] Train Acc=0.52803
2020-10-24 19:02:38 | Test | [ 15/60] Train Mean IU=0.30187
2020-10-24 19:02:38 | Test | [ 15/60] Train_class_acc=[0.5963495649375027, 0.4597201722658864]
2020-10-24 19:03:17 | Iter | [ 15/60] valid loss=0.64840
2020-10-24 19:03:17 | Test | [ 15/60] Valid Acc=0.51575
2020-10-24 19:03:17 | Test | [ 15/60] Valid Mean IU=0.30750
2020-10-24 19:03:17 | Test | [ 15/60] Valid Class Acc=[0.6121563460693894, 0.46914422093418107]
2020-10-24 19:04:17 | Iter | [ 16/60] train loss=0.67180
2020-10-24 19:04:17 | Test | [ 16/60] Train Acc=0.52907
2020-10-24 19:04:17 | Test | [ 16/60] Train Mean IU=0.30370
2020-10-24 19:04:17 | Test | [ 16/60] Train_class_acc=[0.5996633475201851, 0.4584796779703633]
2020-10-24 19:04:57 | Iter | [ 16/60] valid loss=0.63856
2020-10-24 19:04:57 | Test | [ 16/60] Valid Acc=0.51710
2020-10-24 19:04:57 | Test | [ 16/60] Valid Mean IU=0.31771
2020-10-24 19:04:57 | Test | [ 16/60] Valid Class Acc=[0.595932995753923, 0.46966877558613807]
2020-10-24 19:05:56 | Iter | [ 17/60] train loss=0.65910
2020-10-24 19:05:56 | Test | [ 17/60] Train Acc=0.52970
2020-10-24 19:05:56 | Test | [ 17/60] Train Mean IU=0.31551
2020-10-24 19:05:56 | Test | [ 17/60] Train_class_acc=[0.6227338304841727, 0.4366598775748034]
2020-10-24 19:06:36 | Iter | [ 17/60] valid loss=0.62937
2020-10-24 19:06:36 | Test | [ 17/60] Valid Acc=0.51501
2020-10-24 19:06:36 | Test | [ 17/60] Valid Mean IU=0.32651
2020-10-24 19:06:36 | Test | [ 17/60] Valid Class Acc=[0.6453344764937634, 0.4041211101766148]
2020-10-24 19:07:36 | Iter | [ 18/60] train loss=0.64038
2020-10-24 19:07:36 | Test | [ 18/60] Train Acc=0.52998
2020-10-24 19:07:36 | Test | [ 18/60] Train Mean IU=0.32981
2020-10-24 19:07:36 | Test | [ 18/60] Train_class_acc=[0.6522914417842611, 0.4076616353371209]
2020-10-24 19:08:16 | Iter | [ 18/60] valid loss=0.61697
2020-10-24 19:08:16 | Test | [ 18/60] Valid Acc=0.51350
2020-10-24 19:08:16 | Test | [ 18/60] Valid Mean IU=0.33677
2020-10-24 19:08:16 | Test | [ 18/60] Valid Class Acc=[0.660204781242701, 0.40904865199874785]
2020-10-24 19:09:15 | Iter | [ 19/60] train loss=0.63056
2020-10-24 19:09:15 | Test | [ 19/60] Train Acc=0.52769
2020-10-24 19:09:15 | Test | [ 19/60] Train Mean IU=0.33456
2020-10-24 19:09:15 | Test | [ 19/60] Train_class_acc=[0.6621203966531682, 0.39325515757133944]
2020-10-24 19:09:55 | Iter | [ 19/60] valid loss=0.61032
2020-10-24 19:09:55 | Test | [ 19/60] Valid Acc=0.51778
2020-10-24 19:09:55 | Test | [ 19/60] Valid Mean IU=0.34530
2020-10-24 19:09:55 | Test | [ 19/60] Valid Class Acc=[0.6600011035423708, 0.3922734026745768]
2020-10-24 19:10:54 | Iter | [ 20/60] train loss=0.62674
2020-10-24 19:10:54 | Test | [ 20/60] Train Acc=0.52839
2020-10-24 19:10:54 | Test | [ 20/60] Train Mean IU=0.34157
2020-10-24 19:10:54 | Test | [ 20/60] Train_class_acc=[0.6762974676934276, 0.380474572182071]
2020-10-24 19:11:35 | Iter | [ 20/60] valid loss=0.60051
2020-10-24 19:11:35 | Test | [ 20/60] Valid Acc=0.51974
2020-10-24 19:11:35 | Test | [ 20/60] Valid Mean IU=0.35243
2020-10-24 19:11:35 | Test | [ 20/60] Valid Class Acc=[0.6577218402218776, 0.39657794676804575]
2020-10-24 19:12:33 | Iter | [ 21/60] train loss=0.60715
2020-10-24 19:12:33 | Test | [ 21/60] Train Acc=0.52929
2020-10-24 19:12:33 | Test | [ 21/60] Train Mean IU=0.35429
2020-10-24 19:12:33 | Test | [ 21/60] Train_class_acc=[0.7019105362187615, 0.35666635554329446]
2020-10-24 19:13:13 | Iter | [ 21/60] valid loss=0.58376
2020-10-24 19:13:13 | Test | [ 21/60] Valid Acc=0.52051
2020-10-24 19:13:13 | Test | [ 21/60] Valid Mean IU=0.36229
2020-10-24 19:13:13 | Test | [ 21/60] Valid Class Acc=[0.7012710269114345, 0.35585284280935264]
2020-10-24 19:14:12 | Iter | [ 22/60] train loss=0.60047
2020-10-24 19:14:12 | Test | [ 22/60] Train Acc=0.52814
2020-10-24 19:14:12 | Test | [ 22/60] Train Mean IU=0.35413
2020-10-24 19:14:12 | Test | [ 22/60] Train_class_acc=[0.7007733689353768, 0.3555162248482417]
2020-10-24 19:14:52 | Iter | [ 22/60] valid loss=0.56616
2020-10-24 19:14:52 | Test | [ 22/60] Valid Acc=0.51596
2020-10-24 19:14:52 | Test | [ 22/60] Valid Mean IU=0.37039
2020-10-24 19:14:52 | Test | [ 22/60] Valid Class Acc=[0.6973673790028994, 0.3417226511581235]
2020-10-24 19:15:52 | Iter | [ 23/60] train loss=0.59502
2020-10-24 19:15:52 | Test | [ 23/60] Train Acc=0.53319
2020-10-24 19:15:52 | Test | [ 23/60] Train Mean IU=0.35776
2020-10-24 19:15:52 | Test | [ 23/60] Train_class_acc=[0.7083908811339503, 0.3579946095948898]
2020-10-24 19:16:32 | Iter | [ 23/60] valid loss=0.55298
2020-10-24 19:16:32 | Test | [ 23/60] Valid Acc=0.51265
2020-10-24 19:16:32 | Test | [ 23/60] Valid Mean IU=0.37625
2020-10-24 19:16:32 | Test | [ 23/60] Valid Class Acc=[0.7303110115722314, 0.32779021426286126]
2020-10-24 19:17:31 | Iter | [ 24/60] train loss=0.57377
2020-10-24 19:17:31 | Test | [ 24/60] Train Acc=0.53374
2020-10-24 19:17:31 | Test | [ 24/60] Train Mean IU=0.36747
2020-10-24 19:17:31 | Test | [ 24/60] Train_class_acc=[0.7270472811967568, 0.3404371911192175]
2020-10-24 19:18:11 | Iter | [ 24/60] valid loss=0.54643
2020-10-24 19:18:11 | Test | [ 24/60] Valid Acc=0.51500
2020-10-24 19:18:11 | Test | [ 24/60] Valid Mean IU=0.38018
2020-10-24 19:18:11 | Test | [ 24/60] Valid Class Acc=[0.718571475956104, 0.340014769490449]
2020-10-24 19:19:10 | Iter | [ 25/60] train loss=0.56342
2020-10-24 19:19:10 | Test | [ 25/60] Train Acc=0.53725
2020-10-24 19:19:10 | Test | [ 25/60] Train Mean IU=0.37402
2020-10-24 19:19:10 | Test | [ 25/60] Train_class_acc=[0.7410344757902333, 0.3334641857322407]
2020-10-24 19:19:50 | Iter | [ 25/60] valid loss=0.53608
2020-10-24 19:19:50 | Test | [ 25/60] Valid Acc=0.51677
2020-10-24 19:19:50 | Test | [ 25/60] Valid Mean IU=0.38569
2020-10-24 19:19:50 | Test | [ 25/60] Valid Class Acc=[0.7516483020797047, 0.3667937314697007]
2020-10-24 19:20:49 | Iter | [ 26/60] train loss=0.55635
2020-10-24 19:20:49 | Test | [ 26/60] Train Acc=0.53392
2020-10-24 19:20:49 | Test | [ 26/60] Train Mean IU=0.37885
2020-10-24 19:20:49 | Test | [ 26/60] Train_class_acc=[0.7504825847548418, 0.317354898432532]
2020-10-24 19:21:29 | Iter | [ 26/60] valid loss=0.52642
2020-10-24 19:21:29 | Test | [ 26/60] Valid Acc=0.51772
2020-10-24 19:21:29 | Test | [ 26/60] Valid Mean IU=0.39093
2020-10-24 19:21:29 | Test | [ 26/60] Valid Class Acc=[0.7626290156601829, 0.27970521541949794]
2020-10-24 19:22:29 | Iter | [ 27/60] train loss=0.53997
2020-10-24 19:22:29 | Test | [ 27/60] Train Acc=0.53352
2020-10-24 19:22:29 | Test | [ 27/60] Train Mean IU=0.38863
2020-10-24 19:22:29 | Test | [ 27/60] Train_class_acc=[0.7704433580061819, 0.296593246072643]
2020-10-24 19:23:09 | Iter | [ 27/60] valid loss=0.51677
2020-10-24 19:23:09 | Test | [ 27/60] Valid Acc=0.51999
2020-10-24 19:23:09 | Test | [ 27/60] Valid Mean IU=0.39596
2020-10-24 19:23:09 | Test | [ 27/60] Valid Class Acc=[0.7853402740564952, 0.23902080268963816]
2020-10-24 19:24:08 | Iter | [ 28/60] train loss=0.53777
2020-10-24 19:24:08 | Test | [ 28/60] Train Acc=0.53106
2020-10-24 19:24:08 | Test | [ 28/60] Train Mean IU=0.38326
2020-10-24 19:24:08 | Test | [ 28/60] Train_class_acc=[0.7600615352367203, 0.3020675292588681]
2020-10-24 19:24:48 | Iter | [ 28/60] valid loss=0.51218
2020-10-24 19:24:48 | Test | [ 28/60] Valid Acc=0.52196
2020-10-24 19:24:48 | Test | [ 28/60] Valid Mean IU=0.39975
2020-10-24 19:24:48 | Test | [ 28/60] Valid Class Acc=[0.7447380700319602, 0.29892473118278495]
2020-10-24 19:25:48 | Iter | [ 29/60] train loss=0.53635
2020-10-24 19:25:48 | Test | [ 29/60] Train Acc=0.53093
2020-10-24 19:25:48 | Test | [ 29/60] Train Mean IU=0.38317
2020-10-24 19:25:48 | Test | [ 29/60] Train_class_acc=[0.7603625282515666, 0.3015065465390827]
2020-10-24 19:26:28 | Iter | [ 29/60] valid loss=0.52095
2020-10-24 19:26:28 | Test | [ 29/60] Valid Acc=0.52792
2020-10-24 19:26:28 | Test | [ 29/60] Valid Mean IU=0.40268
2020-10-24 19:26:28 | Test | [ 29/60] Valid Class Acc=[0.7485836617232698, 0.3916532905296793]
2020-10-24 19:27:27 | Iter | [ 30/60] train loss=0.52329
2020-10-24 19:27:27 | Test | [ 30/60] Train Acc=0.53113
2020-10-24 19:27:27 | Test | [ 30/60] Train Mean IU=0.39922
2020-10-24 19:27:27 | Test | [ 30/60] Train_class_acc=[0.7921208071449309, 0.27014225424855814]
2020-10-24 19:28:07 | Iter | [ 30/60] valid loss=0.50128
2020-10-24 19:28:07 | Test | [ 30/60] Valid Acc=0.52732
2020-10-24 19:28:07 | Test | [ 30/60] Valid Mean IU=0.40703
2020-10-24 19:28:07 | Test | [ 30/60] Valid Class Acc=[0.8044921840623764, 0.2776725304465419]
2020-10-24 19:29:06 | Iter | [ 31/60] train loss=0.51236
2020-10-24 19:29:06 | Test | [ 31/60] Train Acc=0.53617
2020-10-24 19:29:06 | Test | [ 31/60] Train Mean IU=0.39797
2020-10-24 19:29:06 | Test | [ 31/60] Train_class_acc=[0.7894525917747904, 0.2828867429556739]
2020-10-24 19:29:46 | Iter | [ 31/60] valid loss=0.48740
2020-10-24 19:29:46 | Test | [ 31/60] Valid Acc=0.52544
2020-10-24 19:29:46 | Test | [ 31/60] Valid Mean IU=0.41031
2020-10-24 19:29:46 | Test | [ 31/60] Valid Class Acc=[0.7907187394146205, 0.33985330073348446]
2020-10-24 19:30:45 | Iter | [ 32/60] train loss=0.50814
2020-10-24 19:30:45 | Test | [ 32/60] Train Acc=0.53869
2020-10-24 19:30:45 | Test | [ 32/60] Train Mean IU=0.40225
2020-10-24 19:30:45 | Test | [ 32/60] Train_class_acc=[0.7981146728979448, 0.27926038084642874]
2020-10-24 19:31:26 | Iter | [ 32/60] valid loss=0.47191
2020-10-24 19:31:26 | Test | [ 32/60] Valid Acc=0.52480
2020-10-24 19:31:26 | Test | [ 32/60] Valid Mean IU=0.41306
2020-10-24 19:31:26 | Test | [ 32/60] Valid Class Acc=[0.7956071126758795, 0.29387133612484606]
2020-10-24 19:32:25 | Iter | [ 33/60] train loss=0.49060
2020-10-24 19:32:25 | Test | [ 33/60] Train Acc=0.53330
2020-10-24 19:32:25 | Test | [ 33/60] Train Mean IU=0.40308
2020-10-24 19:32:25 | Test | [ 33/60] Train_class_acc=[0.7997139454841143, 0.2668789139453648]
2020-10-24 19:33:05 | Iter | [ 33/60] valid loss=0.45565
2020-10-24 19:33:05 | Test | [ 33/60] Valid Acc=0.52247
2020-10-24 19:33:05 | Test | [ 33/60] Valid Mean IU=0.41689
2020-10-24 19:33:05 | Test | [ 33/60] Valid Class Acc=[0.7785014160322974, 0.29787917737788244]
2020-10-24 19:34:05 | Iter | [ 34/60] train loss=0.48524
2020-10-24 19:34:05 | Test | [ 34/60] Train Acc=0.53269
2020-10-24 19:34:05 | Test | [ 34/60] Train Mean IU=0.40095
2020-10-24 19:34:05 | Test | [ 34/60] Train_class_acc=[0.7952936339433352, 0.27008667113636814]
2020-10-24 19:34:45 | Iter | [ 34/60] valid loss=0.44349
2020-10-24 19:34:45 | Test | [ 34/60] Valid Acc=0.52100
2020-10-24 19:34:45 | Test | [ 34/60] Valid Mean IU=0.42108
2020-10-24 19:34:45 | Test | [ 34/60] Valid Class Acc=[0.8112966976922094, 0.2166774681356641]
2020-10-24 19:35:44 | Iter | [ 35/60] train loss=0.46350
2020-10-24 19:35:44 | Test | [ 35/60] Train Acc=0.52669
2020-10-24 19:35:44 | Test | [ 35/60] Train Mean IU=0.41695
2020-10-24 19:35:44 | Test | [ 35/60] Train_class_acc=[0.8279788008043444, 0.22540628221577644]
2020-10-24 19:36:25 | Iter | [ 35/60] valid loss=0.43262
2020-10-24 19:36:25 | Test | [ 35/60] Valid Acc=0.52044
2020-10-24 19:36:25 | Test | [ 35/60] Valid Mean IU=0.42436
2020-10-24 19:36:25 | Test | [ 35/60] Valid Class Acc=[0.8401709925848702, 0.20117459685446742]
2020-10-24 19:37:24 | Iter | [ 36/60] train loss=0.45808
2020-10-24 19:37:24 | Test | [ 36/60] Train Acc=0.53342
2020-10-24 19:37:24 | Test | [ 36/60] Train Mean IU=0.41739
2020-10-24 19:37:24 | Test | [ 36/60] Train_class_acc=[0.8287616022443509, 0.2380809013783701]
2020-10-24 19:38:05 | Iter | [ 36/60] valid loss=0.41715
2020-10-24 19:38:05 | Test | [ 36/60] Valid Acc=0.51822
2020-10-24 19:38:05 | Test | [ 36/60] Valid Mean IU=0.42745
2020-10-24 19:38:05 | Test | [ 36/60] Valid Class Acc=[0.8298783574496662, 0.2147679324894424]
2020-10-24 19:39:04 | Iter | [ 37/60] train loss=0.43950
2020-10-24 19:39:04 | Test | [ 37/60] Train Acc=0.53229
2020-10-24 19:39:04 | Test | [ 37/60] Train Mean IU=0.42442
2020-10-24 19:39:04 | Test | [ 37/60] Train_class_acc=[0.8424582279898526, 0.2221139759126406]
2020-10-24 19:39:44 | Iter | [ 37/60] valid loss=0.40798
2020-10-24 19:39:44 | Test | [ 37/60] Valid Acc=0.51945
2020-10-24 19:39:44 | Test | [ 37/60] Valid Mean IU=0.43125
2020-10-24 19:39:44 | Test | [ 37/60] Valid Class Acc=[0.8789030054679087, 0.19820751465011383]
2020-10-24 19:40:44 | Iter | [ 38/60] train loss=0.41912
2020-10-24 19:40:44 | Test | [ 38/60] Train Acc=0.53155
2020-10-24 19:40:44 | Test | [ 38/60] Train Mean IU=0.42926
2020-10-24 19:40:44 | Test | [ 38/60] Train_class_acc=[0.8527799268392852, 0.21031245161649384]
2020-10-24 19:41:24 | Iter | [ 38/60] valid loss=0.39762
2020-10-24 19:41:24 | Test | [ 38/60] Valid Acc=0.51964
2020-10-24 19:41:24 | Test | [ 38/60] Valid Mean IU=0.43397
2020-10-24 19:41:24 | Test | [ 38/60] Valid Class Acc=[0.8466244915950389, 0.22405660377357434]
2020-10-24 19:42:23 | Iter | [ 39/60] train loss=0.41393
2020-10-24 19:42:23 | Test | [ 39/60] Train Acc=0.53184
2020-10-24 19:42:23 | Test | [ 39/60] Train Mean IU=0.43012
2020-10-24 19:42:23 | Test | [ 39/60] Train_class_acc=[0.8542294102265778, 0.20944533529643036]
2020-10-24 19:43:04 | Iter | [ 39/60] valid loss=0.38526
2020-10-24 19:43:04 | Test | [ 39/60] Valid Acc=0.52062
2020-10-24 19:43:04 | Test | [ 39/60] Valid Mean IU=0.43694
2020-10-24 19:43:04 | Test | [ 39/60] Valid Class Acc=[0.8830952422715412, 0.19734019734018887]
2020-10-24 19:44:03 | Iter | [ 40/60] train loss=0.40724
2020-10-24 19:44:03 | Test | [ 40/60] Train Acc=0.53236
2020-10-24 19:44:03 | Test | [ 40/60] Train Mean IU=0.43334
2020-10-24 19:44:03 | Test | [ 40/60] Train_class_acc=[0.8604213660062799, 0.20429383681864552]
2020-10-24 19:44:44 | Iter | [ 40/60] valid loss=0.37396
2020-10-24 19:44:44 | Test | [ 40/60] Valid Acc=0.52066
2020-10-24 19:44:44 | Test | [ 40/60] Valid Mean IU=0.44161
2020-10-24 19:44:44 | Test | [ 40/60] Valid Class Acc=[0.8671727849799732, 0.20915519166355753]
2020-10-24 19:45:43 | Iter | [ 41/60] train loss=0.40734
2020-10-24 19:45:43 | Test | [ 41/60] Train Acc=0.54129
2020-10-24 19:45:43 | Test | [ 41/60] Train Mean IU=0.43343
2020-10-24 19:45:43 | Test | [ 41/60] Train_class_acc=[0.8597185437916043, 0.22285354059001275]
2020-10-24 19:46:23 | Iter | [ 41/60] valid loss=0.36505
2020-10-24 19:46:23 | Test | [ 41/60] Valid Acc=0.52348
2020-10-24 19:46:23 | Test | [ 41/60] Valid Mean IU=0.44700
2020-10-24 19:46:23 | Test | [ 41/60] Valid Class Acc=[0.82280780095229, 0.28064516129031253]
2020-10-24 19:47:23 | Iter | [ 42/60] train loss=0.38673
2020-10-24 19:47:23 | Test | [ 42/60] Train Acc=0.53546
2020-10-24 19:47:23 | Test | [ 42/60] Train Mean IU=0.43992
2020-10-24 19:47:23 | Test | [ 42/60] Train_class_acc=[0.8732354676190776, 0.1976849497369889]
2020-10-24 19:48:03 | Iter | [ 42/60] valid loss=0.35327
2020-10-24 19:48:03 | Test | [ 42/60] Valid Acc=0.52073
2020-10-24 19:48:03 | Test | [ 42/60] Valid Mean IU=0.45139
2020-10-24 19:48:03 | Test | [ 42/60] Valid Class Acc=[0.8596386947263873, 0.2165984369184884]
2020-10-24 19:49:03 | Iter | [ 43/60] train loss=0.37499
2020-10-24 19:49:03 | Test | [ 43/60] Train Acc=0.53660
2020-10-24 19:49:03 | Test | [ 43/60] Train Mean IU=0.45296
2020-10-24 19:49:03 | Test | [ 43/60] Train_class_acc=[0.8979921347868013, 0.17520387581999033]
2020-10-24 19:49:44 | Iter | [ 43/60] valid loss=0.34631
2020-10-24 19:49:44 | Test | [ 43/60] Valid Acc=0.52098
2020-10-24 19:49:44 | Test | [ 43/60] Valid Mean IU=0.45644
2020-10-24 19:49:44 | Test | [ 43/60] Valid Class Acc=[0.8999732725814866, 0.16111305974511678]
2020-10-24 19:50:43 | Iter | [ 44/60] train loss=0.37159
2020-10-24 19:50:43 | Test | [ 44/60] Train Acc=0.53140
2020-10-24 19:50:43 | Test | [ 44/60] Train Mean IU=0.44997
2020-10-24 19:50:43 | Test | [ 44/60] Train_class_acc=[0.8937220242246501, 0.16908708404714004]
2020-10-24 19:51:23 | Iter | [ 44/60] valid loss=0.33597
2020-10-24 19:51:23 | Test | [ 44/60] Valid Acc=0.52211
2020-10-24 19:51:23 | Test | [ 44/60] Valid Mean IU=0.46021
2020-10-24 19:51:23 | Test | [ 44/60] Valid Class Acc=[0.9095889449704526, 0.15800502933779723]
2020-10-24 19:52:23 | Iter | [ 45/60] train loss=0.34145
2020-10-24 19:52:23 | Test | [ 45/60] Train Acc=0.53100
2020-10-24 19:52:23 | Test | [ 45/60] Train Mean IU=0.46025
2020-10-24 19:52:23 | Test | [ 45/60] Train_class_acc=[0.9137413235989588, 0.1482669468197701]
2020-10-24 19:53:03 | Iter | [ 45/60] valid loss=0.32881
2020-10-24 19:53:03 | Test | [ 45/60] Valid Acc=0.52311
2020-10-24 19:53:03 | Test | [ 45/60] Valid Mean IU=0.46805
2020-10-24 19:53:03 | Test | [ 45/60] Valid Class Acc=[0.9290653563154005, 0.1073165084510291]
2020-10-24 19:54:02 | Iter | [ 46/60] train loss=0.33892
2020-10-24 19:54:02 | Test | [ 46/60] Train Acc=0.53080
2020-10-24 19:54:02 | Test | [ 46/60] Train Mean IU=0.46379
2020-10-24 19:54:02 | Test | [ 46/60] Train_class_acc=[0.9200147403614737, 0.14157883495927123]
2020-10-24 19:54:43 | Iter | [ 46/60] valid loss=0.31932
2020-10-24 19:54:43 | Test | [ 46/60] Valid Acc=0.52215
2020-10-24 19:54:43 | Test | [ 46/60] Valid Mean IU=0.47233
2020-10-24 19:54:43 | Test | [ 46/60] Valid Class Acc=[0.9332550253873354, 0.1338477021133803]
2020-10-24 19:55:42 | Iter | [ 47/60] train loss=0.33524
2020-10-24 19:55:42 | Test | [ 47/60] Train Acc=0.53280
2020-10-24 19:55:42 | Test | [ 47/60] Train Mean IU=0.46437
2020-10-24 19:55:42 | Test | [ 47/60] Train_class_acc=[0.9219954861441414, 0.14360961685211485]
2020-10-24 19:56:22 | Iter | [ 47/60] valid loss=0.30880
2020-10-24 19:56:22 | Test | [ 47/60] Valid Acc=0.52098
2020-10-24 19:56:22 | Test | [ 47/60] Valid Mean IU=0.47752
2020-10-24 19:56:22 | Test | [ 47/60] Valid Class Acc=[0.9287386581726466, 0.1435018050541473]
2020-10-24 19:57:22 | Iter | [ 48/60] train loss=0.32260
2020-10-24 19:57:22 | Test | [ 48/60] Train Acc=0.54341
2020-10-24 19:57:22 | Test | [ 48/60] Train Mean IU=0.47242
2020-10-24 19:57:22 | Test | [ 48/60] Train_class_acc=[0.9346501197348834, 0.15216328634636697]
2020-10-24 19:58:02 | Iter | [ 48/60] valid loss=0.30031
2020-10-24 19:58:02 | Test | [ 48/60] Valid Acc=0.52044
2020-10-24 19:58:02 | Test | [ 48/60] Valid Mean IU=0.48188
2020-10-24 19:58:02 | Test | [ 48/60] Valid Class Acc=[0.9275072984279534, 0.1586181277860268]
2020-10-24 19:59:02 | Iter | [ 49/60] train loss=0.31465
2020-10-24 19:59:02 | Test | [ 49/60] Train Acc=0.53387
2020-10-24 19:59:02 | Test | [ 49/60] Train Mean IU=0.47643
2020-10-24 19:59:02 | Test | [ 49/60] Train_class_acc=[0.944802202032129, 0.12293307655673635]
2020-10-24 19:59:42 | Iter | [ 49/60] valid loss=0.29348
2020-10-24 19:59:42 | Test | [ 49/60] Valid Acc=0.52032
2020-10-24 19:59:42 | Test | [ 49/60] Valid Mean IU=0.48681
2020-10-24 19:59:42 | Test | [ 49/60] Valid Class Acc=[0.9500376984176683, 0.1294010059442099]
2020-10-24 20:00:41 | Iter | [ 50/60] train loss=0.30561
2020-10-24 20:00:41 | Test | [ 50/60] Train Acc=0.52952
2020-10-24 20:00:41 | Test | [ 50/60] Train Mean IU=0.47934
2020-10-24 20:00:41 | Test | [ 50/60] Train_class_acc=[0.949919953433935, 0.1091163431317319]
2020-10-24 20:01:21 | Iter | [ 50/60] valid loss=0.28803
2020-10-24 20:01:21 | Test | [ 50/60] Valid Acc=0.51800
2020-10-24 20:01:21 | Test | [ 50/60] Valid Mean IU=0.49077
2020-10-24 20:01:21 | Test | [ 50/60] Valid Class Acc=[0.9501167395191482, 0.10462928114414358]
2020-10-24 20:02:21 | Iter | [ 51/60] train loss=0.29954
2020-10-24 20:02:21 | Test | [ 51/60] Train Acc=0.52547
2020-10-24 20:02:21 | Test | [ 51/60] Train Mean IU=0.48158
2020-10-24 20:02:21 | Test | [ 51/60] Train_class_acc=[0.955384768856287, 0.09554533842118336]
2020-10-24 20:03:01 | Iter | [ 51/60] valid loss=0.28207
2020-10-24 20:03:01 | Test | [ 51/60] Valid Acc=0.51756
2020-10-24 20:03:01 | Test | [ 51/60] Valid Mean IU=0.49497
2020-10-24 20:03:01 | Test | [ 51/60] Valid Class Acc=[0.9602101178838627, 0.09477234401348753]
2020-10-24 20:04:01 | Iter | [ 52/60] train loss=0.32081
2020-10-24 20:04:01 | Test | [ 52/60] Train Acc=0.53152
2020-10-24 20:04:01 | Test | [ 52/60] Train Mean IU=0.47992
2020-10-24 20:04:01 | Test | [ 52/60] Train_class_acc=[0.9504479257695565, 0.11258226286179014]
2020-10-24 20:04:41 | Iter | [ 52/60] valid loss=0.26995
2020-10-24 20:04:41 | Test | [ 52/60] Valid Acc=0.51591
2020-10-24 20:04:41 | Test | [ 52/60] Valid Mean IU=0.49357
2020-10-24 20:04:41 | Test | [ 52/60] Valid Class Acc=[0.9582486462614732, 0.1561415683553034]
2020-10-24 20:05:40 | Iter | [ 53/60] train loss=0.29180
2020-10-24 20:05:40 | Test | [ 53/60] Train Acc=0.52593
2020-10-24 20:05:40 | Test | [ 53/60] Train Mean IU=0.47968
2020-10-24 20:05:40 | Test | [ 53/60] Train_class_acc=[0.9515129985384987, 0.1003445281595194]
2020-10-24 20:06:20 | Iter | [ 53/60] valid loss=0.26710
2020-10-24 20:06:20 | Test | [ 53/60] Valid Acc=0.51570
2020-10-24 20:06:20 | Test | [ 53/60] Valid Mean IU=0.49580
2020-10-24 20:06:20 | Test | [ 53/60] Valid Class Acc=[0.9201878876688678, 0.1587743732590474]
2020-10-24 20:07:20 | Iter | [ 54/60] train loss=0.29008
2020-10-24 20:07:20 | Test | [ 54/60] Train Acc=0.52699
2020-10-24 20:07:20 | Test | [ 54/60] Train Mean IU=0.48339
2020-10-24 20:07:20 | Test | [ 54/60] Train_class_acc=[0.9582521872953285, 0.09573036992665272]
2020-10-24 20:08:00 | Iter | [ 54/60] valid loss=0.26061
2020-10-24 20:08:00 | Test | [ 54/60] Valid Acc=0.51221
2020-10-24 20:08:00 | Test | [ 54/60] Valid Mean IU=0.49578
2020-10-24 20:08:00 | Test | [ 54/60] Valid Class Acc=[0.9350821203393785, 0.11075848936845094]
2020-10-24 20:08:59 | Iter | [ 55/60] train loss=0.26387
2020-10-24 20:08:59 | Test | [ 55/60] Train Acc=0.52511
2020-10-24 20:08:59 | Test | [ 55/60] Train Mean IU=0.49463
2020-10-24 20:08:59 | Test | [ 55/60] Train_class_acc=[0.978573278405024, 0.07164785933775392]
2020-10-24 20:09:39 | Iter | [ 55/60] valid loss=0.25527
2020-10-24 20:09:39 | Test | [ 55/60] Valid Acc=0.51180
2020-10-24 20:09:39 | Test | [ 55/60] Valid Mean IU=0.49805
2020-10-24 20:09:39 | Test | [ 55/60] Valid Class Acc=[0.984169680992377, 0.040929203539822594]
2020-10-24 20:10:38 | Iter | [ 56/60] train loss=0.26932
2020-10-24 20:10:38 | Test | [ 56/60] Train Acc=0.52403
2020-10-24 20:10:38 | Test | [ 56/60] Train Mean IU=0.49054
2020-10-24 20:10:38 | Test | [ 56/60] Train_class_acc=[0.9722758114776208, 0.0757833283715282]
2020-10-24 20:11:19 | Iter | [ 56/60] valid loss=0.24792
2020-10-24 20:11:19 | Test | [ 56/60] Valid Acc=0.50969
2020-10-24 20:11:19 | Test | [ 56/60] Valid Mean IU=0.49730
2020-10-24 20:11:19 | Test | [ 56/60] Valid Class Acc=[0.9758959033490233, 0.04440112627247082]
2020-10-24 20:12:18 | Iter | [ 57/60] train loss=0.25972
2020-10-24 20:12:18 | Test | [ 57/60] Train Acc=0.52228
2020-10-24 20:12:18 | Test | [ 57/60] Train Mean IU=0.49318
2020-10-24 20:12:18 | Test | [ 57/60] Train_class_acc=[0.9774548311730128, 0.06710708906561426]
2020-10-24 20:12:58 | Iter | [ 57/60] valid loss=0.24270
2020-10-24 20:12:58 | Test | [ 57/60] Valid Acc=0.50971
2020-10-24 20:12:58 | Test | [ 57/60] Valid Mean IU=0.49847
2020-10-24 20:12:58 | Test | [ 57/60] Valid Class Acc=[0.9881202206135461, 0.039440892837793486]
2020-10-24 20:13:57 | Iter | [ 58/60] train loss=0.25063
2020-10-24 20:13:57 | Test | [ 58/60] Train Acc=0.52162
2020-10-24 20:13:57 | Test | [ 58/60] Train Mean IU=0.49394
2020-10-24 20:13:57 | Test | [ 58/60] Train_class_acc=[0.9782089260613168, 0.06502390713448344]
2020-10-24 20:14:37 | Iter | [ 58/60] valid loss=0.23876
2020-10-24 20:14:37 | Test | [ 58/60] Valid Acc=0.50889
2020-10-24 20:14:37 | Test | [ 58/60] Valid Mean IU=0.49934
2020-10-24 20:14:37 | Test | [ 58/60] Valid Class Acc=[0.9901800204363764, 0.05518867924528041]
2020-10-24 20:15:36 | Iter | [ 59/60] train loss=0.25881
2020-10-24 20:15:36 | Test | [ 59/60] Train Acc=0.52648
2020-10-24 20:15:36 | Test | [ 59/60] Train Mean IU=0.49657
2020-10-24 20:15:36 | Test | [ 59/60] Train_class_acc=[0.9772802818870393, 0.07567422471619652]
2020-10-24 20:16:16 | Iter | [ 59/60] valid loss=0.23409
2020-10-24 20:16:16 | Test | [ 59/60] Valid Acc=0.50891
2020-10-24 20:16:16 | Test | [ 59/60] Valid Mean IU=0.49966
2020-10-24 20:16:16 | Test | [ 59/60] Valid Class Acc=[0.967899315566475, 0.0724980299448356]
2020-10-24 20:17:15 | Iter | [ 60/60] train loss=0.24467
2020-10-24 20:17:15 | Test | [ 60/60] Train Acc=0.51896
2020-10-24 20:17:15 | Test | [ 60/60] Train Mean IU=0.49700
2020-10-24 20:17:15 | Test | [ 60/60] Train_class_acc=[0.9846442456986497, 0.05328418640069765]
2020-10-24 20:17:56 | Iter | [ 60/60] valid loss=0.22947
2020-10-24 20:17:56 | Test | [ 60/60] Valid Acc=0.50807
2020-10-24 20:17:56 | Test | [ 60/60] Valid Mean IU=0.49983
2020-10-24 20:17:56 | Test | [ 60/60] Valid Class Acc=[0.9665689944106045, 0.08226037195993983]
