2020-10-23 06:13:24 | Conf | use logdir run/crackSegmentationSimple/2020-10-23-06-13-7411
2020-10-23 06:13:24 | Conf | use dataset crackSegmentationSimple
2020-10-23 06:13:24 | Conf | use augmentation True
2020-10-23 06:13:24 | Conf | use image size (448, 448)
2020-10-23 06:13:24 | Conf | use batch_size 4
2020-10-23 06:13:24 | Conf | use model exfuse
2020-10-23 06:13:25 | Conf | use GPU [0]
2020-10-23 06:13:25 | Conf | use optimizer Adam, lr=0.0001, weight_decay=0.001
2020-10-23 06:13:25 | Conf | use step_lr_scheduler every 40 steps decay 0.1
2020-10-23 06:13:25 | Conf | use loss function crossentropyloss2D
2020-10-23 06:13:25 | Conf | use epoch 60
2020-10-23 06:17:00 | Iter | [  1/60] train loss=0.54164
2020-10-23 06:17:00 | Test | [  1/60] Train Acc=0.50928
2020-10-23 06:17:00 | Test | [  1/60] Train Mean IU=0.36394
2020-10-23 06:17:00 | Test | [  1/60] Train_class_acc=[0.7227498079581811, 0.2958067307785951]
2020-10-23 06:18:25 | Iter | [  1/60] valid loss=0.62070
2020-10-23 06:18:25 | Test | [  1/60] Valid Acc=0.50115
2020-10-23 06:18:25 | Test | [  1/60] Valid Mean IU=0.39645
2020-10-23 06:18:25 | Test | [  1/60] Valid Class Acc=[0.7614775341647785, 0.32884955752211226]
2020-10-23 06:21:39 | Iter | [  2/60] train loss=0.46305
2020-10-23 06:21:39 | Test | [  2/60] Train Acc=0.50924
2020-10-23 06:21:39 | Test | [  2/60] Train Mean IU=0.38547
2020-10-23 06:21:39 | Test | [  2/60] Train_class_acc=[0.7660125258246603, 0.2524666346839243]
2020-10-23 06:22:56 | Iter | [  2/60] valid loss=0.49214
2020-10-23 06:22:56 | Test | [  2/60] Valid Acc=0.49918
2020-10-23 06:22:56 | Test | [  2/60] Valid Mean IU=0.37447
2020-10-23 06:22:56 | Test | [  2/60] Valid Class Acc=[0.7640698768814035, 0.2395420990692175]
2020-10-23 06:26:09 | Iter | [  3/60] train loss=0.41218
2020-10-23 06:26:09 | Test | [  3/60] Train Acc=0.50358
2020-10-23 06:26:09 | Test | [  3/60] Train Mean IU=0.39259
2020-10-23 06:26:09 | Test | [  3/60] Train_class_acc=[0.7810432501077192, 0.22611300629937467]
2020-10-23 06:27:27 | Iter | [  3/60] valid loss=0.42852
2020-10-23 06:27:27 | Test | [  3/60] Valid Acc=0.49832
2020-10-23 06:27:27 | Test | [  3/60] Valid Mean IU=0.37868
2020-10-23 06:27:27 | Test | [  3/60] Valid Class Acc=[0.7874295100197153, 0.22216268352802251]
2020-10-23 06:30:43 | Iter | [  4/60] train loss=0.38059
2020-10-23 06:30:43 | Test | [  4/60] Train Acc=0.50020
2020-10-23 06:30:43 | Test | [  4/60] Train Mean IU=0.39182
2020-10-23 06:30:43 | Test | [  4/60] Train_class_acc=[0.7801395676596966, 0.22025218150661585]
2020-10-23 06:31:59 | Iter | [  4/60] valid loss=0.36673
2020-10-23 06:31:59 | Test | [  4/60] Valid Acc=0.49841
2020-10-23 06:31:59 | Test | [  4/60] Valid Mean IU=0.38177
2020-10-23 06:31:59 | Test | [  4/60] Valid Class Acc=[0.7822863870626007, 0.2170644001307546]
2020-10-23 06:35:16 | Iter | [  5/60] train loss=0.35825
2020-10-23 06:35:16 | Test | [  5/60] Train Acc=0.50373
2020-10-23 06:35:16 | Test | [  5/60] Train Mean IU=0.40084
2020-10-23 06:35:16 | Test | [  5/60] Train_class_acc=[0.7982847473757847, 0.20918328012359774]
2020-10-23 06:36:33 | Iter | [  5/60] valid loss=0.33919
2020-10-23 06:36:33 | Test | [  5/60] Valid Acc=0.49987
2020-10-23 06:36:33 | Test | [  5/60] Valid Mean IU=0.40469
2020-10-23 06:36:33 | Test | [  5/60] Valid Class Acc=[0.8058547827112947, 0.239973915878701]
2020-10-23 06:39:46 | Iter | [  6/60] train loss=0.34171
2020-10-23 06:39:46 | Test | [  6/60] Train Acc=0.49961
2020-10-23 06:39:46 | Test | [  6/60] Train Mean IU=0.40560
2020-10-23 06:39:46 | Test | [  6/60] Train_class_acc=[0.8082922715087242, 0.19092569037027815]
2020-10-23 06:41:02 | Iter | [  6/60] valid loss=0.32281
2020-10-23 06:41:02 | Test | [  6/60] Valid Acc=0.50015
2020-10-23 06:41:02 | Test | [  6/60] Valid Mean IU=0.41543
2020-10-23 06:41:02 | Test | [  6/60] Valid Class Acc=[0.8117384794713065, 0.18027174494490017]
2020-10-23 06:44:14 | Iter | [  7/60] train loss=0.31843
2020-10-23 06:44:14 | Test | [  7/60] Train Acc=0.50210
2020-10-23 06:44:14 | Test | [  7/60] Train Mean IU=0.41360
2020-10-23 06:44:14 | Test | [  7/60] Train_class_acc=[0.8243269569488936, 0.17987316821636432]
2020-10-23 06:45:30 | Iter | [  7/60] valid loss=0.30440
2020-10-23 06:45:30 | Test | [  7/60] Valid Acc=0.49953
2020-10-23 06:45:30 | Test | [  7/60] Valid Mean IU=0.42116
2020-10-23 06:45:30 | Test | [  7/60] Valid Class Acc=[0.8291452232918417, 0.20273597811216953]
2020-10-23 06:48:43 | Iter | [  8/60] train loss=0.29928
2020-10-23 06:48:43 | Test | [  8/60] Train Acc=0.50216
2020-10-23 06:48:43 | Test | [  8/60] Train Mean IU=0.41865
2020-10-23 06:48:43 | Test | [  8/60] Train_class_acc=[0.8347757982618956, 0.16953804757930288]
2020-10-23 06:49:59 | Iter | [  8/60] valid loss=0.28844
2020-10-23 06:49:59 | Test | [  8/60] Valid Acc=0.49993
2020-10-23 06:49:59 | Test | [  8/60] Valid Mean IU=0.42615
2020-10-23 06:49:59 | Test | [  8/60] Valid Class Acc=[0.8401667076000819, 0.15339480301759625]
2020-10-23 06:53:11 | Iter | [  9/60] train loss=0.27955
2020-10-23 06:53:11 | Test | [  9/60] Train Acc=0.50550
2020-10-23 06:53:11 | Test | [  9/60] Train Mean IU=0.42620
2020-10-23 06:53:11 | Test | [  9/60] Train_class_acc=[0.8496492357878397, 0.16134372540206243]
2020-10-23 06:54:27 | Iter | [  9/60] valid loss=0.27079
2020-10-23 06:54:27 | Test | [  9/60] Valid Acc=0.50105
2020-10-23 06:54:27 | Test | [  9/60] Valid Mean IU=0.43113
2020-10-23 06:54:27 | Test | [  9/60] Valid Class Acc=[0.8555185738936177, 0.15348176219800314]
2020-10-23 06:57:49 | Iter | [ 10/60] train loss=0.26663
2020-10-23 06:57:49 | Test | [ 10/60] Train Acc=0.50498
2020-10-23 06:57:49 | Test | [ 10/60] Train Mean IU=0.43256
2020-10-23 06:57:49 | Test | [ 10/60] Train_class_acc=[0.8623244592654977, 0.14764112902873308]
2020-10-23 06:59:08 | Iter | [ 10/60] valid loss=0.25324
2020-10-23 06:59:08 | Test | [ 10/60] Valid Acc=0.50017
2020-10-23 06:59:08 | Test | [ 10/60] Valid Mean IU=0.43629
2020-10-23 06:59:08 | Test | [ 10/60] Valid Class Acc=[0.8666705836371111, 0.14966328274198262]
2020-10-23 07:02:29 | Iter | [ 11/60] train loss=0.24276
2020-10-23 07:02:29 | Test | [ 11/60] Train Acc=0.51116
2020-10-23 07:02:29 | Test | [ 11/60] Train Mean IU=0.43947
2020-10-23 07:02:29 | Test | [ 11/60] Train_class_acc=[0.8754035894847104, 0.14692445808067411]
2020-10-23 07:03:48 | Iter | [ 11/60] valid loss=0.23351
2020-10-23 07:03:48 | Test | [ 11/60] Valid Acc=0.49922
2020-10-23 07:03:48 | Test | [ 11/60] Valid Mean IU=0.44232
2020-10-23 07:03:48 | Test | [ 11/60] Valid Class Acc=[0.8820791486097985, 0.12515387771850123]
2020-10-23 07:07:08 | Iter | [ 12/60] train loss=0.22310
2020-10-23 07:07:08 | Test | [ 12/60] Train Acc=0.50793
2020-10-23 07:07:08 | Test | [ 12/60] Train Mean IU=0.44607
2020-10-23 07:07:08 | Test | [ 12/60] Train_class_acc=[0.8896430627745774, 0.12621498818162832]
2020-10-23 07:08:27 | Iter | [ 12/60] valid loss=0.21511
2020-10-23 07:08:27 | Test | [ 12/60] Valid Acc=0.49978
2020-10-23 07:08:27 | Test | [ 12/60] Valid Mean IU=0.45076
2020-10-23 07:08:27 | Test | [ 12/60] Valid Class Acc=[0.8969715366591571, 0.10609318996415391]
2020-10-23 07:11:49 | Iter | [ 13/60] train loss=0.20353
2020-10-23 07:11:49 | Test | [ 13/60] Train Acc=0.51246
2020-10-23 07:11:49 | Test | [ 13/60] Train Mean IU=0.45478
2020-10-23 07:11:49 | Test | [ 13/60] Train_class_acc=[0.9065846183755489, 0.1183372263046167]
2020-10-23 07:13:07 | Iter | [ 13/60] valid loss=0.19456
2020-10-23 07:13:07 | Test | [ 13/60] Valid Acc=0.50006
2020-10-23 07:13:07 | Test | [ 13/60] Valid Mean IU=0.45998
2020-10-23 07:13:07 | Test | [ 13/60] Valid Class Acc=[0.9148144801831102, 0.11081081081080706]
2020-10-23 07:16:29 | Iter | [ 14/60] train loss=0.19116
2020-10-23 07:16:29 | Test | [ 14/60] Train Acc=0.51327
2020-10-23 07:16:29 | Test | [ 14/60] Train Mean IU=0.46557
2020-10-23 07:16:29 | Test | [ 14/60] Train_class_acc=[0.9283726772102973, 0.09816043464007379]
2020-10-23 07:17:48 | Iter | [ 14/60] valid loss=0.17410
2020-10-23 07:17:48 | Test | [ 14/60] Valid Acc=0.50664
2020-10-23 07:17:48 | Test | [ 14/60] Valid Mean IU=0.47677
2020-10-23 07:17:48 | Test | [ 14/60] Valid Class Acc=[0.9391846060476239, 0.07445429003674006]
2020-10-23 07:21:10 | Iter | [ 15/60] train loss=0.16920
2020-10-23 07:21:10 | Test | [ 15/60] Train Acc=0.53886
2020-10-23 07:21:10 | Test | [ 15/60] Train Mean IU=0.48215
2020-10-23 07:21:10 | Test | [ 15/60] Train_class_acc=[0.953906118726953, 0.1238203860131085]
2020-10-23 07:22:29 | Iter | [ 15/60] valid loss=0.15648
2020-10-23 07:22:29 | Test | [ 15/60] Valid Acc=0.50662
2020-10-23 07:22:29 | Test | [ 15/60] Valid Mean IU=0.49058
2020-10-23 07:22:29 | Test | [ 15/60] Valid Class Acc=[0.965683590118463, 0.049221325451858026]
2020-10-23 09:11:08 | Iter | [ 16/60] train loss=0.14554
2020-10-23 09:11:08 | Test | [ 16/60] Train Acc=0.51364
2020-10-23 09:11:08 | Test | [ 16/60] Train Mean IU=0.49077
2020-10-23 09:11:08 | Test | [ 16/60] Train_class_acc=[0.9763328043672628, 0.05095719444843733]
2020-10-23 09:12:36 | Iter | [ 16/60] valid loss=0.14110
2020-10-23 09:12:36 | Test | [ 16/60] Valid Acc=0.51604
2020-10-23 09:12:36 | Test | [ 16/60] Valid Mean IU=0.49885
2020-10-23 09:12:36 | Test | [ 16/60] Valid Class Acc=[0.981828479491568, 0.039545645771979825]
2020-10-23 09:16:05 | Iter | [ 17/60] train loss=0.12407
2020-10-23 09:16:05 | Test | [ 17/60] Train Acc=0.54208
2020-10-23 09:16:05 | Test | [ 17/60] Train Mean IU=0.50557
2020-10-23 09:16:05 | Test | [ 17/60] Train_class_acc=[0.9836578040686047, 0.10050710067729478]
2020-10-23 09:17:21 | Iter | [ 17/60] valid loss=0.15291
2020-10-23 09:17:21 | Test | [ 17/60] Valid Acc=0.51118
2020-10-23 09:17:21 | Test | [ 17/60] Valid Mean IU=0.49907
2020-10-23 09:17:21 | Test | [ 17/60] Valid Class Acc=[0.986657661299434, 0.15030380556443396]
2020-10-23 09:20:35 | Iter | [ 18/60] train loss=0.11228
2020-10-23 09:20:35 | Test | [ 18/60] Train Acc=0.53119
2020-10-23 09:20:35 | Test | [ 18/60] Train Mean IU=0.50560
2020-10-23 09:20:35 | Test | [ 18/60] Train_class_acc=[0.9892886443807155, 0.0730972284719555]
2020-10-23 09:21:52 | Iter | [ 18/60] valid loss=0.15227
2020-10-23 09:21:52 | Test | [ 18/60] Valid Acc=0.52001
2020-10-23 09:21:52 | Test | [ 18/60] Valid Mean IU=0.50458
2020-10-23 09:21:52 | Test | [ 18/60] Valid Class Acc=[0.9897937662885461, 0.1073030108904514]
2020-10-23 09:25:15 | Iter | [ 19/60] train loss=0.09869
2020-10-23 09:25:15 | Test | [ 19/60] Train Acc=0.53717
2020-10-23 09:25:15 | Test | [ 19/60] Train Mean IU=0.51124
2020-10-23 09:25:15 | Test | [ 19/60] Train_class_acc=[0.9903968540712809, 0.08394613528191146]
2020-10-23 09:26:33 | Iter | [ 19/60] valid loss=0.15920
2020-10-23 09:26:33 | Test | [ 19/60] Valid Acc=0.50496
2020-10-23 09:26:33 | Test | [ 19/60] Valid Mean IU=0.49708
2020-10-23 09:26:33 | Test | [ 19/60] Valid Class Acc=[0.992927928154179, 0.04158907510862689]
2020-10-23 09:29:55 | Iter | [ 20/60] train loss=0.09230
2020-10-23 09:29:55 | Test | [ 20/60] Train Acc=0.53259
2020-10-23 09:29:55 | Test | [ 20/60] Train Mean IU=0.50852
2020-10-23 09:29:55 | Test | [ 20/60] Train_class_acc=[0.9921915829384038, 0.0729908228589487]
2020-10-23 09:31:12 | Iter | [ 20/60] valid loss=0.12644
2020-10-23 09:31:12 | Test | [ 20/60] Valid Acc=0.54345
2020-10-23 09:31:12 | Test | [ 20/60] Valid Mean IU=0.51814
2020-10-23 09:31:12 | Test | [ 20/60] Valid Class Acc=[0.9889774712344076, 0.20149563772329865]
2020-10-23 09:34:45 | Iter | [ 21/60] train loss=0.08400
2020-10-23 09:34:45 | Test | [ 21/60] Train Acc=0.53806
2020-10-23 09:34:45 | Test | [ 21/60] Train Mean IU=0.51309
2020-10-23 09:34:45 | Test | [ 21/60] Train_class_acc=[0.9930488386352243, 0.08308055725177446]
2020-10-23 09:36:10 | Iter | [ 21/60] valid loss=0.11289
2020-10-23 09:36:10 | Test | [ 21/60] Valid Acc=0.51405
2020-10-23 09:36:10 | Test | [ 21/60] Valid Mean IU=0.50328
2020-10-23 09:36:10 | Test | [ 21/60] Valid Class Acc=[0.9948891991407635, 0.03634136382196666]
2020-10-23 09:39:54 | Iter | [ 22/60] train loss=0.08068
2020-10-23 09:39:54 | Test | [ 22/60] Train Acc=0.54701
2020-10-23 09:39:54 | Test | [ 22/60] Train Mean IU=0.51876
2020-10-23 09:39:54 | Test | [ 22/60] Train_class_acc=[0.9926659032914639, 0.10135224851421927]
2020-10-23 13:54:59 | Iter | [ 22/60] valid loss=0.11768
2020-10-23 13:54:59 | Test | [ 22/60] Valid Acc=0.50972
2020-10-23 13:54:59 | Test | [ 22/60] Valid Mean IU=0.50088
2020-10-23 13:54:59 | Test | [ 22/60] Valid Class Acc=[0.9948943202137702, 0.028225806451612028]
2020-10-23 13:58:21 | Iter | [ 23/60] train loss=0.07480
2020-10-23 13:58:21 | Test | [ 23/60] Train Acc=0.54116
2020-10-23 13:58:21 | Test | [ 23/60] Train Mean IU=0.51681
2020-10-23 13:58:21 | Test | [ 23/60] Train_class_acc=[0.9937723954838781, 0.08853878556079216]
2020-10-23 13:59:39 | Iter | [ 23/60] valid loss=0.09790
2020-10-23 13:59:39 | Test | [ 23/60] Valid Acc=0.52463
2020-10-23 13:59:39 | Test | [ 23/60] Valid Mean IU=0.51026
2020-10-23 13:59:39 | Test | [ 23/60] Valid Class Acc=[0.9930464731561226, 0.1413578222367943]
2020-10-23 14:03:01 | Iter | [ 24/60] train loss=0.07150
2020-10-23 14:03:01 | Test | [ 24/60] Train Acc=0.54326
2020-10-23 14:03:01 | Test | [ 24/60] Train Mean IU=0.51896
2020-10-23 14:03:01 | Test | [ 24/60] Train_class_acc=[0.9941603076443344, 0.0923505170481503]
2020-10-23 14:04:20 | Iter | [ 24/60] valid loss=0.09133
2020-10-23 14:04:20 | Test | [ 24/60] Valid Acc=0.51909
2020-10-23 14:04:20 | Test | [ 24/60] Valid Mean IU=0.50745
2020-10-23 14:04:20 | Test | [ 24/60] Valid Class Acc=[0.9947541230136846, 0.11079077429983068]
2020-10-23 14:07:40 | Iter | [ 25/60] train loss=0.07066
2020-10-23 14:07:40 | Test | [ 25/60] Train Acc=0.53520
2020-10-23 14:07:40 | Test | [ 25/60] Train Mean IU=0.51590
2020-10-23 14:07:40 | Test | [ 25/60] Train_class_acc=[0.9946805201530738, 0.07571029075149736]
2020-10-23 14:08:57 | Iter | [ 25/60] valid loss=0.09135
2020-10-23 14:08:57 | Test | [ 25/60] Valid Acc=0.54488
2020-10-23 14:08:57 | Test | [ 25/60] Valid Mean IU=0.52192
2020-10-23 14:08:57 | Test | [ 25/60] Valid Class Acc=[0.9941093455858943, 0.12828814245244322]
2020-10-23 14:12:11 | Iter | [ 26/60] train loss=0.06676
2020-10-23 14:12:11 | Test | [ 26/60] Train Acc=0.53584
2020-10-23 14:12:11 | Test | [ 26/60] Train Mean IU=0.51726
2020-10-23 14:12:11 | Test | [ 26/60] Train_class_acc=[0.9947433685742668, 0.07692828588842336]
2020-10-23 14:13:28 | Iter | [ 26/60] valid loss=0.11788
2020-10-23 14:13:28 | Test | [ 26/60] Valid Acc=0.51088
2020-10-23 14:13:28 | Test | [ 26/60] Valid Mean IU=0.50235
2020-10-23 14:13:28 | Test | [ 26/60] Valid Class Acc=[0.9959886679870632, 0.04609929078014003]
2020-10-23 14:16:42 | Iter | [ 27/60] train loss=0.06521
2020-10-23 14:16:42 | Test | [ 27/60] Train Acc=0.53660
2020-10-23 14:16:42 | Test | [ 27/60] Train Mean IU=0.51655
2020-10-23 14:16:42 | Test | [ 27/60] Train_class_acc=[0.9948686965547898, 0.07833324749005911]
2020-10-23 14:17:58 | Iter | [ 27/60] valid loss=0.07507
2020-10-23 14:17:58 | Test | [ 27/60] Valid Acc=0.57933
2020-10-23 14:17:58 | Test | [ 27/60] Valid Mean IU=0.53726
2020-10-23 14:17:58 | Test | [ 27/60] Valid Class Acc=[0.9951858376918082, 0.08161548169961794]
2020-10-23 14:21:16 | Iter | [ 28/60] train loss=0.06574
2020-10-23 14:21:16 | Test | [ 28/60] Train Acc=0.53444
2020-10-23 14:21:16 | Test | [ 28/60] Train Mean IU=0.51553
2020-10-23 14:21:16 | Test | [ 28/60] Train_class_acc=[0.9953114670601138, 0.07356032143982844]
2020-10-23 14:22:34 | Iter | [ 28/60] valid loss=0.07891
2020-10-23 14:22:34 | Test | [ 28/60] Valid Acc=0.51895
2020-10-23 14:22:34 | Test | [ 28/60] Valid Mean IU=0.50771
2020-10-23 14:22:34 | Test | [ 28/60] Valid Class Acc=[0.9966303166046042, 0.022215169787368382]
2020-10-23 14:25:58 | Iter | [ 29/60] train loss=0.06162
2020-10-23 14:25:58 | Test | [ 29/60] Train Acc=0.53462
2020-10-23 14:25:58 | Test | [ 29/60] Train Mean IU=0.51747
2020-10-23 14:25:58 | Test | [ 29/60] Train_class_acc=[0.9953460980283356, 0.0738854836914594]
2020-10-23 14:27:18 | Iter | [ 29/60] valid loss=0.08704
2020-10-23 14:27:18 | Test | [ 29/60] Valid Acc=0.54004
2020-10-23 14:27:18 | Test | [ 29/60] Valid Mean IU=0.52062
2020-10-23 14:27:18 | Test | [ 29/60] Valid Class Acc=[0.9963120076617976, 0.04045561665357265]
2020-10-23 14:30:43 | Iter | [ 30/60] train loss=0.05973
2020-10-23 14:30:43 | Test | [ 30/60] Train Acc=0.56554
2020-10-23 14:30:43 | Test | [ 30/60] Train Mean IU=0.52894
2020-10-23 14:30:43 | Test | [ 30/60] Train_class_acc=[0.9940702436120591, 0.13701675950573622]
2020-10-23 14:32:03 | Iter | [ 30/60] valid loss=0.08205
2020-10-23 14:32:03 | Test | [ 30/60] Valid Acc=0.52586
2020-10-23 14:32:03 | Test | [ 30/60] Valid Mean IU=0.51246
2020-10-23 14:32:03 | Test | [ 30/60] Valid Class Acc=[0.9874920191239382, 0.4271356783919479]
2020-10-23 14:35:26 | Iter | [ 31/60] train loss=0.06065
2020-10-23 14:35:26 | Test | [ 31/60] Train Acc=0.51598
2020-10-23 14:35:26 | Test | [ 31/60] Train Mean IU=0.50540
2020-10-23 14:35:26 | Test | [ 31/60] Train_class_acc=[0.9965361250994179, 0.03542668778248645]
2020-10-23 14:36:46 | Iter | [ 31/60] valid loss=0.08390
2020-10-23 14:36:46 | Test | [ 31/60] Valid Acc=0.58179
2020-10-23 14:36:46 | Test | [ 31/60] Valid Mean IU=0.53917
2020-10-23 14:36:46 | Test | [ 31/60] Valid Class Acc=[0.9953753023599742, 0.09744214372715804]
2020-10-23 14:40:12 | Iter | [ 32/60] train loss=0.05785
2020-10-23 14:40:12 | Test | [ 32/60] Train Acc=0.54988
2020-10-23 14:40:12 | Test | [ 32/60] Train Mean IU=0.52032
2020-10-23 14:40:12 | Test | [ 32/60] Train_class_acc=[0.9946617587840745, 0.10509800772143259]
2020-10-23 14:41:28 | Iter | [ 32/60] valid loss=0.10991
2020-10-23 14:41:28 | Test | [ 32/60] Valid Acc=0.51008
2020-10-23 14:41:28 | Test | [ 32/60] Valid Mean IU=0.50224
2020-10-23 14:41:28 | Test | [ 32/60] Valid Class Acc=[0.9969015742607734, 0.03681546249424589]
2020-10-23 14:44:59 | Iter | [ 33/60] train loss=0.05787
2020-10-23 14:44:59 | Test | [ 33/60] Train Acc=0.56490
2020-10-23 14:44:59 | Test | [ 33/60] Train Mean IU=0.53011
2020-10-23 14:44:59 | Test | [ 33/60] Train_class_acc=[0.994472814906481, 0.13532554245908543]
2020-10-23 14:46:23 | Iter | [ 33/60] valid loss=0.08644
2020-10-23 14:46:23 | Test | [ 33/60] Valid Acc=0.50457
2020-10-23 14:46:23 | Test | [ 33/60] Valid Mean IU=0.49819
2020-10-23 14:46:23 | Test | [ 33/60] Valid Class Acc=[0.9963329868373261, 0.07823285780027252]
2020-10-23 14:49:38 | Iter | [ 34/60] train loss=0.05943
2020-10-23 14:49:38 | Test | [ 34/60] Train Acc=0.52197
2020-10-23 14:49:38 | Test | [ 34/60] Train Mean IU=0.50936
2020-10-23 14:49:38 | Test | [ 34/60] Train_class_acc=[0.9965925530278029, 0.04735668392886735]
2020-10-23 14:51:01 | Iter | [ 34/60] valid loss=0.10703
2020-10-23 14:51:01 | Test | [ 34/60] Valid Acc=0.54016
2020-10-23 14:51:01 | Test | [ 34/60] Valid Mean IU=0.52148
2020-10-23 14:51:01 | Test | [ 34/60] Valid Class Acc=[0.9949056068454178, 0.17652702270546286]
2020-10-23 14:54:32 | Iter | [ 35/60] train loss=0.05470
2020-10-23 14:54:32 | Test | [ 35/60] Train Acc=0.56631
2020-10-23 14:54:32 | Test | [ 35/60] Train Mean IU=0.53096
2020-10-23 14:54:32 | Test | [ 35/60] Train_class_acc=[0.9945766516034277, 0.13803695162395146]
2020-10-23 14:55:50 | Iter | [ 35/60] valid loss=0.11415
2020-10-23 14:55:50 | Test | [ 35/60] Valid Acc=0.50472
2020-10-23 14:55:50 | Test | [ 35/60] Valid Mean IU=0.49836
2020-10-23 14:55:50 | Test | [ 35/60] Valid Class Acc=[0.9960948585233791, 0.09020217729393187]
2020-10-23 14:59:13 | Iter | [ 36/60] train loss=0.05280
2020-10-23 14:59:13 | Test | [ 36/60] Train Acc=0.53190
2020-10-23 14:59:13 | Test | [ 36/60] Train Mean IU=0.51591
2020-10-23 14:59:13 | Test | [ 36/60] Train_class_acc=[0.9962548806705621, 0.06754551398455834]
2020-10-23 15:00:29 | Iter | [ 36/60] valid loss=0.07876
2020-10-23 15:00:29 | Test | [ 36/60] Valid Acc=0.54088
2020-10-23 15:00:29 | Test | [ 36/60] Valid Mean IU=0.52222
2020-10-23 15:00:29 | Test | [ 36/60] Valid Class Acc=[0.9950344377673785, 0.2120153684945787]
2020-10-23 15:03:40 | Iter | [ 37/60] train loss=0.05098
2020-10-23 15:03:40 | Test | [ 37/60] Train Acc=0.54912
2020-10-23 15:03:40 | Test | [ 37/60] Train Mean IU=0.52668
2020-10-23 15:03:40 | Test | [ 37/60] Train_class_acc=[0.9950977110489226, 0.10314137542233796]
2020-10-23 15:55:26 | Iter | [ 37/60] valid loss=0.09942
2020-10-23 15:55:26 | Test | [ 37/60] Valid Acc=0.50842
2020-10-23 15:55:26 | Test | [ 37/60] Valid Mean IU=0.50121
2020-10-23 15:55:26 | Test | [ 37/60] Valid Class Acc=[0.9967018370466902, 0.05170975813177432]
2020-10-23 15:58:37 | Iter | [ 38/60] train loss=0.05447
2020-10-23 15:58:37 | Test | [ 38/60] Train Acc=0.54918
2020-10-23 15:58:37 | Test | [ 38/60] Train Mean IU=0.52363
2020-10-23 15:58:37 | Test | [ 38/60] Train_class_acc=[0.9951518337463011, 0.10321007343552861]
2020-10-23 15:59:52 | Iter | [ 38/60] valid loss=0.07321
2020-10-23 15:59:52 | Test | [ 38/60] Valid Acc=0.55062
2020-10-23 15:59:52 | Test | [ 38/60] Valid Mean IU=0.52802
2020-10-23 15:59:52 | Test | [ 38/60] Valid Class Acc=[0.9906120047669089, 0.30087288597926076]
2020-10-23 16:03:02 | Iter | [ 39/60] train loss=0.06229
2020-10-23 16:03:02 | Test | [ 39/60] Train Acc=0.52739
2020-10-23 16:03:02 | Test | [ 39/60] Train Mean IU=0.51118
2020-10-23 16:03:02 | Test | [ 39/60] Train_class_acc=[0.9964448799853926, 0.05833135818159862]
2020-10-23 16:04:17 | Iter | [ 39/60] valid loss=0.10660
2020-10-23 16:04:17 | Test | [ 39/60] Valid Acc=0.51643
2020-10-23 16:04:17 | Test | [ 39/60] Valid Mean IU=0.50707
2020-10-23 16:04:17 | Test | [ 39/60] Valid Class Acc=[0.9961086912699443, 0.03344200231359729]
2020-10-23 16:07:27 | Iter | [ 40/60] train loss=0.05514
2020-10-23 16:07:27 | Test | [ 40/60] Train Acc=0.56196
2020-10-23 16:07:27 | Test | [ 40/60] Train Mean IU=0.53240
2020-10-23 16:07:27 | Test | [ 40/60] Train_class_acc=[0.9945790464628673, 0.12933661486453082]
2020-10-23 16:08:42 | Iter | [ 40/60] valid loss=0.26063
2020-10-23 16:08:42 | Test | [ 40/60] Valid Acc=0.50175
2020-10-23 16:08:42 | Test | [ 40/60] Valid Mean IU=0.49609
2020-10-23 16:08:42 | Test | [ 40/60] Valid Class Acc=[0.9959350308389963, 0.13785947227986547]
2020-10-23 16:11:57 | Iter | [ 41/60] train loss=0.05557
2020-10-23 16:11:57 | Test | [ 41/60] Train Acc=0.54160
2020-10-23 16:11:57 | Test | [ 41/60] Train Mean IU=0.52129
2020-10-23 16:11:57 | Test | [ 41/60] Train_class_acc=[0.9961236795410934, 0.08706897388727884]
2020-10-23 16:13:12 | Iter | [ 41/60] valid loss=0.06287
2020-10-23 16:13:12 | Test | [ 41/60] Valid Acc=0.50849
2020-10-23 16:13:12 | Test | [ 41/60] Valid Mean IU=0.50118
2020-10-23 16:13:12 | Test | [ 41/60] Valid Class Acc=[0.9939658618634925, 0.21165894851538516]
2020-10-23 16:16:30 | Iter | [ 42/60] train loss=0.05131
2020-10-23 16:16:30 | Test | [ 42/60] Train Acc=0.54722
2020-10-23 16:16:30 | Test | [ 42/60] Train Mean IU=0.52561
2020-10-23 16:16:30 | Test | [ 42/60] Train_class_acc=[0.9958472139278669, 0.09858635075473188]
2020-10-23 16:17:51 | Iter | [ 42/60] valid loss=0.06252
2020-10-23 16:17:51 | Test | [ 42/60] Valid Acc=0.50866
2020-10-23 16:17:51 | Test | [ 42/60] Valid Mean IU=0.50129
2020-10-23 16:17:51 | Test | [ 42/60] Valid Class Acc=[0.9953583545855993, 0.1515036162923429]
2020-10-23 16:21:28 | Iter | [ 43/60] train loss=0.05049
2020-10-23 16:21:28 | Test | [ 43/60] Train Acc=0.53900
2020-10-23 16:21:28 | Test | [ 43/60] Train Mean IU=0.52118
2020-10-23 16:21:28 | Test | [ 43/60] Train_class_acc=[0.9962011144355625, 0.0817906229756952]
2020-10-23 16:22:55 | Iter | [ 43/60] valid loss=0.06396
2020-10-23 16:22:55 | Test | [ 43/60] Valid Acc=0.50590
2020-10-23 16:22:55 | Test | [ 43/60] Valid Mean IU=0.49929
2020-10-23 16:22:55 | Test | [ 43/60] Valid Class Acc=[0.9968942930753769, 0.06602081090778378]
2020-10-23 16:26:31 | Iter | [ 44/60] train loss=0.05711
2020-10-23 16:26:31 | Test | [ 44/60] Train Acc=0.54840
2020-10-23 16:26:31 | Test | [ 44/60] Train Mean IU=0.52571
2020-10-23 16:26:31 | Test | [ 44/60] Train_class_acc=[0.9957177994762995, 0.10108352561715123]
2020-10-23 16:27:49 | Iter | [ 44/60] valid loss=0.07165
2020-10-23 16:27:49 | Test | [ 44/60] Valid Acc=0.53357
2020-10-23 16:27:49 | Test | [ 44/60] Valid Mean IU=0.51864
2020-10-23 16:27:49 | Test | [ 44/60] Valid Class Acc=[0.9943800455920073, 0.09205111544292731]
2020-10-23 16:31:07 | Iter | [ 45/60] train loss=0.04791
2020-10-23 16:31:07 | Test | [ 45/60] Train Acc=0.53618
2020-10-23 16:31:07 | Test | [ 45/60] Train Mean IU=0.51994
2020-10-23 16:31:07 | Test | [ 45/60] Train_class_acc=[0.9960420959692788, 0.07631072931070824]
2020-10-23 16:32:25 | Iter | [ 45/60] valid loss=0.09908
2020-10-23 16:32:25 | Test | [ 45/60] Valid Acc=0.50646
2020-10-23 16:32:25 | Test | [ 45/60] Valid Mean IU=0.49976
2020-10-23 16:32:25 | Test | [ 45/60] Valid Class Acc=[0.9974211948213378, 0.010896898575020499]
2020-10-23 16:35:42 | Iter | [ 46/60] train loss=0.05042
2020-10-23 16:35:42 | Test | [ 46/60] Train Acc=0.54737
2020-10-23 16:35:42 | Test | [ 46/60] Train Mean IU=0.52547
2020-10-23 16:35:42 | Test | [ 46/60] Train_class_acc=[0.996151295597531, 0.0985900312152236]
2020-10-23 16:36:59 | Iter | [ 46/60] valid loss=0.08632
2020-10-23 16:36:59 | Test | [ 46/60] Valid Acc=0.51864
2020-10-23 16:36:59 | Test | [ 46/60] Valid Mean IU=0.50877
2020-10-23 16:36:59 | Test | [ 46/60] Valid Class Acc=[0.9957284370145235, 0.1436296045961425]
2020-10-23 16:40:34 | Iter | [ 47/60] train loss=0.04910
2020-10-23 16:40:34 | Test | [ 47/60] Train Acc=0.56101
2020-10-23 16:40:34 | Test | [ 47/60] Train Mean IU=0.52886
2020-10-23 16:40:34 | Test | [ 47/60] Train_class_acc=[0.9956303225794353, 0.12639401020630595]
2020-10-23 16:42:02 | Iter | [ 47/60] valid loss=0.07816
2020-10-23 16:42:02 | Test | [ 47/60] Valid Acc=0.54896
2020-10-23 16:42:02 | Test | [ 47/60] Valid Mean IU=0.52773
2020-10-23 16:42:02 | Test | [ 47/60] Valid Class Acc=[0.9904078787041337, 0.4533056626148694]
2020-10-23 16:45:38 | Iter | [ 48/60] train loss=0.04616
2020-10-23 16:45:38 | Test | [ 48/60] Train Acc=0.53541
2020-10-23 16:45:38 | Test | [ 48/60] Train Mean IU=0.51966
2020-10-23 16:45:38 | Test | [ 48/60] Train_class_acc=[0.9963737527254067, 0.0744508404706845]
2020-10-23 16:46:56 | Iter | [ 48/60] valid loss=0.07987
2020-10-23 16:46:56 | Test | [ 48/60] Valid Acc=0.51801
2020-10-23 16:46:56 | Test | [ 48/60] Valid Mean IU=0.50830
2020-10-23 16:46:56 | Test | [ 48/60] Valid Class Acc=[0.9966122690525385, 0.0840978593272139]
2020-10-23 16:50:12 | Iter | [ 49/60] train loss=0.04537
2020-10-23 16:50:12 | Test | [ 49/60] Train Acc=0.54400
2020-10-23 16:50:12 | Test | [ 49/60] Train Mean IU=0.52515
2020-10-23 16:50:12 | Test | [ 49/60] Train_class_acc=[0.9959800487197579, 0.09202370787604496]
2020-10-23 16:51:29 | Iter | [ 49/60] valid loss=0.07448
2020-10-23 16:51:29 | Test | [ 49/60] Valid Acc=0.53958
2020-10-23 16:51:29 | Test | [ 49/60] Valid Mean IU=0.52247
2020-10-23 16:51:29 | Test | [ 49/60] Valid Class Acc=[0.994800649667372, 0.17157665030004987]
2020-10-23 16:54:46 | Iter | [ 50/60] train loss=0.04430
2020-10-23 16:54:46 | Test | [ 50/60] Train Acc=0.54547
2020-10-23 16:54:46 | Test | [ 50/60] Train Mean IU=0.52587
2020-10-23 16:54:46 | Test | [ 50/60] Train_class_acc=[0.9960626006128482, 0.09488599927061975]
2020-10-23 16:56:03 | Iter | [ 50/60] valid loss=0.08256
2020-10-23 16:56:03 | Test | [ 50/60] Valid Acc=0.51444
2020-10-23 16:56:03 | Test | [ 50/60] Valid Mean IU=0.50586
2020-10-23 16:56:03 | Test | [ 50/60] Valid Class Acc=[0.9968464230610014, 0.06612157838606235]
2020-10-23 16:59:20 | Iter | [ 51/60] train loss=0.04383
2020-10-23 16:59:20 | Test | [ 51/60] Train Acc=0.55040
2020-10-23 16:59:20 | Test | [ 51/60] Train Mean IU=0.52832
2020-10-23 16:59:20 | Test | [ 51/60] Train_class_acc=[0.9959945710589438, 0.10480447464970168]
2020-10-23 17:00:40 | Iter | [ 51/60] valid loss=0.07879
2020-10-23 17:00:40 | Test | [ 51/60] Valid Acc=0.52214
2020-10-23 17:00:40 | Test | [ 51/60] Valid Mean IU=0.51138
2020-10-23 17:00:40 | Test | [ 51/60] Valid Class Acc=[0.9950879552045595, 0.21065808297567204]
2020-10-23 17:04:03 | Iter | [ 52/60] train loss=0.04348
2020-10-23 17:04:03 | Test | [ 52/60] Train Acc=0.53525
2020-10-23 17:04:03 | Test | [ 52/60] Train Mean IU=0.51984
2020-10-23 17:04:03 | Test | [ 52/60] Train_class_acc=[0.9963882688746368, 0.07410527388650934]
2020-10-23 17:05:24 | Iter | [ 52/60] valid loss=0.08093
2020-10-23 17:05:24 | Test | [ 52/60] Valid Acc=0.52668
2020-10-23 17:05:24 | Test | [ 52/60] Valid Mean IU=0.51454
2020-10-23 17:05:24 | Test | [ 52/60] Valid Class Acc=[0.9962694612279688, 0.10953506698187117]
2020-10-23 17:08:52 | Iter | [ 53/60] train loss=0.04248
2020-10-23 17:08:52 | Test | [ 53/60] Train Acc=0.53962
2020-10-23 17:08:52 | Test | [ 53/60] Train Mean IU=0.52257
2020-10-23 17:08:52 | Test | [ 53/60] Train_class_acc=[0.9963305654383325, 0.08290091456814158]
2020-10-23 17:10:17 | Iter | [ 53/60] valid loss=0.07504
2020-10-23 17:10:17 | Test | [ 53/60] Valid Acc=0.52203
2020-10-23 17:10:17 | Test | [ 53/60] Valid Mean IU=0.51133
2020-10-23 17:10:17 | Test | [ 53/60] Valid Class Acc=[0.9974587867335633, 0.01718357082984002]
2020-10-23 17:14:16 | Iter | [ 54/60] train loss=0.04242
2020-10-23 17:14:16 | Test | [ 54/60] Train Acc=0.55259
2020-10-23 17:14:16 | Test | [ 54/60] Train Mean IU=0.53033
2020-10-23 17:14:16 | Test | [ 54/60] Train_class_acc=[0.9959833959923827, 0.10919285949446145]
2020-10-23 17:15:34 | Iter | [ 54/60] valid loss=0.06825
2020-10-23 17:15:34 | Test | [ 54/60] Valid Acc=0.51818
2020-10-23 17:15:34 | Test | [ 54/60] Valid Mean IU=0.50857
2020-10-23 17:15:34 | Test | [ 54/60] Valid Class Acc=[0.9951977351412642, 0.15493340581679382]
2020-10-23 17:18:49 | Iter | [ 55/60] train loss=0.04261
2020-10-23 17:18:49 | Test | [ 55/60] Train Acc=0.55413
2020-10-23 17:18:49 | Test | [ 55/60] Train Mean IU=0.52882
2020-10-23 17:18:49 | Test | [ 55/60] Train_class_acc=[0.9957033453452224, 0.11254855595538275]
2020-10-23 17:20:06 | Iter | [ 55/60] valid loss=0.07246
2020-10-23 17:20:06 | Test | [ 55/60] Valid Acc=0.52346
2020-10-23 17:20:06 | Test | [ 55/60] Valid Mean IU=0.51240
2020-10-23 17:20:06 | Test | [ 55/60] Valid Class Acc=[0.9939832433326812, 0.2950039651070462]
2020-10-23 17:23:21 | Iter | [ 56/60] train loss=0.04174
2020-10-23 17:23:21 | Test | [ 56/60] Train Acc=0.52824
2020-10-23 17:23:21 | Test | [ 56/60] Train Mean IU=0.51498
2020-10-23 17:23:21 | Test | [ 56/60] Train_class_acc=[0.9968031718160707, 0.059666880282901714]
2020-10-23 17:24:39 | Iter | [ 56/60] valid loss=0.07494
2020-10-23 17:24:39 | Test | [ 56/60] Valid Acc=0.53415
2020-10-23 17:24:39 | Test | [ 56/60] Valid Mean IU=0.51933
2020-10-23 17:24:39 | Test | [ 56/60] Valid Class Acc=[0.995895002447934, 0.15001606167683423]
2020-10-23 17:28:15 | Iter | [ 57/60] train loss=0.04161
2020-10-23 17:28:15 | Test | [ 57/60] Train Acc=0.54922
2020-10-23 17:28:15 | Test | [ 57/60] Train Mean IU=0.52870
2020-10-23 17:28:15 | Test | [ 57/60] Train_class_acc=[0.9962408077763424, 0.10219256423533918]
2020-10-23 17:29:39 | Iter | [ 57/60] valid loss=0.06971
2020-10-23 17:29:39 | Test | [ 57/60] Valid Acc=0.53970
2020-10-23 17:29:39 | Test | [ 57/60] Valid Mean IU=0.52309
2020-10-23 17:29:39 | Test | [ 57/60] Valid Class Acc=[0.996093318469866, 0.1444159178433843]
2020-10-23 17:32:57 | Iter | [ 58/60] train loss=0.04153
2020-10-23 17:32:57 | Test | [ 58/60] Train Acc=0.54717
2020-10-23 17:32:57 | Test | [ 58/60] Train Mean IU=0.52737
2020-10-23 17:32:57 | Test | [ 58/60] Train_class_acc=[0.9959492936844846, 0.09838180564389815]
2020-10-23 17:34:14 | Iter | [ 58/60] valid loss=0.08636
2020-10-23 17:34:14 | Test | [ 58/60] Valid Acc=0.51667
2020-10-23 17:34:14 | Test | [ 58/60] Valid Mean IU=0.50750
2020-10-23 17:34:14 | Test | [ 58/60] Valid Class Acc=[0.9972190988675604, 0.043010752688170596]
2020-10-23 17:37:30 | Iter | [ 59/60] train loss=0.04469
2020-10-23 17:37:30 | Test | [ 59/60] Train Acc=0.55877
2020-10-23 17:37:30 | Test | [ 59/60] Train Mean IU=0.53078
2020-10-23 17:37:30 | Test | [ 59/60] Train_class_acc=[0.9959097465266485, 0.12162526523227235]
2020-10-23 17:38:48 | Iter | [ 59/60] valid loss=0.13449
2020-10-23 17:38:48 | Test | [ 59/60] Valid Acc=0.50147
2020-10-23 17:38:48 | Test | [ 59/60] Valid Mean IU=0.49590
2020-10-23 17:38:48 | Test | [ 59/60] Valid Class Acc=[0.997608345220576, 0.005950019833399208]
2020-10-23 17:42:05 | Iter | [ 60/60] train loss=0.04340
2020-10-23 17:42:05 | Test | [ 60/60] Train Acc=0.55528
2020-10-23 17:42:05 | Test | [ 60/60] Train Mean IU=0.52555
2020-10-23 17:42:05 | Test | [ 60/60] Train_class_acc=[0.9959249536840852, 0.11463357095795157]
2020-10-23 17:43:22 | Iter | [ 60/60] valid loss=0.13183
2020-10-23 17:43:22 | Test | [ 60/60] Valid Acc=0.52821
2020-10-23 17:43:22 | Test | [ 60/60] Valid Mean IU=0.51545
2020-10-23 17:43:22 | Test | [ 60/60] Valid Class Acc=[0.993541291390977, 0.33761630482940463]
