2020-10-21 18:59:02 | Conf | use logdir run/crackSegmentationSimple/2020-10-21-18-59-3587
2020-10-21 18:59:02 | Conf | use dataset crackSegmentationSimple
2020-10-21 18:59:02 | Conf | use augmentation True
2020-10-21 18:59:02 | Conf | use image size (448, 448)
2020-10-21 18:59:02 | Conf | use batch_size 4
2020-10-21 18:59:02 | Conf | use model fcn
2020-10-21 18:59:02 | Conf | use GPU [0]
2020-10-21 18:59:02 | Conf | use optimizer Adam, lr=0.0001, weight_decay=0.001
2020-10-21 18:59:02 | Conf | use step_lr_scheduler every 40 steps decay 0.1
2020-10-21 18:59:02 | Conf | use loss function crossentropyloss2D
2020-10-21 18:59:02 | Conf | use epoch 120
2020-10-21 19:01:00 | Iter | [  1/120] train loss=0.19835
2020-10-21 19:01:00 | Test | [  1/120] Train Acc=0.48880
2020-10-21 19:01:00 | Test | [  1/120] Train Mean IU=0.45668
2020-10-21 19:01:00 | Test | [  1/120] Train_class_acc=[0.9079892845096249, 0.06961692217236158]
2020-10-21 19:01:38 | Iter | [  1/120] valid loss=0.07741
2020-10-21 19:01:38 | Test | [  1/120] Valid Acc=0.50000
2020-10-21 19:01:38 | Test | [  1/120] Valid Mean IU=0.49492
2020-10-21 19:01:38 | Test | [  1/120] Valid Class Acc=[0.9988539236560342, 0.01916932907348221]
2020-10-21 19:30:03 | Iter | [  2/120] train loss=0.06491
2020-10-21 19:30:03 | Test | [  2/120] Train Acc=0.54272
2020-10-21 19:30:03 | Test | [  2/120] Train Mean IU=0.51886
2020-10-21 19:30:03 | Test | [  2/120] Train_class_acc=[0.997608037031509, 0.08784016179532629]
2020-10-21 19:30:40 | Iter | [  2/120] valid loss=0.11537
2020-10-21 19:30:40 | Test | [  2/120] Valid Acc=0.50000
2020-10-21 19:30:40 | Test | [  2/120] Valid Mean IU=0.49492
2020-10-21 19:30:40 | Test | [  2/120] Valid Class Acc=[0.998650489291871, 0.06024096385541996]
2020-10-21 19:32:43 | Iter | [  3/120] train loss=0.05174
2020-10-21 19:32:43 | Test | [  3/120] Train Acc=0.60782
2020-10-21 19:32:43 | Test | [  3/120] Train Mean IU=0.55887
2020-10-21 19:32:43 | Test | [  3/120] Train_class_acc=[0.994573217208062, 0.22107036287254847]
2020-10-21 19:33:19 | Iter | [  3/120] valid loss=0.16613
2020-10-21 19:33:19 | Test | [  3/120] Valid Acc=0.50000
2020-10-21 19:33:19 | Test | [  3/120] Valid Mean IU=0.49492
2020-10-21 19:33:19 | Test | [  3/120] Valid Class Acc=[0.9984405634028809, 0.030636292223093848]
2020-10-21 19:35:16 | Iter | [  4/120] train loss=0.04733
2020-10-21 19:35:16 | Test | [  4/120] Train Acc=0.54989
2020-10-21 19:35:16 | Test | [  4/120] Train Mean IU=0.53250
2020-10-21 19:35:16 | Test | [  4/120] Train_class_acc=[0.9981011134310309, 0.10167613827185333]
2020-10-21 19:35:53 | Iter | [  4/120] valid loss=0.16700
2020-10-21 19:35:53 | Test | [  4/120] Valid Acc=0.50000
2020-10-21 19:35:53 | Test | [  4/120] Valid Mean IU=0.49492
2020-10-21 19:35:53 | Test | [  4/120] Valid Class Acc=[0.9961082469056548, 0.2687308868501426]
2020-10-21 19:37:50 | Iter | [  5/120] train loss=0.04061
2020-10-21 19:37:50 | Test | [  5/120] Train Acc=0.62654
2020-10-21 19:37:50 | Test | [  5/120] Train Mean IU=0.57797
2020-10-21 19:37:50 | Test | [  5/120] Train_class_acc=[0.9951736605413847, 0.2579041949624539]
2020-10-21 19:38:26 | Iter | [  5/120] valid loss=0.14534
2020-10-21 19:38:26 | Test | [  5/120] Valid Acc=0.50000
2020-10-21 19:38:26 | Test | [  5/120] Valid Mean IU=0.49492
2020-10-21 19:38:26 | Test | [  5/120] Valid Class Acc=[0.9972166678389482, 0.21119133574006582]
2020-10-21 19:40:23 | Iter | [  6/120] train loss=0.04175
2020-10-21 19:40:23 | Test | [  6/120] Train Acc=0.54597
2020-10-21 19:40:23 | Test | [  6/120] Train Mean IU=0.53412
2020-10-21 19:40:23 | Test | [  6/120] Train_class_acc=[0.9988059324505231, 0.09312717735921837]
2020-10-21 19:41:00 | Iter | [  6/120] valid loss=0.12779
2020-10-21 19:41:00 | Test | [  6/120] Valid Acc=0.50000
2020-10-21 19:41:00 | Test | [  6/120] Valid Mean IU=0.49492
2020-10-21 19:41:00 | Test | [  6/120] Valid Class Acc=[0.9993709650720076, 0.02459110145259036]
2020-10-21 19:42:57 | Iter | [  7/120] train loss=0.03458
2020-10-21 19:42:57 | Test | [  7/120] Train Acc=0.61917
2020-10-21 19:42:57 | Test | [  7/120] Train Mean IU=0.57310
2020-10-21 19:42:57 | Test | [  7/120] Train_class_acc=[0.9964240016832853, 0.24191907328742482]
2020-10-21 19:43:33 | Iter | [  7/120] valid loss=0.10866
2020-10-21 19:43:33 | Test | [  7/120] Valid Acc=0.50000
2020-10-21 19:43:33 | Test | [  7/120] Valid Mean IU=0.49492
2020-10-21 19:43:33 | Test | [  7/120] Valid Class Acc=[0.9988602958712083, 0.1268388362209831]
2020-10-21 19:45:30 | Iter | [  8/120] train loss=0.03261
2020-10-21 19:45:30 | Test | [  8/120] Train Acc=0.52524
2020-10-21 19:45:30 | Test | [  8/120] Train Mean IU=0.51875
2020-10-21 19:45:30 | Test | [  8/120] Train_class_acc=[0.9992963211660473, 0.05118538535944941]
2020-10-21 19:46:06 | Iter | [  8/120] valid loss=0.07109
2020-10-21 19:46:06 | Test | [  8/120] Valid Acc=0.50873
2020-10-21 19:46:06 | Test | [  8/120] Valid Mean IU=0.50359
2020-10-21 19:46:06 | Test | [  8/120] Valid Class Acc=[0.9998746512170109, 0.02023006743355731]
2020-10-21 19:48:03 | Iter | [  9/120] train loss=0.03069
2020-10-21 19:48:03 | Test | [  9/120] Train Acc=0.60689
2020-10-21 19:48:03 | Test | [  9/120] Train Mean IU=0.57082
2020-10-21 19:48:03 | Test | [  9/120] Train_class_acc=[0.9962696374829512, 0.2175041434738849]
2020-10-21 19:48:39 | Iter | [  9/120] valid loss=0.05853
2020-10-21 19:48:39 | Test | [  9/120] Valid Acc=0.50532
2020-10-21 19:48:39 | Test | [  9/120] Valid Mean IU=0.50024
2020-10-21 19:48:39 | Test | [  9/120] Valid Class Acc=[0.998855838111129, 0.1302829200139668]
2020-10-21 19:52:50 | Iter | [ 10/120] train loss=0.03109
2020-10-21 19:52:50 | Test | [ 10/120] Train Acc=0.55042
2020-10-21 19:52:50 | Test | [ 10/120] Train Mean IU=0.53318
2020-10-21 19:52:50 | Test | [ 10/120] Train_class_acc=[0.9989972622356361, 0.10184670613709411]
2020-10-21 19:53:28 | Iter | [ 10/120] valid loss=0.04512
2020-10-21 19:53:28 | Test | [ 10/120] Valid Acc=0.60304
2020-10-21 19:53:28 | Test | [ 10/120] Valid Mean IU=0.57348
2020-10-21 19:53:28 | Test | [ 10/120] Valid Class Acc=[0.9982104851015979, 0.1364247311827911]
2020-10-21 19:55:26 | Iter | [ 11/120] train loss=0.02822
2020-10-21 19:55:26 | Test | [ 11/120] Train Acc=0.58054
2020-10-21 19:55:26 | Test | [ 11/120] Train Mean IU=0.56097
2020-10-21 19:55:26 | Test | [ 11/120] Train_class_acc=[0.9981161681409008, 0.16295662669574434]
2020-10-21 19:56:02 | Iter | [ 11/120] valid loss=0.04897
2020-10-21 19:56:02 | Test | [ 11/120] Valid Acc=0.51086
2020-10-21 19:56:02 | Test | [ 11/120] Valid Mean IU=0.50561
2020-10-21 19:56:02 | Test | [ 11/120] Valid Class Acc=[0.9979725401032569, 0.26089534538985293]
2020-10-21 19:57:59 | Iter | [ 12/120] train loss=0.02821
2020-10-21 19:57:59 | Test | [ 12/120] Train Acc=0.53830
2020-10-21 19:57:59 | Test | [ 12/120] Train Mean IU=0.52855
2020-10-21 19:57:59 | Test | [ 12/120] Train_class_acc=[0.9991776466946364, 0.07741809636300445]
2020-10-21 19:58:35 | Iter | [ 12/120] valid loss=0.03939
2020-10-21 19:58:35 | Test | [ 12/120] Valid Acc=0.59146
2020-10-21 19:58:35 | Test | [ 12/120] Valid Mean IU=0.56783
2020-10-21 19:58:35 | Test | [ 12/120] Valid Class Acc=[0.9981234466447525, 0.17869718309858368]
2020-10-21 20:00:31 | Iter | [ 13/120] train loss=0.02748
2020-10-21 20:00:31 | Test | [ 13/120] Train Acc=0.56475
2020-10-21 20:00:31 | Test | [ 13/120] Train Mean IU=0.54679
2020-10-21 20:00:31 | Test | [ 13/120] Train_class_acc=[0.9979255098389324, 0.13157656623352806]
2020-10-21 20:01:07 | Iter | [ 13/120] valid loss=0.03647
2020-10-21 20:01:07 | Test | [ 13/120] Valid Acc=0.53962
2020-10-21 20:01:07 | Test | [ 13/120] Valid Mean IU=0.53105
2020-10-21 20:01:07 | Test | [ 13/120] Valid Class Acc=[0.9989555349117474, 0.13662604233482564]
2020-10-21 20:03:05 | Iter | [ 14/120] train loss=0.02820
2020-10-21 20:03:05 | Test | [ 14/120] Train Acc=0.54401
2020-10-21 20:03:05 | Test | [ 14/120] Train Mean IU=0.53348
2020-10-21 20:03:05 | Test | [ 14/120] Train_class_acc=[0.9987359026426216, 0.08927500660012104]
2020-10-21 20:03:41 | Iter | [ 14/120] valid loss=0.03627
2020-10-21 20:03:41 | Test | [ 14/120] Valid Acc=0.60082
2020-10-21 20:03:41 | Test | [ 14/120] Valid Mean IU=0.57317
2020-10-21 20:03:41 | Test | [ 14/120] Valid Class Acc=[0.9998821222016561, 0.013754646840148188]
2020-10-21 20:05:37 | Iter | [ 15/120] train loss=0.03071
2020-10-21 20:05:37 | Test | [ 15/120] Train Acc=0.54900
2020-10-21 20:05:37 | Test | [ 15/120] Train Mean IU=0.53748
2020-10-21 20:05:37 | Test | [ 15/120] Train_class_acc=[0.9987590329927727, 0.09924927101609697]
2020-10-21 20:06:13 | Iter | [ 15/120] valid loss=0.04085
2020-10-21 20:06:13 | Test | [ 15/120] Valid Acc=0.52228
2020-10-21 20:06:13 | Test | [ 15/120] Valid Mean IU=0.51614
2020-10-21 20:06:13 | Test | [ 15/120] Valid Class Acc=[0.9987876040151701, 0.05683755825849657]
2020-10-21 20:08:08 | Iter | [ 16/120] train loss=0.02673
2020-10-21 20:08:08 | Test | [ 16/120] Train Acc=0.57780
2020-10-21 20:08:08 | Test | [ 16/120] Train Mean IU=0.55723
2020-10-21 20:08:08 | Test | [ 16/120] Train_class_acc=[0.9977798526080083, 0.15782786162963458]
2020-10-21 20:08:44 | Iter | [ 16/120] valid loss=0.03710
2020-10-21 20:08:44 | Test | [ 16/120] Valid Acc=0.52689
2020-10-21 20:08:44 | Test | [ 16/120] Valid Mean IU=0.52027
2020-10-21 20:08:44 | Test | [ 16/120] Valid Class Acc=[0.9999398325841652, 0.006743355811185769]
2020-10-21 20:10:40 | Iter | [ 17/120] train loss=0.02607
2020-10-21 20:10:40 | Test | [ 17/120] Train Acc=0.55400
2020-10-21 20:10:40 | Test | [ 17/120] Train Mean IU=0.54042
2020-10-21 20:10:40 | Test | [ 17/120] Train_class_acc=[0.9989475572794996, 0.10905965667332544]
2020-10-21 20:11:16 | Iter | [ 17/120] valid loss=0.03424
2020-10-21 20:11:16 | Test | [ 17/120] Valid Acc=0.63925
2020-10-21 20:11:16 | Test | [ 17/120] Valid Mean IU=0.59390
2020-10-21 20:11:16 | Test | [ 17/120] Valid Class Acc=[0.9984469754847562, 0.17649748513945238]
2020-10-21 20:13:59 | Iter | [ 18/120] train loss=0.02656
2020-10-21 20:13:59 | Test | [ 18/120] Train Acc=0.54823
2020-10-21 20:13:59 | Test | [ 18/120] Train Mean IU=0.53786
2020-10-21 20:13:59 | Test | [ 18/120] Train_class_acc=[0.9988949492086912, 0.09757353165966258]
2020-10-21 20:14:38 | Iter | [ 18/120] valid loss=0.03352
2020-10-21 20:14:38 | Test | [ 18/120] Valid Acc=0.54205
2020-10-21 20:14:38 | Test | [ 18/120] Valid Mean IU=0.53276
2020-10-21 20:14:38 | Test | [ 18/120] Valid Class Acc=[0.9999272146815514, 0.013776881720429646]
2020-10-21 20:16:35 | Iter | [ 19/120] train loss=0.02934
2020-10-21 20:16:35 | Test | [ 19/120] Train Acc=0.56054
2020-10-21 20:16:35 | Test | [ 19/120] Train Mean IU=0.54735
2020-10-21 20:16:35 | Test | [ 19/120] Train_class_acc=[0.9985884145075193, 0.1224948551315256]
2020-10-21 20:17:12 | Iter | [ 19/120] valid loss=0.03558
2020-10-21 20:17:12 | Test | [ 19/120] Valid Acc=0.57665
2020-10-21 20:17:12 | Test | [ 19/120] Valid Mean IU=0.55712
2020-10-21 20:17:12 | Test | [ 19/120] Valid Class Acc=[0.9977244033558683, 0.10053838951310742]
2020-10-21 20:19:08 | Iter | [ 20/120] train loss=0.02527
2020-10-21 20:19:08 | Test | [ 20/120] Train Acc=0.55823
2020-10-21 20:19:08 | Test | [ 20/120] Train Mean IU=0.54583
2020-10-21 20:19:08 | Test | [ 20/120] Train_class_acc=[0.9988106341399473, 0.11764261840420924]
2020-10-21 20:19:45 | Iter | [ 20/120] valid loss=0.03671
2020-10-21 20:19:45 | Test | [ 20/120] Valid Acc=0.53074
2020-10-21 20:19:45 | Test | [ 20/120] Valid Mean IU=0.52373
2020-10-21 20:19:45 | Test | [ 20/120] Valid Class Acc=[0.9995458377662241, 0.06824512534818704]
2020-10-21 20:21:41 | Iter | [ 21/120] train loss=0.02477
2020-10-21 20:21:41 | Test | [ 21/120] Train Acc=0.56110
2020-10-21 20:21:41 | Test | [ 21/120] Train Mean IU=0.54851
2020-10-21 20:21:41 | Test | [ 21/120] Train_class_acc=[0.9986605977966079, 0.1235408384752912]
2020-10-21 20:22:18 | Iter | [ 21/120] valid loss=0.03414
2020-10-21 20:22:18 | Test | [ 21/120] Valid Acc=0.56664
2020-10-21 20:22:18 | Test | [ 21/120] Valid Mean IU=0.55193
2020-10-21 20:22:18 | Test | [ 21/120] Valid Class Acc=[0.9994810638441886, 0.07554671968190554]
2020-10-21 20:24:14 | Iter | [ 22/120] train loss=0.02498
2020-10-21 20:24:14 | Test | [ 22/120] Train Acc=0.56753
2020-10-21 20:24:14 | Test | [ 22/120] Train Mean IU=0.55316
2020-10-21 20:24:14 | Test | [ 22/120] Train_class_acc=[0.9986968819087054, 0.13636477588393023]
2020-10-21 20:27:04 | Iter | [ 22/120] valid loss=0.03878
2020-10-21 20:27:04 | Test | [ 22/120] Valid Acc=0.54131
2020-10-21 20:27:04 | Test | [ 22/120] Valid Mean IU=0.53234
2020-10-21 20:27:04 | Test | [ 22/120] Valid Class Acc=[0.998355432471044, 0.21778062040293517]
2020-10-21 20:29:03 | Iter | [ 23/120] train loss=0.02818
2020-10-21 20:29:03 | Test | [ 23/120] Train Acc=0.54838
2020-10-21 20:29:03 | Test | [ 23/120] Train Mean IU=0.53794
2020-10-21 20:29:03 | Test | [ 23/120] Train_class_acc=[0.9989322857671518, 0.09782245866499976]
2020-10-21 20:29:40 | Iter | [ 23/120] valid loss=0.03898
2020-10-21 20:29:40 | Test | [ 23/120] Valid Acc=0.57846
2020-10-21 20:29:40 | Test | [ 23/120] Valid Mean IU=0.55875
2020-10-21 20:29:40 | Test | [ 23/120] Valid Class Acc=[0.9981627919438424, 0.07056472815227605]
2020-10-21 20:31:46 | Iter | [ 24/120] train loss=0.02536
2020-10-21 20:31:46 | Test | [ 24/120] Train Acc=0.57573
2020-10-21 20:31:46 | Test | [ 24/120] Train Mean IU=0.55456
2020-10-21 20:31:46 | Test | [ 24/120] Train_class_acc=[0.9980939329280956, 0.15337012296296343]
2020-10-21 20:32:22 | Iter | [ 24/120] valid loss=0.03390
2020-10-21 20:32:22 | Test | [ 24/120] Valid Acc=0.58538
2020-10-21 20:32:22 | Test | [ 24/120] Valid Mean IU=0.56497
2020-10-21 20:32:22 | Test | [ 24/120] Valid Class Acc=[0.9998317331237111, 0.01980810894459858]
2020-10-21 20:34:19 | Iter | [ 25/120] train loss=0.02440
2020-10-21 20:34:19 | Test | [ 25/120] Train Acc=0.59531
2020-10-21 20:34:19 | Test | [ 25/120] Train Mean IU=0.56814
2020-10-21 20:34:19 | Test | [ 25/120] Train_class_acc=[0.9980384534254191, 0.19257787110040459]
2020-10-21 20:34:56 | Iter | [ 25/120] valid loss=0.04057
2020-10-21 20:34:56 | Test | [ 25/120] Valid Acc=0.50537
2020-10-21 20:34:56 | Test | [ 25/120] Valid Mean IU=0.50027
2020-10-21 20:34:56 | Test | [ 25/120] Valid Class Acc=[0.9998420973482377, 0.03088962108731339]
2020-10-21 20:36:53 | Iter | [ 26/120] train loss=0.02546
2020-10-21 20:36:53 | Test | [ 26/120] Train Acc=0.58036
2020-10-21 20:36:53 | Test | [ 26/120] Train Mean IU=0.55473
2020-10-21 20:36:53 | Test | [ 26/120] Train_class_acc=[0.9980021043829157, 0.16271643217697554]
2020-10-21 20:37:31 | Iter | [ 26/120] valid loss=0.03805
2020-10-21 20:37:31 | Test | [ 26/120] Valid Acc=0.54999
2020-10-21 20:37:31 | Test | [ 26/120] Valid Mean IU=0.53919
2020-10-21 20:37:31 | Test | [ 26/120] Valid Class Acc=[0.9986316193843038, 0.188999040614001]
2020-10-21 20:39:35 | Iter | [ 27/120] train loss=0.02445
2020-10-21 20:39:35 | Test | [ 27/120] Train Acc=0.55227
2020-10-21 20:39:35 | Test | [ 27/120] Train Mean IU=0.54213
2020-10-21 20:39:35 | Test | [ 27/120] Train_class_acc=[0.9988495486592207, 0.10569468187737947]
2020-10-21 20:40:13 | Iter | [ 27/120] valid loss=0.03615
2020-10-21 20:40:13 | Test | [ 27/120] Valid Acc=0.56095
2020-10-21 20:40:13 | Test | [ 27/120] Valid Mean IU=0.54776
2020-10-21 20:40:13 | Test | [ 27/120] Valid Class Acc=[0.9989908270699338, 0.14043109079032853]
2020-10-21 20:42:09 | Iter | [ 28/120] train loss=0.02391
2020-10-21 20:42:09 | Test | [ 28/120] Train Acc=0.57364
2020-10-21 20:42:09 | Test | [ 28/120] Train Mean IU=0.55447
2020-10-21 20:42:09 | Test | [ 28/120] Train_class_acc=[0.9986004153221341, 0.14867362116483504]
2020-10-21 20:42:45 | Iter | [ 28/120] valid loss=0.03661
2020-10-21 20:42:45 | Test | [ 28/120] Valid Acc=0.52515
2020-10-21 20:42:45 | Test | [ 28/120] Valid Mean IU=0.51876
2020-10-21 20:42:45 | Test | [ 28/120] Valid Class Acc=[0.9999172677291494, 0.015013828526273606]
2020-10-21 20:44:41 | Iter | [ 29/120] train loss=0.02359
2020-10-21 20:44:41 | Test | [ 29/120] Train Acc=0.58244
2020-10-21 20:44:41 | Test | [ 29/120] Train Mean IU=0.56559
2020-10-21 20:44:41 | Test | [ 29/120] Train_class_acc=[0.9983920176461876, 0.16648871398485246]
2020-10-21 20:45:17 | Iter | [ 29/120] valid loss=0.04104
2020-10-21 20:45:17 | Test | [ 29/120] Valid Acc=0.52435
2020-10-21 20:45:17 | Test | [ 29/120] Valid Mean IU=0.51785
2020-10-21 20:45:17 | Test | [ 29/120] Valid Class Acc=[0.9989660347432402, 0.1621346023113473]
2020-10-21 20:47:13 | Iter | [ 30/120] train loss=0.02359
2020-10-21 20:47:13 | Test | [ 30/120] Train Acc=0.55514
2020-10-21 20:47:13 | Test | [ 30/120] Train Mean IU=0.54433
2020-10-21 20:47:13 | Test | [ 30/120] Train_class_acc=[0.9990315783256483, 0.11125143603101849]
2020-10-21 20:47:49 | Iter | [ 30/120] valid loss=0.03677
2020-10-21 20:47:49 | Test | [ 30/120] Valid Acc=0.60704
2020-10-21 20:47:49 | Test | [ 30/120] Valid Mean IU=0.57473
2020-10-21 20:47:49 | Test | [ 30/120] Valid Class Acc=[0.9986214709656718, 0.151315789473678]
2020-10-21 20:49:45 | Iter | [ 31/120] train loss=0.02427
2020-10-21 20:49:45 | Test | [ 31/120] Train Acc=0.56596
2020-10-21 20:49:45 | Test | [ 31/120] Train Mean IU=0.54656
2020-10-21 20:49:45 | Test | [ 31/120] Train_class_acc=[0.9984832731962269, 0.1334425490761355]
2020-10-21 20:50:21 | Iter | [ 31/120] valid loss=0.03325
2020-10-21 20:50:21 | Test | [ 31/120] Valid Acc=0.51762
2020-10-21 20:50:21 | Test | [ 31/120] Valid Mean IU=0.51199
2020-10-21 20:50:21 | Test | [ 31/120] Valid Class Acc=[0.9994687741964581, 0.05405405405405174]
2020-10-21 20:53:20 | Iter | [ 32/120] train loss=0.02328
2020-10-21 20:53:20 | Test | [ 32/120] Train Acc=0.59610
2020-10-21 20:53:20 | Test | [ 32/120] Train Mean IU=0.57389
2020-10-21 20:53:20 | Test | [ 32/120] Train_class_acc=[0.9980718963688501, 0.1941197959392258]
2020-10-21 20:53:57 | Iter | [ 32/120] valid loss=0.03349
2020-10-21 20:53:57 | Test | [ 32/120] Valid Acc=0.54686
2020-10-21 20:53:57 | Test | [ 32/120] Valid Mean IU=0.53635
2020-10-21 20:53:57 | Test | [ 32/120] Valid Class Acc=[0.9990702849539023, 0.14824227022447486]
2020-10-21 20:55:54 | Iter | [ 33/120] train loss=0.02349
2020-10-21 20:55:54 | Test | [ 33/120] Train Acc=0.57604
2020-10-21 20:55:54 | Test | [ 33/120] Train Mean IU=0.55734
2020-10-21 20:55:54 | Test | [ 33/120] Train_class_acc=[0.9986788390911596, 0.15339194942669576]
2020-10-21 20:56:30 | Iter | [ 33/120] valid loss=0.03355
2020-10-21 20:56:30 | Test | [ 33/120] Valid Acc=0.58079
2020-10-21 20:56:30 | Test | [ 33/120] Valid Mean IU=0.56139
2020-10-21 20:56:30 | Test | [ 33/120] Valid Class Acc=[0.9987117826772363, 0.18404653095138412]
2020-10-21 20:58:27 | Iter | [ 34/120] train loss=0.02689
2020-10-21 20:58:27 | Test | [ 34/120] Train Acc=0.56292
2020-10-21 20:58:27 | Test | [ 34/120] Train Mean IU=0.54976
2020-10-21 20:58:27 | Test | [ 34/120] Train_class_acc=[0.9986002527508591, 0.127230764972076]
2020-10-21 20:59:03 | Iter | [ 34/120] valid loss=0.03142
2020-10-21 20:59:03 | Test | [ 34/120] Valid Acc=0.56715
2020-10-21 20:59:03 | Test | [ 34/120] Valid Mean IU=0.55287
2020-10-21 20:59:03 | Test | [ 34/120] Valid Class Acc=[0.9973400585647045, 0.10471829583913891]
2020-10-21 21:01:00 | Iter | [ 35/120] train loss=0.02351
2020-10-21 21:01:00 | Test | [ 35/120] Train Acc=0.56993
2020-10-21 21:01:00 | Test | [ 35/120] Train Mean IU=0.55373
2020-10-21 21:01:00 | Test | [ 35/120] Train_class_acc=[0.9981866011977348, 0.1416703711052336]
2020-10-21 21:01:36 | Iter | [ 35/120] valid loss=0.03291
2020-10-21 21:01:36 | Test | [ 35/120] Valid Acc=0.65609
2020-10-21 21:01:36 | Test | [ 35/120] Valid Mean IU=0.60044
2020-10-21 21:01:36 | Test | [ 35/120] Valid Class Acc=[0.9986791486284237, 0.15817610062892584]
2020-10-21 21:17:12 | Iter | [ 36/120] train loss=0.02406
2020-10-21 21:17:12 | Test | [ 36/120] Train Acc=0.57134
2020-10-21 21:17:12 | Test | [ 36/120] Train Mean IU=0.55280
2020-10-21 21:17:12 | Test | [ 36/120] Train_class_acc=[0.9984229482303822, 0.14425015327635834]
2020-10-21 21:17:48 | Iter | [ 36/120] valid loss=0.03409
2020-10-21 21:17:48 | Test | [ 36/120] Valid Acc=0.57012
2020-10-21 21:17:48 | Test | [ 36/120] Valid Mean IU=0.55464
2020-10-21 21:17:48 | Test | [ 36/120] Valid Class Acc=[0.9997919987169075, 0.044266441821246026]
2020-10-21 21:19:54 | Iter | [ 37/120] train loss=0.02409
2020-10-21 21:19:54 | Test | [ 37/120] Train Acc=0.59353
2020-10-21 21:19:54 | Test | [ 37/120] Train Mean IU=0.56611
2020-10-21 21:19:54 | Test | [ 37/120] Train_class_acc=[0.9973922796918689, 0.18967631091273843]
2020-10-21 21:21:04 | Iter | [ 37/120] valid loss=0.03472
2020-10-21 21:21:04 | Test | [ 37/120] Valid Acc=0.52003
2020-10-21 21:21:04 | Test | [ 37/120] Valid Mean IU=0.51436
2020-10-21 21:21:04 | Test | [ 37/120] Valid Class Acc=[0.9999322384403795, 0.010840108401083643]
2020-10-21 21:23:47 | Iter | [ 38/120] train loss=0.02379
2020-10-21 21:23:47 | Test | [ 38/120] Train Acc=0.58983
2020-10-21 21:23:47 | Test | [ 38/120] Train Mean IU=0.56347
2020-10-21 21:23:47 | Test | [ 38/120] Train_class_acc=[0.9979883780850924, 0.18166538104110574]
2020-10-21 21:24:24 | Iter | [ 38/120] valid loss=0.03985
2020-10-21 21:24:24 | Test | [ 38/120] Valid Acc=0.51635
2020-10-21 21:24:24 | Test | [ 38/120] Valid Mean IU=0.51083
2020-10-21 21:24:24 | Test | [ 38/120] Valid Class Acc=[0.9995159935298614, 0.08782510365623492]
2020-10-21 21:40:16 | Iter | [ 39/120] train loss=0.02322
2020-10-21 21:40:16 | Test | [ 39/120] Train Acc=0.59535
2020-10-21 21:40:16 | Test | [ 39/120] Train Mean IU=0.56710
2020-10-21 21:40:16 | Test | [ 39/120] Train_class_acc=[0.9984064753392451, 0.1923005091431846]
2020-10-21 21:40:53 | Iter | [ 39/120] valid loss=0.03046
2020-10-21 21:40:53 | Test | [ 39/120] Valid Acc=0.58662
2020-10-21 21:40:53 | Test | [ 39/120] Valid Mean IU=0.56604
2020-10-21 21:40:53 | Test | [ 39/120] Valid Class Acc=[0.9969499107566477, 0.39882314481855513]
2020-10-21 21:42:50 | Iter | [ 40/120] train loss=0.02233
2020-10-21 21:42:50 | Test | [ 40/120] Train Acc=0.56583
2020-10-21 21:42:50 | Test | [ 40/120] Train Mean IU=0.55299
2020-10-21 21:42:50 | Test | [ 40/120] Train_class_acc=[0.9988272572238893, 0.13283733903149042]
2020-10-21 21:43:26 | Iter | [ 40/120] valid loss=0.03023
2020-10-21 21:43:26 | Test | [ 40/120] Valid Acc=0.62128
2020-10-21 21:43:26 | Test | [ 40/120] Valid Mean IU=0.58671
2020-10-21 21:43:26 | Test | [ 40/120] Valid Class Acc=[0.9989898179667012, 0.15951417004047938]
2020-10-21 21:45:23 | Iter | [ 41/120] train loss=0.02238
2020-10-21 21:45:23 | Test | [ 41/120] Train Acc=0.56950
2020-10-21 21:45:23 | Test | [ 41/120] Train Mean IU=0.55539
2020-10-21 21:45:23 | Test | [ 41/120] Train_class_acc=[0.9987318643023441, 0.14026174832982183]
2020-10-21 21:45:59 | Iter | [ 41/120] valid loss=0.03735
2020-10-21 21:45:59 | Test | [ 41/120] Valid Acc=0.55701
2020-10-21 21:45:59 | Test | [ 41/120] Valid Mean IU=0.54418
2020-10-21 21:45:59 | Test | [ 41/120] Valid Class Acc=[0.9997943712902195, 0.03876852907639533]
2020-10-21 21:47:54 | Iter | [ 42/120] train loss=0.02212
2020-10-21 21:47:54 | Test | [ 42/120] Train Acc=0.57320
2020-10-21 21:47:54 | Test | [ 42/120] Train Mean IU=0.55933
2020-10-21 21:47:54 | Test | [ 42/120] Train_class_acc=[0.9986422288748238, 0.14776364279983903]
2020-10-21 21:48:30 | Iter | [ 42/120] valid loss=0.03290
2020-10-21 21:48:30 | Test | [ 42/120] Valid Acc=0.56660
2020-10-21 21:48:30 | Test | [ 42/120] Valid Mean IU=0.55187
2020-10-21 21:48:30 | Test | [ 42/120] Valid Class Acc=[0.9992819140255242, 0.1109689798528906]
2020-10-21 21:50:25 | Iter | [ 43/120] train loss=0.02175
2020-10-21 21:50:25 | Test | [ 43/120] Train Acc=0.57673
2020-10-21 21:50:25 | Test | [ 43/120] Train Mean IU=0.56261
2020-10-21 21:50:25 | Test | [ 43/120] Train_class_acc=[0.9987843854509649, 0.15466737804052474]
2020-10-21 21:51:01 | Iter | [ 43/120] valid loss=0.03311
2020-10-21 21:51:01 | Test | [ 43/120] Valid Acc=0.57524
2020-10-21 21:51:01 | Test | [ 43/120] Valid Mean IU=0.55811
2020-10-21 21:51:01 | Test | [ 43/120] Valid Class Acc=[0.9991601294654158, 0.12416239653133135]
2020-10-21 21:52:57 | Iter | [ 44/120] train loss=0.02186
2020-10-21 21:52:57 | Test | [ 44/120] Train Acc=0.57480
2020-10-21 21:52:57 | Test | [ 44/120] Train Mean IU=0.56081
2020-10-21 21:52:57 | Test | [ 44/120] Train_class_acc=[0.998671674368267, 0.15092033025578921]
2020-10-21 21:53:33 | Iter | [ 44/120] valid loss=0.03196
2020-10-21 21:53:33 | Test | [ 44/120] Valid Acc=0.56352
2020-10-21 21:53:33 | Test | [ 44/120] Valid Mean IU=0.54934
2020-10-21 21:53:33 | Test | [ 44/120] Valid Class Acc=[0.9992750933097883, 0.11878654970759799]
2020-10-21 21:55:28 | Iter | [ 45/120] train loss=0.02173
2020-10-21 21:55:28 | Test | [ 45/120] Train Acc=0.59802
2020-10-21 21:55:28 | Test | [ 45/120] Train Mean IU=0.57723
2020-10-21 21:55:28 | Test | [ 45/120] Train_class_acc=[0.9985004721290416, 0.19753873770863287]
2020-10-21 21:56:04 | Iter | [ 45/120] valid loss=0.04122
2020-10-21 21:56:04 | Test | [ 45/120] Valid Acc=0.53854
2020-10-21 21:56:04 | Test | [ 45/120] Valid Mean IU=0.52988
2020-10-21 21:56:04 | Test | [ 45/120] Valid Class Acc=[0.9983310997676085, 0.2746430999320097]
2020-10-21 21:57:59 | Iter | [ 46/120] train loss=0.02228
2020-10-21 21:57:59 | Test | [ 46/120] Train Acc=0.57567
2020-10-21 21:57:59 | Test | [ 46/120] Train Mean IU=0.56061
2020-10-21 21:57:59 | Test | [ 46/120] Train_class_acc=[0.998649297364803, 0.15269233406454635]
2020-10-21 21:58:35 | Iter | [ 46/120] valid loss=0.04581
2020-10-21 21:58:35 | Test | [ 46/120] Valid Acc=0.51682
2020-10-21 21:58:35 | Test | [ 46/120] Valid Mean IU=0.51126
2020-10-21 21:58:35 | Test | [ 46/120] Valid Class Acc=[0.9993354348638391, 0.10863824971708377]
2020-10-21 22:00:30 | Iter | [ 47/120] train loss=0.02672
2020-10-21 22:00:30 | Test | [ 47/120] Train Acc=0.56973
2020-10-21 22:00:30 | Test | [ 47/120] Train Mean IU=0.55541
2020-10-21 22:00:30 | Test | [ 47/120] Train_class_acc=[0.998799553739136, 0.1406510043920313]
2020-10-21 22:01:06 | Iter | [ 47/120] valid loss=0.06001
2020-10-21 22:01:06 | Test | [ 47/120] Valid Acc=0.52529
2020-10-21 22:01:06 | Test | [ 47/120] Valid Mean IU=0.51889
2020-10-21 22:01:06 | Test | [ 47/120] Valid Class Acc=[0.9977366722951826, 0.10503568197808719]
2020-10-21 22:10:27 | Iter | [ 48/120] train loss=0.02885
2020-10-21 22:10:27 | Test | [ 48/120] Train Acc=0.57122
2020-10-21 22:10:27 | Test | [ 48/120] Train Mean IU=0.55126
2020-10-21 22:10:27 | Test | [ 48/120] Train_class_acc=[0.9980525813555247, 0.1443831521861806]
2020-10-21 22:11:03 | Iter | [ 48/120] valid loss=0.06812
2020-10-21 22:11:03 | Test | [ 48/120] Valid Acc=0.87086
2020-10-21 22:11:03 | Test | [ 48/120] Valid Mean IU=0.61062
2020-10-21 22:11:03 | Test | [ 48/120] Valid Class Acc=[0.9998396354889205, 0.027008067344790988]
2020-10-21 22:26:37 | Iter | [ 49/120] train loss=0.02892
2020-10-21 22:26:37 | Test | [ 49/120] Train Acc=0.60503
2020-10-21 22:26:37 | Test | [ 49/120] Train Mean IU=0.55808
2020-10-21 22:26:37 | Test | [ 49/120] Train_class_acc=[0.9975011397367745, 0.21256211299252922]
2020-10-21 22:27:14 | Iter | [ 49/120] valid loss=0.03599
2020-10-21 22:27:14 | Test | [ 49/120] Valid Acc=0.57849
2020-10-21 22:27:14 | Test | [ 49/120] Valid Mean IU=0.55442
2020-10-21 22:27:14 | Test | [ 49/120] Valid Class Acc=[0.9984062180446716, 0.0765741440760333]
2020-10-21 22:29:20 | Iter | [ 50/120] train loss=0.02317
2020-10-21 22:29:20 | Test | [ 50/120] Train Acc=0.60184
2020-10-21 22:29:20 | Test | [ 50/120] Train Mean IU=0.57419
2020-10-21 22:29:20 | Test | [ 50/120] Train_class_acc=[0.9976485374070921, 0.2060389902043975]
2020-10-21 22:29:58 | Iter | [ 50/120] valid loss=0.03045
2020-10-21 22:29:58 | Test | [ 50/120] Valid Acc=0.52421
2020-10-21 22:29:58 | Test | [ 50/120] Valid Mean IU=0.51787
2020-10-21 22:29:58 | Test | [ 50/120] Valid Class Acc=[0.9994506059640609, 0.07427341227125675]
2020-10-21 22:31:54 | Iter | [ 51/120] train loss=0.02266
2020-10-21 22:31:54 | Test | [ 51/120] Train Acc=0.57838
2020-10-21 22:31:54 | Test | [ 51/120] Train Mean IU=0.56196
2020-10-21 22:31:54 | Test | [ 51/120] Train_class_acc=[0.9986564819231201, 0.15810978577937715]
2020-10-21 22:32:30 | Iter | [ 51/120] valid loss=0.02996
2020-10-21 22:32:30 | Test | [ 51/120] Valid Acc=0.54874
2020-10-21 22:32:30 | Test | [ 51/120] Valid Mean IU=0.53943
2020-10-21 22:32:30 | Test | [ 51/120] Valid Class Acc=[0.9999122135968594, 0.02211573903427858]
2020-10-21 22:34:26 | Iter | [ 52/120] train loss=0.02515
2020-10-21 22:34:26 | Test | [ 52/120] Train Acc=0.59109
2020-10-21 22:34:26 | Test | [ 52/120] Train Mean IU=0.57232
2020-10-21 22:34:26 | Test | [ 52/120] Train_class_acc=[0.9984437805973877, 0.18374352505020144]
2020-10-21 22:35:02 | Iter | [ 52/120] valid loss=0.03190
2020-10-21 22:35:02 | Test | [ 52/120] Valid Acc=0.52213
2020-10-21 22:35:02 | Test | [ 52/120] Valid Mean IU=0.51632
2020-10-21 22:35:02 | Test | [ 52/120] Valid Class Acc=[0.9970542556712576, 0.15373929150266089]
2020-10-21 22:36:57 | Iter | [ 53/120] train loss=0.02510
2020-10-21 22:36:57 | Test | [ 53/120] Train Acc=0.56736
2020-10-21 22:36:57 | Test | [ 53/120] Train Mean IU=0.55342
2020-10-21 22:36:57 | Test | [ 53/120] Train_class_acc=[0.9987348596035415, 0.13598280834561696]
2020-10-21 22:37:33 | Iter | [ 53/120] valid loss=0.03399
2020-10-21 22:37:33 | Test | [ 53/120] Valid Acc=0.57405
2020-10-21 22:37:33 | Test | [ 53/120] Valid Mean IU=0.55767
2020-10-21 22:37:33 | Test | [ 53/120] Valid Class Acc=[0.9967872244324051, 0.15259570005243678]
2020-10-21 22:39:28 | Iter | [ 54/120] train loss=0.02429
2020-10-21 22:39:28 | Test | [ 54/120] Train Acc=0.56510
2020-10-21 22:39:28 | Test | [ 54/120] Train Mean IU=0.55372
2020-10-21 22:39:28 | Test | [ 54/120] Train_class_acc=[0.9987284519636944, 0.1314701112483712]
2020-10-21 22:40:42 | Iter | [ 54/120] valid loss=0.03382
2020-10-21 22:40:42 | Test | [ 54/120] Valid Acc=0.59762
2020-10-21 22:40:42 | Test | [ 54/120] Valid Mean IU=0.57360
2020-10-21 22:40:42 | Test | [ 54/120] Valid Class Acc=[0.9965713325731039, 0.17755149812733875]
2020-10-21 22:42:48 | Iter | [ 55/120] train loss=0.02157
2020-10-21 22:42:48 | Test | [ 55/120] Train Acc=0.57372
2020-10-21 22:42:48 | Test | [ 55/120] Train Mean IU=0.55863
2020-10-21 22:42:48 | Test | [ 55/120] Train_class_acc=[0.9987716320133333, 0.14866016492745193]
2020-10-21 22:43:27 | Iter | [ 55/120] valid loss=0.03135
2020-10-21 22:43:27 | Test | [ 55/120] Valid Acc=0.65420
2020-10-21 22:43:27 | Test | [ 55/120] Valid Mean IU=0.60619
2020-10-21 22:43:27 | Test | [ 55/120] Valid Class Acc=[0.9978354381168559, 0.279764098783624]
2020-10-21 22:45:32 | Iter | [ 56/120] train loss=0.02133
2020-10-21 22:45:32 | Test | [ 56/120] Train Acc=0.58816
2020-10-21 22:45:32 | Test | [ 56/120] Train Mean IU=0.56437
2020-10-21 22:45:32 | Test | [ 56/120] Train_class_acc=[0.9985950972071248, 0.17771887153035149]
2020-10-21 22:46:09 | Iter | [ 56/120] valid loss=0.03127
2020-10-21 22:46:09 | Test | [ 56/120] Valid Acc=0.65337
2020-10-21 22:46:09 | Test | [ 56/120] Valid Mean IU=0.60317
2020-10-21 22:46:09 | Test | [ 56/120] Valid Class Acc=[0.9978031733612196, 0.3300641267446122]
2020-10-21 22:48:06 | Iter | [ 57/120] train loss=0.02149
2020-10-21 22:48:06 | Test | [ 57/120] Train Acc=0.56400
2020-10-21 22:48:06 | Test | [ 57/120] Train Mean IU=0.54725
2020-10-21 22:48:06 | Test | [ 57/120] Train_class_acc=[0.9985934369665772, 0.12941034722822356]
2020-10-21 22:48:42 | Iter | [ 57/120] valid loss=0.03624
2020-10-21 22:48:42 | Test | [ 57/120] Valid Acc=0.64300
2020-10-21 22:48:42 | Test | [ 57/120] Valid Mean IU=0.59606
2020-10-21 22:48:42 | Test | [ 57/120] Valid Class Acc=[0.9997492961489378, 0.04583168708020364]
2020-10-21 22:50:39 | Iter | [ 58/120] train loss=0.02441
2020-10-21 22:50:39 | Test | [ 58/120] Train Acc=0.60843
2020-10-21 22:50:39 | Test | [ 58/120] Train Mean IU=0.56443
2020-10-21 22:50:39 | Test | [ 58/120] Train_class_acc=[0.9968872679436306, 0.21996565883236555]
2020-10-21 22:51:15 | Iter | [ 58/120] valid loss=0.04390
2020-10-21 22:51:15 | Test | [ 58/120] Valid Acc=0.51768
2020-10-21 22:51:15 | Test | [ 58/120] Valid Mean IU=0.51209
2020-10-21 22:51:15 | Test | [ 58/120] Valid Class Acc=[0.9999999999999997, 0.0]
2020-10-21 22:53:11 | Iter | [ 59/120] train loss=0.02378
2020-10-21 22:53:11 | Test | [ 59/120] Train Acc=0.66865
2020-10-21 22:53:11 | Test | [ 59/120] Train Mean IU=0.59007
2020-10-21 22:53:11 | Test | [ 59/120] Train_class_acc=[0.9959882697636141, 0.34131955309324574]
2020-10-21 22:53:47 | Iter | [ 59/120] valid loss=0.04646
2020-10-21 22:53:47 | Test | [ 59/120] Valid Acc=0.50000
2020-10-21 22:53:47 | Test | [ 59/120] Valid Mean IU=0.49492
2020-10-21 22:53:47 | Test | [ 59/120] Valid Class Acc=[0.9999949884358154, 0.0017160017160016423]
2020-10-21 22:55:42 | Iter | [ 60/120] train loss=0.02926
2020-10-21 22:55:42 | Test | [ 60/120] Train Acc=0.59125
2020-10-21 22:55:42 | Test | [ 60/120] Train Mean IU=0.55146
2020-10-21 22:55:42 | Test | [ 60/120] Train_class_acc=[0.9964011669165737, 0.18609897890326202]
2020-10-21 22:56:19 | Iter | [ 60/120] valid loss=0.03163
2020-10-21 22:56:19 | Test | [ 60/120] Valid Acc=0.66891
2020-10-21 22:56:19 | Test | [ 60/120] Valid Mean IU=0.60773
2020-10-21 22:56:19 | Test | [ 60/120] Valid Class Acc=[0.983192097964016, 0.4815438006099434]
2020-10-21 22:58:14 | Iter | [ 61/120] train loss=0.02636
2020-10-21 22:58:14 | Test | [ 61/120] Train Acc=0.58226
2020-10-21 22:58:14 | Test | [ 61/120] Train Mean IU=0.55406
2020-10-21 22:58:14 | Test | [ 61/120] Train_class_acc=[0.9987431957892438, 0.16578595412632277]
2020-10-21 22:58:50 | Iter | [ 61/120] valid loss=0.03423
2020-10-21 22:58:50 | Test | [ 61/120] Valid Acc=0.60869
2020-10-21 22:58:50 | Test | [ 61/120] Valid Mean IU=0.58180
2020-10-21 22:58:50 | Test | [ 61/120] Valid Class Acc=[0.9996861819642495, 0.0569948186528479]
2020-10-22 02:22:01 | Iter | [ 62/120] train loss=0.02611
2020-10-22 02:22:01 | Test | [ 62/120] Train Acc=0.63577
2020-10-22 02:22:01 | Test | [ 62/120] Train Mean IU=0.58531
2020-10-22 02:22:01 | Test | [ 62/120] Train_class_acc=[0.9970010228121454, 0.2745438138037522]
2020-10-22 02:24:07 | Iter | [ 62/120] valid loss=0.03523
2020-10-22 02:24:07 | Test | [ 62/120] Valid Acc=0.52574
2020-10-22 02:24:07 | Test | [ 62/120] Valid Mean IU=0.51955
2020-10-22 02:24:07 | Test | [ 62/120] Valid Class Acc=[0.9999999999999997, 0.0]
2020-10-22 07:24:52 | Iter | [ 63/120] train loss=0.02690
2020-10-22 07:24:52 | Test | [ 63/120] Train Acc=0.63415
2020-10-22 07:24:52 | Test | [ 63/120] Train Mean IU=0.57546
2020-10-22 07:24:52 | Test | [ 63/120] Train_class_acc=[0.9967081806074226, 0.27158351939702396]
2020-10-22 07:25:29 | Iter | [ 63/120] valid loss=0.03035
2020-10-22 07:25:29 | Test | [ 63/120] Valid Acc=0.59294
2020-10-22 07:25:29 | Test | [ 63/120] Valid Mean IU=0.57239
2020-10-22 07:25:29 | Test | [ 63/120] Valid Class Acc=[0.9950757699283311, 0.6078785688471049]
2020-10-22 07:27:32 | Iter | [ 64/120] train loss=0.02406
2020-10-22 07:27:32 | Test | [ 64/120] Train Acc=0.55592
2020-10-22 07:27:32 | Test | [ 64/120] Train Mean IU=0.54081
2020-10-22 07:27:32 | Test | [ 64/120] Train_class_acc=[0.9991891213020629, 0.11264174927033384]
2020-10-22 07:28:09 | Iter | [ 64/120] valid loss=0.02913
2020-10-22 07:28:09 | Test | [ 64/120] Valid Acc=0.62866
2020-10-22 07:28:09 | Test | [ 64/120] Valid Mean IU=0.59276
2020-10-22 07:28:09 | Test | [ 64/120] Valid Class Acc=[0.997622278348938, 0.3206501662356734]
2020-10-22 07:30:08 | Iter | [ 65/120] train loss=0.02416
2020-10-22 07:30:08 | Test | [ 65/120] Train Acc=0.62711
2020-10-22 07:30:08 | Test | [ 65/120] Train Mean IU=0.58045
2020-10-22 07:30:08 | Test | [ 65/120] Train_class_acc=[0.9968743586285717, 0.25733920581639474]
2020-10-22 07:30:46 | Iter | [ 65/120] valid loss=0.03333
2020-10-22 07:30:46 | Test | [ 65/120] Valid Acc=0.50303
2020-10-22 07:30:46 | Test | [ 65/120] Valid Mean IU=0.49796
2020-10-22 07:30:46 | Test | [ 65/120] Valid Class Acc=[0.9999598515511099, 0.009698649116729834]
2020-10-22 07:33:04 | Iter | [ 66/120] train loss=0.02256
2020-10-22 07:33:04 | Test | [ 66/120] Train Acc=0.58504
2020-10-22 07:33:04 | Test | [ 66/120] Train Mean IU=0.55759
2020-10-22 07:33:04 | Test | [ 66/120] Train_class_acc=[0.9984241551092777, 0.17165967071261182]
2020-10-22 07:33:47 | Iter | [ 66/120] valid loss=0.03487
2020-10-22 07:33:47 | Test | [ 66/120] Valid Acc=0.58504
2020-10-22 07:33:47 | Test | [ 66/120] Valid Mean IU=0.56474
2020-10-22 07:33:47 | Test | [ 66/120] Valid Class Acc=[0.9985126475125092, 0.2241061555473563]
2020-10-22 07:36:08 | Iter | [ 67/120] train loss=0.02446
2020-10-22 07:36:08 | Test | [ 67/120] Train Acc=0.57382
2020-10-22 07:36:08 | Test | [ 67/120] Train Mean IU=0.55660
2020-10-22 07:36:08 | Test | [ 67/120] Train_class_acc=[0.998915297894106, 0.14873273738674217]
2020-10-22 07:36:49 | Iter | [ 67/120] valid loss=0.03705
2020-10-22 07:36:49 | Test | [ 67/120] Valid Acc=0.52197
2020-10-22 07:36:49 | Test | [ 67/120] Valid Mean IU=0.51606
2020-10-22 07:36:49 | Test | [ 67/120] Valid Class Acc=[0.9996894528515607, 0.03542616625745311]
2020-10-22 07:39:16 | Iter | [ 68/120] train loss=0.02438
2020-10-22 07:39:16 | Test | [ 68/120] Train Acc=0.62775
2020-10-22 07:39:16 | Test | [ 68/120] Train Mean IU=0.59330
2020-10-22 07:39:16 | Test | [ 68/120] Train_class_acc=[0.9977070342264666, 0.2577880101260645]
2020-10-22 07:40:00 | Iter | [ 68/120] valid loss=0.04392
2020-10-22 07:40:00 | Test | [ 68/120] Valid Acc=0.50153
2020-10-22 07:40:00 | Test | [ 68/120] Valid Mean IU=0.49645
2020-10-22 07:40:00 | Test | [ 68/120] Valid Class Acc=[0.9985237726150894, 0.07278067885117415]
2020-10-22 07:42:09 | Iter | [ 69/120] train loss=0.02107
2020-10-22 07:42:09 | Test | [ 69/120] Train Acc=0.57015
2020-10-22 07:42:09 | Test | [ 69/120] Train Mean IU=0.54978
2020-10-22 07:42:09 | Test | [ 69/120] Train_class_acc=[0.9989893487409232, 0.1413091241744667]
2020-10-22 07:42:46 | Iter | [ 69/120] valid loss=0.03606
2020-10-22 07:42:46 | Test | [ 69/120] Valid Acc=0.59088
2020-10-22 07:42:46 | Test | [ 69/120] Valid Mean IU=0.56973
2020-10-22 07:42:46 | Test | [ 69/120] Valid Class Acc=[0.9970516253635365, 0.4598639455782104]
2020-10-22 07:44:48 | Iter | [ 70/120] train loss=0.02067
2020-10-22 07:44:48 | Test | [ 70/120] Train Acc=0.59682
2020-10-22 07:44:48 | Test | [ 70/120] Train Mean IU=0.57416
2020-10-22 07:44:48 | Test | [ 70/120] Train_class_acc=[0.9984202045190554, 0.19521314714890434]
2020-10-22 07:45:28 | Iter | [ 70/120] valid loss=0.03415
2020-10-22 07:45:28 | Test | [ 70/120] Valid Acc=0.53216
2020-10-22 07:45:28 | Test | [ 70/120] Valid Mean IU=0.52515
2020-10-22 07:45:28 | Test | [ 70/120] Valid Class Acc=[0.9998420640969071, 0.044585987261144724]
2020-10-22 07:47:28 | Iter | [ 71/120] train loss=0.02033
2020-10-22 07:47:28 | Test | [ 71/120] Train Acc=0.60049
2020-10-22 07:47:28 | Test | [ 71/120] Train Mean IU=0.58107
2020-10-22 07:47:28 | Test | [ 71/120] Train_class_acc=[0.9983834183120798, 0.2026062571699175]
2020-10-22 07:48:04 | Iter | [ 71/120] valid loss=0.03531
2020-10-22 07:48:04 | Test | [ 71/120] Valid Acc=0.59134
2020-10-22 07:48:04 | Test | [ 71/120] Valid Mean IU=0.57006
2020-10-22 07:48:04 | Test | [ 71/120] Valid Class Acc=[0.9985815816116839, 0.27740303541314176]
2020-10-22 07:50:00 | Iter | [ 72/120] train loss=0.02119
2020-10-22 07:50:00 | Test | [ 72/120] Train Acc=0.55890
2020-10-22 07:50:00 | Test | [ 72/120] Train Mean IU=0.54457
2020-10-22 07:50:00 | Test | [ 72/120] Train_class_acc=[0.998856904244315, 0.11893738095421542]
2020-10-22 07:50:37 | Iter | [ 72/120] valid loss=0.03861
2020-10-22 07:50:37 | Test | [ 72/120] Valid Acc=0.62301
2020-10-22 07:50:37 | Test | [ 72/120] Valid Mean IU=0.58769
2020-10-22 07:50:37 | Test | [ 72/120] Valid Class Acc=[0.9996113944171163, 0.07462686567163886]
2020-10-22 07:52:36 | Iter | [ 73/120] train loss=0.02438
2020-10-22 07:52:36 | Test | [ 73/120] Train Acc=0.64335
2020-10-22 07:52:36 | Test | [ 73/120] Train Mean IU=0.60230
2020-10-22 07:52:36 | Test | [ 73/120] Train_class_acc=[0.9975291114345001, 0.28917699610450315]
2020-10-22 07:53:13 | Iter | [ 73/120] valid loss=0.03492
2020-10-22 07:53:13 | Test | [ 73/120] Valid Acc=0.50899
2020-10-22 07:53:13 | Test | [ 73/120] Valid Mean IU=0.50385
2020-10-22 07:53:13 | Test | [ 73/120] Valid Class Acc=[0.9998571246332437, 0.01300486360752788]
2020-10-22 07:55:09 | Iter | [ 74/120] train loss=0.02082
2020-10-22 07:55:09 | Test | [ 74/120] Train Acc=0.61505
2020-10-22 07:55:09 | Test | [ 74/120] Train Mean IU=0.58574
2020-10-22 07:55:09 | Test | [ 74/120] Train_class_acc=[0.997426218901463, 0.23266490626916955]
2020-10-22 07:55:46 | Iter | [ 74/120] valid loss=0.02980
2020-10-22 07:55:46 | Test | [ 74/120] Valid Acc=0.51716
2020-10-22 07:55:46 | Test | [ 74/120] Valid Mean IU=0.51165
2020-10-22 07:55:46 | Test | [ 74/120] Valid Class Acc=[0.9985555112512129, 0.2361373066767168]
2020-10-22 07:57:42 | Iter | [ 75/120] train loss=0.02035
2020-10-22 07:57:42 | Test | [ 75/120] Train Acc=0.56282
2020-10-22 07:57:42 | Test | [ 75/120] Train Mean IU=0.55107
2020-10-22 07:57:42 | Test | [ 75/120] Train_class_acc=[0.9992597792186458, 0.1263829450774323]
2020-10-22 07:58:19 | Iter | [ 75/120] valid loss=0.02952
2020-10-22 07:58:19 | Test | [ 75/120] Valid Acc=0.62279
2020-10-22 07:58:19 | Test | [ 75/120] Valid Mean IU=0.59094
2020-10-22 07:58:19 | Test | [ 75/120] Valid Class Acc=[0.9981930976329576, 0.3494550408719227]
2020-10-22 08:00:15 | Iter | [ 76/120] train loss=0.02005
2020-10-22 08:00:15 | Test | [ 76/120] Train Acc=0.61735
2020-10-22 08:00:15 | Test | [ 76/120] Train Mean IU=0.59026
2020-10-22 08:00:15 | Test | [ 76/120] Train_class_acc=[0.9980972957038294, 0.23660471444667786]
2020-10-22 08:00:52 | Iter | [ 76/120] valid loss=0.03409
2020-10-22 08:00:52 | Test | [ 76/120] Valid Acc=0.52449
2020-10-22 08:00:52 | Test | [ 76/120] Valid Mean IU=0.51841
2020-10-22 08:00:52 | Test | [ 76/120] Valid Class Acc=[0.9998797125129055, 0.041032148900167466]
2020-10-22 08:36:43 | Iter | [ 77/120] train loss=0.02022
2020-10-22 08:36:43 | Test | [ 77/120] Train Acc=0.60272
2020-10-22 08:36:43 | Test | [ 77/120] Train Mean IU=0.57795
2020-10-22 08:36:43 | Test | [ 77/120] Train_class_acc=[0.9983713738764148, 0.2070609065206954]
2020-10-22 08:37:19 | Iter | [ 77/120] valid loss=0.02977
2020-10-22 08:37:19 | Test | [ 77/120] Valid Acc=0.59474
2020-10-22 08:37:19 | Test | [ 77/120] Valid Mean IU=0.57329
2020-10-22 08:37:19 | Test | [ 77/120] Valid Class Acc=[0.9970922349112602, 0.49525916561313227]
2020-10-22 08:39:58 | Iter | [ 78/120] train loss=0.01960
2020-10-22 08:39:58 | Test | [ 78/120] Train Acc=0.59899
2020-10-22 08:39:58 | Test | [ 78/120] Train Mean IU=0.57982
2020-10-22 08:39:58 | Test | [ 78/120] Train_class_acc=[0.9988036302770903, 0.1991747852111213]
2020-10-22 08:40:41 | Iter | [ 78/120] valid loss=0.03069
2020-10-22 08:40:41 | Test | [ 78/120] Valid Acc=0.53312
2020-10-22 08:40:41 | Test | [ 78/120] Valid Mean IU=0.52634
2020-10-22 08:40:41 | Test | [ 78/120] Valid Class Acc=[0.999150263067525, 0.20154408776919133]
2020-10-22 08:42:50 | Iter | [ 79/120] train loss=0.01971
2020-10-22 08:42:50 | Test | [ 79/120] Train Acc=0.60841
2020-10-22 08:42:50 | Test | [ 79/120] Train Mean IU=0.58798
2020-10-22 08:42:50 | Test | [ 79/120] Train_class_acc=[0.9983236429697243, 0.2185056362071172]
2020-10-22 08:43:27 | Iter | [ 79/120] valid loss=0.03212
2020-10-22 08:43:27 | Test | [ 79/120] Valid Acc=0.53647
2020-10-22 08:43:27 | Test | [ 79/120] Valid Mean IU=0.52930
2020-10-22 08:43:27 | Test | [ 79/120] Valid Class Acc=[0.998879940129535, 0.19782270606531266]
2020-10-22 08:45:24 | Iter | [ 80/120] train loss=0.01953
2020-10-22 08:45:24 | Test | [ 80/120] Train Acc=0.60893
2020-10-22 08:45:24 | Test | [ 80/120] Train Mean IU=0.58489
2020-10-22 08:45:24 | Test | [ 80/120] Train_class_acc=[0.9985600346686417, 0.2192954424123689]
2020-10-22 08:46:00 | Iter | [ 80/120] valid loss=0.03381
2020-10-22 08:46:00 | Test | [ 80/120] Valid Acc=0.57229
2020-10-22 08:46:00 | Test | [ 80/120] Valid Mean IU=0.55764
2020-10-22 08:46:00 | Test | [ 80/120] Valid Class Acc=[0.9972574305082024, 0.4904458598725919]
2020-10-22 08:48:10 | Iter | [ 81/120] train loss=0.01944
2020-10-22 08:48:10 | Test | [ 81/120] Train Acc=0.59380
2020-10-22 08:48:10 | Test | [ 81/120] Train Mean IU=0.57695
2020-10-22 08:48:10 | Test | [ 81/120] Train_class_acc=[0.9987792108865644, 0.1888301512457969]
2020-10-22 08:48:53 | Iter | [ 81/120] valid loss=0.03281
2020-10-22 08:48:53 | Test | [ 81/120] Valid Acc=0.58393
2020-10-22 08:48:53 | Test | [ 81/120] Valid Mean IU=0.56584
2020-10-22 08:48:53 | Test | [ 81/120] Valid Class Acc=[0.9985849812666544, 0.26981132075470426]
2020-10-22 08:51:00 | Iter | [ 82/120] train loss=0.02001
2020-10-22 08:51:00 | Test | [ 82/120] Train Acc=0.60912
2020-10-22 08:51:00 | Test | [ 82/120] Train Mean IU=0.58540
2020-10-22 08:51:00 | Test | [ 82/120] Train_class_acc=[0.9984824706127341, 0.2197598974888559]
2020-10-22 08:51:37 | Iter | [ 82/120] valid loss=0.03646
2020-10-22 08:51:37 | Test | [ 82/120] Valid Acc=0.55797
2020-10-22 08:51:37 | Test | [ 82/120] Valid Mean IU=0.54693
2020-10-22 08:51:37 | Test | [ 82/120] Valid Class Acc=[0.9979689613046908, 0.3151870463428164]
2020-10-22 08:53:35 | Iter | [ 83/120] train loss=0.01934
2020-10-22 08:53:35 | Test | [ 83/120] Train Acc=0.60305
2020-10-22 08:53:35 | Test | [ 83/120] Train Mean IU=0.58401
2020-10-22 08:53:35 | Test | [ 83/120] Train_class_acc=[0.9984654924155802, 0.20764027394587384]
2020-10-22 08:54:11 | Iter | [ 83/120] valid loss=0.03730
2020-10-22 08:54:11 | Test | [ 83/120] Valid Acc=0.54410
2020-10-22 08:54:11 | Test | [ 83/120] Valid Mean IU=0.53540
2020-10-22 08:54:11 | Test | [ 83/120] Valid Class Acc=[0.9996740980663985, 0.08389662027832669]
2020-10-22 08:56:08 | Iter | [ 84/120] train loss=0.01953
2020-10-22 08:56:08 | Test | [ 84/120] Train Acc=0.62733
2020-10-22 08:56:08 | Test | [ 84/120] Train Mean IU=0.60086
2020-10-22 08:56:08 | Test | [ 84/120] Train_class_acc=[0.9983306441089795, 0.25631988015335233]
2020-10-22 08:56:45 | Iter | [ 84/120] valid loss=0.03299
2020-10-22 08:56:45 | Test | [ 84/120] Valid Acc=0.54938
2020-10-22 08:56:45 | Test | [ 84/120] Valid Mean IU=0.53981
2020-10-22 08:56:45 | Test | [ 84/120] Valid Class Acc=[0.9982972781564392, 0.2765363128491534]
2020-10-22 08:58:41 | Iter | [ 85/120] train loss=0.02214
2020-10-22 08:58:41 | Test | [ 85/120] Train Acc=0.59240
2020-10-22 08:58:41 | Test | [ 85/120] Train Mean IU=0.57579
2020-10-22 08:58:41 | Test | [ 85/120] Train_class_acc=[0.998439494393396, 0.18636461043720368]
2020-10-22 08:59:19 | Iter | [ 85/120] valid loss=0.03636
2020-10-22 08:59:19 | Test | [ 85/120] Valid Acc=0.59283
2020-10-22 08:59:19 | Test | [ 85/120] Valid Mean IU=0.57049
2020-10-22 08:59:19 | Test | [ 85/120] Valid Class Acc=[0.9962055335968376, 0.2141931302657138]
2020-10-22 09:01:16 | Iter | [ 86/120] train loss=0.02031
2020-10-22 09:01:16 | Test | [ 86/120] Train Acc=0.66371
2020-10-22 09:01:16 | Test | [ 86/120] Train Mean IU=0.61329
2020-10-22 09:01:16 | Test | [ 86/120] Train_class_acc=[0.9980342254441612, 0.32937810718096966]
2020-10-22 09:02:20 | Iter | [ 86/120] valid loss=0.02887
2020-10-22 09:02:20 | Test | [ 86/120] Valid Acc=0.52485
2020-10-22 09:02:20 | Test | [ 86/120] Valid Mean IU=0.51806
2020-10-22 09:02:20 | Test | [ 86/120] Valid Class Acc=[0.9956518579222644, 0.6229576874737904]
2020-10-22 09:12:37 | Iter | [ 87/120] train loss=0.02469
2020-10-22 09:12:37 | Test | [ 87/120] Train Acc=0.56697
2020-10-22 09:12:37 | Test | [ 87/120] Train Mean IU=0.54767
2020-10-22 09:12:37 | Test | [ 87/120] Train_class_acc=[0.9979695856969583, 0.13596349386010181]
2020-10-22 09:37:43 | Iter | [ 87/120] valid loss=0.02776
2020-10-22 09:37:43 | Test | [ 87/120] Valid Acc=0.63548
2020-10-22 09:37:43 | Test | [ 87/120] Valid Mean IU=0.59635
2020-10-22 09:37:43 | Test | [ 87/120] Valid Class Acc=[0.9975317635791207, 0.16972789115646067]
2020-10-22 09:39:44 | Iter | [ 88/120] train loss=0.02093
2020-10-22 09:39:44 | Test | [ 88/120] Train Acc=0.60788
2020-10-22 09:39:44 | Test | [ 88/120] Train Mean IU=0.58009
2020-10-22 09:39:44 | Test | [ 88/120] Train_class_acc=[0.99772093882257, 0.2180320207311063]
2020-10-22 09:40:21 | Iter | [ 88/120] valid loss=0.02643
2020-10-22 09:40:21 | Test | [ 88/120] Valid Acc=0.59397
2020-10-22 09:40:21 | Test | [ 88/120] Valid Mean IU=0.57290
2020-10-22 09:40:21 | Test | [ 88/120] Valid Class Acc=[0.9999347419042308, 0.011705685618728706]
2020-10-22 09:42:21 | Iter | [ 89/120] train loss=0.01995
2020-10-22 09:42:21 | Test | [ 89/120] Train Acc=0.63128
2020-10-22 09:42:21 | Test | [ 89/120] Train Mean IU=0.59943
2020-10-22 09:42:21 | Test | [ 89/120] Train_class_acc=[0.9976485076272538, 0.2649140052995291]
2020-10-22 09:42:58 | Iter | [ 89/120] valid loss=0.03060
2020-10-22 09:42:58 | Test | [ 89/120] Valid Acc=0.50197
2020-10-22 09:42:58 | Test | [ 89/120] Valid Mean IU=0.49689
2020-10-22 09:42:58 | Test | [ 89/120] Valid Class Acc=[0.9996567594585315, 0.08938793483046722]
2020-10-22 09:44:57 | Iter | [ 90/120] train loss=0.02044
2020-10-22 09:44:57 | Test | [ 90/120] Train Acc=0.59954
2020-10-22 09:44:57 | Test | [ 90/120] Train Mean IU=0.56643
2020-10-22 09:44:57 | Test | [ 90/120] Train_class_acc=[0.9982545787159633, 0.2008158364123008]
2020-10-22 09:45:34 | Iter | [ 90/120] valid loss=0.02767
2020-10-22 09:45:34 | Test | [ 90/120] Valid Acc=0.64681
2020-10-22 09:45:34 | Test | [ 90/120] Valid Mean IU=0.60220
2020-10-22 09:45:34 | Test | [ 90/120] Valid Class Acc=[0.99595968198464, 0.6154903758019883]
2020-10-22 09:47:34 | Iter | [ 91/120] train loss=0.02045
2020-10-22 09:47:34 | Test | [ 91/120] Train Acc=0.60787
2020-10-22 09:47:34 | Test | [ 91/120] Train Mean IU=0.57938
2020-10-22 09:47:34 | Test | [ 91/120] Train_class_acc=[0.9985759385008559, 0.217161178207347]
2020-10-22 09:48:11 | Iter | [ 91/120] valid loss=0.03471
2020-10-22 09:48:11 | Test | [ 91/120] Valid Acc=0.55034
2020-10-22 09:48:11 | Test | [ 91/120] Valid Mean IU=0.54042
2020-10-22 09:48:11 | Test | [ 91/120] Valid Class Acc=[0.9983281291639636, 0.27287671232875965]
2020-10-22 09:50:14 | Iter | [ 92/120] train loss=0.01986
2020-10-22 09:50:14 | Test | [ 92/120] Train Acc=0.59568
2020-10-22 09:50:14 | Test | [ 92/120] Train Mean IU=0.57406
2020-10-22 09:50:14 | Test | [ 92/120] Train_class_acc=[0.9980609207210175, 0.19330700498180406]
2020-10-22 09:50:52 | Iter | [ 92/120] valid loss=0.03207
2020-10-22 09:50:52 | Test | [ 92/120] Valid Acc=0.57634
2020-10-22 09:50:52 | Test | [ 92/120] Valid Mean IU=0.55984
2020-10-22 09:50:52 | Test | [ 92/120] Valid Class Acc=[0.9995564143240578, 0.09384164222873508]
2020-10-22 09:53:15 | Iter | [ 93/120] train loss=0.01957
2020-10-22 09:53:15 | Test | [ 93/120] Train Acc=0.62621
2020-10-22 09:53:15 | Test | [ 93/120] Train Mean IU=0.59856
2020-10-22 09:53:15 | Test | [ 93/120] Train_class_acc=[0.9981330297933563, 0.25428233923017796]
2020-10-22 09:53:55 | Iter | [ 93/120] valid loss=0.03650
2020-10-22 09:53:55 | Test | [ 93/120] Valid Acc=0.53487
2020-10-22 09:53:55 | Test | [ 93/120] Valid Mean IU=0.52746
2020-10-22 09:53:55 | Test | [ 93/120] Valid Class Acc=[0.9989579706478364, 0.23548239597621237]
2020-10-22 09:55:54 | Iter | [ 94/120] train loss=0.01949
2020-10-22 09:55:54 | Test | [ 94/120] Train Acc=0.62275
2020-10-22 09:55:54 | Test | [ 94/120] Train Mean IU=0.59423
2020-10-22 09:55:54 | Test | [ 94/120] Train_class_acc=[0.9984013600202832, 0.24710507310906002]
2020-10-22 09:56:31 | Iter | [ 94/120] valid loss=0.02972
2020-10-22 09:56:31 | Test | [ 94/120] Valid Acc=0.55984
2020-10-22 09:56:31 | Test | [ 94/120] Valid Mean IU=0.54803
2020-10-22 09:56:31 | Test | [ 94/120] Valid Class Acc=[0.9987753200697238, 0.24292452830187533]
2020-10-22 09:58:29 | Iter | [ 95/120] train loss=0.01924
2020-10-22 09:58:29 | Test | [ 95/120] Train Acc=0.60055
2020-10-22 09:58:29 | Test | [ 95/120] Train Mean IU=0.58346
2020-10-22 09:58:29 | Test | [ 95/120] Train_class_acc=[0.9985927225687462, 0.20250325433343916]
2020-10-22 09:59:06 | Iter | [ 95/120] valid loss=0.03116
2020-10-22 09:59:06 | Test | [ 95/120] Valid Acc=0.58792
2020-10-22 09:59:06 | Test | [ 95/120] Valid Mean IU=0.56912
2020-10-22 09:59:06 | Test | [ 95/120] Valid Class Acc=[0.9988632656646004, 0.26363008971703716]
2020-10-22 10:01:04 | Iter | [ 96/120] train loss=0.02032
2020-10-22 10:01:04 | Test | [ 96/120] Train Acc=0.65645
2020-10-22 10:01:04 | Test | [ 96/120] Train Mean IU=0.61758
2020-10-22 10:01:04 | Test | [ 96/120] Train_class_acc=[0.9976178266947322, 0.3152815745710567]
2020-10-22 10:01:43 | Iter | [ 96/120] valid loss=0.04601
2020-10-22 10:01:43 | Test | [ 96/120] Valid Acc=0.50615
2020-10-22 10:01:43 | Test | [ 96/120] Valid Mean IU=0.50106
2020-10-22 10:01:43 | Test | [ 96/120] Valid Class Acc=[0.9981198046406637, 0.292703382722944]
2020-10-22 10:07:02 | Iter | [ 97/120] train loss=0.01968
2020-10-22 10:07:02 | Test | [ 97/120] Train Acc=0.59606
2020-10-22 10:07:02 | Test | [ 97/120] Train Mean IU=0.57133
2020-10-22 10:07:02 | Test | [ 97/120] Train_class_acc=[0.9985774220772979, 0.19354584055702306]
2020-10-22 10:08:48 | Iter | [ 97/120] valid loss=0.03004
2020-10-22 10:08:48 | Test | [ 97/120] Valid Acc=0.56391
2020-10-22 10:08:48 | Test | [ 97/120] Valid Mean IU=0.55195
2020-10-22 10:08:48 | Test | [ 97/120] Valid Class Acc=[0.9965954393438754, 0.4753982300884788]
2020-10-22 10:11:01 | Iter | [ 98/120] train loss=0.01945
2020-10-22 10:11:01 | Test | [ 98/120] Train Acc=0.59406
2020-10-22 10:11:01 | Test | [ 98/120] Train Mean IU=0.57574
2020-10-22 10:11:01 | Test | [ 98/120] Train_class_acc=[0.9986950033274767, 0.18942104489509423]
2020-10-22 10:11:41 | Iter | [ 98/120] valid loss=0.02984
2020-10-22 10:11:41 | Test | [ 98/120] Valid Acc=0.58779
2020-10-22 10:11:41 | Test | [ 98/120] Valid Mean IU=0.56932
2020-10-22 10:11:41 | Test | [ 98/120] Valid Class Acc=[0.9993579389841388, 0.1682763744427872]
2020-10-22 10:13:55 | Iter | [ 99/120] train loss=0.01925
2020-10-22 10:13:55 | Test | [ 99/120] Train Acc=0.63801
2020-10-22 10:13:55 | Test | [ 99/120] Train Mean IU=0.60392
2020-10-22 10:13:55 | Test | [ 99/120] Train_class_acc=[0.9981031392818722, 0.2779081315366552]
2020-10-22 10:14:37 | Iter | [ 99/120] valid loss=0.03463
2020-10-22 10:14:37 | Test | [ 99/120] Valid Acc=0.55016
2020-10-22 10:14:37 | Test | [ 99/120] Valid Mean IU=0.54033
2020-10-22 10:14:37 | Test | [ 99/120] Valid Class Acc=[0.9993350663428144, 0.1479805013927525]
2020-10-22 10:16:59 | Iter | [100/120] train loss=0.01917
2020-10-22 10:16:59 | Test | [100/120] Train Acc=0.61345
2020-10-22 10:16:59 | Test | [100/120] Train Mean IU=0.58999
2020-10-22 10:16:59 | Test | [100/120] Train_class_acc=[0.9981527189783689, 0.22874124186225683]
2020-10-22 10:17:43 | Iter | [100/120] valid loss=0.03100
2020-10-22 10:17:43 | Test | [100/120] Valid Acc=0.57560
2020-10-22 10:17:43 | Test | [100/120] Valid Mean IU=0.56015
2020-10-22 10:17:43 | Test | [100/120] Valid Class Acc=[0.9994426549707892, 0.1271433193141337]
2020-10-22 10:20:03 | Iter | [101/120] train loss=0.01958
2020-10-22 10:20:03 | Test | [101/120] Train Acc=0.63040
2020-10-22 10:20:03 | Test | [101/120] Train Mean IU=0.59896
2020-10-22 10:20:03 | Test | [101/120] Train_class_acc=[0.997843673935147, 0.26295999653996616]
2020-10-22 10:20:45 | Iter | [101/120] valid loss=0.02785
2020-10-22 10:20:45 | Test | [101/120] Valid Acc=0.57384
2020-10-22 10:20:45 | Test | [101/120] Valid Mean IU=0.55910
2020-10-22 10:20:45 | Test | [101/120] Valid Class Acc=[0.9968132152373009, 0.4179943767572503]
2020-10-22 10:23:06 | Iter | [102/120] train loss=0.02153
2020-10-22 10:23:06 | Test | [102/120] Train Acc=0.58233
2020-10-22 10:23:06 | Test | [102/120] Train Mean IU=0.56837
2020-10-22 10:23:06 | Test | [102/120] Train_class_acc=[0.9985623048285023, 0.16609868507447448]
2020-10-22 10:23:48 | Iter | [102/120] valid loss=0.02857
2020-10-22 10:23:48 | Test | [102/120] Valid Acc=0.62655
2020-10-22 10:23:48 | Test | [102/120] Valid Mean IU=0.59328
2020-10-22 10:23:48 | Test | [102/120] Valid Class Acc=[0.9954082996956689, 0.2793091616150031]
2020-10-22 10:26:10 | Iter | [103/120] train loss=0.02206
2020-10-22 10:26:10 | Test | [103/120] Train Acc=0.62402
2020-10-22 10:26:10 | Test | [103/120] Train Mean IU=0.59456
2020-10-22 10:26:10 | Test | [103/120] Train_class_acc=[0.9984673804383734, 0.2495681593548906]
2020-10-22 10:26:49 | Iter | [103/120] valid loss=0.02927
2020-10-22 10:26:49 | Test | [103/120] Valid Acc=0.60844
2020-10-22 10:26:49 | Test | [103/120] Valid Mean IU=0.58216
2020-10-22 10:26:49 | Test | [103/120] Valid Class Acc=[0.999467895514028, 0.05516921650440363]
2020-10-22 10:29:05 | Iter | [104/120] train loss=0.02301
2020-10-22 10:29:05 | Test | [104/120] Train Acc=0.65410
2020-10-22 10:29:05 | Test | [104/120] Train Mean IU=0.60607
2020-10-22 10:29:05 | Test | [104/120] Train_class_acc=[0.9976942212673768, 0.3105032422050274]
2020-10-22 10:29:45 | Iter | [104/120] valid loss=0.03702
2020-10-22 10:29:45 | Test | [104/120] Valid Acc=0.50147
2020-10-22 10:29:45 | Test | [104/120] Valid Mean IU=0.49636
2020-10-22 10:29:45 | Test | [104/120] Valid Class Acc=[0.998577136084033, 0.08014883346741673]
2020-10-22 10:32:06 | Iter | [105/120] train loss=0.01924
2020-10-22 10:32:06 | Test | [105/120] Train Acc=0.62988
2020-10-22 10:32:06 | Test | [105/120] Train Mean IU=0.59829
2020-10-22 10:32:06 | Test | [105/120] Train_class_acc=[0.9975966968939175, 0.2621683924147416]
2020-10-22 10:32:50 | Iter | [105/120] valid loss=0.03326
2020-10-22 10:32:50 | Test | [105/120] Valid Acc=0.51110
2020-10-22 10:32:50 | Test | [105/120] Valid Mean IU=0.50584
2020-10-22 10:32:50 | Test | [105/120] Valid Class Acc=[0.9998772652698282, 0.0418775885872047]
2020-10-22 10:35:11 | Iter | [106/120] train loss=0.01953
2020-10-22 10:35:11 | Test | [106/120] Train Acc=0.61856
2020-10-22 10:35:11 | Test | [106/120] Train Mean IU=0.58957
2020-10-22 10:35:11 | Test | [106/120] Train_class_acc=[0.997909142716372, 0.23920221211912818]
2020-10-22 10:35:55 | Iter | [106/120] valid loss=0.03361
2020-10-22 10:35:55 | Test | [106/120] Valid Acc=0.54385
2020-10-22 10:35:55 | Test | [106/120] Valid Mean IU=0.53505
2020-10-22 10:35:55 | Test | [106/120] Valid Class Acc=[0.9992704408192118, 0.164367363027191]
2020-10-22 10:38:16 | Iter | [107/120] train loss=0.01931
2020-10-22 10:38:16 | Test | [107/120] Train Acc=0.62005
2020-10-22 10:38:16 | Test | [107/120] Train Mean IU=0.59199
2020-10-22 10:38:16 | Test | [107/120] Train_class_acc=[0.9981787314819454, 0.24192976352176518]
2020-10-22 10:39:00 | Iter | [107/120] valid loss=0.02615
2020-10-22 10:39:00 | Test | [107/120] Valid Acc=0.57380
2020-10-22 10:39:00 | Test | [107/120] Valid Mean IU=0.55819
2020-10-22 10:39:00 | Test | [107/120] Valid Class Acc=[0.9983172624794671, 0.3290614398793694]
2020-10-22 10:41:20 | Iter | [108/120] train loss=0.01934
2020-10-22 10:41:20 | Test | [108/120] Train Acc=0.63436
2020-10-22 10:41:20 | Test | [108/120] Train Mean IU=0.59749
2020-10-22 10:41:20 | Test | [108/120] Train_class_acc=[0.9982181448493291, 0.27051065011964587]
2020-10-22 10:42:04 | Iter | [108/120] valid loss=0.02745
2020-10-22 10:42:04 | Test | [108/120] Valid Acc=0.62597
2020-10-22 10:42:04 | Test | [108/120] Valid Mean IU=0.59200
2020-10-22 10:42:04 | Test | [108/120] Valid Class Acc=[0.9954418948442875, 0.6407660738713915]
2020-10-22 10:44:23 | Iter | [109/120] train loss=0.01922
2020-10-22 10:44:23 | Test | [109/120] Train Acc=0.60011
2020-10-22 10:44:23 | Test | [109/120] Train Mean IU=0.57871
2020-10-22 10:44:23 | Test | [109/120] Train_class_acc=[0.998580420481443, 0.20163180140619893]
2020-10-22 10:45:06 | Iter | [109/120] valid loss=0.03644
2020-10-22 10:45:06 | Test | [109/120] Valid Acc=0.58081
2020-10-22 10:45:06 | Test | [109/120] Valid Mean IU=0.56249
2020-10-22 10:45:06 | Test | [109/120] Valid Class Acc=[0.998976882048041, 0.22497145032355442]
2020-10-22 10:47:28 | Iter | [110/120] train loss=0.01883
2020-10-22 10:47:28 | Test | [110/120] Train Acc=0.62134
2020-10-22 10:47:28 | Test | [110/120] Train Mean IU=0.59555
2020-10-22 10:47:28 | Test | [110/120] Train_class_acc=[0.9980819472371613, 0.2445943248319047]
2020-10-22 10:48:13 | Iter | [110/120] valid loss=0.03437
2020-10-22 10:48:13 | Test | [110/120] Valid Acc=0.56425
2020-10-22 10:48:13 | Test | [110/120] Valid Mean IU=0.55132
2020-10-22 10:48:13 | Test | [110/120] Valid Class Acc=[0.9988675539164593, 0.23591549295773612]
2020-10-22 10:50:31 | Iter | [111/120] train loss=0.01884
2020-10-22 10:50:31 | Test | [111/120] Train Acc=0.63578
2020-10-22 10:50:31 | Test | [111/120] Train Mean IU=0.60830
2020-10-22 10:50:31 | Test | [111/120] Train_class_acc=[0.9981351880868461, 0.2734322055030071]
2020-10-22 10:51:15 | Iter | [111/120] valid loss=0.03416
2020-10-22 10:51:15 | Test | [111/120] Valid Acc=0.56183
2020-10-22 10:51:15 | Test | [111/120] Valid Mean IU=0.54966
2020-10-22 10:51:15 | Test | [111/120] Valid Class Acc=[0.9984174556398517, 0.3805441669772501]
2020-10-22 10:53:33 | Iter | [112/120] train loss=0.01912
2020-10-22 10:53:33 | Test | [112/120] Train Acc=0.62753
2020-10-22 10:53:33 | Test | [112/120] Train Mean IU=0.59839
2020-10-22 10:53:33 | Test | [112/120] Train_class_acc=[0.9982098744978009, 0.2568554144714473]
2020-10-22 10:54:16 | Iter | [112/120] valid loss=0.02825
2020-10-22 10:54:16 | Test | [112/120] Valid Acc=0.58159
2020-10-22 10:54:16 | Test | [112/120] Valid Mean IU=0.56453
2020-10-22 10:54:16 | Test | [112/120] Valid Class Acc=[0.9984965878316476, 0.2653471989265258]
2020-10-22 10:56:30 | Iter | [113/120] train loss=0.01844
2020-10-22 10:56:30 | Test | [113/120] Train Acc=0.61510
2020-10-22 10:56:30 | Test | [113/120] Train Mean IU=0.59359
2020-10-22 10:56:30 | Test | [113/120] Train_class_acc=[0.9985685566507811, 0.23163045013098224]
2020-10-22 10:57:12 | Iter | [113/120] valid loss=0.02721
2020-10-22 10:57:12 | Test | [113/120] Valid Acc=0.60787
2020-10-22 10:57:12 | Test | [113/120] Valid Mean IU=0.58208
2020-10-22 10:57:12 | Test | [113/120] Valid Class Acc=[0.9983383875090845, 0.3411175979983177]
2020-10-22 10:59:32 | Iter | [114/120] train loss=0.02190
2020-10-22 10:59:32 | Test | [114/120] Train Acc=0.60642
2020-10-22 10:59:32 | Test | [114/120] Train Mean IU=0.58659
2020-10-22 10:59:32 | Test | [114/120] Train_class_acc=[0.9983189616257099, 0.2145208803576835]
2020-10-22 11:00:13 | Iter | [114/120] valid loss=0.03290
2020-10-22 11:00:13 | Test | [114/120] Valid Acc=0.61296
2020-10-22 11:00:13 | Test | [114/120] Valid Mean IU=0.58474
2020-10-22 11:00:13 | Test | [114/120] Valid Class Acc=[0.9967734941910139, 0.18120518034892238]
2020-10-22 11:02:30 | Iter | [115/120] train loss=0.01897
2020-10-22 11:02:30 | Test | [115/120] Train Acc=0.64494
2020-10-22 11:02:30 | Test | [115/120] Train Mean IU=0.60583
2020-10-22 11:02:30 | Test | [115/120] Train_class_acc=[0.998077231865833, 0.29180211849676735]
2020-10-22 11:03:12 | Iter | [115/120] valid loss=0.03478
2020-10-22 11:03:12 | Test | [115/120] Valid Acc=0.54391
2020-10-22 11:03:12 | Test | [115/120] Valid Mean IU=0.53524
2020-10-22 11:03:12 | Test | [115/120] Valid Class Acc=[0.9996539453986021, 0.08564902931099788]
2020-10-22 11:05:26 | Iter | [116/120] train loss=0.01872
2020-10-22 11:05:26 | Test | [116/120] Train Acc=0.61903
2020-10-22 11:05:26 | Test | [116/120] Train Mean IU=0.59470
2020-10-22 11:05:26 | Test | [116/120] Train_class_acc=[0.9979515414408439, 0.24010762503531216]
2020-10-22 11:06:07 | Iter | [116/120] valid loss=0.03388
2020-10-22 11:06:07 | Test | [116/120] Valid Acc=0.53264
2020-10-22 11:06:07 | Test | [116/120] Valid Mean IU=0.52566
2020-10-22 11:06:07 | Test | [116/120] Valid Class Acc=[0.9997141868616211, 0.07384131971720055]
2020-10-22 11:08:19 | Iter | [117/120] train loss=0.01892
2020-10-22 11:08:19 | Test | [117/120] Train Acc=0.63993
2020-10-22 11:08:19 | Test | [117/120] Train Mean IU=0.61071
2020-10-22 11:08:19 | Test | [117/120] Train_class_acc=[0.9978779565865673, 0.28197383026829964]
2020-10-22 11:08:59 | Iter | [117/120] valid loss=0.04222
2020-10-22 11:08:59 | Test | [117/120] Valid Acc=0.51830
2020-10-22 11:08:59 | Test | [117/120] Valid Mean IU=0.51258
2020-10-22 11:08:59 | Test | [117/120] Valid Class Acc=[0.9986273766834708, 0.24612202688727175]
2020-10-22 11:11:10 | Iter | [118/120] train loss=0.01858
2020-10-22 11:11:10 | Test | [118/120] Train Acc=0.61969
2020-10-22 11:11:10 | Test | [118/120] Train Mean IU=0.59277
2020-10-22 11:11:10 | Test | [118/120] Train_class_acc=[0.9983925078683419, 0.24099085961141745]
2020-10-22 11:11:51 | Iter | [118/120] valid loss=0.03254
2020-10-22 11:11:51 | Test | [118/120] Valid Acc=0.58662
2020-10-22 11:11:51 | Test | [118/120] Valid Mean IU=0.56750
2020-10-22 11:11:51 | Test | [118/120] Valid Class Acc=[0.998529013762617, 0.32385398981322905]
2020-10-22 11:14:02 | Iter | [119/120] train loss=0.01921
2020-10-22 11:14:02 | Test | [119/120] Train Acc=0.63423
2020-10-22 11:14:02 | Test | [119/120] Train Mean IU=0.60342
2020-10-22 11:14:02 | Test | [119/120] Train_class_acc=[0.9979283487038568, 0.27053525787877236]
2020-10-22 11:14:42 | Iter | [119/120] valid loss=0.02770
2020-10-22 11:14:42 | Test | [119/120] Valid Acc=0.53855
2020-10-22 11:14:42 | Test | [119/120] Valid Mean IU=0.53064
2020-10-22 11:14:42 | Test | [119/120] Valid Class Acc=[0.9974279486193135, 0.3688368292018423]
2020-10-22 11:16:59 | Iter | [120/120] train loss=0.01832
2020-10-22 11:16:59 | Test | [120/120] Train Acc=0.63037
2020-10-22 11:16:59 | Test | [120/120] Train Mean IU=0.60300
2020-10-22 11:16:59 | Test | [120/120] Train_class_acc=[0.9984061235736789, 0.2623325822781041]
2020-10-22 11:17:40 | Iter | [120/120] valid loss=0.03049
2020-10-22 11:17:40 | Test | [120/120] Valid Acc=0.57128
2020-10-22 11:17:40 | Test | [120/120] Valid Mean IU=0.55714
2020-10-22 11:17:40 | Test | [120/120] Valid Class Acc=[0.9983833978721002, 0.3590590177465803]
