2020-10-22 12:08:48 | Conf | use logdir run/crackSegmentationSimple/2020-10-22-12-08-2619
2020-10-22 12:08:48 | Conf | use dataset crackSegmentationSimple
2020-10-22 12:08:48 | Conf | use augmentation True
2020-10-22 12:08:48 | Conf | use image size (448, 448)
2020-10-22 12:08:48 | Conf | use batch_size 4
2020-10-22 12:08:48 | Conf | use model segnet
2020-10-22 12:08:49 | Conf | use GPU [0]
2020-10-22 12:08:49 | Conf | use optimizer Adam, lr=0.0001, weight_decay=0.001
2020-10-22 12:08:49 | Conf | use step_lr_scheduler every 40 steps decay 0.1
2020-10-22 12:08:49 | Conf | use loss function crossentropyloss2D
2020-10-22 12:08:49 | Conf | use epoch 120
2020-10-22 12:13:11 | Iter | [  1/120] train loss=0.74510
2020-10-22 12:13:11 | Test | [  1/120] Train Acc=0.49875
2020-10-22 12:13:11 | Test | [  1/120] Train Mean IU=0.31479
2020-10-22 12:13:11 | Test | [  1/120] Train_class_acc=[0.6241331285953745, 0.3733630962768526]
2020-10-22 12:14:45 | Iter | [  1/120] valid loss=0.67815
2020-10-22 12:14:45 | Test | [  1/120] Valid Acc=0.50000
2020-10-22 12:14:45 | Test | [  1/120] Valid Mean IU=0.49492
2020-10-22 12:14:45 | Test | [  1/120] Valid Class Acc=[0.6093816534995214, 0.3799266727772511]
2020-10-22 12:19:05 | Iter | [  2/120] train loss=0.68412
2020-10-22 12:19:05 | Test | [  2/120] Train Acc=0.49806
2020-10-22 12:19:05 | Test | [  2/120] Train Mean IU=0.34168
2020-10-22 12:19:05 | Test | [  2/120] Train_class_acc=[0.6785274313994432, 0.31758871895834107]
2020-10-22 12:20:38 | Iter | [  2/120] valid loss=0.64899
2020-10-22 12:20:38 | Test | [  2/120] Valid Acc=0.49999
2020-10-22 12:20:38 | Test | [  2/120] Valid Mean IU=0.49491
2020-10-22 12:20:38 | Test | [  2/120] Valid Class Acc=[0.7365006026516672, 0.249368686868679]
2020-10-22 12:25:00 | Iter | [  3/120] train loss=0.66583
2020-10-22 12:25:00 | Test | [  3/120] Train Acc=0.50077
2020-10-22 12:25:00 | Test | [  3/120] Train Mean IU=0.40056
2020-10-22 12:25:00 | Test | [  3/120] Train_class_acc=[0.797522331617718, 0.20402557323470993]
2020-10-22 12:26:33 | Iter | [  3/120] valid loss=0.62199
2020-10-22 12:26:33 | Test | [  3/120] Valid Acc=0.50003
2020-10-22 12:26:33 | Test | [  3/120] Valid Mean IU=0.49494
2020-10-22 12:26:33 | Test | [  3/120] Valid Class Acc=[0.8280205552321493, 0.24303621169915587]
2020-10-22 12:31:01 | Iter | [  4/120] train loss=0.64975
2020-10-22 12:31:01 | Test | [  4/120] Train Acc=0.53264
2020-10-22 12:31:01 | Test | [  4/120] Train Mean IU=0.42817
2020-10-22 12:31:01 | Test | [  4/120] Train_class_acc=[0.8484513610569112, 0.21683399506520748]
2020-10-22 12:32:38 | Iter | [  4/120] valid loss=0.59883
2020-10-22 12:32:38 | Test | [  4/120] Valid Acc=0.50269
2020-10-22 12:32:38 | Test | [  4/120] Valid Mean IU=0.49183
2020-10-22 12:32:38 | Test | [  4/120] Valid Class Acc=[0.8617405467536343, 0.21683067526297198]
2020-10-22 12:37:14 | Iter | [  5/120] train loss=0.62913
2020-10-22 12:37:14 | Test | [  5/120] Train Acc=0.52245
2020-10-22 12:37:14 | Test | [  5/120] Train Mean IU=0.43324
2020-10-22 12:37:14 | Test | [  5/120] Train_class_acc=[0.8600076509181821, 0.18488388652997392]
2020-10-22 12:38:50 | Iter | [  5/120] valid loss=0.59255
2020-10-22 12:38:50 | Test | [  5/120] Valid Acc=0.53900
2020-10-22 12:38:50 | Test | [  5/120] Valid Mean IU=0.48026
2020-10-22 12:38:50 | Test | [  5/120] Valid Class Acc=[0.8456142229838275, 0.25416036308623025]
2020-10-22 12:43:24 | Iter | [  6/120] train loss=0.60517
2020-10-22 12:43:24 | Test | [  6/120] Train Acc=0.56256
2020-10-22 12:43:24 | Test | [  6/120] Train Mean IU=0.41531
2020-10-22 12:43:24 | Test | [  6/120] Train_class_acc=[0.8201600536545746, 0.30495656510297325]
2020-10-22 12:45:00 | Iter | [  6/120] valid loss=0.66703
2020-10-22 12:45:00 | Test | [  6/120] Valid Acc=0.55341
2020-10-22 12:45:00 | Test | [  6/120] Valid Mean IU=0.36524
2020-10-22 12:45:00 | Test | [  6/120] Valid Class Acc=[0.7694603949601102, 0.38831756478813706]
2020-10-22 12:49:37 | Iter | [  7/120] train loss=0.58387
2020-10-22 12:49:37 | Test | [  7/120] Train Acc=0.53960
2020-10-22 12:49:37 | Test | [  7/120] Train Mean IU=0.42077
2020-10-22 12:49:37 | Test | [  7/120] Train_class_acc=[0.835161157302654, 0.24403977850125105]
2020-10-22 12:51:13 | Iter | [  7/120] valid loss=0.77688
2020-10-22 12:51:13 | Test | [  7/120] Valid Acc=0.53965
2020-10-22 12:51:13 | Test | [  7/120] Valid Mean IU=0.30057
2020-10-22 12:51:13 | Test | [  7/120] Valid Class Acc=[0.8485899335775591, 0.3195995379283666]
2020-10-22 12:55:48 | Iter | [  8/120] train loss=0.55772
2020-10-22 12:55:48 | Test | [  8/120] Train Acc=0.55752
2020-10-22 12:55:48 | Test | [  8/120] Train Mean IU=0.38816
2020-10-22 12:55:48 | Test | [  8/120] Train_class_acc=[0.7663356049490666, 0.34870675006183216]
2020-10-22 12:57:28 | Iter | [  8/120] valid loss=0.70483
2020-10-22 12:57:28 | Test | [  8/120] Valid Acc=0.53584
2020-10-22 12:57:28 | Test | [  8/120] Valid Mean IU=0.24381
2020-10-22 12:57:28 | Test | [  8/120] Valid Class Acc=[0.7534275776110904, 0.25291682348512406]
2020-10-22 13:02:05 | Iter | [  9/120] train loss=0.54145
2020-10-22 13:02:05 | Test | [  9/120] Train Acc=0.53828
2020-10-22 13:02:05 | Test | [  9/120] Train Mean IU=0.41430
2020-10-22 13:02:05 | Test | [  9/120] Train_class_acc=[0.8207625938394294, 0.2558028210758032]
2020-10-22 13:03:40 | Iter | [  9/120] valid loss=0.72776
2020-10-22 13:03:40 | Test | [  9/120] Valid Acc=0.55141
2020-10-22 13:03:40 | Test | [  9/120] Valid Mean IU=0.28627
2020-10-22 13:03:40 | Test | [  9/120] Valid Class Acc=[0.8396666432872756, 0.1857923497267675]
2020-10-22 13:08:15 | Iter | [ 10/120] train loss=0.53374
2020-10-22 13:08:15 | Test | [ 10/120] Train Acc=0.56901
2020-10-22 13:08:15 | Test | [ 10/120] Train Mean IU=0.39521
2020-10-22 13:08:15 | Test | [ 10/120] Train_class_acc=[0.7799725755273063, 0.35804157472670955]
2020-10-22 13:09:51 | Iter | [ 10/120] valid loss=0.74389
2020-10-22 13:09:51 | Test | [ 10/120] Valid Acc=0.52413
2020-10-22 13:09:51 | Test | [ 10/120] Valid Mean IU=0.08952
2020-10-22 13:09:51 | Test | [ 10/120] Valid Class Acc=[0.7484980433224933, 0.5225464190981202]
2020-10-22 13:14:17 | Iter | [ 11/120] train loss=0.52419
2020-10-22 13:14:17 | Test | [ 11/120] Train Acc=0.54593
2020-10-22 13:14:17 | Test | [ 11/120] Train Mean IU=0.39040
2020-10-22 13:14:17 | Test | [ 11/120] Train_class_acc=[0.7723914713575303, 0.3194744980825054]
2020-10-22 13:15:50 | Iter | [ 11/120] valid loss=0.72437
2020-10-22 13:15:50 | Test | [ 11/120] Valid Acc=0.50023
2020-10-22 13:15:50 | Test | [ 11/120] Valid Mean IU=0.13329
2020-10-22 13:15:50 | Test | [ 11/120] Valid Class Acc=[0.7583964434464886, 0.2869198312236166]
2020-10-22 13:20:11 | Iter | [ 12/120] train loss=0.52255
2020-10-22 13:20:11 | Test | [ 12/120] Train Acc=0.54179
2020-10-22 13:20:11 | Test | [ 12/120] Train Mean IU=0.38768
2020-10-22 13:20:11 | Test | [ 12/120] Train_class_acc=[0.7663195900833134, 0.31726881047122224]
2020-10-22 13:21:44 | Iter | [ 12/120] valid loss=1.41872
2020-10-22 13:21:44 | Test | [ 12/120] Valid Acc=0.54756
2020-10-22 13:21:44 | Test | [ 12/120] Valid Mean IU=0.43112
2020-10-22 13:21:44 | Test | [ 12/120] Valid Class Acc=[0.7051793627559101, 0.3389344262294943]
2020-10-22 13:26:06 | Iter | [ 13/120] train loss=0.52974
2020-10-22 13:26:06 | Test | [ 13/120] Train Acc=0.56103
2020-10-22 13:26:06 | Test | [ 13/120] Train Mean IU=0.38631
2020-10-22 13:26:06 | Test | [ 13/120] Train_class_acc=[0.7617255230872781, 0.36033356790845916]
2020-10-22 13:27:39 | Iter | [ 13/120] valid loss=1.04529
2020-10-22 13:27:39 | Test | [ 13/120] Valid Acc=0.56211
2020-10-22 13:27:39 | Test | [ 13/120] Valid Mean IU=0.33851
2020-10-22 13:27:39 | Test | [ 13/120] Valid Class Acc=[0.8034424288638278, 0.31432748538010546]
2020-10-22 13:32:05 | Iter | [ 14/120] train loss=0.52187
2020-10-22 13:32:05 | Test | [ 14/120] Train Acc=0.54698
2020-10-22 13:32:05 | Test | [ 14/120] Train Mean IU=0.39753
2020-10-22 13:32:05 | Test | [ 14/120] Train_class_acc=[0.7872361246259562, 0.30672549467657445]
2020-10-22 13:33:40 | Iter | [ 14/120] valid loss=0.70450
2020-10-22 13:33:40 | Test | [ 14/120] Valid Acc=0.51771
2020-10-22 13:33:40 | Test | [ 14/120] Valid Mean IU=0.20095
2020-10-22 13:33:40 | Test | [ 14/120] Valid Class Acc=[0.7764223362063344, 0.28984932593178864]
2020-10-22 13:38:17 | Iter | [ 15/120] train loss=0.51508
2020-10-22 13:38:17 | Test | [ 15/120] Train Acc=0.55470
2020-10-22 13:38:17 | Test | [ 15/120] Train Mean IU=0.39843
2020-10-22 13:38:17 | Test | [ 15/120] Train_class_acc=[0.7846168325424617, 0.32479266472035406]
2020-10-22 13:39:53 | Iter | [ 15/120] valid loss=0.68046
2020-10-22 13:39:53 | Test | [ 15/120] Valid Acc=0.54632
2020-10-22 13:39:53 | Test | [ 15/120] Valid Mean IU=0.18044
2020-10-22 13:39:53 | Test | [ 15/120] Valid Class Acc=[0.7566779605582553, 0.46954011546883867]
2020-10-22 13:44:26 | Iter | [ 16/120] train loss=0.51338
2020-10-22 13:44:26 | Test | [ 16/120] Train Acc=0.54405
2020-10-22 13:44:26 | Test | [ 16/120] Train Mean IU=0.40952
2020-10-22 13:44:26 | Test | [ 16/120] Train_class_acc=[0.810504494836707, 0.2776021689120587]
2020-10-22 13:46:01 | Iter | [ 16/120] valid loss=0.67832
2020-10-22 13:46:01 | Test | [ 16/120] Valid Acc=0.53086
2020-10-22 13:46:01 | Test | [ 16/120] Valid Mean IU=0.23618
2020-10-22 13:46:01 | Test | [ 16/120] Valid Class Acc=[0.7677566802907926, 0.39263024142310915]
2020-10-22 13:50:36 | Iter | [ 17/120] train loss=0.51084
2020-10-22 13:50:36 | Test | [ 17/120] Train Acc=0.53124
2020-10-22 13:50:36 | Test | [ 17/120] Train Mean IU=0.40114
2020-10-22 13:50:36 | Test | [ 17/120] Train_class_acc=[0.7962370908501285, 0.26624838422119634]
2020-10-22 13:52:12 | Iter | [ 17/120] valid loss=0.59137
2020-10-22 13:52:12 | Test | [ 17/120] Valid Acc=0.53731
2020-10-22 13:52:12 | Test | [ 17/120] Valid Mean IU=0.33641
2020-10-22 13:52:12 | Test | [ 17/120] Valid Class Acc=[0.7950847219574833, 0.3239227340267339]
2020-10-22 13:56:50 | Iter | [ 18/120] train loss=0.51064
2020-10-22 13:56:50 | Test | [ 18/120] Train Acc=0.59416
2020-10-22 13:56:50 | Test | [ 18/120] Train Mean IU=0.39879
2020-10-22 13:56:50 | Test | [ 18/120] Train_class_acc=[0.7847732244379122, 0.403554350820049]
2020-10-22 13:58:26 | Iter | [ 18/120] valid loss=0.96327
2020-10-22 13:58:26 | Test | [ 18/120] Valid Acc=0.52573
2020-10-22 13:58:26 | Test | [ 18/120] Valid Mean IU=0.34840
2020-10-22 13:58:26 | Test | [ 18/120] Valid Class Acc=[0.7496671105193073, 0.5976398934145185]
2020-10-22 14:03:24 | Iter | [ 19/120] train loss=0.50906
2020-10-22 14:03:24 | Test | [ 19/120] Train Acc=0.65197
2020-10-22 14:03:24 | Test | [ 19/120] Train Mean IU=0.39933
2020-10-22 14:03:24 | Test | [ 19/120] Train_class_acc=[0.7786230668813613, 0.5253218771139738]
2020-10-22 14:05:07 | Iter | [ 19/120] valid loss=0.68391
2020-10-22 14:05:07 | Test | [ 19/120] Valid Acc=0.52662
2020-10-22 14:05:07 | Test | [ 19/120] Valid Mean IU=0.34729
2020-10-22 14:05:07 | Test | [ 19/120] Valid Class Acc=[0.7577758493070265, 0.5081097941359898]
2020-10-22 14:09:37 | Iter | [ 20/120] train loss=0.50403
2020-10-22 14:09:37 | Test | [ 20/120] Train Acc=0.60068
2020-10-22 14:09:37 | Test | [ 20/120] Train Mean IU=0.42557
2020-10-22 14:09:37 | Test | [ 20/120] Train_class_acc=[0.8364468289417318, 0.364914142411006]
2020-10-22 14:11:20 | Iter | [ 20/120] valid loss=0.62344
2020-10-22 14:11:20 | Test | [ 20/120] Valid Acc=0.54158
2020-10-22 14:11:20 | Test | [ 20/120] Valid Mean IU=0.33707
2020-10-22 14:11:20 | Test | [ 20/120] Valid Class Acc=[0.8258685527169595, 0.4071460079399908]
2020-10-22 14:16:09 | Iter | [ 21/120] train loss=0.50281
2020-10-22 14:16:09 | Test | [ 21/120] Train Acc=0.63750
2020-10-22 14:16:09 | Test | [ 21/120] Train Mean IU=0.41112
2020-10-22 14:16:09 | Test | [ 21/120] Train_class_acc=[0.8020856118687227, 0.47291065170332797]
2020-10-22 14:17:48 | Iter | [ 21/120] valid loss=0.60550
2020-10-22 14:17:48 | Test | [ 21/120] Valid Acc=0.55242
2020-10-22 14:17:48 | Test | [ 21/120] Valid Mean IU=0.32873
2020-10-22 14:17:48 | Test | [ 21/120] Valid Class Acc=[0.738594258814889, 0.5702559671670745]
2020-10-22 14:22:11 | Iter | [ 22/120] train loss=0.50146
2020-10-22 14:22:11 | Test | [ 22/120] Train Acc=0.60548
2020-10-22 14:22:11 | Test | [ 22/120] Train Mean IU=0.43459
2020-10-22 14:22:11 | Test | [ 22/120] Train_class_acc=[0.8530589535043239, 0.3579076106930579]
2020-10-22 14:23:46 | Iter | [ 22/120] valid loss=0.57955
2020-10-22 14:23:46 | Test | [ 22/120] Valid Acc=0.54613
2020-10-22 14:23:46 | Test | [ 22/120] Valid Mean IU=0.39301
2020-10-22 14:23:46 | Test | [ 22/120] Valid Class Acc=[0.8718703902541819, 0.27682403433475405]
2020-10-22 14:28:11 | Iter | [ 23/120] train loss=0.50008
2020-10-22 14:28:11 | Test | [ 23/120] Train Acc=0.61728
2020-10-22 14:28:11 | Test | [ 23/120] Train Mean IU=0.42968
2020-10-22 14:28:11 | Test | [ 23/120] Train_class_acc=[0.8420130916875602, 0.3925548896099092]
2020-10-22 14:29:45 | Iter | [ 23/120] valid loss=0.56251
2020-10-22 14:29:45 | Test | [ 23/120] Valid Acc=0.55504
2020-10-22 14:29:45 | Test | [ 23/120] Valid Mean IU=0.38930
2020-10-22 14:29:45 | Test | [ 23/120] Valid Class Acc=[0.7948563663623005, 0.5113904163393358]
2020-10-22 14:34:08 | Iter | [ 24/120] train loss=0.49862
2020-10-22 14:34:08 | Test | [ 24/120] Train Acc=0.62297
2020-10-22 14:34:08 | Test | [ 24/120] Train Mean IU=0.42752
2020-10-22 14:34:08 | Test | [ 24/120] Train_class_acc=[0.8368369392553651, 0.4090979696377877]
2020-10-22 14:35:41 | Iter | [ 24/120] valid loss=0.57764
2020-10-22 14:35:41 | Test | [ 24/120] Valid Acc=0.54532
2020-10-22 14:35:41 | Test | [ 24/120] Valid Mean IU=0.38899
2020-10-22 14:35:41 | Test | [ 24/120] Valid Class Acc=[0.8269670085804799, 0.41639451338992756]
2020-10-22 14:40:05 | Iter | [ 25/120] train loss=0.49825
2020-10-22 14:40:05 | Test | [ 25/120] Train Acc=0.62279
2020-10-22 14:40:05 | Test | [ 25/120] Train Mean IU=0.43510
2020-10-22 14:40:05 | Test | [ 25/120] Train_class_acc=[0.8515370923685391, 0.3940484369387139]
2020-10-22 14:41:38 | Iter | [ 25/120] valid loss=0.59087
2020-10-22 14:41:38 | Test | [ 25/120] Valid Acc=0.55238
2020-10-22 14:41:38 | Test | [ 25/120] Valid Mean IU=0.36376
2020-10-22 14:41:38 | Test | [ 25/120] Valid Class Acc=[0.8264454524949247, 0.4858215179315894]
2020-10-22 14:46:01 | Iter | [ 26/120] train loss=0.49776
2020-10-22 14:46:01 | Test | [ 26/120] Train Acc=0.61178
2020-10-22 14:46:01 | Test | [ 26/120] Train Mean IU=0.43750
2020-10-22 14:46:01 | Test | [ 26/120] Train_class_acc=[0.8579016147272474, 0.36566820801802297]
2020-10-22 14:47:36 | Iter | [ 26/120] valid loss=0.59631
2020-10-22 14:47:36 | Test | [ 26/120] Valid Acc=0.55186
2020-10-22 14:47:36 | Test | [ 26/120] Valid Mean IU=0.37880
2020-10-22 14:47:36 | Test | [ 26/120] Valid Class Acc=[0.860015483405447, 0.3822104799647564]
2020-10-22 14:52:08 | Iter | [ 27/120] train loss=0.49704
2020-10-22 14:52:08 | Test | [ 27/120] Train Acc=0.61822
2020-10-22 14:52:08 | Test | [ 27/120] Train Mean IU=0.43437
2020-10-22 14:52:08 | Test | [ 27/120] Train_class_acc=[0.8508527685465251, 0.3855967239024707]
2020-10-22 14:53:43 | Iter | [ 27/120] valid loss=0.59923
2020-10-22 14:53:43 | Test | [ 27/120] Valid Acc=0.54545
2020-10-22 14:53:43 | Test | [ 27/120] Valid Mean IU=0.37218
2020-10-22 14:53:43 | Test | [ 27/120] Valid Class Acc=[0.833810608281284, 0.42567269519186474]
2020-10-22 14:58:11 | Iter | [ 28/120] train loss=0.49732
2020-10-22 14:58:11 | Test | [ 28/120] Train Acc=0.60459
2020-10-22 14:58:11 | Test | [ 28/120] Train Mean IU=0.44214
2020-10-22 14:58:11 | Test | [ 28/120] Train_class_acc=[0.8650313731641397, 0.34414280536042874]
2020-10-22 14:59:45 | Iter | [ 28/120] valid loss=0.61276
2020-10-22 14:59:45 | Test | [ 28/120] Valid Acc=0.52794
2020-10-22 14:59:45 | Test | [ 28/120] Valid Mean IU=0.37214
2020-10-22 14:59:45 | Test | [ 28/120] Valid Class Acc=[0.817775669762389, 0.4348389885454892]
2020-10-22 15:04:14 | Iter | [ 29/120] train loss=0.49621
2020-10-22 15:04:14 | Test | [ 29/120] Train Acc=0.62411
2020-10-22 15:04:14 | Test | [ 29/120] Train Mean IU=0.43401
2020-10-22 15:04:14 | Test | [ 29/120] Train_class_acc=[0.8467792125358531, 0.4014399583575265]
2020-10-22 15:05:47 | Iter | [ 29/120] valid loss=0.59000
2020-10-22 15:05:47 | Test | [ 29/120] Valid Acc=0.53830
2020-10-22 15:05:47 | Test | [ 29/120] Valid Mean IU=0.37191
2020-10-22 15:05:47 | Test | [ 29/120] Valid Class Acc=[0.7587452306845908, 0.582215146690919]
2020-10-22 15:10:10 | Iter | [ 30/120] train loss=0.49556
2020-10-22 15:10:10 | Test | [ 30/120] Train Acc=0.59851
2020-10-22 15:10:10 | Test | [ 30/120] Train Mean IU=0.44557
2020-10-22 15:10:10 | Test | [ 30/120] Train_class_acc=[0.8744507138683041, 0.3225669928293798]
2020-10-22 15:11:42 | Iter | [ 30/120] valid loss=0.56189
2020-10-22 15:11:42 | Test | [ 30/120] Valid Acc=0.54717
2020-10-22 15:11:42 | Test | [ 30/120] Valid Mean IU=0.38993
2020-10-22 15:11:42 | Test | [ 30/120] Valid Class Acc=[0.8641934440289802, 0.3379751599548236]
2020-10-22 15:16:15 | Iter | [ 31/120] train loss=0.49558
2020-10-22 15:16:15 | Test | [ 31/120] Train Acc=0.60595
2020-10-22 15:16:15 | Test | [ 31/120] Train Mean IU=0.44814
2020-10-22 15:16:15 | Test | [ 31/120] Train_class_acc=[0.877811683038356, 0.3340876394264149]
2020-10-22 15:18:02 | Iter | [ 31/120] valid loss=0.61796
2020-10-22 15:18:02 | Test | [ 31/120] Valid Acc=0.52297
2020-10-22 15:18:02 | Test | [ 31/120] Valid Mean IU=0.37653
2020-10-22 15:18:02 | Test | [ 31/120] Valid Class Acc=[0.8031218807525817, 0.5231862378459041]
2020-10-22 15:22:29 | Iter | [ 32/120] train loss=0.49470
2020-10-22 15:22:29 | Test | [ 32/120] Train Acc=0.59392
2020-10-22 15:22:29 | Test | [ 32/120] Train Mean IU=0.44901
2020-10-22 15:22:29 | Test | [ 32/120] Train_class_acc=[0.8803924554421926, 0.30745025057276143]
2020-10-22 15:24:02 | Iter | [ 32/120] valid loss=0.62104
2020-10-22 15:24:02 | Test | [ 32/120] Valid Acc=0.53519
2020-10-22 15:24:02 | Test | [ 32/120] Valid Mean IU=0.41220
2020-10-22 15:24:02 | Test | [ 32/120] Valid Class Acc=[0.9072907245502961, 0.24614014251780741]
2020-10-22 15:28:25 | Iter | [ 33/120] train loss=0.49422
2020-10-22 15:28:25 | Test | [ 33/120] Train Acc=0.58722
2020-10-22 15:28:25 | Test | [ 33/120] Train Mean IU=0.45674
2020-10-22 15:28:25 | Test | [ 33/120] Train_class_acc=[0.8969082478368016, 0.2775235281572946]
2020-10-22 15:29:58 | Iter | [ 33/120] valid loss=0.64696
2020-10-22 15:29:58 | Test | [ 33/120] Valid Acc=0.52560
2020-10-22 15:29:58 | Test | [ 33/120] Valid Mean IU=0.32609
2020-10-22 15:29:58 | Test | [ 33/120] Valid Class Acc=[0.844268572246396, 0.4657534246575194]
2020-10-22 15:34:21 | Iter | [ 34/120] train loss=0.49352
2020-10-22 15:34:21 | Test | [ 34/120] Train Acc=0.61245
2020-10-22 15:34:21 | Test | [ 34/120] Train Mean IU=0.44356
2020-10-22 15:34:21 | Test | [ 34/120] Train_class_acc=[0.8686869751255827, 0.3562085490482601]
2020-10-22 15:35:53 | Iter | [ 34/120] valid loss=0.63793
2020-10-22 15:35:53 | Test | [ 34/120] Valid Acc=0.52989
2020-10-22 15:35:53 | Test | [ 34/120] Valid Mean IU=0.42128
2020-10-22 15:35:53 | Test | [ 34/120] Valid Class Acc=[0.9008038726344697, 0.238112790269066]
2020-10-22 15:40:30 | Iter | [ 35/120] train loss=0.49312
2020-10-22 15:40:30 | Test | [ 35/120] Train Acc=0.54611
2020-10-22 15:40:30 | Test | [ 35/120] Train Mean IU=0.47822
2020-10-22 15:40:30 | Test | [ 35/120] Train_class_acc=[0.943732589048666, 0.14848277770113463]
2020-10-22 15:42:07 | Iter | [ 35/120] valid loss=0.59031
2020-10-22 15:42:07 | Test | [ 35/120] Valid Acc=0.53598
2020-10-22 15:42:07 | Test | [ 35/120] Valid Mean IU=0.43105
2020-10-22 15:42:07 | Test | [ 35/120] Valid Class Acc=[0.9138640121850539, 0.21337028056805635]
2020-10-22 15:46:31 | Iter | [ 36/120] train loss=0.49403
2020-10-22 15:46:31 | Test | [ 36/120] Train Acc=0.63056
2020-10-22 15:46:31 | Test | [ 36/120] Train Mean IU=0.42772
2020-10-22 15:46:31 | Test | [ 36/120] Train_class_acc=[0.836790951922393, 0.42432966028680275]
2020-10-22 15:48:04 | Iter | [ 36/120] valid loss=0.61899
2020-10-22 15:48:04 | Test | [ 36/120] Valid Acc=0.50818
2020-10-22 15:48:04 | Test | [ 36/120] Valid Mean IU=0.45083
2020-10-22 15:48:04 | Test | [ 36/120] Valid Class Acc=[0.8304351312209028, 0.4428571428571237]
2020-10-22 15:52:24 | Iter | [ 37/120] train loss=0.49453
2020-10-22 15:52:24 | Test | [ 37/120] Train Acc=0.60973
2020-10-22 15:52:24 | Test | [ 37/120] Train Mean IU=0.44035
2020-10-22 15:52:24 | Test | [ 37/120] Train_class_acc=[0.8626516336930118, 0.35679964160707806]
2020-10-22 15:53:57 | Iter | [ 37/120] valid loss=0.59432
2020-10-22 15:53:57 | Test | [ 37/120] Valid Acc=0.51177
2020-10-22 15:53:57 | Test | [ 37/120] Valid Mean IU=0.42746
2020-10-22 15:53:57 | Test | [ 37/120] Valid Class Acc=[0.7799466634584534, 0.4823190789473486]
2020-10-22 15:58:17 | Iter | [ 38/120] train loss=0.49373
2020-10-22 15:58:17 | Test | [ 38/120] Train Acc=0.58811
2020-10-22 15:58:17 | Test | [ 38/120] Train Mean IU=0.44734
2020-10-22 15:58:17 | Test | [ 38/120] Train_class_acc=[0.8780681692207463, 0.29815159703643856]
2020-10-22 15:59:53 | Iter | [ 38/120] valid loss=0.54899
2020-10-22 15:59:53 | Test | [ 38/120] Valid Acc=0.53913
2020-10-22 15:59:53 | Test | [ 38/120] Valid Mean IU=0.39805
2020-10-22 15:59:53 | Test | [ 38/120] Valid Class Acc=[0.8599154373958594, 0.29582500788726157]
2020-10-22 16:04:16 | Iter | [ 39/120] train loss=0.49421
2020-10-22 16:04:16 | Test | [ 39/120] Train Acc=0.59851
2020-10-22 16:04:16 | Test | [ 39/120] Train Mean IU=0.44404
2020-10-22 16:04:16 | Test | [ 39/120] Train_class_acc=[0.8690581303600334, 0.3279620021037377]
2020-10-22 16:05:48 | Iter | [ 39/120] valid loss=0.66750
2020-10-22 16:05:48 | Test | [ 39/120] Valid Acc=0.52144
2020-10-22 16:05:48 | Test | [ 39/120] Valid Mean IU=0.34084
2020-10-22 16:05:48 | Test | [ 39/120] Valid Class Acc=[0.7891511106236783, 0.48580002143392476]
2020-10-22 16:10:08 | Iter | [ 40/120] train loss=0.49329
2020-10-22 16:10:08 | Test | [ 40/120] Train Acc=0.60593
2020-10-22 16:10:08 | Test | [ 40/120] Train Mean IU=0.44277
2020-10-22 16:10:08 | Test | [ 40/120] Train_class_acc=[0.8658877367201193, 0.34596487218687605]
2020-10-22 16:11:40 | Iter | [ 40/120] valid loss=0.67552
2020-10-22 16:11:40 | Test | [ 40/120] Valid Acc=0.52181
2020-10-22 16:11:40 | Test | [ 40/120] Valid Mean IU=0.31962
2020-10-22 16:11:40 | Test | [ 40/120] Valid Class Acc=[0.8708772805652412, 0.3263612595202873]
2020-10-22 16:15:59 | Iter | [ 41/120] train loss=0.49259
2020-10-22 16:15:59 | Test | [ 41/120] Train Acc=0.60725
2020-10-22 16:15:59 | Test | [ 41/120] Train Mean IU=0.45202
2020-10-22 16:15:59 | Test | [ 41/120] Train_class_acc=[0.8851664010240022, 0.329333884458144]
2020-10-22 16:17:32 | Iter | [ 41/120] valid loss=0.65814
2020-10-22 16:17:32 | Test | [ 41/120] Valid Acc=0.52240
2020-10-22 16:17:32 | Test | [ 41/120] Valid Mean IU=0.32992
2020-10-22 16:17:32 | Test | [ 41/120] Valid Class Acc=[0.8729907290487293, 0.43267036191716884]
2020-10-22 16:21:51 | Iter | [ 42/120] train loss=0.49366
2020-10-22 16:21:51 | Test | [ 42/120] Train Acc=0.63570
2020-10-22 16:21:51 | Test | [ 42/120] Train Mean IU=0.41656
2020-10-22 16:21:51 | Test | [ 42/120] Train_class_acc=[0.8144155713030382, 0.4569934105429445]
2020-10-22 16:23:27 | Iter | [ 42/120] valid loss=0.61161
2020-10-22 16:23:27 | Test | [ 42/120] Valid Acc=0.51455
2020-10-22 16:23:27 | Test | [ 42/120] Valid Mean IU=0.38990
2020-10-22 16:23:27 | Test | [ 42/120] Valid Class Acc=[0.6811637868265515, 0.6473414477898576]
2020-10-22 16:27:58 | Iter | [ 43/120] train loss=0.49502
2020-10-22 16:27:58 | Test | [ 43/120] Train Acc=0.58567
2020-10-22 16:27:58 | Test | [ 43/120] Train Mean IU=0.43997
2020-10-22 16:27:58 | Test | [ 43/120] Train_class_acc=[0.8658129259219689, 0.3055337355989687]
2020-10-22 16:29:31 | Iter | [ 43/120] valid loss=0.37856
2020-10-22 16:29:31 | Test | [ 43/120] Valid Acc=0.49988
2020-10-22 16:29:31 | Test | [ 43/120] Valid Mean IU=0.49377
2020-10-22 16:29:31 | Test | [ 43/120] Valid Class Acc=[0.9106012479724832, 0.18841729472430827]
2020-10-22 16:33:52 | Iter | [ 44/120] train loss=0.49747
2020-10-22 16:33:52 | Test | [ 44/120] Train Acc=0.61164
2020-10-22 16:33:52 | Test | [ 44/120] Train Mean IU=0.39770
2020-10-22 16:33:52 | Test | [ 44/120] Train_class_acc=[0.7821869764921617, 0.44109623451727265]
2020-10-22 16:35:25 | Iter | [ 44/120] valid loss=0.65359
2020-10-22 16:35:25 | Test | [ 44/120] Valid Acc=0.55837
2020-10-22 16:35:25 | Test | [ 44/120] Valid Mean IU=0.34291
2020-10-22 16:35:25 | Test | [ 44/120] Valid Class Acc=[0.7236306242331016, 0.5736058191894502]
2020-10-22 16:39:47 | Iter | [ 45/120] train loss=0.49415
2020-10-22 16:39:47 | Test | [ 45/120] Train Acc=0.60406
2020-10-22 16:39:47 | Test | [ 45/120] Train Mean IU=0.45479
2020-10-22 16:39:47 | Test | [ 45/120] Train_class_acc=[0.8879346614451779, 0.3201896080454835]
2020-10-22 16:41:20 | Iter | [ 45/120] valid loss=0.71705
2020-10-22 16:41:20 | Test | [ 45/120] Valid Acc=0.53270
2020-10-22 16:41:20 | Test | [ 45/120] Valid Mean IU=0.27632
2020-10-22 16:41:20 | Test | [ 45/120] Valid Class Acc=[0.8398413877044849, 0.3769060889683418]
2020-10-22 16:45:44 | Iter | [ 46/120] train loss=0.49179
2020-10-22 16:45:44 | Test | [ 46/120] Train Acc=0.59382
2020-10-22 16:45:44 | Test | [ 46/120] Train Mean IU=0.46121
2020-10-22 16:45:44 | Test | [ 46/120] Train_class_acc=[0.9039534945529165, 0.28369370774234626]
2020-10-22 16:47:17 | Iter | [ 46/120] valid loss=0.68715
2020-10-22 16:47:17 | Test | [ 46/120] Valid Acc=0.54941
2020-10-22 16:47:17 | Test | [ 46/120] Valid Mean IU=0.32936
2020-10-22 16:47:17 | Test | [ 46/120] Valid Class Acc=[0.9418190477384097, 0.16565164433616866]
2020-10-22 16:51:38 | Iter | [ 47/120] train loss=0.49078
2020-10-22 16:51:38 | Test | [ 47/120] Train Acc=0.57184
2020-10-22 16:51:38 | Test | [ 47/120] Train Mean IU=0.46655
2020-10-22 16:51:38 | Test | [ 47/120] Train_class_acc=[0.916008753457002, 0.22768090755872372]
2020-10-22 16:53:10 | Iter | [ 47/120] valid loss=0.60583
2020-10-22 16:53:10 | Test | [ 47/120] Valid Acc=0.54804
2020-10-22 16:53:10 | Test | [ 47/120] Valid Mean IU=0.42468
2020-10-22 16:53:10 | Test | [ 47/120] Valid Class Acc=[0.9242693537778713, 0.21946440235139714]
2020-10-22 16:57:31 | Iter | [ 48/120] train loss=0.49070
2020-10-22 16:57:31 | Test | [ 48/120] Train Acc=0.55254
2020-10-22 16:57:31 | Test | [ 48/120] Train Mean IU=0.47156
2020-10-22 16:57:31 | Test | [ 48/120] Train_class_acc=[0.9320271276737794, 0.17305655181057608]
2020-10-22 16:59:06 | Iter | [ 48/120] valid loss=0.57403
2020-10-22 16:59:06 | Test | [ 48/120] Valid Acc=0.54431
2020-10-22 16:59:06 | Test | [ 48/120] Valid Mean IU=0.45599
2020-10-22 16:59:06 | Test | [ 48/120] Valid Class Acc=[0.8047976478379976, 0.49678111587981055]
2020-10-22 17:03:25 | Iter | [ 49/120] train loss=0.48979
2020-10-22 17:03:25 | Test | [ 49/120] Train Acc=0.55356
2020-10-22 17:03:25 | Test | [ 49/120] Train Mean IU=0.47222
2020-10-22 17:03:25 | Test | [ 49/120] Train_class_acc=[0.9330835737132327, 0.17403408283053698]
2020-10-22 17:05:00 | Iter | [ 49/120] valid loss=0.59961
2020-10-22 17:05:00 | Test | [ 49/120] Valid Acc=0.53248
2020-10-22 17:05:00 | Test | [ 49/120] Valid Mean IU=0.44516
2020-10-22 17:05:00 | Test | [ 49/120] Valid Class Acc=[0.8631968452218295, 0.3316144387147826]
2020-10-22 17:09:21 | Iter | [ 50/120] train loss=0.48960
2020-10-22 17:09:21 | Test | [ 50/120] Train Acc=0.54916
2020-10-22 17:09:21 | Test | [ 50/120] Train Mean IU=0.47598
2020-10-22 17:09:21 | Test | [ 50/120] Train_class_acc=[0.9388218833653418, 0.15950695962885228]
2020-10-22 17:10:54 | Iter | [ 50/120] valid loss=0.54886
2020-10-22 17:10:54 | Test | [ 50/120] Valid Acc=0.53149
2020-10-22 17:10:54 | Test | [ 50/120] Valid Mean IU=0.45409
2020-10-22 17:10:54 | Test | [ 50/120] Valid Class Acc=[0.9569461714331553, 0.1544585987261085]
2020-10-22 17:15:15 | Iter | [ 51/120] train loss=0.48926
2020-10-22 17:15:15 | Test | [ 51/120] Train Acc=0.57039
2020-10-22 17:15:15 | Test | [ 51/120] Train Mean IU=0.46174
2020-10-22 17:15:15 | Test | [ 51/120] Train_class_acc=[0.9074585616012597, 0.23332711947414075]
2020-10-22 17:16:47 | Iter | [ 51/120] valid loss=0.60019
2020-10-22 17:16:47 | Test | [ 51/120] Valid Acc=0.52646
2020-10-22 17:16:47 | Test | [ 51/120] Valid Mean IU=0.46270
2020-10-22 17:16:47 | Test | [ 51/120] Valid Class Acc=[0.9724684939191759, 0.07877358490565665]
2020-10-22 17:21:08 | Iter | [ 52/120] train loss=0.48917
2020-10-22 17:21:08 | Test | [ 52/120] Train Acc=0.54162
2020-10-22 17:21:08 | Test | [ 52/120] Train Mean IU=0.47603
2020-10-22 17:21:08 | Test | [ 52/120] Train_class_acc=[0.943957127746732, 0.13928926149973833]
2020-10-22 17:22:41 | Iter | [ 52/120] valid loss=0.61572
2020-10-22 17:22:41 | Test | [ 52/120] Valid Acc=0.51283
2020-10-22 17:22:41 | Test | [ 52/120] Valid Mean IU=0.45508
2020-10-22 17:22:41 | Test | [ 52/120] Valid Class Acc=[0.8229059923282562, 0.38667251205609876]
2020-10-22 17:27:08 | Iter | [ 53/120] train loss=0.48803
2020-10-22 17:27:08 | Test | [ 53/120] Train Acc=0.52873
2020-10-22 17:27:08 | Test | [ 53/120] Train Mean IU=0.48732
2020-10-22 17:27:08 | Test | [ 53/120] Train_class_acc=[0.9641031822926266, 0.09335783625473305]
2020-10-22 17:28:44 | Iter | [ 53/120] valid loss=0.61614
2020-10-22 17:28:44 | Test | [ 53/120] Valid Acc=0.50800
2020-10-22 17:28:44 | Test | [ 53/120] Valid Mean IU=0.46226
2020-10-22 17:28:44 | Test | [ 53/120] Valid Class Acc=[0.968135685169418, 0.10765918179021508]
2020-10-22 17:33:20 | Iter | [ 54/120] train loss=0.48800
2020-10-22 17:33:20 | Test | [ 54/120] Train Acc=0.53948
2020-10-22 17:33:20 | Test | [ 54/120] Train Mean IU=0.48481
2020-10-22 17:33:20 | Test | [ 54/120] Train_class_acc=[0.9580257589437641, 0.12093684367886094]
2020-10-22 17:34:55 | Iter | [ 54/120] valid loss=0.60285
2020-10-22 17:34:55 | Test | [ 54/120] Valid Acc=0.51086
2020-10-22 17:34:55 | Test | [ 54/120] Valid Mean IU=0.46206
2020-10-22 17:34:55 | Test | [ 54/120] Valid Class Acc=[0.932988901741646, 0.2012513034410775]
2020-10-22 17:39:32 | Iter | [ 55/120] train loss=0.48817
2020-10-22 17:39:32 | Test | [ 55/120] Train Acc=0.52663
2020-10-22 17:39:32 | Test | [ 55/120] Train Mean IU=0.48754
2020-10-22 17:39:32 | Test | [ 55/120] Train_class_acc=[0.9638803145994195, 0.08937096412722086]
2020-10-22 17:41:09 | Iter | [ 55/120] valid loss=0.59709
2020-10-22 17:41:09 | Test | [ 55/120] Valid Acc=0.50802
2020-10-22 17:41:09 | Test | [ 55/120] Valid Mean IU=0.48119
2020-10-22 17:41:09 | Test | [ 55/120] Valid Class Acc=[0.9462153224324819, 0.13740538267451496]
2020-10-22 17:45:38 | Iter | [ 56/120] train loss=0.48741
2020-10-22 17:45:38 | Test | [ 56/120] Train Acc=0.51571
2020-10-22 17:45:38 | Test | [ 56/120] Train Mean IU=0.49451
2020-10-22 17:45:38 | Test | [ 56/120] Train_class_acc=[0.9808974541952805, 0.050515321030473126]
2020-10-22 17:47:13 | Iter | [ 56/120] valid loss=0.58178
2020-10-22 17:47:13 | Test | [ 56/120] Valid Acc=0.50971
2020-10-22 17:47:13 | Test | [ 56/120] Valid Mean IU=0.48131
2020-10-22 17:47:13 | Test | [ 56/120] Valid Class Acc=[0.9712677551291173, 0.06910011604599568]
2020-10-22 17:51:46 | Iter | [ 57/120] train loss=0.48684
2020-10-22 17:51:46 | Test | [ 57/120] Train Acc=0.52776
2020-10-22 17:51:46 | Test | [ 57/120] Train Mean IU=0.48848
2020-10-22 17:51:46 | Test | [ 57/120] Train_class_acc=[0.9671353488264072, 0.08839007977266373]
2020-10-22 17:53:30 | Iter | [ 57/120] valid loss=0.52383
2020-10-22 17:53:30 | Test | [ 57/120] Valid Acc=0.51140
2020-10-22 17:53:30 | Test | [ 57/120] Valid Mean IU=0.48629
2020-10-22 17:53:30 | Test | [ 57/120] Valid Class Acc=[0.9390702270001732, 0.17373461012311425]
2020-10-22 17:58:14 | Iter | [ 58/120] train loss=0.48675
2020-10-22 17:58:14 | Test | [ 58/120] Train Acc=0.51331
2020-10-22 17:58:14 | Test | [ 58/120] Train Mean IU=0.49377
2020-10-22 17:58:14 | Test | [ 58/120] Train_class_acc=[0.982464131617146, 0.04415887422572479]
2020-10-22 17:59:58 | Iter | [ 58/120] valid loss=0.50864
2020-10-22 17:59:58 | Test | [ 58/120] Valid Acc=0.50771
2020-10-22 17:59:58 | Test | [ 58/120] Valid Mean IU=0.49225
2020-10-22 17:59:58 | Test | [ 58/120] Valid Class Acc=[0.9825836431701085, 0.03880440482433101]
2020-10-22 18:04:49 | Iter | [ 59/120] train loss=0.48653
2020-10-22 18:04:49 | Test | [ 59/120] Train Acc=0.52744
2020-10-22 18:04:49 | Test | [ 59/120] Train Mean IU=0.48776
2020-10-22 18:04:49 | Test | [ 59/120] Train_class_acc=[0.9677289476785768, 0.08714124602018929]
2020-10-22 18:06:34 | Iter | [ 59/120] valid loss=0.60662
2020-10-22 18:06:34 | Test | [ 59/120] Valid Acc=0.50840
2020-10-22 18:06:34 | Test | [ 59/120] Valid Mean IU=0.48331
2020-10-22 18:06:34 | Test | [ 59/120] Valid Class Acc=[0.9525831723626486, 0.13012792236435244]
2020-10-22 18:11:12 | Iter | [ 60/120] train loss=0.48763
2020-10-22 18:11:12 | Test | [ 60/120] Train Acc=0.51528
2020-10-22 18:11:12 | Test | [ 60/120] Train Mean IU=0.49328
2020-10-22 18:11:12 | Test | [ 60/120] Train_class_acc=[0.981379912768869, 0.04918799963683521]
2020-10-22 18:12:55 | Iter | [ 60/120] valid loss=0.62921
2020-10-22 18:12:55 | Test | [ 60/120] Valid Acc=0.50954
2020-10-22 18:12:55 | Test | [ 60/120] Valid Mean IU=0.47839
2020-10-22 18:12:55 | Test | [ 60/120] Valid Class Acc=[0.9749444635974107, 0.05292799999999966]
2020-10-22 18:17:32 | Iter | [ 61/120] train loss=0.48602
2020-10-22 18:17:32 | Test | [ 61/120] Train Acc=0.54338
2020-10-22 18:17:32 | Test | [ 61/120] Train Mean IU=0.48218
2020-10-22 18:17:32 | Test | [ 61/120] Train_class_acc=[0.9530615881357002, 0.13370134349208765]
2020-10-22 18:19:11 | Iter | [ 61/120] valid loss=0.63073
2020-10-22 18:19:11 | Test | [ 61/120] Valid Acc=0.50723
2020-10-22 18:19:11 | Test | [ 61/120] Valid Mean IU=0.48704
2020-10-22 18:19:11 | Test | [ 61/120] Valid Class Acc=[0.9560490794470413, 0.1331709297604493]
2020-10-22 18:24:01 | Iter | [ 62/120] train loss=0.48571
2020-10-22 18:24:01 | Test | [ 62/120] Train Acc=0.51210
2020-10-22 18:24:01 | Test | [ 62/120] Train Mean IU=0.49369
2020-10-22 18:24:01 | Test | [ 62/120] Train_class_acc=[0.9838447168981866, 0.040353914299344595]
2020-10-22 18:25:35 | Iter | [ 62/120] valid loss=0.60488
2020-10-22 18:25:35 | Test | [ 62/120] Valid Acc=0.50779
2020-10-22 18:25:35 | Test | [ 62/120] Valid Mean IU=0.47316
2020-10-22 18:25:35 | Test | [ 62/120] Valid Class Acc=[0.983599024779734, 0.06052883083784453]
2020-10-22 18:30:09 | Iter | [ 63/120] train loss=0.48599
2020-10-22 18:30:09 | Test | [ 63/120] Train Acc=0.53818
2020-10-22 18:30:09 | Test | [ 63/120] Train Mean IU=0.48826
2020-10-22 18:30:09 | Test | [ 63/120] Train_class_acc=[0.9643897251859802, 0.1119640672498089]
2020-10-22 18:31:49 | Iter | [ 63/120] valid loss=0.55755
2020-10-22 18:31:49 | Test | [ 63/120] Valid Acc=0.51029
2020-10-22 18:31:49 | Test | [ 63/120] Valid Mean IU=0.47865
2020-10-22 18:31:49 | Test | [ 63/120] Valid Class Acc=[0.9419362290311319, 0.1758521822236325]
2020-10-22 18:36:27 | Iter | [ 64/120] train loss=0.48557
2020-10-22 18:36:27 | Test | [ 64/120] Train Acc=0.52239
2020-10-22 18:36:27 | Test | [ 64/120] Train Mean IU=0.49025
2020-10-22 18:36:27 | Test | [ 64/120] Train_class_acc=[0.9745380257060825, 0.070233404288428]
2020-10-22 18:38:04 | Iter | [ 64/120] valid loss=0.55965
2020-10-22 18:38:04 | Test | [ 64/120] Valid Acc=0.51211
2020-10-22 18:38:04 | Test | [ 64/120] Valid Mean IU=0.48836
2020-10-22 18:38:04 | Test | [ 64/120] Valid Class Acc=[0.9446830083649347, 0.13822237242311125]
2020-10-22 18:42:42 | Iter | [ 65/120] train loss=0.48543
2020-10-22 18:42:42 | Test | [ 65/120] Train Acc=0.53193
2020-10-22 18:42:42 | Test | [ 65/120] Train Mean IU=0.48194
2020-10-22 18:42:42 | Test | [ 65/120] Train_class_acc=[0.9594166142447578, 0.10444172204779528]
2020-10-22 18:44:28 | Iter | [ 65/120] valid loss=0.62240
2020-10-22 18:44:28 | Test | [ 65/120] Valid Acc=0.50739
2020-10-22 18:44:28 | Test | [ 65/120] Valid Mean IU=0.46924
2020-10-22 18:44:28 | Test | [ 65/120] Valid Class Acc=[0.8294039408743137, 0.4544713237292619]
2020-10-22 18:49:35 | Iter | [ 66/120] train loss=0.48782
2020-10-22 18:49:35 | Test | [ 66/120] Train Acc=0.57450
2020-10-22 18:49:35 | Test | [ 66/120] Train Mean IU=0.45855
2020-10-22 18:49:35 | Test | [ 66/120] Train_class_acc=[0.9094540042991602, 0.23953785782065573]
2020-10-22 18:51:23 | Iter | [ 66/120] valid loss=0.56229
2020-10-22 18:51:23 | Test | [ 66/120] Valid Acc=0.51394
2020-10-22 18:51:23 | Test | [ 66/120] Valid Mean IU=0.48306
2020-10-22 18:51:23 | Test | [ 66/120] Valid Class Acc=[0.6428643095075649, 0.8497807017543548]
2020-10-22 18:55:57 | Iter | [ 67/120] train loss=0.50590
2020-10-22 18:55:57 | Test | [ 67/120] Train Acc=0.43354
2020-10-22 18:55:57 | Test | [ 67/120] Train Mean IU=0.35961
2020-10-22 18:55:57 | Test | [ 67/120] Train_class_acc=[0.7134420247160295, 0.15363094728016546]
2020-10-22 18:57:37 | Iter | [ 67/120] valid loss=0.46395
2020-10-22 18:57:37 | Test | [ 67/120] Valid Acc=0.52345
2020-10-22 18:57:37 | Test | [ 67/120] Valid Mean IU=0.48484
2020-10-22 18:57:37 | Test | [ 67/120] Valid Class Acc=[0.7107557774507389, 0.02482929857231456]
2020-10-22 19:30:56 | Iter | [ 68/120] train loss=0.49839
2020-10-22 19:30:56 | Test | [ 68/120] Train Acc=0.47943
2020-10-22 19:30:56 | Test | [ 68/120] Train Mean IU=0.47179
2020-10-22 19:30:56 | Test | [ 68/120] Train_class_acc=[0.9517923654429484, 0.007077160548694491]
2020-10-22 19:32:32 | Iter | [ 68/120] valid loss=0.70166
2020-10-22 19:32:32 | Test | [ 68/120] Valid Acc=0.48073
2020-10-22 19:32:32 | Test | [ 68/120] Valid Mean IU=0.30628
2020-10-22 19:32:32 | Test | [ 68/120] Valid Class Acc=[0.922059306297253, 0.01990681914442948]
2020-10-22 19:37:02 | Iter | [ 69/120] train loss=0.49389
2020-10-22 19:37:02 | Test | [ 69/120] Train Acc=0.43838
2020-10-22 19:37:02 | Test | [ 69/120] Train Mean IU=0.42539
2020-10-22 19:37:02 | Test | [ 69/120] Train_class_acc=[0.8574771813154917, 0.019291024839626667]
2020-10-22 19:38:38 | Iter | [ 69/120] valid loss=0.67963
2020-10-22 19:38:38 | Test | [ 69/120] Valid Acc=0.41612
2020-10-22 19:38:38 | Test | [ 69/120] Valid Mean IU=0.17633
2020-10-22 19:38:38 | Test | [ 69/120] Valid Class Acc=[0.8829255195015392, 0.02516373664253619]
2020-10-22 19:43:11 | Iter | [ 70/120] train loss=0.49284
2020-10-22 19:43:11 | Test | [ 70/120] Train Acc=0.49585
2020-10-22 19:43:11 | Test | [ 70/120] Train Mean IU=0.48718
2020-10-22 19:43:11 | Test | [ 70/120] Train_class_acc=[0.9804205823563481, 0.011287792807810995]
2020-10-22 19:45:03 | Iter | [ 70/120] valid loss=0.41154
2020-10-22 19:45:03 | Test | [ 70/120] Valid Acc=0.52882
2020-10-22 19:45:03 | Test | [ 70/120] Valid Mean IU=0.49925
2020-10-22 19:45:03 | Test | [ 70/120] Valid Class Acc=[0.9566179403493541, 0.03157517043415746]
2020-10-22 19:49:41 | Iter | [ 71/120] train loss=0.49070
2020-10-22 19:49:41 | Test | [ 71/120] Train Acc=0.50296
2020-10-22 19:49:41 | Test | [ 71/120] Train Mean IU=0.47321
2020-10-22 19:49:41 | Test | [ 71/120] Train_class_acc=[0.9483041575921852, 0.05762096902074341]
2020-10-22 19:51:31 | Iter | [ 71/120] valid loss=0.38561
2020-10-22 19:51:31 | Test | [ 71/120] Valid Acc=0.51400
2020-10-22 19:51:31 | Test | [ 71/120] Valid Mean IU=0.50594
2020-10-22 19:51:31 | Test | [ 71/120] Valid Class Acc=[0.9343972608920146, 0.14840556009811331]
2020-10-22 19:56:08 | Iter | [ 72/120] train loss=0.48787
2020-10-22 19:56:08 | Test | [ 72/120] Train Acc=0.52441
2020-10-22 19:56:08 | Test | [ 72/120] Train Mean IU=0.49245
2020-10-22 19:56:08 | Test | [ 72/120] Train_class_acc=[0.9759752884906857, 0.07283785740121866]
2020-10-22 19:57:43 | Iter | [ 72/120] valid loss=0.40473
2020-10-22 19:57:43 | Test | [ 72/120] Valid Acc=0.52478
2020-10-22 19:57:43 | Test | [ 72/120] Valid Mean IU=0.50918
2020-10-22 19:57:43 | Test | [ 72/120] Valid Class Acc=[0.9502113762497242, 0.1990566037735755]
2020-10-22 20:02:09 | Iter | [ 73/120] train loss=0.48583
2020-10-22 20:02:09 | Test | [ 73/120] Train Acc=0.54154
2020-10-22 20:02:09 | Test | [ 73/120] Train Mean IU=0.47312
2020-10-22 20:02:09 | Test | [ 73/120] Train_class_acc=[0.9381142236594638, 0.14496348737910472]
2020-10-22 20:03:46 | Iter | [ 73/120] valid loss=0.58449
2020-10-22 20:03:46 | Test | [ 73/120] Valid Acc=0.50425
2020-10-22 20:03:46 | Test | [ 73/120] Valid Mean IU=0.49531
2020-10-22 20:03:46 | Test | [ 73/120] Valid Class Acc=[0.9926530182093737, 0.013555787278414545]
2020-10-22 20:08:27 | Iter | [ 74/120] train loss=0.48447
2020-10-22 20:08:27 | Test | [ 74/120] Train Acc=0.56076
2020-10-22 20:08:27 | Test | [ 74/120] Train Mean IU=0.46617
2020-10-22 20:08:27 | Test | [ 74/120] Train_class_acc=[0.9257290284734303, 0.19579555116465142]
2020-10-22 20:10:09 | Iter | [ 74/120] valid loss=0.40238
2020-10-22 20:10:09 | Test | [ 74/120] Valid Acc=0.50304
2020-10-22 20:10:09 | Test | [ 74/120] Valid Mean IU=0.49602
2020-10-22 20:10:09 | Test | [ 74/120] Valid Class Acc=[0.9547870807341333, 0.12255920232654247]
2020-10-22 20:14:47 | Iter | [ 75/120] train loss=0.48390
2020-10-22 20:14:47 | Test | [ 75/120] Train Acc=0.51921
2020-10-22 20:14:47 | Test | [ 75/120] Train Mean IU=0.49494
2020-10-22 20:14:47 | Test | [ 75/120] Train_class_acc=[0.9838002666916252, 0.05461298134802858]
2020-10-22 20:16:22 | Iter | [ 75/120] valid loss=0.47041
2020-10-22 20:16:22 | Test | [ 75/120] Valid Acc=0.50347
2020-10-22 20:16:22 | Test | [ 75/120] Valid Mean IU=0.49115
2020-10-22 20:16:22 | Test | [ 75/120] Valid Class Acc=[0.9739164453539371, 0.08675971331572664]
2020-10-22 20:20:53 | Iter | [ 76/120] train loss=0.48336
2020-10-22 20:20:53 | Test | [ 76/120] Train Acc=0.51183
2020-10-22 20:20:53 | Test | [ 76/120] Train Mean IU=0.49230
2020-10-22 20:20:53 | Test | [ 76/120] Train_class_acc=[0.9813842779435387, 0.04227820753324627]
2020-10-22 20:22:28 | Iter | [ 76/120] valid loss=0.38230
2020-10-22 20:22:28 | Test | [ 76/120] Valid Acc=0.50691
2020-10-22 20:22:28 | Test | [ 76/120] Valid Mean IU=0.49950
2020-10-22 20:22:28 | Test | [ 76/120] Valid Class Acc=[0.9818727928516667, 0.047846889952151764]
2020-10-22 20:27:02 | Iter | [ 77/120] train loss=0.48372
2020-10-22 20:27:02 | Test | [ 77/120] Train Acc=0.52390
2020-10-22 20:27:02 | Test | [ 77/120] Train Mean IU=0.49052
2020-10-22 20:27:02 | Test | [ 77/120] Train_class_acc=[0.9744842250023028, 0.07330999530773491]
2020-10-22 20:28:37 | Iter | [ 77/120] valid loss=0.37943
2020-10-22 20:28:37 | Test | [ 77/120] Valid Acc=0.50240
2020-10-22 20:28:37 | Test | [ 77/120] Valid Mean IU=0.49703
2020-10-22 20:28:37 | Test | [ 77/120] Valid Class Acc=[0.98672405230922, 0.036829463570856265]
2020-10-22 20:32:59 | Iter | [ 78/120] train loss=0.48269
2020-10-22 20:32:59 | Test | [ 78/120] Train Acc=0.50398
2020-10-22 20:32:59 | Test | [ 78/120] Train Mean IU=0.49568
2020-10-22 20:32:59 | Test | [ 78/120] Train_class_acc=[0.9941310826783002, 0.01381916454067554]
2020-10-22 20:34:31 | Iter | [ 78/120] valid loss=0.39306
2020-10-22 20:34:31 | Test | [ 78/120] Valid Acc=0.50345
2020-10-22 20:34:31 | Test | [ 78/120] Valid Mean IU=0.49783
2020-10-22 20:34:31 | Test | [ 78/120] Valid Class Acc=[0.9926000436471998, 0.013057671381936415]
2020-10-22 20:38:53 | Iter | [ 79/120] train loss=0.48253
2020-10-22 20:38:53 | Test | [ 79/120] Train Acc=0.51207
2020-10-22 20:38:53 | Test | [ 79/120] Train Mean IU=0.49468
2020-10-22 20:38:53 | Test | [ 79/120] Train_class_acc=[0.9884405936708652, 0.03569196925821994]
2020-10-22 20:40:26 | Iter | [ 79/120] valid loss=0.40906
2020-10-22 20:40:26 | Test | [ 79/120] Valid Acc=0.50827
2020-10-22 20:40:26 | Test | [ 79/120] Valid Mean IU=0.49990
2020-10-22 20:40:26 | Test | [ 79/120] Valid Class Acc=[0.9749635281672837, 0.06842105263157618]
2020-10-22 20:44:47 | Iter | [ 80/120] train loss=0.48272
2020-10-22 20:44:47 | Test | [ 80/120] Train Acc=0.51349
2020-10-22 20:44:47 | Test | [ 80/120] Train Mean IU=0.49382
2020-10-22 20:44:47 | Test | [ 80/120] Train_class_acc=[0.9855504689119644, 0.04142648366423612]
2020-10-22 20:46:21 | Iter | [ 80/120] valid loss=0.37690
2020-10-22 20:46:21 | Test | [ 80/120] Valid Acc=0.50105
2020-10-22 20:46:21 | Test | [ 80/120] Valid Mean IU=0.49589
2020-10-22 20:46:21 | Test | [ 80/120] Valid Class Acc=[0.9743342377650486, 0.063539192399048]
2020-10-22 20:50:43 | Iter | [ 81/120] train loss=0.48202
2020-10-22 20:50:43 | Test | [ 81/120] Train Acc=0.51739
2020-10-22 20:50:43 | Test | [ 81/120] Train Mean IU=0.49069
2020-10-22 20:50:43 | Test | [ 81/120] Train_class_acc=[0.9782474062258398, 0.056540459909909586]
2020-10-22 20:52:16 | Iter | [ 81/120] valid loss=0.37301
2020-10-22 20:52:16 | Test | [ 81/120] Valid Acc=0.50124
2020-10-22 20:52:16 | Test | [ 81/120] Valid Mean IU=0.49605
2020-10-22 20:52:16 | Test | [ 81/120] Valid Class Acc=[0.9205783696383556, 0.2143774069319572]
2020-10-22 20:56:39 | Iter | [ 82/120] train loss=0.48210
2020-10-22 20:56:39 | Test | [ 82/120] Train Acc=0.52975
2020-10-22 20:56:39 | Test | [ 82/120] Train Mean IU=0.48849
2020-10-22 20:56:39 | Test | [ 82/120] Train_class_acc=[0.9751556671002652, 0.08434476357934505]
2020-10-22 20:58:22 | Iter | [ 82/120] valid loss=0.37871
2020-10-22 20:58:22 | Test | [ 82/120] Valid Acc=0.50083
2020-10-22 20:58:22 | Test | [ 82/120] Valid Mean IU=0.49569
2020-10-22 20:58:22 | Test | [ 82/120] Valid Class Acc=[0.8942707197143507, 0.3889102810935545]
2020-10-22 21:03:13 | Iter | [ 83/120] train loss=0.48168
2020-10-22 21:03:13 | Test | [ 83/120] Train Acc=0.50114
2020-10-22 21:03:13 | Test | [ 83/120] Train Mean IU=0.49491
2020-10-22 21:03:13 | Test | [ 83/120] Train_class_acc=[0.9970592912774502, 0.005225878672918828]
2020-10-22 21:04:54 | Iter | [ 83/120] valid loss=0.37737
2020-10-22 21:04:54 | Test | [ 83/120] Valid Acc=0.50040
2020-10-22 21:04:54 | Test | [ 83/120] Valid Mean IU=0.49529
2020-10-22 21:04:54 | Test | [ 83/120] Valid Class Acc=[0.9979142177424082, 0.00335897713728461]
2020-10-22 21:09:49 | Iter | [ 84/120] train loss=0.48210
2020-10-22 21:09:49 | Test | [ 84/120] Train Acc=0.51242
2020-10-22 21:09:49 | Test | [ 84/120] Train Mean IU=0.49452
2020-10-22 21:09:49 | Test | [ 84/120] Train_class_acc=[0.9849188550122906, 0.03991738123109432]
2020-10-22 21:11:37 | Iter | [ 84/120] valid loss=0.37323
2020-10-22 21:11:37 | Test | [ 84/120] Valid Acc=0.50100
2020-10-22 21:11:37 | Test | [ 84/120] Valid Mean IU=0.49579
2020-10-22 21:11:37 | Test | [ 84/120] Valid Class Acc=[0.9387835319941804, 0.15886878768974674]
2020-10-22 21:16:30 | Iter | [ 85/120] train loss=0.48240
2020-10-22 21:16:30 | Test | [ 85/120] Train Acc=0.51261
2020-10-22 21:16:30 | Test | [ 85/120] Train Mean IU=0.49061
2020-10-22 21:16:30 | Test | [ 85/120] Train_class_acc=[0.9784955688923275, 0.04671665084087442]
2020-10-22 21:18:09 | Iter | [ 85/120] valid loss=0.36644
2020-10-22 21:18:09 | Test | [ 85/120] Valid Acc=0.50131
2020-10-22 21:18:09 | Test | [ 85/120] Valid Mean IU=0.49599
2020-10-22 21:18:09 | Test | [ 85/120] Valid Class Acc=[0.9274274478240712, 0.15169433704798554]
2020-10-22 21:23:14 | Iter | [ 86/120] train loss=0.48154
2020-10-22 21:23:14 | Test | [ 86/120] Train Acc=0.55227
2020-10-22 21:23:14 | Test | [ 86/120] Train Mean IU=0.48465
2020-10-22 21:23:14 | Test | [ 86/120] Train_class_acc=[0.9577673817884488, 0.14677353558159775]
2020-10-22 21:24:53 | Iter | [ 86/120] valid loss=0.43110
2020-10-22 21:24:53 | Test | [ 86/120] Valid Acc=0.50071
2020-10-22 21:24:53 | Test | [ 86/120] Valid Mean IU=0.49526
2020-10-22 21:24:53 | Test | [ 86/120] Valid Class Acc=[0.971127765164453, 0.10401234567900915]
2020-10-22 21:29:28 | Iter | [ 87/120] train loss=0.48083
2020-10-22 21:29:28 | Test | [ 87/120] Train Acc=0.50451
2020-10-22 21:29:28 | Test | [ 87/120] Train Mean IU=0.49340
2020-10-22 21:29:28 | Test | [ 87/120] Train_class_acc=[0.9916072756911345, 0.017415714052700662]
2020-10-22 21:31:03 | Iter | [ 87/120] valid loss=0.43704
2020-10-22 21:31:03 | Test | [ 87/120] Valid Acc=0.50192
2020-10-22 21:31:03 | Test | [ 87/120] Valid Mean IU=0.49559
2020-10-22 21:31:03 | Test | [ 87/120] Valid Class Acc=[0.9648374625810427, 0.08287509819324104]
2020-10-22 21:35:29 | Iter | [ 88/120] train loss=0.48028
2020-10-22 21:35:29 | Test | [ 88/120] Train Acc=0.51006
2020-10-22 21:35:29 | Test | [ 88/120] Train Mean IU=0.49304
2020-10-22 21:35:29 | Test | [ 88/120] Train_class_acc=[0.9891893448188825, 0.03092754782695048]
2020-10-22 21:37:03 | Iter | [ 88/120] valid loss=0.37773
2020-10-22 21:37:03 | Test | [ 88/120] Valid Acc=0.50822
2020-10-22 21:37:03 | Test | [ 88/120] Valid Mean IU=0.50060
2020-10-22 21:37:03 | Test | [ 88/120] Valid Class Acc=[0.9541301412247492, 0.15197164377491573]
2020-10-22 21:41:27 | Iter | [ 89/120] train loss=0.48048
2020-10-22 21:41:27 | Test | [ 89/120] Train Acc=0.51953
2020-10-22 21:41:27 | Test | [ 89/120] Train Mean IU=0.49378
2020-10-22 21:41:27 | Test | [ 89/120] Train_class_acc=[0.9794388434352613, 0.0596163157434351]
2020-10-22 21:43:01 | Iter | [ 89/120] valid loss=0.37550
2020-10-22 21:43:01 | Test | [ 89/120] Valid Acc=0.50021
2020-10-22 21:43:01 | Test | [ 89/120] Valid Mean IU=0.49510
2020-10-22 21:43:01 | Test | [ 89/120] Valid Class Acc=[0.9886259894260574, 0.029346210995541255]
