2020-10-15 21:29:27 | Conf | use logdir run/camvid/2020-10-15-21-29-2108
2020-10-15 21:29:27 | Conf | use dataset camvid
2020-10-15 21:29:27 | Conf | use augmentation None
2020-10-15 21:29:27 | Conf | use image size (352, 480)
2020-10-15 21:29:30 | Conf | use batch_size 4
2020-10-15 21:29:30 | Conf | use model linknet
2020-10-15 21:29:30 | Conf | use GPU [0]
2020-10-15 21:29:30 | Conf | use optimizer Adam, lr=0.0001, weight_decay=0.001
2020-10-15 21:29:30 | Conf | use step_lr_scheduler every 40 steps decay 0.1
2020-10-15 21:29:30 | Conf | use loss function crossentropyloss2D
2020-10-15 21:29:30 | Conf | use epoch 120
2020-10-15 21:35:57 | Iter | [  1/120] train loss=2.38365
2020-10-15 21:35:57 | Test | [  1/120] Train Acc=0.13422
2020-10-15 21:35:57 | Test | [  1/120] Train Mean IU=0.06405
2020-10-15 21:35:57 | Test | [  1/120] Train_class_acc=[0.3105244296672144, 0.047387825170823815, 0.04298154613327861, 0.230504915921163, 0.22395823729609515, 0.36510368294675866, 0.06501554819061274, 0.08522239861612756, 0.09117918647817884, 0.040591023027912024, 0.04536809633710213, 0.06279446658533479]
2020-10-15 21:36:34 | Iter | [  1/120] valid loss=2.26750
2020-10-15 21:36:34 | Test | [  1/120] Valid Acc=0.20173
2020-10-15 21:36:34 | Test | [  1/120] Valid Mean IU=0.11420
2020-10-15 21:36:34 | Test | [  1/120] Valid Class Acc=[0.6453069715342342, 0.0913856785416418, 0.012332245194051066, 0.3028575058046394, 0.44134481513948093, 0.5811375752694343, 0.04721096914926695, 0.0, 0.07767958305007917, 0.02323462414578536, 0.012492192379761865, 0.06989550505888185]
2020-10-15 21:43:29 | Iter | [  2/120] train loss=2.18357
2020-10-15 21:43:29 | Test | [  2/120] Train Acc=0.22956
2020-10-15 21:43:29 | Test | [  2/120] Train Mean IU=0.13777
2020-10-15 21:43:29 | Test | [  2/120] Train_class_acc=[0.8165841548797954, 0.26190093891748545, 0.014814675208534663, 0.4061953288220636, 0.43004468032996757, 0.6157591905126375, 0.03513477242825344, 0.023671426226653403, 0.10533143826321048, 0.006345388595421248, 0.01356290997031201, 0.025352320061076045]
2020-10-15 21:44:09 | Iter | [  2/120] valid loss=2.12868
2020-10-15 21:44:09 | Test | [  2/120] Valid Acc=0.28221
2020-10-15 21:44:09 | Test | [  2/120] Valid Mean IU=0.19652
2020-10-15 21:44:09 | Test | [  2/120] Valid Class Acc=[0.9442112462617505, 0.4368905097914843, 0.01562064156206372, 0.47678075855689167, 0.3277756726032575, 0.7988255823615742, 0.0189220183486233, 0.007952129753562685, 0.10004183662796726, 0.0, 0.028684801835827188, 0.0033558109348782606]
2020-10-15 21:50:19 | Iter | [  3/120] train loss=2.01596
2020-10-15 21:50:19 | Test | [  3/120] Train Acc=0.29245
2020-10-15 21:50:19 | Test | [  3/120] Train Mean IU=0.19056
2020-10-15 21:50:19 | Test | [  3/120] Train_class_acc=[0.925088625671803, 0.5569052189285235, 0.005808806968613775, 0.5020559398364471, 0.5634623527136761, 0.7861261792633777, 0.02060119642974836, 0.006937515420352464, 0.12143398639032674, 0.0012612635670771356, 0.0169123237188898, 0.0028007031830124506]
2020-10-15 21:50:55 | Iter | [  3/120] valid loss=1.89718
2020-10-15 21:50:55 | Test | [  3/120] Valid Acc=0.32741
2020-10-15 21:50:55 | Test | [  3/120] Valid Mean IU=0.23310
2020-10-15 21:50:55 | Test | [  3/120] Valid Class Acc=[0.9616975714216169, 0.6238350409396832, 0.0041322314049585815, 0.5624651893387065, 0.704832157365825, 0.6025070899968109, 0.008626001232285628, 0.024834029997540582, 0.11772375182145853, 0.001476232654266268, 0.024218405988550226, 0.0005083367222448101]
2020-10-15 21:56:38 | Iter | [  4/120] train loss=1.88592
2020-10-15 21:56:38 | Test | [  4/120] Train Acc=0.32657
2020-10-15 21:56:38 | Test | [  4/120] Train Mean IU=0.21889
2020-10-15 21:56:38 | Test | [  4/120] Train_class_acc=[0.940033901078888, 0.6634898212562268, 0.002523097272142851, 0.6367779699247271, 0.6912917507434264, 0.8315592034119861, 0.003387363548162409, 0.0008369552434617649, 0.13784732392422178, 0.00048136779389053584, 0.009784172873537672, 0.0008809866748953944]
2020-10-15 21:57:13 | Iter | [  4/120] valid loss=1.79721
2020-10-15 21:57:13 | Test | [  4/120] Valid Acc=0.35324
2020-10-15 21:57:13 | Test | [  4/120] Valid Mean IU=0.25906
2020-10-15 21:57:13 | Test | [  4/120] Valid Class Acc=[0.9572569547885539, 0.5729258027326835, 0.0008800880088008605, 0.7817467434012086, 0.708433283358318, 0.8815370321210453, 0.0006799637352674371, 0.0, 0.16797510103590815, 0.0005523336095001227, 0.0031595576619270803, 0.0]
2020-10-15 22:03:08 | Iter | [  5/120] train loss=1.78631
2020-10-15 22:03:08 | Test | [  5/120] Train Acc=0.35389
2020-10-15 22:03:08 | Test | [  5/120] Train Mean IU=0.24212
2020-10-15 22:03:08 | Test | [  5/120] Train_class_acc=[0.9463824335433706, 0.6975181059635152, 0.0009814736087165412, 0.7574785727999426, 0.8028783085418507, 0.8394206676490169, 0.0004907296955486521, 0.00012010472782179383, 0.1950795876592343, 0.0002042097701318581, 0.005251628396485356, 0.0009262269484504955]
2020-10-15 22:03:45 | Iter | [  5/120] valid loss=1.67931
2020-10-15 22:03:45 | Test | [  5/120] Valid Acc=0.38769
2020-10-15 22:03:45 | Test | [  5/120] Valid Mean IU=0.28945
2020-10-15 22:03:45 | Test | [  5/120] Valid Class Acc=[0.9198315206551442, 0.7837122481767005, 0.0, 0.8727378494760957, 0.7370280352701761, 0.780013916976536, 0.0, 0.00013056534795665052, 0.33440159133605546, 0.0, 0.01736111111110507, 0.0012349490583513393]
2020-10-15 22:10:29 | Iter | [  6/120] train loss=1.67514
2020-10-15 22:10:29 | Test | [  6/120] Train Acc=0.38685
2020-10-15 22:10:29 | Test | [  6/120] Train Mean IU=0.27863
2020-10-15 22:10:29 | Test | [  6/120] Train_class_acc=[0.9492617898595649, 0.7590246628673031, 0.00047259633803871484, 0.8582783941114948, 0.8649044747064438, 0.8680659248682183, 3.2631695262947075e-05, 2.4521068513475354e-05, 0.33809088850491886, 6.12074662053218e-05, 0.003088324179754399, 0.0008955356806346451]
2020-10-15 22:11:06 | Iter | [  6/120] valid loss=1.72516
2020-10-15 22:11:06 | Test | [  6/120] Valid Acc=0.39091
2020-10-15 22:11:06 | Test | [  6/120] Valid Mean IU=0.30258
2020-10-15 22:11:06 | Test | [  6/120] Valid Class Acc=[0.8863146973612077, 0.8097736421830641, 0.0, 0.8004361249875499, 0.6748362956033632, 0.8372758830476316, 0.00015513496742165445, 0.0, 0.4391405043746725, 0.0, 0.0, 0.0006260315292242867]
2020-10-15 22:17:02 | Iter | [  7/120] train loss=1.58228
2020-10-15 22:17:02 | Test | [  7/120] Train Acc=0.41478
2020-10-15 22:17:02 | Test | [  7/120] Train Mean IU=0.30475
2020-10-15 22:17:02 | Test | [  7/120] Train_class_acc=[0.9494384273058573, 0.8009275548618401, 0.00017644701098853746, 0.8872347018244544, 0.8819214246078334, 0.863119372197556, 2.4073661892593294e-05, 1.938415516428803e-05, 0.5903919741686479, 0.00010601508594769343, 0.0030320339377009147, 0.0009935897449942794]
2020-10-15 22:17:34 | Iter | [  7/120] valid loss=1.55108
2020-10-15 22:17:34 | Test | [  7/120] Valid Acc=0.42642
2020-10-15 22:17:34 | Test | [  7/120] Valid Mean IU=0.34864
2020-10-15 22:17:34 | Test | [  7/120] Valid Class Acc=[0.9048029032198326, 0.7544312264105861, 0.0, 0.8974024527971746, 0.8385654780046691, 0.860558620153832, 0.0, 0.0007558578987149843, 0.8020980115860218, 0.0, 0.0, 0.0012383900928792486]
2020-10-15 22:22:54 | Iter | [  8/120] train loss=1.49323
2020-10-15 22:22:54 | Test | [  8/120] Train Acc=0.43629
2020-10-15 22:22:54 | Test | [  8/120] Train Mean IU=0.33096
2020-10-15 22:22:54 | Test | [  8/120] Train_class_acc=[0.9497361036792711, 0.8272145572220608, 0.0001037644563062548, 0.9144758785034959, 0.8931680049269105, 0.8603576865299236, 2.8132522749821187e-05, 2.6127061372850098e-06, 0.7850054685767738, 5.7967196183361815e-05, 0.002411605043019863, 0.002899262501911768]
2020-10-15 22:23:26 | Iter | [  8/120] valid loss=1.43828
2020-10-15 22:23:26 | Test | [  8/120] Valid Acc=0.44355
2020-10-15 22:23:26 | Test | [  8/120] Valid Mean IU=0.35086
2020-10-15 22:23:26 | Test | [  8/120] Valid Class Acc=[0.9684288373753593, 0.8787067944798609, 0.0, 0.9306951350975404, 0.555103336797135, 0.945860701047015, 0.0, 0.0, 0.7535994541112234, 0.0, 0.0, 0.0026620867325032097]
2020-10-15 22:29:17 | Iter | [  9/120] train loss=1.42085
2020-10-15 22:29:18 | Test | [  9/120] Train Acc=0.44372
2020-10-15 22:29:18 | Test | [  9/120] Train Mean IU=0.33898
2020-10-15 22:29:18 | Test | [  9/120] Train_class_acc=[0.9527621289027275, 0.8353498448106014, 8.943001731110692e-05, 0.9204050517694169, 0.8961400314069704, 0.8652137158273149, 3.970561537165493e-05, 0.0, 0.8443692798454746, 0.0002173566496327358, 0.0007850078519656685, 0.00926068222922664]
2020-10-15 22:29:51 | Iter | [  9/120] valid loss=1.45436
2020-10-15 22:29:51 | Test | [  9/120] Valid Acc=0.44537
2020-10-15 22:29:51 | Test | [  9/120] Valid Mean IU=0.33412
2020-10-15 22:29:51 | Test | [  9/120] Valid Class Acc=[0.9750834371108328, 0.8873513652673412, 0.0, 0.8992482868235225, 0.8992726657645387, 0.8923379975546777, 0.0, 0.0, 0.851546674906441, 0.0, 0.000840336134453776, 0.014001779887273729]
2020-10-15 22:35:39 | Iter | [ 10/120] train loss=1.35313
2020-10-15 22:35:39 | Test | [ 10/120] Train Acc=0.44979
2020-10-15 22:35:39 | Test | [ 10/120] Train Mean IU=0.34899
2020-10-15 22:35:39 | Test | [ 10/120] Train_class_acc=[0.9514517592806367, 0.8437926522235458, 0.00011632496242340831, 0.9293518138798388, 0.9074121112029957, 0.8744156577761959, 1.1692675237449314e-05, 4.913464070785307e-07, 0.854819541127646, 0.0006760543701719411, 0.00030589564765894794, 0.03517097756721667]
2020-10-15 22:36:14 | Iter | [ 10/120] valid loss=1.34123
2020-10-15 22:36:14 | Test | [ 10/120] Valid Acc=0.45199
2020-10-15 22:36:14 | Test | [ 10/120] Valid Mean IU=0.35881
2020-10-15 22:36:14 | Test | [ 10/120] Valid Class Acc=[0.9307355935598, 0.9109331814249836, 0.00023004370830457247, 0.8503239348497379, 0.8669331810393819, 0.8799243482559249, 0.0, 0.0, 0.6622850810300741, 0.0025268477574225618, 0.0, 0.05781832198381049]
2020-10-15 22:42:39 | Iter | [ 11/120] train loss=1.29518
2020-10-15 22:42:39 | Test | [ 11/120] Train Acc=0.45778
2020-10-15 22:42:39 | Test | [ 11/120] Train Mean IU=0.35872
2020-10-15 22:42:39 | Test | [ 11/120] Train_class_acc=[0.9525329585735945, 0.8433412751859118, 0.00012248890897931873, 0.9365967515313229, 0.9088262872109473, 0.8723736816094274, 0.0, 1.3436106261563245e-06, 0.8896989463184989, 0.008311955764988634, 0.00013776617695108903, 0.0814376875322516]
2020-10-15 22:43:28 | Iter | [ 11/120] valid loss=1.32605
2020-10-15 22:43:28 | Test | [ 11/120] Valid Acc=0.46762
2020-10-15 22:43:28 | Test | [ 11/120] Valid Mean IU=0.36118
2020-10-15 22:43:28 | Test | [ 11/120] Valid Class Acc=[0.9839692633810271, 0.7881613956167539, 0.0, 0.9467246903144331, 0.941819160387509, 0.8601860763554646, 0.0, 0.0, 0.9521357328707662, 0.07879986811737294, 0.0, 0.16340909090908717]
2020-10-15 22:50:05 | Iter | [ 12/120] train loss=1.23819
2020-10-15 22:50:05 | Test | [ 12/120] Train Acc=0.46785
2020-10-15 22:50:05 | Test | [ 12/120] Train Mean IU=0.37084
2020-10-15 22:50:05 | Test | [ 12/120] Train_class_acc=[0.9537314657570156, 0.8402117797637566, 0.0001116461270832842, 0.9439236640079056, 0.9171124023864173, 0.8771506965814477, 0.0, 0.0, 0.8913903679078684, 0.03276148262752948, 0.0011387763225056485, 0.15661274525329485]
2020-10-15 22:50:42 | Iter | [ 12/120] valid loss=1.27588
2020-10-15 22:50:42 | Test | [ 12/120] Valid Acc=0.47673
2020-10-15 22:50:42 | Test | [ 12/120] Valid Mean IU=0.37952
2020-10-15 22:50:42 | Test | [ 12/120] Valid Class Acc=[0.900741497730351, 0.8350345855640489, 0.0, 0.9288876259982645, 0.9422511224647725, 0.935381161342992, 0.0, 0.0, 0.8448492878436512, 0.0358906815936768, 0.002242152466367587, 0.3355642312697497]
2020-10-15 22:58:49 | Iter | [ 13/120] train loss=1.19037
2020-10-15 22:58:49 | Test | [ 13/120] Train Acc=0.47678
2020-10-15 22:58:49 | Test | [ 13/120] Train Mean IU=0.38201
2020-10-15 22:58:49 | Test | [ 13/120] Train_class_acc=[0.950604290516139, 0.8387676158346188, 0.00020917400754865965, 0.9457600933018536, 0.9113709769498957, 0.8845887310117643, 0.0, 0.0, 0.8967639835277705, 0.023228516112211342, 0.01796609714949538, 0.25214896434113315]
2020-10-15 22:59:40 | Iter | [ 13/120] valid loss=1.24533
2020-10-15 22:59:40 | Test | [ 13/120] Valid Acc=0.49065
2020-10-15 22:59:40 | Test | [ 13/120] Valid Mean IU=0.38399
2020-10-15 22:59:40 | Test | [ 13/120] Valid Class Acc=[0.9351949059704207, 0.8027383910734293, 0.0008739985433357486, 0.9481477517014982, 0.8737041994832341, 0.8720457604306849, 0.0, 0.0, 0.8650052117881157, 0.004151190736290056, 0.00476190476190363, 0.3945567711756279]
2020-10-15 23:07:08 | Iter | [ 14/120] train loss=1.14771
2020-10-15 23:07:08 | Test | [ 14/120] Train Acc=0.48730
2020-10-15 23:07:08 | Test | [ 14/120] Train Mean IU=0.39174
2020-10-15 23:07:08 | Test | [ 14/120] Train_class_acc=[0.9515413836070735, 0.8230414409560759, 0.0003468220638955203, 0.9483473761638684, 0.914107084098838, 0.8858289134517048, 0.0, 0.0, 0.9055445433244126, 0.021532566365626588, 0.0011733607091797568, 0.3961587368551586]
2020-10-15 23:07:47 | Iter | [ 14/120] valid loss=1.22091
2020-10-15 23:07:47 | Test | [ 14/120] Valid Acc=0.50851
2020-10-15 23:07:47 | Test | [ 14/120] Valid Mean IU=0.39760
2020-10-15 23:07:47 | Test | [ 14/120] Valid Class Acc=[0.9566194990649349, 0.9060548630852583, 0.0, 0.9600870919957092, 0.9295032165832698, 0.8657803325516181, 0.0, 0.0, 0.8785677853718236, 0.015127388535030647, 0.0, 0.16394919376632583]
2020-10-15 23:15:21 | Iter | [ 15/120] train loss=1.10083
2020-10-15 23:15:21 | Test | [ 15/120] Train Acc=0.50118
2020-10-15 23:15:21 | Test | [ 15/120] Train Mean IU=0.40323
2020-10-15 23:15:21 | Test | [ 15/120] Train_class_acc=[0.9529070056355711, 0.8307192158968016, 0.00031784139109205807, 0.9526193524213125, 0.9114507044053259, 0.8788366535014751, 0.0, 5.917713913428813e-05, 0.9040237569641012, 0.10130987442928127, 5.031658989066414e-05, 0.48182579348585813]
2020-10-15 23:15:51 | Iter | [ 15/120] valid loss=1.16843
2020-10-15 23:15:51 | Test | [ 15/120] Valid Acc=0.52132
2020-10-15 23:15:51 | Test | [ 15/120] Valid Mean IU=0.40347
2020-10-15 23:15:51 | Test | [ 15/120] Valid Class Acc=[0.8563701923076911, 0.8958807588075868, 0.0004924167815639111, 0.9455572736305531, 0.8446503140681446, 0.9246289062499986, 0.0, 0.0, 0.9626936538513686, 0.03469545104086266, 0.0, 0.567662827640982]
2020-10-15 23:20:46 | Iter | [ 16/120] train loss=1.04874
2020-10-15 23:20:46 | Test | [ 16/120] Train Acc=0.51176
2020-10-15 23:20:46 | Test | [ 16/120] Train Mean IU=0.41589
2020-10-15 23:20:46 | Test | [ 16/120] Train_class_acc=[0.9530905938184063, 0.8376771071656495, 0.00048261265817478615, 0.9493402723425947, 0.9090617246547746, 0.8805819259714373, 0.0, 5.6119220202888126e-05, 0.9218760966237539, 0.13988251414574918, 0.0, 0.5490985532684565]
2020-10-15 23:21:16 | Iter | [ 16/120] valid loss=1.14228
2020-10-15 23:21:16 | Test | [ 16/120] Valid Acc=0.52217
2020-10-15 23:21:16 | Test | [ 16/120] Valid Mean IU=0.41019
2020-10-15 23:21:16 | Test | [ 16/120] Valid Class Acc=[0.9768642762335655, 0.7641812830797707, 0.0, 0.9802096343474627, 0.9472477682785375, 0.8878158699500899, 0.0, 0.0, 0.7274873524451817, 0.26150442477874947, 0.0, 0.612978889757617]
2020-10-15 23:26:07 | Iter | [ 17/120] train loss=1.02222
2020-10-15 23:26:08 | Test | [ 17/120] Train Acc=0.51603
2020-10-15 23:26:08 | Test | [ 17/120] Train Mean IU=0.41602
2020-10-15 23:26:08 | Test | [ 17/120] Train_class_acc=[0.9511993197416324, 0.8460597941774873, 0.0006477391245589905, 0.9511894241027502, 0.902826462984045, 0.8750923566514013, 0.0, 0.00027406010513827196, 0.9160881054141522, 0.1834000098103525, 0.0, 0.5655399667222]
2020-10-15 23:26:41 | Iter | [ 17/120] valid loss=1.12898
2020-10-15 23:26:41 | Test | [ 17/120] Valid Acc=0.49346
2020-10-15 23:26:41 | Test | [ 17/120] Valid Mean IU=0.39534
2020-10-15 23:26:41 | Test | [ 17/120] Valid Class Acc=[0.9836632450240959, 0.9048798226778414, 0.0, 0.9726254138018835, 0.8820785219399494, 0.9156184188058488, 0.0, 0.0002602133749674718, 0.8933920507891068, 0.021186440677964605, 0.0, 0.43542861019708795]
2020-10-15 23:32:06 | Iter | [ 18/120] train loss=1.00152
2020-10-15 23:32:06 | Test | [ 18/120] Train Acc=0.51963
2020-10-15 23:32:06 | Test | [ 18/120] Train Mean IU=0.41631
2020-10-15 23:32:06 | Test | [ 18/120] Train_class_acc=[0.9504873015784684, 0.8399253429698896, 0.001440614314963766, 0.9529569023848322, 0.9054396198600325, 0.8594307129631374, 0.0, 0.0015968819152115123, 0.9107371573629056, 0.24311718246681338, 0.0, 0.5704268050148392]
2020-10-15 23:32:38 | Iter | [ 18/120] valid loss=1.07524
2020-10-15 23:32:38 | Test | [ 18/120] Valid Acc=0.53271
2020-10-15 23:32:38 | Test | [ 18/120] Valid Mean IU=0.40326
2020-10-15 23:32:38 | Test | [ 18/120] Valid Class Acc=[0.9153870858541568, 0.890980317217654, 0.001475915738628721, 0.9281826492864875, 0.8465921542844439, 0.7139580375140251, 0.0, 0.0, 0.9176832267584831, 0.29387755102038415, 0.0, 0.38179462261094677]
2020-10-15 23:38:04 | Iter | [ 19/120] train loss=0.95971
2020-10-15 23:38:04 | Test | [ 19/120] Train Acc=0.53026
2020-10-15 23:38:04 | Test | [ 19/120] Train Mean IU=0.42552
2020-10-15 23:38:04 | Test | [ 19/120] Train_class_acc=[0.9534503870658857, 0.8476675620151385, 0.0016156537474327354, 0.9502278757534723, 0.906971734609137, 0.874638822897766, 0.0, 0.001115974175566845, 0.9199583101567373, 0.3254445068309971, 0.0, 0.5819977719193918]
2020-10-15 23:38:37 | Iter | [ 19/120] valid loss=1.02558
2020-10-15 23:38:37 | Test | [ 19/120] Valid Acc=0.52933
2020-10-15 23:38:37 | Test | [ 19/120] Valid Mean IU=0.41479
2020-10-15 23:38:37 | Test | [ 19/120] Valid Class Acc=[0.9144931529826151, 0.7735258068909157, 0.0, 0.9657186224513399, 0.9205897815800769, 0.6110483281260385, 0.0, 0.0024517315353968366, 0.8096552878179355, 0.4447683835438792, 0.0, 0.5192109334708594]
2020-10-15 23:44:03 | Iter | [ 20/120] train loss=0.90928
2020-10-15 23:44:03 | Test | [ 20/120] Train Acc=0.54349
2020-10-15 23:44:03 | Test | [ 20/120] Train Mean IU=0.43758
2020-10-15 23:44:03 | Test | [ 20/120] Train_class_acc=[0.9506650776788119, 0.8637097962430665, 0.0029414982975525202, 0.9557418239205948, 0.9138365066569734, 0.8955940914912404, 0.0, 0.023915046366317205, 0.925473890802345, 0.401812181613515, 0.0, 0.5882421369160941]
2020-10-15 23:44:35 | Iter | [ 20/120] valid loss=1.00317
2020-10-15 23:44:35 | Test | [ 20/120] Valid Acc=0.53715
2020-10-15 23:44:35 | Test | [ 20/120] Valid Mean IU=0.41430
2020-10-15 23:44:35 | Test | [ 20/120] Valid Class Acc=[0.939643030317023, 0.9621897118087289, 0.0060953746862673665, 0.9513514992714003, 0.9038940344587151, 0.8990121595236691, 0.0, 0.0, 0.8403940183446929, 0.29408248655108804, 0.0, 0.589592972574263]
2020-10-15 23:50:02 | Iter | [ 21/120] train loss=0.88425
2020-10-15 23:50:02 | Test | [ 21/120] Train Acc=0.55145
2020-10-15 23:50:02 | Test | [ 21/120] Train Mean IU=0.44341
2020-10-15 23:50:02 | Test | [ 21/120] Train_class_acc=[0.9525777612001679, 0.8705868644270175, 0.005717885873016931, 0.9562795172738159, 0.9186407993942629, 0.885182887484298, 0.0, 0.04166651405020312, 0.92708680958709, 0.46773090912607435, 0.0, 0.5918896332088344]
2020-10-15 23:50:35 | Iter | [ 21/120] valid loss=0.99052
2020-10-15 23:50:35 | Test | [ 21/120] Valid Acc=0.53226
2020-10-15 23:50:35 | Test | [ 21/120] Valid Mean IU=0.41177
2020-10-15 23:50:35 | Test | [ 21/120] Valid Class Acc=[0.9119901239648163, 0.8743157112692574, 0.004724236431553452, 0.9472405786747624, 0.9136696217722856, 0.9184996768342242, 0.0, 0.018992932862189962, 0.9688883060682522, 0.2733142037302629, 0.0, 0.30627498696332095]
2020-10-15 23:56:04 | Iter | [ 22/120] train loss=0.84588
2020-10-15 23:56:04 | Test | [ 22/120] Train Acc=0.56823
2020-10-15 23:56:04 | Test | [ 22/120] Train Mean IU=0.45513
2020-10-15 23:56:04 | Test | [ 22/120] Train_class_acc=[0.9517013238451635, 0.8803831497724331, 0.010418403205526769, 0.9568756832272902, 0.9252012003116327, 0.89871039723387, 0.0, 0.11242774311695024, 0.9361728374220207, 0.5840204579107452, 0.0, 0.5628094569034954]
2020-10-15 23:56:36 | Iter | [ 22/120] valid loss=1.03533
2020-10-15 23:56:36 | Test | [ 22/120] Valid Acc=0.53580
2020-10-15 23:56:36 | Test | [ 22/120] Valid Mean IU=0.40622
2020-10-15 23:56:36 | Test | [ 22/120] Valid Class Acc=[0.9500838741005599, 0.858535704613161, 0.015100671140939232, 0.9594796616062109, 0.9354062416440624, 0.8651079720733866, 0.0, 0.0, 0.9592110731067967, 0.7783218339639266, 0.0, 0.5917175296974428]
2020-10-16 00:02:18 | Iter | [ 23/120] train loss=0.83177
2020-10-16 00:02:18 | Test | [ 23/120] Train Acc=0.57331
2020-10-16 00:02:18 | Test | [ 23/120] Train Mean IU=0.45647
2020-10-16 00:02:18 | Test | [ 23/120] Train_class_acc=[0.9534511978754298, 0.8807235303892303, 0.016284039432711415, 0.9585613258483225, 0.9174052587633494, 0.879826900714128, 0.0, 0.1897620351183187, 0.9343946664870444, 0.6035290015159763, 5.573469327283392e-06, 0.5458263287343759]
2020-10-16 00:02:51 | Iter | [ 23/120] valid loss=1.25038
2020-10-16 00:02:51 | Test | [ 23/120] Valid Acc=0.47209
2020-10-16 00:02:51 | Test | [ 23/120] Valid Mean IU=0.32954
2020-10-16 00:02:51 | Test | [ 23/120] Valid Class Acc=[0.9576308913190734, 0.9074686437629789, 0.0, 0.9495224954684407, 0.910005589714874, 0.8727156687371337, 0.0, 0.0, 0.9174778282500531, 0.6129032258064133, 0.0, 0.34820239680425763]
2020-10-16 00:08:18 | Iter | [ 24/120] train loss=0.80389
2020-10-16 00:08:18 | Test | [ 24/120] Train Acc=0.58930
2020-10-16 00:08:18 | Test | [ 24/120] Train Mean IU=0.47179
2020-10-16 00:08:18 | Test | [ 24/120] Train_class_acc=[0.951475691985049, 0.8832955634531297, 0.02803383779434685, 0.9576132035928488, 0.9266960928652529, 0.8951578655941886, 0.0, 0.30478569400152405, 0.9377542639202613, 0.6458248655325098, 4.982450836715405e-05, 0.5408906359311991]
2020-10-16 00:08:51 | Iter | [ 24/120] valid loss=1.04757
2020-10-16 00:08:51 | Test | [ 24/120] Valid Acc=0.54171
2020-10-16 00:08:51 | Test | [ 24/120] Valid Mean IU=0.39852
2020-10-16 00:08:51 | Test | [ 24/120] Valid Class Acc=[0.9603529166866808, 0.8309568944201758, 0.035478421133465894, 0.95767426565824, 0.9273596337686786, 0.9097337957749614, 0.0, 0.0, 0.9324047619047596, 0.711144427786071, 0.0, 0.5671182630302277]
2020-10-16 00:14:18 | Iter | [ 25/120] train loss=0.78770
2020-10-16 00:14:18 | Test | [ 25/120] Train Acc=0.59545
2020-10-16 00:14:18 | Test | [ 25/120] Train Mean IU=0.47583
2020-10-16 00:14:18 | Test | [ 25/120] Train_class_acc=[0.9501877916762744, 0.8869341672912503, 0.043161138032667766, 0.9560401260246588, 0.9201762435921347, 0.9011597096449327, 3.0953502412657954e-06, 0.3716219606425422, 0.9351271953910952, 0.6522826556357187, 0.00014405093943478217, 0.5286119840475434]
2020-10-16 00:14:51 | Iter | [ 25/120] valid loss=0.86743
2020-10-16 00:14:51 | Test | [ 25/120] Valid Acc=0.59359
2020-10-16 00:14:51 | Test | [ 25/120] Valid Mean IU=0.44899
2020-10-16 00:14:51 | Test | [ 25/120] Valid Class Acc=[0.9528405899606823, 0.8006724037743143, 0.0860691011926708, 0.9561444683486534, 0.9356465726786556, 0.8602875348886189, 0.0, 0.5701754385964665, 0.9137252759261233, 0.6927346115035143, 0.0, 0.38322974823553996]
2020-10-16 00:20:19 | Iter | [ 26/120] train loss=0.74539
2020-10-16 00:20:19 | Test | [ 26/120] Train Acc=0.61823
2020-10-16 00:20:19 | Test | [ 26/120] Train Mean IU=0.49471
2020-10-16 00:20:19 | Test | [ 26/120] Train_class_acc=[0.9508893846791642, 0.8968634304021521, 0.06404467358737763, 0.9613476337268159, 0.9310361841023402, 0.8992456583357864, 8.373581896067952e-05, 0.5268849788521628, 0.9436605659992633, 0.7070586727553578, 0.0006243843024491315, 0.5370791465954243]
2020-10-16 00:20:52 | Iter | [ 26/120] valid loss=0.96464
2020-10-16 00:20:52 | Test | [ 26/120] Valid Acc=0.55275
2020-10-16 00:20:52 | Test | [ 26/120] Valid Mean IU=0.43462
2020-10-16 00:20:52 | Test | [ 26/120] Valid Class Acc=[0.9529093591214537, 0.9060230141399116, 0.0714865962631992, 0.9688740065265089, 0.9288159396120388, 0.8962589605734752, 0.001716106888943326, 0.8705050505050332, 0.9407426339041187, 0.485564304461917, 7.005744710662699e-05, 0.4164411153773499]
2020-10-16 00:26:17 | Iter | [ 27/120] train loss=0.72972
2020-10-16 00:26:17 | Test | [ 27/120] Train Acc=0.62576
2020-10-16 00:26:17 | Test | [ 27/120] Train Mean IU=0.49445
2020-10-16 00:26:17 | Test | [ 27/120] Train_class_acc=[0.9507729402034599, 0.88916006319418, 0.08234647691448892, 0.9609361594155265, 0.9282767796409866, 0.9007259868373338, 0.003782580399115276, 0.6115275956850714, 0.937263653365575, 0.711601404476957, 0.0007464993617413438, 0.5319809291471604]
2020-10-16 00:26:50 | Iter | [ 27/120] valid loss=0.79713
2020-10-16 00:26:50 | Test | [ 27/120] Valid Acc=0.57938
2020-10-16 00:26:50 | Test | [ 27/120] Valid Mean IU=0.46344
2020-10-16 00:26:50 | Test | [ 27/120] Valid Class Acc=[0.9632087051720121, 0.8337684217549762, 0.07185526540365127, 0.9612770464851972, 0.9341289587989674, 0.9395464025026039, 0.014152074838090332, 0.18842530282636685, 0.9142326075411552, 0.7828725556304523, 0.0, 0.3745958429561114]
2020-10-16 00:32:15 | Iter | [ 28/120] train loss=0.69086
2020-10-16 00:32:15 | Test | [ 28/120] Train Acc=0.63868
2020-10-16 00:32:15 | Test | [ 28/120] Train Mean IU=0.50999
2020-10-16 00:32:15 | Test | [ 28/120] Train_class_acc=[0.9518634767247545, 0.8867576801260695, 0.1238021576310315, 0.9627691264350655, 0.9354905738286775, 0.9012217456392974, 0.03958458215485924, 0.633135486920421, 0.942446397453135, 0.722299037807055, 0.0007830848216134007, 0.5640039821245033]
2020-10-16 00:32:48 | Iter | [ 28/120] valid loss=0.86499
2020-10-16 00:32:48 | Test | [ 28/120] Valid Acc=0.57764
2020-10-16 00:32:48 | Test | [ 28/120] Valid Mean IU=0.45306
2020-10-16 00:32:48 | Test | [ 28/120] Valid Class Acc=[0.9440327547118732, 0.8865955473098313, 0.16724652087474734, 0.9786019368207378, 0.9283024131677992, 0.9031716156729753, 0.05170611158635063, 0.9781241454744187, 0.9249652766562199, 0.8204667863553288, 0.0, 0.6685868543469339]
2020-10-16 00:38:12 | Iter | [ 29/120] train loss=0.67292
2020-10-16 00:38:13 | Test | [ 29/120] Train Acc=0.64907
2020-10-16 00:38:13 | Test | [ 29/120] Train Mean IU=0.52111
2020-10-16 00:38:13 | Test | [ 29/120] Train_class_acc=[0.9487567962494878, 0.888720328780577, 0.14564857701884898, 0.9627794800872185, 0.9280154654700076, 0.8994711547188348, 0.15364383521554564, 0.63048310726797, 0.944978531148163, 0.6948506715405731, 0.0009325666161781989, 0.5905501363028344]
2020-10-16 00:38:45 | Iter | [ 29/120] valid loss=0.81929
2020-10-16 00:38:45 | Test | [ 29/120] Valid Acc=0.58663
2020-10-16 00:38:45 | Test | [ 29/120] Valid Mean IU=0.45431
2020-10-16 00:38:45 | Test | [ 29/120] Valid Class Acc=[0.9602622588629981, 0.8606317373595261, 0.10547667342798883, 0.9534448151983527, 0.9634904398457708, 0.8180999116522767, 0.5390993566833374, 0.8087042045733762, 0.923981025470584, 0.28691099476436777, 0.0, 0.5762478053674406]
2020-10-16 00:44:10 | Iter | [ 30/120] train loss=0.62943
2020-10-16 00:44:10 | Test | [ 30/120] Train Acc=0.68169
2020-10-16 00:44:10 | Test | [ 30/120] Train Mean IU=0.54519
2020-10-16 00:44:10 | Test | [ 30/120] Train_class_acc=[0.9496352863844014, 0.880077254722707, 0.19023610292360765, 0.9600781842542656, 0.9306391453535241, 0.9083315855917133, 0.3556403966722264, 0.7112003551920922, 0.9458062811739216, 0.7414081077291336, 0.000975987132970147, 0.6062056642811237]
2020-10-16 00:44:42 | Iter | [ 30/120] valid loss=0.81373
2020-10-16 00:44:42 | Test | [ 30/120] Valid Acc=0.58193
2020-10-16 00:44:42 | Test | [ 30/120] Valid Mean IU=0.46238
2020-10-16 00:44:42 | Test | [ 30/120] Valid Class Acc=[0.9832440613561458, 0.8861305591164571, 0.16176712103793459, 0.9634830461235567, 0.9459863772359761, 0.918999719722211, 0.38121073672186223, 0.8056640624999608, 0.9052791964109339, 0.8247744621790136, 0.0, 0.5247619047618991]
2020-10-16 00:50:09 | Iter | [ 31/120] train loss=0.60746
2020-10-16 00:50:09 | Test | [ 31/120] Train Acc=0.69348
2020-10-16 00:50:09 | Test | [ 31/120] Train Mean IU=0.54915
2020-10-16 00:50:09 | Test | [ 31/120] Train_class_acc=[0.9483412703174757, 0.8685975549246068, 0.23408380831173883, 0.9630051795304972, 0.9330158540404123, 0.9045069208832478, 0.48363160692396373, 0.679355304918364, 0.9458482423968517, 0.7449479421559428, 0.0017277888901118842, 0.6147554581790069]
2020-10-16 00:50:41 | Iter | [ 31/120] valid loss=0.80872
2020-10-16 00:50:41 | Test | [ 31/120] Valid Acc=0.60724
2020-10-16 00:50:41 | Test | [ 31/120] Valid Mean IU=0.46222
2020-10-16 00:50:41 | Test | [ 31/120] Valid Class Acc=[0.9207902488322499, 0.8665116317155644, 0.23739226896492663, 0.9533683558160676, 0.9248792635073924, 0.9363497154083936, 0.47165761898749825, 0.8435806831566347, 0.9236845817463636, 0.8582995951416131, 0.0007328691828508344, 0.40361353544632966]
2020-10-16 00:56:06 | Iter | [ 32/120] train loss=0.60351
2020-10-16 00:56:06 | Test | [ 32/120] Train Acc=0.70166
2020-10-16 00:56:06 | Test | [ 32/120] Train Mean IU=0.55007
2020-10-16 00:56:06 | Test | [ 32/120] Train_class_acc=[0.9495003939710689, 0.8609640439990843, 0.26465544365501154, 0.9605729261461591, 0.9309827839019406, 0.8998651470404416, 0.5740149117912574, 0.6978924531790835, 0.9427267284263386, 0.7223977247525116, 0.0015643540354295276, 0.61478026355783]
2020-10-16 00:56:38 | Iter | [ 32/120] valid loss=0.74908
2020-10-16 00:56:38 | Test | [ 32/120] Valid Acc=0.61860
2020-10-16 00:56:38 | Test | [ 32/120] Valid Mean IU=0.47900
2020-10-16 00:56:38 | Test | [ 32/120] Valid Class Acc=[0.913131927981033, 0.8988767991233547, 0.21987092901095281, 0.958129248747401, 0.9001715062984158, 0.9177829933200908, 0.5784177117200714, 0.0, 0.962680883472957, 0.6427048431312627, 0.005213764337851657, 0.6993709170094335]
2020-10-16 01:02:03 | Iter | [ 33/120] train loss=0.56179
2020-10-16 01:02:03 | Test | [ 33/120] Train Acc=0.71662
2020-10-16 01:02:03 | Test | [ 33/120] Train Mean IU=0.56510
2020-10-16 01:02:03 | Test | [ 33/120] Train_class_acc=[0.9504020575146797, 0.8708579633043818, 0.3086907140537388, 0.9640701082483384, 0.9338161243303785, 0.9040010221833112, 0.6141958841864495, 0.7283973409630843, 0.9491623854690383, 0.748706083906035, 0.003651021787974045, 0.6235053082908683]
2020-10-16 01:02:35 | Iter | [ 33/120] valid loss=0.76536
2020-10-16 01:02:35 | Test | [ 33/120] Valid Acc=0.63133
2020-10-16 01:02:35 | Test | [ 33/120] Valid Mean IU=0.47328
2020-10-16 01:02:35 | Test | [ 33/120] Valid Class Acc=[0.9338856854951559, 0.8766432631227007, 0.2414981977746396, 0.9410515345971077, 0.9696056267269453, 0.8781566287815653, 0.7117521149729823, 0.0, 0.9405617851953931, 0.5775577557755299, 0.0, 0.4686374133949146]
2020-10-16 01:08:00 | Iter | [ 34/120] train loss=0.54877
2020-10-16 01:08:00 | Test | [ 34/120] Train Acc=0.71973
2020-10-16 01:08:00 | Test | [ 34/120] Train Mean IU=0.56843
2020-10-16 01:08:00 | Test | [ 34/120] Train_class_acc=[0.9455957133867094, 0.8644884509845999, 0.3356575739736176, 0.9636334146065267, 0.9350173747209497, 0.902734945703073, 0.6617951542485746, 0.6937026166633877, 0.9462749862401825, 0.7450512656591703, 0.004992943794410974, 0.6377780066891066]
2020-10-16 01:08:32 | Iter | [ 34/120] valid loss=0.89289
2020-10-16 01:08:32 | Test | [ 34/120] Valid Acc=0.57248
2020-10-16 01:08:32 | Test | [ 34/120] Valid Mean IU=0.45649
2020-10-16 01:08:32 | Test | [ 34/120] Valid Class Acc=[0.9637063947126523, 0.7817772778402694, 0.38387319090281896, 0.9630918004919591, 0.9577260458839375, 0.9411117226196997, 0.7264900662251415, 0.877834144321349, 0.9535346322554269, 0.7009555930297525, 0.0, 0.4554387568555724]
2020-10-16 01:13:57 | Iter | [ 35/120] train loss=0.52649
2020-10-16 01:13:57 | Test | [ 35/120] Train Acc=0.72697
2020-10-16 01:13:57 | Test | [ 35/120] Train Mean IU=0.57418
2020-10-16 01:13:57 | Test | [ 35/120] Train_class_acc=[0.9476192235956734, 0.8666123868096058, 0.3680449144121051, 0.9634356625650066, 0.930576275355469, 0.9014253854978727, 0.6844364518629348, 0.7087773353203289, 0.9466027232489895, 0.7550665312452314, 0.006586248334480155, 0.6444414118145277]
2020-10-16 01:14:29 | Iter | [ 35/120] valid loss=0.81232
2020-10-16 01:14:29 | Test | [ 35/120] Valid Acc=0.62302
2020-10-16 01:14:29 | Test | [ 35/120] Valid Mean IU=0.47834
2020-10-16 01:14:29 | Test | [ 35/120] Valid Class Acc=[0.9331655047766577, 0.9156253198477746, 0.4379243859502017, 0.9556842157725971, 0.7538035961272451, 0.8983142383211805, 0.6836689038031278, 0.0, 0.9333421805979469, 0.7452681388012423, 0.0, 0.6387072945521676]
2020-10-16 01:19:54 | Iter | [ 36/120] train loss=0.54937
2020-10-16 01:19:54 | Test | [ 36/120] Train Acc=0.72740
2020-10-16 01:19:54 | Test | [ 36/120] Train Mean IU=0.56267
2020-10-16 01:19:54 | Test | [ 36/120] Train_class_acc=[0.9464650964570172, 0.8577068448960091, 0.3928419375880478, 0.9555047235348503, 0.9160296049746843, 0.9025302334123522, 0.6967446868006024, 0.7507344100028179, 0.9321522124085387, 0.7411329186108488, 0.009938373319627113, 0.6270267280593823]
2020-10-16 01:20:27 | Iter | [ 36/120] valid loss=0.72917
2020-10-16 01:20:27 | Test | [ 36/120] Valid Acc=0.64125
2020-10-16 01:20:27 | Test | [ 36/120] Valid Mean IU=0.48493
2020-10-16 01:20:27 | Test | [ 36/120] Valid Class Acc=[0.9354359981411793, 0.8635948018287185, 0.44566544566543986, 0.9605181358257583, 0.9210465652374314, 0.9291022730806271, 0.7784698929883276, 0.0, 0.9661121380160156, 0.7171339563862703, 0.032831001076424476, 0.6384336048679917]
2020-10-16 01:25:51 | Iter | [ 37/120] train loss=0.50032
2020-10-16 01:25:51 | Test | [ 37/120] Train Acc=0.74383
2020-10-16 01:25:51 | Test | [ 37/120] Train Mean IU=0.58460
2020-10-16 01:25:51 | Test | [ 37/120] Train_class_acc=[0.9476194732279402, 0.8636102340329251, 0.41380270747446524, 0.9643758805493756, 0.9394159834060167, 0.902081536603869, 0.7348501562432652, 0.766035998453126, 0.9511638974088896, 0.772570617250989, 0.01951704770353422, 0.6508923359499419]
2020-10-16 01:26:23 | Iter | [ 37/120] valid loss=0.68123
2020-10-16 01:26:23 | Test | [ 37/120] Valid Acc=0.64619
2020-10-16 01:26:23 | Test | [ 37/120] Valid Mean IU=0.50573
2020-10-16 01:26:23 | Test | [ 37/120] Valid Class Acc=[0.9313150489880319, 0.873922337518933, 0.1647058823529327, 0.9660215534400993, 0.9584679718684618, 0.8548143616863828, 0.8269841269840832, 0.8213983050847278, 0.931445931666077, 0.7907719836400715, 0.0255133789670177, 0.5864882158472825]
2020-10-16 01:31:48 | Iter | [ 38/120] train loss=0.45627
2020-10-16 01:31:48 | Test | [ 38/120] Train Acc=0.76105
2020-10-16 01:31:48 | Test | [ 38/120] Train Mean IU=0.60587
2020-10-16 01:31:48 | Test | [ 38/120] Train_class_acc=[0.9471398431635657, 0.8820482735070512, 0.4725724931430987, 0.9673015106421083, 0.939667275754146, 0.9114671885008652, 0.7786905978197448, 0.7872612624163162, 0.9540469847226268, 0.7899056759269374, 0.027535156329002018, 0.674940420702854]
2020-10-16 01:32:20 | Iter | [ 38/120] valid loss=0.66988
2020-10-16 01:32:20 | Test | [ 38/120] Valid Acc=0.63472
2020-10-16 01:32:20 | Test | [ 38/120] Valid Mean IU=0.49168
2020-10-16 01:32:20 | Test | [ 38/120] Valid Class Acc=[0.9525739882547565, 0.898061351829816, 0.4762328645184174, 0.9669347427782115, 0.8994904234756476, 0.8750834216621507, 0.8728386167146939, 0.9993279569891803, 0.9494963496904132, 0.8859570661895843, 0.0, 0.727317983820781]
2020-10-16 01:37:45 | Iter | [ 39/120] train loss=0.43876
2020-10-16 01:37:45 | Test | [ 39/120] Train Acc=0.77188
2020-10-16 01:37:45 | Test | [ 39/120] Train Mean IU=0.61682
2020-10-16 01:37:45 | Test | [ 39/120] Train_class_acc=[0.9477249293347186, 0.8855693109756619, 0.4936489469052042, 0.9678817427291407, 0.9419524530874608, 0.9088328716831279, 0.7924278420813858, 0.8118451857080298, 0.9552959822472173, 0.8006833100605535, 0.06040064025886712, 0.6962865375610042]
2020-10-16 01:38:17 | Iter | [ 39/120] valid loss=0.68278
2020-10-16 01:38:17 | Test | [ 39/120] Valid Acc=0.64549
2020-10-16 01:38:17 | Test | [ 39/120] Valid Mean IU=0.50741
2020-10-16 01:38:17 | Test | [ 39/120] Valid Class Acc=[0.8860739403438106, 0.8906488923740409, 0.5999594073472582, 0.9711897631364008, 0.9290072639225098, 0.8924452790971162, 0.9014757846601354, 0.8427943600073176, 0.9440518797222451, 0.8025672371637651, 0.00891265597147897, 0.5703549886284951]
2020-10-16 01:43:42 | Iter | [ 40/120] train loss=0.42058
2020-10-16 01:43:42 | Test | [ 40/120] Train Acc=0.77784
2020-10-16 01:43:42 | Test | [ 40/120] Train Mean IU=0.62328
2020-10-16 01:43:42 | Test | [ 40/120] Train_class_acc=[0.9485813172487276, 0.8860319278799704, 0.5351364911222508, 0.9685317682546429, 0.9422767671537124, 0.9133140104219074, 0.8075575561268608, 0.7614979953575347, 0.9594947127904644, 0.7845976762857291, 0.13549397189185602, 0.6916216658849794]
2020-10-16 01:44:14 | Iter | [ 40/120] valid loss=0.70733
2020-10-16 01:44:14 | Test | [ 40/120] Valid Acc=0.65603
2020-10-16 01:44:14 | Test | [ 40/120] Valid Mean IU=0.51390
2020-10-16 01:44:14 | Test | [ 40/120] Valid Class Acc=[0.9067695747827014, 0.906882482657643, 0.6519607843137135, 0.9767075338574596, 0.9725573887110424, 0.8600214768492181, 0.749841269841254, 0.9668733228462941, 0.9633605686439709, 0.767656090071569, 0.07900207900206263, 0.5760101723650705]
2020-10-16 01:49:39 | Iter | [ 41/120] train loss=0.42784
2020-10-16 01:49:39 | Test | [ 41/120] Train Acc=0.78236
2020-10-16 01:49:39 | Test | [ 41/120] Train Mean IU=0.62445
2020-10-16 01:49:39 | Test | [ 41/120] Train_class_acc=[0.9470299796515385, 0.8806906091520466, 0.5249582751399312, 0.9665575336707792, 0.9394184217008366, 0.9090237561444282, 0.8021276089259056, 0.8010617927991623, 0.9574588497775385, 0.7766868079996101, 0.19747054480136955, 0.6858896575378871]
2020-10-16 01:50:12 | Iter | [ 41/120] valid loss=0.67358
2020-10-16 01:50:12 | Test | [ 41/120] Valid Acc=0.68892
2020-10-16 01:50:12 | Test | [ 41/120] Valid Mean IU=0.53186
2020-10-16 01:50:12 | Test | [ 41/120] Valid Class Acc=[0.9381620220939207, 0.9020600404965221, 0.42156133828995485, 0.9622011263967104, 0.9138464365563052, 0.9271731729459807, 0.754823862630541, 0.8821973425196793, 0.97774244833068, 0.8536585365853308, 0.7728065078442312, 0.65587236931432]
2020-10-16 01:55:35 | Iter | [ 42/120] train loss=0.41196
2020-10-16 01:55:35 | Test | [ 42/120] Train Acc=0.79575
2020-10-16 01:55:35 | Test | [ 42/120] Train Mean IU=0.63610
2020-10-16 01:55:35 | Test | [ 42/120] Train_class_acc=[0.9485596476352092, 0.8815555010044733, 0.5463114051864583, 0.9685101778564366, 0.9432483305194108, 0.9032133941320757, 0.8105735581230928, 0.7780297223052313, 0.9553241288079619, 0.7528164813231097, 0.3687027003255445, 0.6921167120292799]
2020-10-16 01:56:07 | Iter | [ 42/120] valid loss=0.69435
2020-10-16 01:56:07 | Test | [ 42/120] Valid Acc=0.66154
2020-10-16 01:56:07 | Test | [ 42/120] Valid Mean IU=0.52198
2020-10-16 01:56:07 | Test | [ 42/120] Valid Class Acc=[0.9795033410738798, 0.8826310165396762, 0.4092191909689173, 0.9822461079805612, 0.9647323387450585, 0.0, 0.7592910234419451, 0.0, 0.9685612366230669, 0.6068571428571253, 0.4710526315789264, 0.8990573218572495]
2020-10-16 02:01:31 | Iter | [ 43/120] train loss=0.39436
2020-10-16 02:01:31 | Test | [ 43/120] Train Acc=0.81197
2020-10-16 02:01:31 | Test | [ 43/120] Train Mean IU=0.65358
2020-10-16 02:01:31 | Test | [ 43/120] Train_class_acc=[0.9472230174493619, 0.8916747124884045, 0.5723850182173472, 0.9688319540452376, 0.942404894079664, 0.9154487683476976, 0.8209603713729163, 0.8065906461064983, 0.956907047815778, 0.782130011761163, 0.43716278947510406, 0.7018654422530592]
2020-10-16 02:02:03 | Iter | [ 43/120] valid loss=0.67598
2020-10-16 02:02:03 | Test | [ 43/120] Valid Acc=0.68568
2020-10-16 02:02:03 | Test | [ 43/120] Valid Mean IU=0.54457
2020-10-16 02:02:03 | Test | [ 43/120] Valid Class Acc=[0.9452349172450598, 0.8885728166136952, 0.5626666666666454, 0.9651533592161706, 0.9636643745537865, 0.9377575969262975, 0.8022488389146715, 0.2508361204012539, 0.9665779797315441, 0.8126064735945208, 0.8936294564581597, 0.7617099013518392]
2020-10-16 02:07:29 | Iter | [ 44/120] train loss=0.38956
2020-10-16 02:07:29 | Test | [ 44/120] Train Acc=0.81852
2020-10-16 02:07:29 | Test | [ 44/120] Train Mean IU=0.65391
2020-10-16 02:07:29 | Test | [ 44/120] Train_class_acc=[0.9484425905907663, 0.8877618590294941, 0.5835172621744299, 0.9668964105294675, 0.9400592233105742, 0.9125660102931513, 0.822769108059905, 0.7936427965539155, 0.9559351275817967, 0.7910102623111477, 0.5202100820945195, 0.699405578207019]
2020-10-16 02:08:02 | Iter | [ 44/120] valid loss=0.62394
2020-10-16 02:08:02 | Test | [ 44/120] Valid Acc=0.68175
2020-10-16 02:08:02 | Test | [ 44/120] Valid Mean IU=0.54812
2020-10-16 02:08:02 | Test | [ 44/120] Valid Class Acc=[0.9378577375377236, 0.905967333529399, 0.6358428805237231, 0.9387153649151256, 0.9458063672615478, 0.9049367351171933, 0.8173116593778291, 0.0, 0.9480515997532633, 0.769346356123158, 0.15948963317381815, 0.6582060321190704]
2020-10-16 02:13:26 | Iter | [ 45/120] train loss=0.39183
2020-10-16 02:13:26 | Test | [ 45/120] Train Acc=0.81258
2020-10-16 02:13:26 | Test | [ 45/120] Train Mean IU=0.64966
2020-10-16 02:13:26 | Test | [ 45/120] Train_class_acc=[0.9470170369935316, 0.8866220225398298, 0.5861834812726346, 0.968430203986036, 0.9388914526328875, 0.9078473914045703, 0.8248579372058977, 0.7615439517051094, 0.9590858580525183, 0.7604498501021579, 0.5197484312213826, 0.690266905734428]
2020-10-16 02:13:58 | Iter | [ 45/120] valid loss=0.68797
2020-10-16 02:13:58 | Test | [ 45/120] Valid Acc=0.65080
2020-10-16 02:13:58 | Test | [ 45/120] Valid Mean IU=0.51686
2020-10-16 02:13:58 | Test | [ 45/120] Valid Class Acc=[0.9634203338076289, 0.9171268762390241, 0.5671940717003747, 0.9719225199131063, 0.9143830191667915, 0.8388036907413292, 0.8095827016675942, 0.9464033850493506, 0.9533245266402421, 0.580606060606025, 0.0, 0.7168025579536348]
2020-10-16 02:19:23 | Iter | [ 46/120] train loss=0.37673
2020-10-16 02:19:23 | Test | [ 46/120] Train Acc=0.82908
2020-10-16 02:19:23 | Test | [ 46/120] Train Mean IU=0.66003
2020-10-16 02:19:23 | Test | [ 46/120] Train_class_acc=[0.9479769316791399, 0.8856592534756106, 0.5987314488002214, 0.9681397790503266, 0.9395017241057608, 0.9131489781143851, 0.8351050045707636, 0.7955174424771568, 0.9552841848682554, 0.7909568861078908, 0.6117412334909694, 0.7071488903299278]
2020-10-16 02:19:56 | Iter | [ 46/120] valid loss=0.65453
2020-10-16 02:19:56 | Test | [ 46/120] Valid Acc=0.68297
2020-10-16 02:19:56 | Test | [ 46/120] Valid Mean IU=0.54596
2020-10-16 02:19:56 | Test | [ 46/120] Valid Class Acc=[0.9447801528665362, 0.8638757354439205, 0.5816442723753067, 0.9597341329200021, 0.936425476401247, 0.9442966588635827, 0.9183589743589556, 0.8739146847866794, 0.9748681898066704, 0.8403990024937424, 0.7232008052339849, 0.7160695237497604]
2020-10-16 02:25:19 | Iter | [ 47/120] train loss=0.36994
2020-10-16 02:25:19 | Test | [ 47/120] Train Acc=0.83150
2020-10-16 02:25:19 | Test | [ 47/120] Train Mean IU=0.66115
2020-10-16 02:25:19 | Test | [ 47/120] Train_class_acc=[0.9455409425228203, 0.8884099539534197, 0.614857353026042, 0.966630286342527, 0.9387621029469804, 0.9095889970190455, 0.8298825411190683, 0.7609805701914325, 0.9570755279586507, 0.8052026208845231, 0.6591978995989718, 0.7018114732307555]
2020-10-16 02:25:52 | Iter | [ 47/120] valid loss=0.71442
2020-10-16 02:25:52 | Test | [ 47/120] Valid Acc=0.67110
2020-10-16 02:25:52 | Test | [ 47/120] Valid Mean IU=0.52500
2020-10-16 02:25:52 | Test | [ 47/120] Valid Class Acc=[0.7905936201018163, 0.8916625062406378, 0.6874605180037795, 0.9645378754637194, 0.9120057000356174, 0.9484889156291925, 0.8616206846742617, 0.6975397973950543, 0.9434315360385382, 0.7466307277627362, 0.761692650333906, 0.5492433341340347]
2020-10-16 02:31:14 | Iter | [ 48/120] train loss=0.35681
2020-10-16 02:31:14 | Test | [ 48/120] Train Acc=0.83915
2020-10-16 02:31:14 | Test | [ 48/120] Train Mean IU=0.67044
2020-10-16 02:31:14 | Test | [ 48/120] Train_class_acc=[0.9494216380358178, 0.8891076014832409, 0.6275463874898703, 0.9691767765593091, 0.9428873050191232, 0.9115807197608723, 0.8379740688959593, 0.8192337040480411, 0.9523754107755652, 0.8153387814657411, 0.6463504065479719, 0.7088449676627199]
2020-10-16 02:31:47 | Iter | [ 48/120] valid loss=0.58910
2020-10-16 02:31:47 | Test | [ 48/120] Valid Acc=0.69379
2020-10-16 02:31:47 | Test | [ 48/120] Valid Mean IU=0.55509
2020-10-16 02:31:47 | Test | [ 48/120] Valid Class Acc=[0.927727343007973, 0.8823943090530405, 0.607085668534816, 0.9626102114544113, 0.9011008681643168, 0.9098164827265409, 0.7757912042745425, 0.3396226415092737, 0.9702501263264256, 0.8457253053353146, 0.9110787172011, 0.7441084320937148]
2020-10-16 02:37:16 | Iter | [ 49/120] train loss=0.34162
2020-10-16 02:37:16 | Test | [ 49/120] Train Acc=0.84857
2020-10-16 02:37:16 | Test | [ 49/120] Train Mean IU=0.67717
2020-10-16 02:37:16 | Test | [ 49/120] Train_class_acc=[0.9484304187609495, 0.8956195786258646, 0.6520514183417548, 0.9697495059225603, 0.9412393249571103, 0.916452577450796, 0.853691569003268, 0.8155863349734646, 0.9549803370321774, 0.8271563494730066, 0.692667740732045, 0.7152561594866513]
2020-10-16 02:37:48 | Iter | [ 49/120] valid loss=0.59772
2020-10-16 02:37:48 | Test | [ 49/120] Valid Acc=0.70900
2020-10-16 02:37:48 | Test | [ 49/120] Valid Mean IU=0.56462
2020-10-16 02:37:48 | Test | [ 49/120] Valid Class Acc=[0.8959106548592689, 0.9107884103540049, 0.692892735378948, 0.9455509656679812, 0.886363636363595, 0.9344976404630324, 0.8900056465273753, 0.0, 0.9557536083287309, 0.8271484374999187, 0.7806122448978597, 0.5091456355637818]
2020-10-16 02:43:13 | Iter | [ 50/120] train loss=0.32095
2020-10-16 02:43:13 | Test | [ 50/120] Train Acc=0.85113
2020-10-16 02:43:13 | Test | [ 50/120] Train Mean IU=0.68912
2020-10-16 02:43:13 | Test | [ 50/120] Train_class_acc=[0.9477150064237958, 0.9038130167552175, 0.6656401499419587, 0.9707731106841138, 0.9433474248015805, 0.9170180400362741, 0.8607354945087716, 0.8271870156364688, 0.9574562119208029, 0.8431153946653649, 0.6397574157446926, 0.7370582270752262]
2020-10-16 02:43:45 | Iter | [ 50/120] valid loss=0.58454
2020-10-16 02:43:45 | Test | [ 50/120] Valid Acc=0.71605
2020-10-16 02:43:45 | Test | [ 50/120] Valid Mean IU=0.56954
2020-10-16 02:43:45 | Test | [ 50/120] Valid Class Acc=[0.9284832270014397, 0.886604995849627, 0.5741639009445856, 0.9754755599632847, 0.946587647694656, 0.932072024283144, 0.8319419237749391, 0.9999999999981812, 0.7587238285144314, 0.8915462335336884, 0.9002976190475743, 0.7685491690908461]
2020-10-16 02:49:10 | Iter | [ 51/120] train loss=0.30825
2020-10-16 02:49:10 | Test | [ 51/120] Train Acc=0.86614
2020-10-16 02:49:10 | Test | [ 51/120] Train Mean IU=0.70198
2020-10-16 02:49:10 | Test | [ 51/120] Train_class_acc=[0.9500823777188967, 0.9051502658427603, 0.6875362802814433, 0.9715127664135135, 0.9494789189970089, 0.9185756509749233, 0.8784548437935282, 0.8177992762010515, 0.9621849249273788, 0.8636601151315371, 0.7422312488131135, 0.7469599825195854]
2020-10-16 02:49:43 | Iter | [ 51/120] valid loss=0.65911
2020-10-16 02:49:43 | Test | [ 51/120] Valid Acc=0.69213
2020-10-16 02:49:43 | Test | [ 51/120] Valid Mean IU=0.55480
2020-10-16 02:49:43 | Test | [ 51/120] Valid Class Acc=[0.9606438303707076, 0.9262670460920195, 0.7021926172633819, 0.9499517362257717, 0.9229708911051577, 0.8940448205610388, 0.8291020844468141, 0.9499934201868536, 0.9333797846755505, 0.4806338028168167, 0.9277945619335065, 0.7805467732936537]
2020-10-16 02:55:07 | Iter | [ 52/120] train loss=0.31145
2020-10-16 02:55:07 | Test | [ 52/120] Train Acc=0.86372
2020-10-16 02:55:07 | Test | [ 52/120] Train Mean IU=0.69610
2020-10-16 02:55:07 | Test | [ 52/120] Train_class_acc=[0.9500204032860656, 0.9025645287088111, 0.6948132575634346, 0.9683513161539764, 0.9405870981445514, 0.9139574059479344, 0.877967389297388, 0.8475832017320404, 0.960250313850162, 0.8459724128333275, 0.7241637826165335, 0.7383867825706745]
2020-10-16 02:55:40 | Iter | [ 52/120] valid loss=0.61312
2020-10-16 02:55:40 | Test | [ 52/120] Valid Acc=0.69362
2020-10-16 02:55:40 | Test | [ 52/120] Valid Mean IU=0.56021
2020-10-16 02:55:40 | Test | [ 52/120] Valid Class Acc=[0.9267376024990231, 0.9387189947294746, 0.5867639395518399, 0.9623490938820003, 0.9630936626966574, 0.903438903332545, 0.8727534148094688, 0.9576701066993005, 0.963623700846454, 0.7089552238803324, 0.011627906976730664, 0.5956481678361284]
2020-10-16 03:01:03 | Iter | [ 53/120] train loss=0.31116
2020-10-16 03:01:03 | Test | [ 53/120] Train Acc=0.86483
2020-10-16 03:01:03 | Test | [ 53/120] Train Mean IU=0.69557
2020-10-16 03:01:03 | Test | [ 53/120] Train_class_acc=[0.9471631781810376, 0.9034291544365406, 0.6890006632293094, 0.9702347487891965, 0.9434033830161499, 0.9167794417551116, 0.8680912533813602, 0.8258325854397432, 0.9612464369265765, 0.8536010833035329, 0.771182253096738, 0.7279391690314637]
2020-10-16 03:01:36 | Iter | [ 53/120] valid loss=0.81468
2020-10-16 03:01:36 | Test | [ 53/120] Valid Acc=0.67545
2020-10-16 03:01:36 | Test | [ 53/120] Valid Mean IU=0.52049
2020-10-16 03:01:36 | Test | [ 53/120] Valid Class Acc=[0.9690605067215554, 0.8845618565344241, 0.6341779441405037, 0.9660579826596336, 0.9173174281087928, 0.9529202661926987, 0.8767217630853695, 0.8119752540874855, 0.9850249584026576, 0.7713548387096576, 0.9121061359866828, 0.641274747920802]
2020-10-16 03:07:01 | Iter | [ 54/120] train loss=0.31947
2020-10-16 03:07:01 | Test | [ 54/120] Train Acc=0.85558
2020-10-16 03:07:01 | Test | [ 54/120] Train Mean IU=0.68416
2020-10-16 03:07:01 | Test | [ 54/120] Train_class_acc=[0.9494067637430276, 0.8956533354160119, 0.68107453217567, 0.9677023303643812, 0.9392873880539585, 0.914455768104142, 0.8624481329963621, 0.8261249119106171, 0.9590271547114417, 0.8363237629725768, 0.7072496275145651, 0.7282596642211286]
2020-10-16 03:07:33 | Iter | [ 54/120] valid loss=0.65096
2020-10-16 03:07:34 | Test | [ 54/120] Valid Acc=0.69589
2020-10-16 03:07:34 | Test | [ 54/120] Valid Mean IU=0.55841
2020-10-16 03:07:34 | Test | [ 54/120] Valid Class Acc=[0.9361491125464062, 0.8783749477942554, 0.6344063099552195, 0.967695815615948, 0.8917544719431457, 0.8933972812334464, 0.895223420647138, 0.9651769087523095, 0.9811332780929253, 0.776506483600246, 0.8693528693527631, 0.7317296801682717]
2020-10-16 03:12:59 | Iter | [ 55/120] train loss=0.29840
2020-10-16 03:12:59 | Test | [ 55/120] Train Acc=0.87258
2020-10-16 03:12:59 | Test | [ 55/120] Train Mean IU=0.70529
2020-10-16 03:12:59 | Test | [ 55/120] Train_class_acc=[0.9499910976147719, 0.9044098797384856, 0.7123797021463583, 0.9722094352443452, 0.9475420208658458, 0.9162734138308358, 0.8779070142683155, 0.8304941216382287, 0.9555640480366917, 0.8613619629430321, 0.7987281579385401, 0.7440578236217594]
2020-10-16 03:13:32 | Iter | [ 55/120] valid loss=0.74665
2020-10-16 03:13:32 | Test | [ 55/120] Valid Acc=0.67662
2020-10-16 03:13:32 | Test | [ 55/120] Valid Mean IU=0.54322
2020-10-16 03:13:32 | Test | [ 55/120] Valid Class Acc=[0.9504522162797853, 0.863085075066234, 0.7018735362997491, 0.9781865855869675, 0.9630437657014388, 0.9531547775279858, 0.884992832726862, 0.8835740072201368, 0.9686762159609612, 0.9145631067960875, 0.8385214007780467, 0.8128106361828978]
2020-10-16 03:18:57 | Iter | [ 56/120] train loss=0.28922
2020-10-16 03:18:57 | Test | [ 56/120] Train Acc=0.87034
2020-10-16 03:18:57 | Test | [ 56/120] Train Mean IU=0.70436
2020-10-16 03:18:57 | Test | [ 56/120] Train_class_acc=[0.9499689923712181, 0.9007653193967353, 0.7235514576443387, 0.9715347876856744, 0.9467911096092688, 0.9183998879931646, 0.8786706327057057, 0.8145518973812493, 0.9611432057382432, 0.871506065627361, 0.7636888358903486, 0.7435154877380402]
2020-10-16 03:19:30 | Iter | [ 56/120] valid loss=0.68548
2020-10-16 03:19:30 | Test | [ 56/120] Valid Acc=0.68913
2020-10-16 03:19:30 | Test | [ 56/120] Valid Mean IU=0.55842
2020-10-16 03:19:30 | Test | [ 56/120] Valid Class Acc=[0.9259693389678886, 0.8605072703457209, 0.7118910424305844, 0.9577756770651932, 0.9365893146249282, 0.951150389678187, 0.7845487364620827, 0.8581293157563804, 0.9606305694470156, 0.7861572810716748, 0.895833333333248, 0.48680510491022627]
2020-10-16 03:24:54 | Iter | [ 57/120] train loss=0.27772
2020-10-16 03:24:54 | Test | [ 57/120] Train Acc=0.87227
2020-10-16 03:24:54 | Test | [ 57/120] Train Mean IU=0.70989
2020-10-16 03:24:54 | Test | [ 57/120] Train_class_acc=[0.9488804389522995, 0.9095992184607238, 0.7327910532302717, 0.9731321414940587, 0.9475303799800667, 0.9090650328485642, 0.8907452738354039, 0.816469777230331, 0.9611686508597177, 0.8622381887402079, 0.7634431272544814, 0.7521729044187665]
2020-10-16 03:25:26 | Iter | [ 57/120] valid loss=0.61974
2020-10-16 03:25:26 | Test | [ 57/120] Valid Acc=0.70244
2020-10-16 03:25:26 | Test | [ 57/120] Valid Mean IU=0.56251
2020-10-16 03:25:26 | Test | [ 57/120] Valid Class Acc=[0.9669731293121543, 0.9221603665821976, 0.863866396761119, 0.9802996670366254, 0.9760732367015673, 0.8649029982363211, 0.9670273711011969, 0.3512195121949506, 0.9833964750452939, 0.8074141048824225, 0.5849056603762546, 0.9241835079949067]
2020-10-16 03:30:51 | Iter | [ 58/120] train loss=0.26879
2020-10-16 03:30:51 | Test | [ 58/120] Train Acc=0.88461
2020-10-16 03:30:51 | Test | [ 58/120] Train Mean IU=0.72005
2020-10-16 03:30:51 | Test | [ 58/120] Train_class_acc=[0.9509059427919585, 0.911630655411605, 0.7464650925013064, 0.9729707723313933, 0.9489895860793157, 0.9194053591644803, 0.8912542290361437, 0.8332379055295813, 0.964011177833605, 0.8810337493107945, 0.8411275026769935, 0.7543241393677367]
2020-10-16 03:31:23 | Iter | [ 58/120] valid loss=0.63885
2020-10-16 03:31:23 | Test | [ 58/120] Valid Acc=0.70172
2020-10-16 03:31:23 | Test | [ 58/120] Valid Mean IU=0.55454
2020-10-16 03:31:23 | Test | [ 58/120] Valid Class Acc=[0.9633980754471915, 0.933797603289327, 0.7072566371681165, 0.9801654341916806, 0.9627336249502878, 0.9210373202560015, 0.9384299640840973, 0.9659371146732277, 0.9898123746214014, 0.8858140784524208, 0.9776090342678935, 0.7918355243649225]
2020-10-16 03:36:49 | Iter | [ 59/120] train loss=0.25963
2020-10-16 03:36:49 | Test | [ 59/120] Train Acc=0.88315
2020-10-16 03:36:49 | Test | [ 59/120] Train Mean IU=0.72243
2020-10-16 03:36:49 | Test | [ 59/120] Train_class_acc=[0.9514871382112016, 0.9154375605263871, 0.7537257089927644, 0.9739368004748875, 0.9506909585105782, 0.9243265064613572, 0.8924601726878004, 0.8305052268264764, 0.9640767475860056, 0.8801628096499756, 0.8058666456608577, 0.7550877818670415]
2020-10-16 03:37:21 | Iter | [ 59/120] valid loss=0.63184
2020-10-16 03:37:21 | Test | [ 59/120] Valid Acc=0.69914
2020-10-16 03:37:21 | Test | [ 59/120] Valid Mean IU=0.56695
2020-10-16 03:37:21 | Test | [ 59/120] Valid Class Acc=[0.9558574192647551, 0.9339973074510296, 0.7521321961620067, 0.978404662304694, 0.9775843567425742, 0.953883495145628, 0.9222319859402053, 0.8850574712633507, 0.9744485167000863, 0.8987531172069377, 0.0, 0.6286113699906726]
2020-10-16 03:42:46 | Iter | [ 60/120] train loss=0.25543
2020-10-16 03:42:46 | Test | [ 60/120] Train Acc=0.88863
2020-10-16 03:42:46 | Test | [ 60/120] Train Mean IU=0.72780
2020-10-16 03:42:46 | Test | [ 60/120] Train_class_acc=[0.9513191564324939, 0.9157743919708147, 0.7617279130605551, 0.9742212294707341, 0.9533141347520349, 0.9238753564414851, 0.8948968665573078, 0.8463162599274902, 0.966039529011599, 0.8891986097213753, 0.8254812829638533, 0.7613905583311061]
2020-10-16 03:43:18 | Iter | [ 60/120] valid loss=0.66837
2020-10-16 03:43:18 | Test | [ 60/120] Valid Acc=0.69477
2020-10-16 03:43:18 | Test | [ 60/120] Valid Mean IU=0.56115
2020-10-16 03:43:18 | Test | [ 60/120] Valid Class Acc=[0.9049016982864125, 0.9143718733928641, 0.821979114868204, 0.9774201475605643, 0.9285571342805492, 0.9281483617648998, 0.848540820096016, 0.7495495495494816, 0.9538857532717226, 0.8182328190743108, 0.9575965355467168, 0.4435884934178405]
2020-10-16 03:48:42 | Iter | [ 61/120] train loss=0.27003
2020-10-16 03:48:42 | Test | [ 61/120] Train Acc=0.88494
2020-10-16 03:48:42 | Test | [ 61/120] Train Mean IU=0.71937
2020-10-16 03:48:42 | Test | [ 61/120] Train_class_acc=[0.9522606751202756, 0.9091721389189698, 0.7596685332038899, 0.9722159120743536, 0.9423889744558958, 0.9208234048092573, 0.8940489543730898, 0.8547487430972736, 0.960863684539091, 0.872030829341586, 0.821144891851221, 0.7599067789350525]
2020-10-16 03:49:15 | Iter | [ 61/120] valid loss=0.89350
2020-10-16 03:49:15 | Test | [ 61/120] Valid Acc=0.66318
2020-10-16 03:49:15 | Test | [ 61/120] Valid Mean IU=0.50869
2020-10-16 03:49:15 | Test | [ 61/120] Valid Class Acc=[0.9781912884435685, 0.8525039294446374, 0.7560748750145243, 0.9635175481355099, 0.9483541067433626, 0.86443634605088, 0.9171352737415044, 0.9889014722536585, 0.9418108784769005, 0.7866786678667768, 0.9249363867683893, 0.8200200824071155]
2020-10-16 03:54:39 | Iter | [ 62/120] train loss=0.33698
2020-10-16 03:54:39 | Test | [ 62/120] Train Acc=0.85270
2020-10-16 03:54:39 | Test | [ 62/120] Train Mean IU=0.66768
2020-10-16 03:54:39 | Test | [ 62/120] Train_class_acc=[0.9468112832348227, 0.883875770086626, 0.7046832704049448, 0.9663613245435944, 0.9331812297690376, 0.9011239656951144, 0.8580822845081929, 0.7846017657832762, 0.9458678950633038, 0.8360261964322165, 0.7640910976277057, 0.7077454473392478]
2020-10-16 03:55:12 | Iter | [ 62/120] valid loss=0.96497
2020-10-16 03:55:12 | Test | [ 62/120] Valid Acc=0.60204
2020-10-16 03:55:12 | Test | [ 62/120] Valid Mean IU=0.47920
2020-10-16 03:55:12 | Test | [ 62/120] Valid Class Acc=[0.892604879603893, 0.9175269086357931, 0.862843629914252, 0.9470611020217027, 0.9404611343515821, 0.9524475820984104, 0.9147066774803879, 0.0, 0.9673467756439702, 0.9284423563425755, 0.0, 0.5137105721984428]
2020-10-16 04:00:35 | Iter | [ 63/120] train loss=0.29569
2020-10-16 04:00:36 | Test | [ 63/120] Train Acc=0.87009
2020-10-16 04:00:36 | Test | [ 63/120] Train Mean IU=0.69655
2020-10-16 04:00:36 | Test | [ 63/120] Train_class_acc=[0.9486354131704513, 0.898605729681137, 0.7213290749332985, 0.9711573181625266, 0.9456477222287212, 0.9106123910654327, 0.870784935593977, 0.8473354292157237, 0.9582061900779523, 0.8555343785303869, 0.7822830706142752, 0.7308945031599411]
2020-10-16 04:01:08 | Iter | [ 63/120] valid loss=0.64885
2020-10-16 04:01:08 | Test | [ 63/120] Valid Acc=0.69558
2020-10-16 04:01:08 | Test | [ 63/120] Valid Mean IU=0.56076
2020-10-16 04:01:08 | Test | [ 63/120] Valid Class Acc=[0.9058934353841614, 0.8890781486129954, 0.7762803234501052, 0.9842753044162719, 0.9516274124959069, 0.9129798809279396, 0.9474367293964648, 0.9233361415332516, 0.9669710510977235, 0.8841094448829134, 0.0, 0.6608081660846514]
2020-10-16 04:06:34 | Iter | [ 64/120] train loss=0.25274
2020-10-16 04:06:34 | Test | [ 64/120] Train Acc=0.89017
2020-10-16 04:06:34 | Test | [ 64/120] Train Mean IU=0.72690
2020-10-16 04:06:34 | Test | [ 64/120] Train_class_acc=[0.9507847301461652, 0.9149844321758814, 0.7692557005761308, 0.9738767694420851, 0.9513120357061584, 0.921302349655393, 0.8963091848373693, 0.8625009572679355, 0.9621866083126457, 0.8883077024803585, 0.821474758265863, 0.7697391034605924]
2020-10-16 04:07:06 | Iter | [ 64/120] valid loss=0.59823
2020-10-16 04:07:06 | Test | [ 64/120] Valid Acc=0.70448
2020-10-16 04:07:06 | Test | [ 64/120] Valid Mean IU=0.57145
2020-10-16 04:07:06 | Test | [ 64/120] Valid Class Acc=[0.9089226917739249, 0.9008930695606023, 0.579608237066786, 0.9778458278607036, 0.9537201473745573, 0.9345943436219375, 0.8262108262108031, 0.9342276070964541, 0.9763545092608583, 0.9559593470895924, 0.9145907473306353, 0.7730807577268162]
2020-10-16 04:12:33 | Iter | [ 65/120] train loss=0.24567
2020-10-16 04:12:33 | Test | [ 65/120] Train Acc=0.89155
2020-10-16 04:12:33 | Test | [ 65/120] Train Mean IU=0.73027
2020-10-16 04:12:33 | Test | [ 65/120] Train_class_acc=[0.9530141927732375, 0.9193025625078717, 0.7819238162215174, 0.97422113298718, 0.9507308376269713, 0.9241171991770634, 0.9039883656918992, 0.8525007310409122, 0.9644417858698139, 0.8968807172338624, 0.8051052207467562, 0.7723192895054359]
2020-10-16 04:13:06 | Iter | [ 65/120] valid loss=0.74776
2020-10-16 04:13:06 | Test | [ 65/120] Valid Acc=0.68925
2020-10-16 04:13:06 | Test | [ 65/120] Valid Mean IU=0.54345
2020-10-16 04:13:06 | Test | [ 65/120] Valid Class Acc=[0.9447279591738776, 0.8980394830390435, 0.8495428096425249, 0.9852991497136651, 0.9566657466188186, 0.9780319496908413, 0.9318240957584971, 0.8186813186812063, 0.9623523069320256, 0.879302971990583, 0.9146198830408283, 0.9356868403832265]
2020-10-16 04:18:31 | Iter | [ 66/120] train loss=0.25948
2020-10-16 04:18:31 | Test | [ 66/120] Train Acc=0.88755
2020-10-16 04:18:31 | Test | [ 66/120] Train Mean IU=0.71960
2020-10-16 04:18:31 | Test | [ 66/120] Train_class_acc=[0.9495124865648698, 0.9113796682995697, 0.771545148832455, 0.9709126474794334, 0.9463936722949657, 0.9237879581243978, 0.8965127736937942, 0.8833553973593102, 0.9532110714577751, 0.8869085992991074, 0.7944191278289623, 0.7626441389816722]
2020-10-16 04:19:03 | Iter | [ 66/120] valid loss=0.69958
2020-10-16 04:19:03 | Test | [ 66/120] Valid Acc=0.69747
2020-10-16 04:19:03 | Test | [ 66/120] Valid Mean IU=0.55039
2020-10-16 04:19:03 | Test | [ 66/120] Valid Class Acc=[0.9552086958849817, 0.905115781338247, 0.7293085186866288, 0.9616700048022296, 0.9772188262016865, 0.909032333645733, 0.934994462901429, 0.7407407407407045, 0.9802381838481543, 0.9156193895870184, 0.7592592592585562, 0.6385230479774173]
2020-10-16 04:24:28 | Iter | [ 67/120] train loss=0.23840
2020-10-16 04:24:28 | Test | [ 67/120] Train Acc=0.89411
2020-10-16 04:24:28 | Test | [ 67/120] Train Mean IU=0.73502
2020-10-16 04:24:28 | Test | [ 67/120] Train_class_acc=[0.953335387781932, 0.9178095415253612, 0.7921968471733019, 0.9744574312182668, 0.9497556269428935, 0.9246173068528496, 0.9082445261359753, 0.8116804136241507, 0.9657230402181287, 0.8903782239247092, 0.8650521865987701, 0.7760997917319569]
2020-10-16 04:25:00 | Iter | [ 67/120] valid loss=0.61280
2020-10-16 04:25:00 | Test | [ 67/120] Valid Acc=0.70140
2020-10-16 04:25:00 | Test | [ 67/120] Valid Mean IU=0.56514
2020-10-16 04:25:00 | Test | [ 67/120] Valid Class Acc=[0.9601927077200826, 0.9519477560938558, 0.8172494956287687, 0.9712614521471832, 0.9719752391671328, 0.8270689177968401, 0.9495515695067168, 0.9944633730834649, 0.9653681698991258, 0.9415112235219427, 0.7172774869106193, 0.745809678291425]
2020-10-16 04:30:24 | Iter | [ 68/120] train loss=0.23028
2020-10-16 04:30:24 | Test | [ 68/120] Train Acc=0.90240
2020-10-16 04:30:24 | Test | [ 68/120] Train Mean IU=0.74254
2020-10-16 04:30:24 | Test | [ 68/120] Train_class_acc=[0.9527252049403556, 0.922010599967347, 0.7985181472153107, 0.9749972953677364, 0.9526872277523514, 0.9255267458478171, 0.9111525201771352, 0.8847521015814437, 0.9647816587933775, 0.8958283884406416, 0.8656573375595906, 0.7801851577851759]
2020-10-16 04:30:56 | Iter | [ 68/120] valid loss=0.70968
2020-10-16 04:30:56 | Test | [ 68/120] Valid Acc=0.67675
2020-10-16 04:30:56 | Test | [ 68/120] Valid Mean IU=0.55394
2020-10-16 04:30:56 | Test | [ 68/120] Valid Class Acc=[0.9756556305525164, 0.9350350771171068, 0.7320640817274034, 0.9770130709988435, 0.979045053135754, 0.9558997486322623, 0.8953488372092775, 0.9361877315767418, 0.961309710135848, 0.8536395484624036, 0.0, 0.8309406088044268]
2020-10-16 04:36:23 | Iter | [ 69/120] train loss=0.22443
2020-10-16 04:36:23 | Test | [ 69/120] Train Acc=0.90188
2020-10-16 04:36:23 | Test | [ 69/120] Train Mean IU=0.74410
2020-10-16 04:36:23 | Test | [ 69/120] Train_class_acc=[0.9552331210673223, 0.9234642341269057, 0.811272499987598, 0.9755109436299751, 0.9537153312947261, 0.9256386907295067, 0.9164971624586695, 0.8925031838765634, 0.9661083039427912, 0.9011804193425, 0.8233943222540598, 0.778042298469511]
2020-10-16 04:36:56 | Iter | [ 69/120] valid loss=0.63675
2020-10-16 04:36:56 | Test | [ 69/120] Valid Acc=0.69953
2020-10-16 04:36:56 | Test | [ 69/120] Valid Mean IU=0.56033
2020-10-16 04:36:56 | Test | [ 69/120] Valid Class Acc=[0.9753130003908552, 0.9380529566537622, 0.8421052631578797, 0.9560712779148386, 0.9424110790933683, 0.9303786217929709, 0.8946750195771169, 0.9783715012722569, 0.9408720259150274, 0.9251533742330726, 0.9389067524114754, 0.8520756405952737]
2020-10-16 04:42:21 | Iter | [ 70/120] train loss=0.22242
2020-10-16 04:42:21 | Test | [ 70/120] Train Acc=0.90344
2020-10-16 04:42:21 | Test | [ 70/120] Train Mean IU=0.74695
2020-10-16 04:42:21 | Test | [ 70/120] Train_class_acc=[0.9537834522750579, 0.9244661249864433, 0.8163892601620101, 0.9753931228067346, 0.9529783451409558, 0.928140965775504, 0.9202080112312568, 0.83640314835549, 0.9665875867782328, 0.9056359629447496, 0.8841297973838066, 0.7771687142004227]
2020-10-16 04:42:53 | Iter | [ 70/120] valid loss=0.57743
2020-10-16 04:42:53 | Test | [ 70/120] Valid Acc=0.71052
2020-10-16 04:42:53 | Test | [ 70/120] Valid Mean IU=0.57538
2020-10-16 04:42:53 | Test | [ 70/120] Valid Class Acc=[0.9403039972960341, 0.8801912350597593, 0.8938811188811034, 0.9709100171187226, 0.8741961414790645, 0.9532614913650476, 0.8972312297330778, 0.41958041958036085, 0.9594830683831621, 0.9270893371757792, 0.960556844547452, 0.523848301535592]
2020-10-16 04:48:18 | Iter | [ 71/120] train loss=0.21860
2020-10-16 04:48:19 | Test | [ 71/120] Train Acc=0.90733
2020-10-16 04:48:19 | Test | [ 71/120] Train Mean IU=0.75189
2020-10-16 04:48:19 | Test | [ 71/120] Train_class_acc=[0.9549680533636359, 0.9257162749817209, 0.8102008728112955, 0.9767705525758185, 0.9564336033333649, 0.9273607627402554, 0.916443720135329, 0.8732047289332824, 0.9643959033436303, 0.9074647452041612, 0.8924660315287979, 0.7824908469625]
2020-10-16 04:48:51 | Iter | [ 71/120] valid loss=0.66796
2020-10-16 04:48:51 | Test | [ 71/120] Valid Acc=0.69422
2020-10-16 04:48:51 | Test | [ 71/120] Valid Mean IU=0.56990
2020-10-16 04:48:51 | Test | [ 71/120] Valid Class Acc=[0.9718049822627214, 0.9087403911647354, 0.8584403788763347, 0.9687781625005921, 0.9338440111420567, 0.9639665609685781, 0.893453902103392, 0.9537143956889825, 0.9867488957413084, 0.9071392910633818, 0.9338398227286823, 0.798960907305323]
2020-10-16 04:54:16 | Iter | [ 72/120] train loss=0.21710
2020-10-16 04:54:16 | Test | [ 72/120] Train Acc=0.89961
2020-10-16 04:54:16 | Test | [ 72/120] Train Mean IU=0.74914
2020-10-16 04:54:16 | Test | [ 72/120] Train_class_acc=[0.9541196072440701, 0.9262029098672657, 0.8183274563031798, 0.9765230171398617, 0.954768254801329, 0.9286943947422416, 0.9207792711418392, 0.8461123500024933, 0.9672326742773137, 0.8976302842326797, 0.8203756915422816, 0.784527492653169]
2020-10-16 04:54:49 | Iter | [ 72/120] valid loss=0.68913
2020-10-16 04:54:49 | Test | [ 72/120] Valid Acc=0.68633
2020-10-16 04:54:49 | Test | [ 72/120] Valid Mean IU=0.56015
2020-10-16 04:54:49 | Test | [ 72/120] Valid Class Acc=[0.9465757801682811, 0.9332239633421946, 0.8815143165208956, 0.9624619111119693, 0.9516749660479806, 0.8952586604168574, 0.9093333333333183, 0.9575284794452584, 0.9574618009197414, 0.8953321364452264, 0.9607682876991844, 0.7759795106533658]
2020-10-16 05:00:12 | Iter | [ 73/120] train loss=0.21319
2020-10-16 05:00:12 | Test | [ 73/120] Train Acc=0.90451
2020-10-16 05:00:12 | Test | [ 73/120] Train Mean IU=0.75140
2020-10-16 05:00:12 | Test | [ 73/120] Train_class_acc=[0.9546538651870415, 0.9287367435377291, 0.8257105855934129, 0.9762564193571194, 0.9550765313076744, 0.9273081275169974, 0.918245377452358, 0.8581807645703848, 0.9638497492105013, 0.9101670631857042, 0.8421583446701318, 0.793753368918107]
2020-10-16 05:00:45 | Iter | [ 73/120] valid loss=0.66500
2020-10-16 05:00:45 | Test | [ 73/120] Valid Acc=0.69370
2020-10-16 05:00:45 | Test | [ 73/120] Valid Mean IU=0.56761
2020-10-16 05:00:45 | Test | [ 73/120] Valid Class Acc=[0.9652230582380456, 0.9411077137438549, 0.7879848352289186, 0.9740772048464345, 0.9101094608041829, 0.9232160114723913, 0.8755038065382693, 0.0, 0.9278420835055786, 0.9152161706905976, 0.584615384614935, 0.8932504560502654]
2020-10-16 05:06:12 | Iter | [ 74/120] train loss=0.22175
2020-10-16 05:06:12 | Test | [ 74/120] Train Acc=0.90310
2020-10-16 05:06:12 | Test | [ 74/120] Train Mean IU=0.74595
2020-10-16 05:06:12 | Test | [ 74/120] Train_class_acc=[0.9527912641988826, 0.921059040846392, 0.8159512674846658, 0.9753409623955048, 0.954706916619709, 0.9246209392892731, 0.9140004512989053, 0.8566157115785054, 0.9642277769414289, 0.9036292353720384, 0.8699681889539043, 0.7843173701650323]
2020-10-16 05:06:44 | Iter | [ 74/120] valid loss=0.71819
2020-10-16 05:06:44 | Test | [ 74/120] Valid Acc=0.70184
2020-10-16 05:06:44 | Test | [ 74/120] Valid Mean IU=0.55451
2020-10-16 05:06:44 | Test | [ 74/120] Valid Class Acc=[0.9678633876699185, 0.9218361387591332, 0.8468665551408977, 0.9678641517662439, 0.9447404714142394, 0.8383509412979523, 0.919209039547997, 0.8884514435694951, 0.9651344998694145, 0.9016774193548153, 0.9706214689264988, 0.8986043182631464]
2020-10-16 05:12:11 | Iter | [ 75/120] train loss=0.23869
2020-10-16 05:12:11 | Test | [ 75/120] Train Acc=0.89711
2020-10-16 05:12:11 | Test | [ 75/120] Train Mean IU=0.73203
2020-10-16 05:12:11 | Test | [ 75/120] Train_class_acc=[0.951466357204414, 0.9173202616121623, 0.8016224814828349, 0.9698824136634884, 0.9457666701082349, 0.9249692082521254, 0.9086476332523127, 0.8480240005142138, 0.96200834797816, 0.8999789051189261, 0.8574839400852313, 0.7781187677986828]
2020-10-16 05:12:43 | Iter | [ 75/120] valid loss=0.96162
2020-10-16 05:12:43 | Test | [ 75/120] Valid Acc=0.65884
2020-10-16 05:12:43 | Test | [ 75/120] Valid Mean IU=0.49179
2020-10-16 05:12:43 | Test | [ 75/120] Valid Class Acc=[0.9616008799610504, 0.8937693313350967, 0.7418994413407547, 0.9784375102968789, 0.8643189509306214, 0.8782975928987111, 0.8712534059944909, 0.8587742672249684, 0.9680058171241537, 0.883649410558643, 0.9999999999984122, 0.7613030602171734]
2020-10-16 05:18:09 | Iter | [ 76/120] train loss=0.40191
2020-10-16 05:18:09 | Test | [ 76/120] Train Acc=0.81824
2020-10-16 05:18:09 | Test | [ 76/120] Train Mean IU=0.62194
2020-10-16 05:18:09 | Test | [ 76/120] Train_class_acc=[0.9470176040701456, 0.8532787656200422, 0.6849263577686762, 0.9583698213546701, 0.9226738914626178, 0.8811967487124837, 0.8063403765450573, 0.7507325798468187, 0.9267309645301616, 0.7678603455915322, 0.6552411425698442, 0.6645625907436851]
2020-10-16 05:18:42 | Iter | [ 76/120] valid loss=0.92527
2020-10-16 05:18:42 | Test | [ 76/120] Valid Acc=0.61533
2020-10-16 05:18:42 | Test | [ 76/120] Valid Mean IU=0.47638
2020-10-16 05:18:42 | Test | [ 76/120] Valid Class Acc=[0.9271768462888634, 0.842567707256561, 0.6581036898645182, 0.9533654504771898, 0.8546176923700569, 0.9041954884131441, 0.7449209932278225, 0.8743686868686803, 0.9327207600062267, 0.9432087079980629, 0.11475409836046765, 0.4538587614907683]
2020-10-16 05:24:08 | Iter | [ 77/120] train loss=0.33624
2020-10-16 05:24:08 | Test | [ 77/120] Train Acc=0.84603
2020-10-16 05:24:08 | Test | [ 77/120] Train Mean IU=0.66019
2020-10-16 05:24:08 | Test | [ 77/120] Train_class_acc=[0.9499523696899119, 0.8768390435361506, 0.7236904771092533, 0.9636450055953388, 0.9259858901554523, 0.9020002388903563, 0.8621438860752989, 0.7501201248999699, 0.9433711084595914, 0.8117917690155438, 0.7382372102822835, 0.7045557768551439]
2020-10-16 05:24:40 | Iter | [ 77/120] valid loss=0.65927
2020-10-16 05:24:40 | Test | [ 77/120] Valid Acc=0.69471
2020-10-16 05:24:40 | Test | [ 77/120] Valid Mean IU=0.54986
2020-10-16 05:24:40 | Test | [ 77/120] Valid Class Acc=[0.9235825538533645, 0.9397235007726684, 0.8537234042552436, 0.9725470316548376, 0.9042553191489092, 0.9582128596998453, 0.8999999999998697, 0.0, 0.9439037953565961, 0.7943402435011252, 0.0, 0.5877058923416439]
2020-10-16 05:30:05 | Iter | [ 78/120] train loss=0.24051
2020-10-16 05:30:05 | Test | [ 78/120] Train Acc=0.89552
2020-10-16 05:30:05 | Test | [ 78/120] Train Mean IU=0.73187
2020-10-16 05:30:05 | Test | [ 78/120] Train_class_acc=[0.9528642816474766, 0.9159614118609454, 0.7973726604245243, 0.9726881758736396, 0.9525642404161327, 0.9226464483994142, 0.9050420673707412, 0.8499279405542448, 0.9612243241868386, 0.8832269721793707, 0.8607239844223488, 0.7720271157565797]
2020-10-16 05:30:38 | Iter | [ 78/120] valid loss=0.60510
2020-10-16 05:30:38 | Test | [ 78/120] Valid Acc=0.71602
2020-10-16 05:30:38 | Test | [ 78/120] Valid Mean IU=0.57371
2020-10-16 05:30:38 | Test | [ 78/120] Valid Class Acc=[0.9201069393793871, 0.9329850226401933, 0.6272727272727076, 0.9818135463584595, 0.9505538090901052, 0.9526555486386419, 0.9351851851851477, 0.9637431638646763, 0.9187645441083039, 0.8501428447753372, 0.9232522796351884, 0.8200610797320353]
2020-10-16 05:36:06 | Iter | [ 79/120] train loss=0.21708
2020-10-16 05:36:06 | Test | [ 79/120] Train Acc=0.90292
2020-10-16 05:36:06 | Test | [ 79/120] Train Mean IU=0.74855
2020-10-16 05:36:06 | Test | [ 79/120] Train_class_acc=[0.953735814144671, 0.9235301750333081, 0.8227253826804429, 0.975488372062842, 0.9549418957288793, 0.9261201880740033, 0.9184363122319587, 0.8479441475546025, 0.9644939134528366, 0.911568068023711, 0.856715387236197, 0.779329003742857]
2020-10-16 05:36:38 | Iter | [ 79/120] valid loss=0.69769
2020-10-16 05:36:38 | Test | [ 79/120] Valid Acc=0.69360
2020-10-16 05:36:38 | Test | [ 79/120] Valid Mean IU=0.55910
2020-10-16 05:36:38 | Test | [ 79/120] Valid Class Acc=[0.9689383138484933, 0.9406817175741472, 0.9052254098360423, 0.9679850122017821, 0.9745317496573725, 0.9369030475798612, 0.9696472518457354, 0.0, 0.9738840627219566, 0.9287749287746647, 0.0, 0.7939279534371493]
2020-10-16 05:42:05 | Iter | [ 80/120] train loss=0.20474
2020-10-16 05:42:05 | Test | [ 80/120] Train Acc=0.90964
2020-10-16 05:42:05 | Test | [ 80/120] Train Mean IU=0.75668
2020-10-16 05:42:05 | Test | [ 80/120] Train_class_acc=[0.9549478019285146, 0.9289181521159509, 0.8368260818401241, 0.9764025135040254, 0.9555858435865684, 0.9330941434265348, 0.9274369496670359, 0.8480309954799911, 0.966058352463355, 0.916685262335084, 0.8787279144698242, 0.7930242923661942]
2020-10-16 05:42:37 | Iter | [ 80/120] valid loss=0.69539
2020-10-16 05:42:37 | Test | [ 80/120] Valid Acc=0.68138
2020-10-16 05:42:37 | Test | [ 80/120] Valid Mean IU=0.55695
2020-10-16 05:42:37 | Test | [ 80/120] Valid Class Acc=[0.9556192738050411, 0.9400839699107808, 0.7104950495049225, 0.9772381469908968, 0.9669289432272096, 0.9293510617185915, 0.9372804816858772, 0.9880941087183331, 0.9701798315501831, 0.8671328671328239, 0.9452332657199849, 0.7178187403993802]
2020-10-16 05:48:03 | Iter | [ 81/120] train loss=0.19758
2020-10-16 05:48:03 | Test | [ 81/120] Train Acc=0.91131
2020-10-16 05:48:03 | Test | [ 81/120] Train Mean IU=0.76255
2020-10-16 05:48:03 | Test | [ 81/120] Train_class_acc=[0.955877234729867, 0.9320866230576547, 0.8450399353667603, 0.9768491731382233, 0.9566702030976787, 0.9314784439599346, 0.9304378564373532, 0.8464527446403504, 0.9667305767834264, 0.9133261574015669, 0.8849507425453796, 0.7958310690586149]
2020-10-16 05:48:36 | Iter | [ 81/120] valid loss=0.68089
2020-10-16 05:48:36 | Test | [ 81/120] Valid Acc=0.70294
2020-10-16 05:48:36 | Test | [ 81/120] Valid Mean IU=0.56539
2020-10-16 05:48:36 | Test | [ 81/120] Valid Class Acc=[0.9116976981695332, 0.8942835892952664, 0.903202846975024, 0.9769196546665703, 0.9224911921809196, 0.9406638234748738, 0.9821859903381489, 0.9491640088914571, 0.9869608093794476, 0.7924812030073993, 0.9236641221370514, 0.7575832184360807]
2020-10-16 05:54:01 | Iter | [ 82/120] train loss=0.19453
2020-10-16 05:54:01 | Test | [ 82/120] Train Acc=0.91750
2020-10-16 05:54:01 | Test | [ 82/120] Train Mean IU=0.76559
2020-10-16 05:54:01 | Test | [ 82/120] Train_class_acc=[0.9562671545551895, 0.9319786599516233, 0.8482031255968133, 0.9776287630021188, 0.9581578289348096, 0.9341300670105767, 0.9344118346498623, 0.8643420114744039, 0.9690967349543549, 0.9175655576295263, 0.9181068171385423, 0.8001158730824206]
2020-10-16 05:54:34 | Iter | [ 82/120] valid loss=0.80658
2020-10-16 05:54:34 | Test | [ 82/120] Valid Acc=0.66927
2020-10-16 05:54:34 | Test | [ 82/120] Valid Mean IU=0.54858
2020-10-16 05:54:34 | Test | [ 82/120] Valid Class Acc=[0.9742294289736686, 0.9352909725348936, 0.8672627235213058, 0.9805956445272085, 0.9644567565029539, 0.8998426660945401, 0.9561807153315104, 0.966606498194859, 0.965825229326157, 0.8570183086311368, 0.9874476987447014, 0.7847277345610348]
2020-10-16 05:59:59 | Iter | [ 83/120] train loss=0.19088
2020-10-16 05:59:59 | Test | [ 83/120] Train Acc=0.91523
2020-10-16 05:59:59 | Test | [ 83/120] Train Mean IU=0.77077
2020-10-16 05:59:59 | Test | [ 83/120] Train_class_acc=[0.956834921479115, 0.9332082549508718, 0.8522070749962131, 0.9781809385290569, 0.9587211856444816, 0.932355550486812, 0.9314223644058898, 0.8645216839050791, 0.9692414106680769, 0.9221882291535708, 0.8854563125655647, 0.7983793985225245]
2020-10-16 06:00:31 | Iter | [ 83/120] valid loss=0.68262
2020-10-16 06:00:31 | Test | [ 83/120] Valid Acc=0.69777
2020-10-16 06:00:31 | Test | [ 83/120] Valid Mean IU=0.57046
2020-10-16 06:00:31 | Test | [ 83/120] Valid Class Acc=[0.953311293590698, 0.9380413057961359, 0.761408083441932, 0.9891341986172967, 0.9566766260629685, 0.9871645742248563, 0.9714777477255724, 0.9621641381831302, 0.985630999352214, 0.9229104679469592, 0.743589743589471, 0.9555179891740504]
2020-10-16 06:05:58 | Iter | [ 84/120] train loss=0.18899
2020-10-16 06:05:58 | Test | [ 84/120] Train Acc=0.91526
2020-10-16 06:05:58 | Test | [ 84/120] Train Mean IU=0.76837
2020-10-16 06:05:58 | Test | [ 84/120] Train_class_acc=[0.9564833100171001, 0.9342509364069771, 0.8572720579169651, 0.9782455984894856, 0.9577999538890347, 0.9328583063127462, 0.9361766573916752, 0.8522746215693663, 0.9712559959491512, 0.9230158959868453, 0.8854519642290768, 0.7980010625632815]
2020-10-16 06:06:31 | Iter | [ 84/120] valid loss=0.73410
2020-10-16 06:06:31 | Test | [ 84/120] Valid Acc=0.67020
2020-10-16 06:06:31 | Test | [ 84/120] Valid Mean IU=0.55824
2020-10-16 06:06:31 | Test | [ 84/120] Valid Class Acc=[0.9635259602920099, 0.9398450219735822, 0.8771874999999729, 0.9817648612211418, 0.9690666225548945, 0.922272524389463, 0.9591403555319464, 0.9842449464922571, 0.9876671347457051, 0.8695416817033402, 0.9623493975902164, 0.9008988112496351]
2020-10-16 06:11:58 | Iter | [ 85/120] train loss=0.19158
2020-10-16 06:11:58 | Test | [ 85/120] Train Acc=0.91308
2020-10-16 06:11:58 | Test | [ 85/120] Train Mean IU=0.76314
2020-10-16 06:11:58 | Test | [ 85/120] Train_class_acc=[0.9580418655772824, 0.9336564347752073, 0.8530697943641126, 0.9769413722974946, 0.9575595875667906, 0.9324784244554389, 0.9323725346125825, 0.8588495101504543, 0.9669066829219249, 0.9213547474882502, 0.8661878081869301, 0.7995659903972043]
2020-10-16 06:12:30 | Iter | [ 85/120] valid loss=0.72615
2020-10-16 06:12:30 | Test | [ 85/120] Valid Acc=0.68540
2020-10-16 06:12:30 | Test | [ 85/120] Valid Mean IU=0.55469
2020-10-16 06:12:30 | Test | [ 85/120] Valid Class Acc=[0.9716687000135532, 0.9344493130471545, 0.9143011624763203, 0.9875818188466743, 0.9810405348000064, 0.9383651083833654, 0.9517287087153327, 0.9852875613017843, 0.9791112652715117, 0.9384832120215795, 0.9230769230761344, 0.8627995474647653]
2020-10-16 06:17:56 | Iter | [ 86/120] train loss=0.20206
2020-10-16 06:17:56 | Test | [ 86/120] Train Acc=0.91015
2020-10-16 06:17:56 | Test | [ 86/120] Train Mean IU=0.75678
2020-10-16 06:17:56 | Test | [ 86/120] Train_class_acc=[0.95595161156085, 0.929699596342893, 0.845020446957981, 0.9769788866753658, 0.953731429276003, 0.9303519403059587, 0.9263874924064534, 0.877799704275666, 0.9660021381801256, 0.9122928045114232, 0.8543024093968394, 0.7932318647271114]
2020-10-16 06:18:29 | Iter | [ 86/120] valid loss=0.72605
2020-10-16 06:18:29 | Test | [ 86/120] Valid Acc=0.68210
2020-10-16 06:18:29 | Test | [ 86/120] Valid Mean IU=0.55913
2020-10-16 06:18:29 | Test | [ 86/120] Valid Class Acc=[0.935394161522633, 0.8965204734572793, 0.6813084112149214, 0.9670876447112027, 0.9118513482891257, 0.9275586625255772, 0.8549141965678186, 0.9099462365590786, 0.9735050474561466, 0.9285182427400649, 0.0, 0.8000239205836575]
2020-10-16 06:24:06 | Iter | [ 87/120] train loss=0.19615
2020-10-16 06:24:06 | Test | [ 87/120] Train Acc=0.91011
2020-10-16 06:24:06 | Test | [ 87/120] Train Mean IU=0.75666
2020-10-16 06:24:06 | Test | [ 87/120] Train_class_acc=[0.9565562171218985, 0.9307634965486701, 0.8505736151208222, 0.9771907205770056, 0.9565023210365825, 0.9309409883889082, 0.9300158481291078, 0.8675505093452287, 0.9643191182892535, 0.9008397984125449, 0.8603129283825075, 0.7957360810791912]
2020-10-16 06:24:38 | Iter | [ 87/120] valid loss=0.68069
2020-10-16 06:24:38 | Test | [ 87/120] Valid Acc=0.69171
2020-10-16 06:24:38 | Test | [ 87/120] Valid Mean IU=0.57551
2020-10-16 06:24:38 | Test | [ 87/120] Valid Class Acc=[0.8977474334695498, 0.915110283586364, 0.8982869379014745, 0.9861633098417075, 0.9549760619333714, 0.9209625581584219, 0.9273618538324289, 0.9749670619234545, 0.9730972117558363, 0.9194690265485905, 0.9911838790931571, 0.6806040682144991]
2020-10-16 06:29:31 | Iter | [ 88/120] train loss=0.18766
2020-10-16 06:29:31 | Test | [ 88/120] Train Acc=0.91975
2020-10-16 06:29:31 | Test | [ 88/120] Train Mean IU=0.77273
2020-10-16 06:29:31 | Test | [ 88/120] Train_class_acc=[0.9576481978763897, 0.9344895178798968, 0.8620317297877511, 0.9782538339836762, 0.9563442359998825, 0.9336163700030736, 0.9355517576537479, 0.882453418214112, 0.9662397219812343, 0.9210800444846692, 0.9039665730291174, 0.8052866555629076]
2020-10-16 06:30:00 | Iter | [ 88/120] valid loss=0.67913
2020-10-16 06:30:00 | Test | [ 88/120] Valid Acc=0.70958
2020-10-16 06:30:00 | Test | [ 88/120] Valid Mean IU=0.56505
2020-10-16 06:30:00 | Test | [ 88/120] Valid Class Acc=[0.9523813928535078, 0.9355844731509607, 0.9000819000818876, 0.9757645178476293, 0.8829029385574155, 0.8943562056626273, 0.9653762825491514, 0.9147368421051671, 0.9721558383815878, 0.9384203480587769, 0.6600566572236093, 0.7070554717613482]
2020-10-16 06:35:04 | Iter | [ 89/120] train loss=0.18767
2020-10-16 06:35:04 | Test | [ 89/120] Train Acc=0.91611
2020-10-16 06:35:04 | Test | [ 89/120] Train Mean IU=0.76961
2020-10-16 06:35:04 | Test | [ 89/120] Train_class_acc=[0.9578115034731703, 0.9334443916315077, 0.8594394148598866, 0.9781524668460095, 0.9586572885871391, 0.9336204898001216, 0.9336818325408652, 0.8601721522223352, 0.9678811859745156, 0.9195662862871833, 0.8890012389734193, 0.8018723063151733]
2020-10-16 06:35:34 | Iter | [ 89/120] valid loss=0.69930
2020-10-16 06:35:34 | Test | [ 89/120] Valid Acc=0.68257
2020-10-16 06:35:34 | Test | [ 89/120] Valid Mean IU=0.56429
2020-10-16 06:35:34 | Test | [ 89/120] Valid Class Acc=[0.9623476425939328, 0.9484038628543063, 0.8672063627325538, 0.9713965017304271, 0.9616202876350914, 0.9800476639139786, 0.8919208132691037, 0.9304589707926387, 0.9730982008646987, 0.9359336725079903, 0.9790076335875993, 0.7726498373857709]
2020-10-16 06:40:59 | Iter | [ 90/120] train loss=0.18292
2020-10-16 06:40:59 | Test | [ 90/120] Train Acc=0.91825
2020-10-16 06:40:59 | Test | [ 90/120] Train Mean IU=0.77289
2020-10-16 06:40:59 | Test | [ 90/120] Train_class_acc=[0.9579130368439495, 0.9356910318158963, 0.8692192941747602, 0.9787822023714202, 0.961152470794554, 0.9317195813263713, 0.9382464448638175, 0.8586101820601719, 0.9679079419407062, 0.922895137727662, 0.8901144536727167, 0.8066909068621875]
2020-10-16 06:41:32 | Iter | [ 90/120] valid loss=0.75594
2020-10-16 06:41:32 | Test | [ 90/120] Valid Acc=0.67695
2020-10-16 06:41:32 | Test | [ 90/120] Valid Mean IU=0.55659
2020-10-16 06:41:32 | Test | [ 90/120] Valid Class Acc=[0.9389507513463967, 0.9396585686145756, 0.9146031746031451, 0.9767860475476648, 0.9537875804122227, 0.9382725434448778, 0.9506505159263814, 0.9466950959488126, 0.9807240704500944, 0.9466403162054712, 0.9545923632610449, 0.8016141235813331]
2020-10-16 06:46:56 | Iter | [ 91/120] train loss=0.18418
2020-10-16 06:46:56 | Test | [ 91/120] Train Acc=0.91507
2020-10-16 06:46:56 | Test | [ 91/120] Train Mean IU=0.77253
2020-10-16 06:46:56 | Test | [ 91/120] Train_class_acc=[0.9581548672932708, 0.9344072814684294, 0.8626902846739892, 0.978669551272596, 0.9593005155947256, 0.934561408194857, 0.9371389902444539, 0.8344538463698323, 0.9680435184345544, 0.9193355771894238, 0.8916560194906064, 0.8024619433098134]
2020-10-16 06:47:28 | Iter | [ 91/120] valid loss=0.65971
2020-10-16 06:47:28 | Test | [ 91/120] Valid Acc=0.71446
2020-10-16 06:47:28 | Test | [ 91/120] Valid Mean IU=0.57055
2020-10-16 06:47:28 | Test | [ 91/120] Valid Class Acc=[0.9742169925592645, 0.9337274665632868, 0.7305113160100281, 0.9873819608774024, 0.9531304247193583, 0.9102111762569389, 0.9413580246913219, 0.9395809229978089, 0.9527523958101123, 0.9076396807296565, 0.9735612138123411, 0.8548265959796738]
2020-10-16 06:52:53 | Iter | [ 92/120] train loss=0.18851
2020-10-16 06:52:53 | Test | [ 92/120] Train Acc=0.91728
2020-10-16 06:52:53 | Test | [ 92/120] Train Mean IU=0.76884
2020-10-16 06:52:53 | Test | [ 92/120] Train_class_acc=[0.9568268469068942, 0.9316050022950391, 0.8643458572901868, 0.9781265088863254, 0.9590527611826655, 0.9311685345677531, 0.9355264026923302, 0.8613440444572333, 0.9684746846544934, 0.9175828512348466, 0.8982452920784404, 0.8051097698971091]
2020-10-16 06:53:25 | Iter | [ 92/120] valid loss=0.69023
2020-10-16 06:53:25 | Test | [ 92/120] Valid Acc=0.68451
2020-10-16 06:53:25 | Test | [ 92/120] Valid Mean IU=0.56257
2020-10-16 06:53:25 | Test | [ 92/120] Valid Class Acc=[0.9758519410615306, 0.9193993150083417, 0.8808690580343993, 0.9658993401781222, 0.9540466392318186, 0.9126878564111961, 0.9147472808701063, 0.0, 0.9522717247463593, 0.9652327637006196, 0.7941787941787115, 0.8570322705500953]
2020-10-16 06:58:50 | Iter | [ 93/120] train loss=0.19842
2020-10-16 06:58:50 | Test | [ 93/120] Train Acc=0.91279
2020-10-16 06:58:50 | Test | [ 93/120] Train Mean IU=0.76000
2020-10-16 06:58:50 | Test | [ 93/120] Train_class_acc=[0.9557703317770299, 0.9303638735374639, 0.8567902254129001, 0.9723171358185974, 0.9500787071012468, 0.9313443501291886, 0.929499974561654, 0.8892129055009801, 0.9680640630603431, 0.9133260038305611, 0.8650555208368472, 0.7916780849940038]
2020-10-16 06:59:22 | Iter | [ 93/120] valid loss=0.82163
2020-10-16 06:59:22 | Test | [ 93/120] Valid Acc=0.67778
2020-10-16 06:59:22 | Test | [ 93/120] Valid Mean IU=0.54126
2020-10-16 06:59:22 | Test | [ 93/120] Valid Class Acc=[0.9416871337207874, 0.9282829020843978, 0.832525177172666, 0.9749623581640099, 0.9467425771115534, 0.9629585658316494, 0.8123539232053149, 0.9585663973482293, 0.9905978651623204, 0.9442666164563932, 0.0, 0.8831263442725292]
2020-10-16 07:04:45 | Iter | [ 94/120] train loss=0.19711
2020-10-16 07:04:45 | Test | [ 94/120] Train Acc=0.90949
2020-10-16 07:04:45 | Test | [ 94/120] Train Mean IU=0.75854
2020-10-16 07:04:45 | Test | [ 94/120] Train_class_acc=[0.9565071230064067, 0.9292586352767043, 0.8555203655210439, 0.976398924137797, 0.9537152118708261, 0.9283357762244075, 0.9322982646597148, 0.8675024627734262, 0.9626661412269193, 0.9109672020786409, 0.8494770922839175, 0.7912473525123037]
2020-10-16 07:05:17 | Iter | [ 94/120] valid loss=0.70926
2020-10-16 07:05:17 | Test | [ 94/120] Valid Acc=0.69074
2020-10-16 07:05:17 | Test | [ 94/120] Valid Mean IU=0.56001
2020-10-16 07:05:17 | Test | [ 94/120] Valid Class Acc=[0.9750667340018744, 0.938901788926316, 0.8802844725404808, 0.9729407707020348, 0.9740925184950601, 0.9339241159769384, 0.9207023506088666, 0.9999999999990096, 0.977056254275638, 0.9621540513504347, 0.8686868686867227, 0.8829222827645477]
2020-10-16 07:10:45 | Iter | [ 95/120] train loss=0.18488
2020-10-16 07:10:45 | Test | [ 95/120] Train Acc=0.91904
2020-10-16 07:10:45 | Test | [ 95/120] Train Mean IU=0.76981
2020-10-16 07:10:45 | Test | [ 95/120] Train_class_acc=[0.9584234306055426, 0.9347589306803691, 0.867965124839633, 0.977583473817239, 0.9602125921650746, 0.9341647685763997, 0.9328672366859493, 0.8635292633998205, 0.9687517892040077, 0.9262824606412545, 0.9004685987173456, 0.8034826916056607]
2020-10-16 07:11:18 | Iter | [ 95/120] valid loss=0.67679
2020-10-16 07:11:18 | Test | [ 95/120] Valid Acc=0.70145
2020-10-16 07:11:18 | Test | [ 95/120] Valid Mean IU=0.56362
2020-10-16 07:11:18 | Test | [ 95/120] Valid Class Acc=[0.9225378186818991, 0.956010469677082, 0.8771110312612128, 0.9684517140936582, 0.9732278343810858, 0.9311604584527193, 0.9467223818229239, 0.9846298619824189, 0.9715960597087062, 0.9233480176210638, 0.9525773195874329, 0.7421207658320947]
2020-10-16 07:16:39 | Iter | [ 96/120] train loss=0.17828
2020-10-16 07:16:40 | Test | [ 96/120] Train Acc=0.91622
2020-10-16 07:16:40 | Test | [ 96/120] Train Mean IU=0.77123
2020-10-16 07:16:40 | Test | [ 96/120] Train_class_acc=[0.9586758583196019, 0.9372004039042154, 0.873275689273998, 0.9786114367705536, 0.9604132428954573, 0.9341544660859143, 0.9391636364192427, 0.8647991854386621, 0.9703977554904779, 0.9146389357104107, 0.8544769998386463, 0.808818054502746]
2020-10-16 07:17:12 | Iter | [ 96/120] valid loss=0.67316
2020-10-16 07:17:12 | Test | [ 96/120] Valid Acc=0.69402
2020-10-16 07:17:12 | Test | [ 96/120] Valid Mean IU=0.56972
2020-10-16 07:17:12 | Test | [ 96/120] Valid Class Acc=[0.9661343054711675, 0.9596629518890996, 0.8919254658384903, 0.9895199478592891, 0.9347686079676054, 0.9371396668413718, 0.974711379879028, 0.9626589935585096, 0.9697601300031763, 0.9249999999999428, 0.8333333333320708, 0.6713050811722394]
2020-10-16 07:22:34 | Iter | [ 97/120] train loss=0.18442
2020-10-16 07:22:34 | Test | [ 97/120] Train Acc=0.91821
2020-10-16 07:22:34 | Test | [ 97/120] Train Mean IU=0.77142
2020-10-16 07:22:34 | Test | [ 97/120] Train_class_acc=[0.9583555539752026, 0.9343701611805947, 0.8689836773636385, 0.9785454499481052, 0.9572133165298924, 0.9336451852245133, 0.9377705116132582, 0.8803446667857876, 0.9691186431898369, 0.9240638418970599, 0.8713941198140823, 0.8046855290369017]
2020-10-16 07:23:07 | Iter | [ 97/120] valid loss=0.78908
2020-10-16 07:23:07 | Test | [ 97/120] Valid Acc=0.65964
2020-10-16 07:23:07 | Test | [ 97/120] Valid Mean IU=0.54864
2020-10-16 07:23:07 | Test | [ 97/120] Valid Class Acc=[0.9582664998896318, 0.9506934711210586, 0.8939303778637181, 0.9817947071441252, 0.9555727518947562, 0.9327054553819007, 0.9198379395167062, 0.9924678462303629, 0.9358974358974282, 0.9306015693112311, 0.9766990291260241, 0.769536361936807]
2020-10-16 07:28:34 | Iter | [ 98/120] train loss=0.19524
2020-10-16 07:28:34 | Test | [ 98/120] Train Acc=0.91114
2020-10-16 07:28:34 | Test | [ 98/120] Train Mean IU=0.75826
2020-10-16 07:28:34 | Test | [ 98/120] Train_class_acc=[0.9558330204679477, 0.9303207081961327, 0.8610894111987488, 0.9760039437296576, 0.9560182905968054, 0.9314376886695586, 0.9279287767579708, 0.8611403121669544, 0.9636345107388149, 0.9124664099783475, 0.8587890889173061, 0.7989656813704578]
2020-10-16 07:29:07 | Iter | [ 98/120] valid loss=0.82802
2020-10-16 07:29:07 | Test | [ 98/120] Valid Acc=0.67851
2020-10-16 07:29:07 | Test | [ 98/120] Valid Mean IU=0.52576
2020-10-16 07:29:07 | Test | [ 98/120] Valid Class Acc=[0.9522919263259932, 0.7951761744966426, 0.7073112645867892, 0.9402884645338146, 0.9178455548345188, 0.918764767294906, 0.966216216216175, 0.9471261654667662, 0.9522721502919469, 0.8944860449284622, 0.9899244332491212, 0.7865711429523448]
