2020-10-23 18:21:05 | Conf | use logdir run/crackSegmentationSimple/2020-10-23-18-21-2765
2020-10-23 18:21:05 | Conf | use dataset crackSegmentationSimple
2020-10-23 18:21:05 | Conf | use augmentation True
2020-10-23 18:21:05 | Conf | use image size (448, 448)
2020-10-23 18:21:05 | Conf | use batch_size 4
2020-10-23 18:21:05 | Conf | use model deeplabv3
2020-10-23 18:21:06 | Conf | use GPU [0]
2020-10-23 18:21:06 | Conf | use optimizer Adam, lr=0.0001, weight_decay=0.001
2020-10-23 18:21:06 | Conf | use step_lr_scheduler every 40 steps decay 0.1
2020-10-23 18:21:06 | Conf | use loss function crossentropyloss2D
2020-10-23 18:21:06 | Conf | use epoch 60
2020-10-23 18:27:48 | Iter | [  1/60] train loss=0.68758
2020-10-23 18:27:48 | Test | [  1/60] Train Acc=0.62474
2020-10-23 18:27:48 | Test | [  1/60] Train Mean IU=0.28148
2020-10-23 18:27:48 | Test | [  1/60] Train_class_acc=[0.5506654213587442, 0.6988167464414756]
2020-10-23 18:29:04 | Iter | [  1/60] valid loss=0.72693
2020-10-23 18:29:04 | Test | [  1/60] Valid Acc=0.50000
2020-10-23 18:29:04 | Test | [  1/60] Valid Mean IU=0.00508
2020-10-23 18:29:04 | Test | [  1/60] Valid Class Acc=[0.617319555597873, 0.7554112554112227]
2020-10-23 18:35:45 | Iter | [  2/60] train loss=0.57226
2020-10-23 18:35:45 | Test | [  2/60] Train Acc=0.70317
2020-10-23 18:35:45 | Test | [  2/60] Train Mean IU=0.42195
2020-10-23 18:35:45 | Test | [  2/60] Train_class_acc=[0.8128070922529139, 0.593534871046659]
2020-10-23 18:37:01 | Iter | [  2/60] valid loss=0.71432
2020-10-23 18:37:01 | Test | [  2/60] Valid Acc=0.50008
2020-10-23 18:37:01 | Test | [  2/60] Valid Mean IU=0.00538
2020-10-23 18:37:01 | Test | [  2/60] Valid Class Acc=[0.9425155144571381, 0.5072732900030793]
2020-10-23 18:43:59 | Iter | [  3/60] train loss=0.44277
2020-10-23 18:43:59 | Test | [  3/60] Train Acc=0.65641
2020-10-23 18:43:59 | Test | [  3/60] Train Mean IU=0.49937
2020-10-23 18:43:59 | Test | [  3/60] Train_class_acc=[0.945739964552899, 0.3670864015452971]
2020-10-23 18:45:21 | Iter | [  3/60] valid loss=0.59852
2020-10-23 18:45:21 | Test | [  3/60] Valid Acc=0.49572
2020-10-23 18:45:21 | Test | [  3/60] Valid Mean IU=0.48856
2020-10-23 18:45:21 | Test | [  3/60] Valid Class Acc=[0.9914684883274774, 0.17351942663145328]
2020-10-23 18:52:40 | Iter | [  4/60] train loss=0.32707
2020-10-23 18:52:40 | Test | [  4/60] Train Acc=0.57779
2020-10-23 18:52:40 | Test | [  4/60] Train Mean IU=0.53569
2020-10-23 18:52:40 | Test | [  4/60] Train_class_acc=[0.9901506879593943, 0.16542085839347329]
2020-10-23 18:53:55 | Iter | [  4/60] valid loss=0.43932
2020-10-23 18:53:55 | Test | [  4/60] Valid Acc=0.49999
2020-10-23 18:53:55 | Test | [  4/60] Valid Mean IU=0.49490
2020-10-23 18:53:55 | Test | [  4/60] Valid Class Acc=[0.9816344452787922, 0.050742429556880034]
2020-10-23 19:00:36 | Iter | [  5/60] train loss=0.22799
2020-10-23 19:00:36 | Test | [  5/60] Train Acc=0.52116
2020-10-23 19:00:36 | Test | [  5/60] Train Mean IU=0.50958
2020-10-23 19:00:36 | Test | [  5/60] Train_class_acc=[0.9973150444850193, 0.04500125341732882]
2020-10-23 19:01:51 | Iter | [  5/60] valid loss=0.36003
2020-10-23 19:01:51 | Test | [  5/60] Valid Acc=0.50000
2020-10-23 19:01:51 | Test | [  5/60] Valid Mean IU=0.49492
2020-10-23 19:01:51 | Test | [  5/60] Valid Class Acc=[0.9999999999999997, 0.0]
2020-10-23 19:09:24 | Iter | [  6/60] train loss=0.18400
2020-10-23 19:09:24 | Test | [  6/60] Train Acc=0.52489
2020-10-23 19:09:24 | Test | [  6/60] Train Mean IU=0.51487
2020-10-23 19:09:24 | Test | [  6/60] Train_class_acc=[0.9991391744624526, 0.050645433939349206]
2020-10-23 19:10:40 | Iter | [  6/60] valid loss=0.27697
2020-10-23 19:10:40 | Test | [  6/60] Valid Acc=0.50000
2020-10-23 19:10:40 | Test | [  6/60] Valid Mean IU=0.49492
2020-10-23 19:10:40 | Test | [  6/60] Valid Class Acc=[0.9999999999999997, 0.0]
2020-10-23 19:17:51 | Iter | [  7/60] train loss=0.15664
2020-10-23 19:17:51 | Test | [  7/60] Train Acc=0.50906
2020-10-23 19:17:51 | Test | [  7/60] Train Mean IU=0.50309
2020-10-23 19:17:51 | Test | [  7/60] Train_class_acc=[0.9987277816751498, 0.019391315627109853]
2020-10-23 19:19:11 | Iter | [  7/60] valid loss=0.26336
2020-10-23 19:19:11 | Test | [  7/60] Valid Acc=0.50008
2020-10-23 19:19:11 | Test | [  7/60] Valid Mean IU=0.49500
2020-10-23 19:19:11 | Test | [  7/60] Valid Class Acc=[0.9993326778973748, 0.02990675460541244]
2020-10-23 19:26:23 | Iter | [  8/60] train loss=0.13381
2020-10-23 19:26:23 | Test | [  8/60] Train Acc=0.51576
2020-10-23 19:26:23 | Test | [  8/60] Train Mean IU=0.50897
2020-10-23 19:26:23 | Test | [  8/60] Train_class_acc=[0.9987402881355453, 0.032789330113501804]
2020-10-23 19:27:44 | Iter | [  8/60] valid loss=0.24522
2020-10-23 19:27:44 | Test | [  8/60] Valid Acc=0.50129
2020-10-23 19:27:44 | Test | [  8/60] Valid Mean IU=0.49621
2020-10-23 19:27:44 | Test | [  8/60] Valid Class Acc=[0.9989184631637584, 0.08927955877283388]
2020-10-23 19:34:57 | Iter | [  9/60] train loss=0.12004
2020-10-23 19:34:57 | Test | [  9/60] Train Acc=0.51173
2020-10-23 19:34:57 | Test | [  9/60] Train Mean IU=0.50477
2020-10-23 19:34:57 | Test | [  9/60] Train_class_acc=[0.9992512410173381, 0.024206370137086205]
2020-10-23 19:36:17 | Iter | [  9/60] valid loss=0.22586
2020-10-23 19:36:17 | Test | [  9/60] Valid Acc=0.50360
2020-10-23 19:36:17 | Test | [  9/60] Valid Mean IU=0.49849
2020-10-23 19:36:17 | Test | [  9/60] Valid Class Acc=[0.9979460963275798, 0.12794398472310223]
2020-10-23 19:43:30 | Iter | [ 10/60] train loss=0.11112
2020-10-23 19:43:30 | Test | [ 10/60] Train Acc=0.51157
2020-10-23 19:43:30 | Test | [ 10/60] Train Mean IU=0.50376
2020-10-23 19:43:30 | Test | [ 10/60] Train_class_acc=[0.9994727439072862, 0.023658385759394645]
2020-10-23 19:44:49 | Iter | [ 10/60] valid loss=0.21692
2020-10-23 19:44:49 | Test | [ 10/60] Valid Acc=0.50807
2020-10-23 19:44:49 | Test | [ 10/60] Valid Mean IU=0.50282
2020-10-23 19:44:49 | Test | [ 10/60] Valid Class Acc=[0.9969697502240674, 0.13070203817534357]
2020-10-23 19:52:02 | Iter | [ 11/60] train loss=0.10841
2020-10-23 19:52:02 | Test | [ 11/60] Train Acc=0.50778
2020-10-23 19:52:02 | Test | [ 11/60] Train Mean IU=0.50214
2020-10-23 19:52:02 | Test | [ 11/60] Train_class_acc=[0.9997068708687817, 0.0158584298815064]
2020-10-23 19:53:22 | Iter | [ 11/60] valid loss=0.19983
2020-10-23 19:53:22 | Test | [ 11/60] Valid Acc=0.51771
2020-10-23 19:53:22 | Test | [ 11/60] Valid Mean IU=0.51200
2020-10-23 19:53:22 | Test | [ 11/60] Valid Class Acc=[0.9987292352445836, 0.02941794494641701]
2020-10-23 20:00:34 | Iter | [ 12/60] train loss=0.09625
2020-10-23 20:00:34 | Test | [ 12/60] Train Acc=0.50335
2020-10-23 20:00:34 | Test | [ 12/60] Train Mean IU=0.49826
2020-10-23 20:00:34 | Test | [ 12/60] Train_class_acc=[0.9995534393753617, 0.007142745545274856]
2020-10-23 20:01:53 | Iter | [ 12/60] valid loss=0.18384
2020-10-23 20:01:53 | Test | [ 12/60] Valid Acc=0.52002
2020-10-23 20:01:53 | Test | [ 12/60] Valid Mean IU=0.51419
2020-10-23 20:01:53 | Test | [ 12/60] Valid Class Acc=[0.9999999999999997, 0.0]
2020-10-23 20:09:12 | Iter | [ 13/60] train loss=0.09192
2020-10-23 20:09:12 | Test | [ 13/60] Train Acc=0.51280
2020-10-23 20:09:12 | Test | [ 13/60] Train Mean IU=0.50711
2020-10-23 20:09:12 | Test | [ 13/60] Train_class_acc=[0.9993811298939422, 0.026227750577946796]
2020-10-23 20:10:33 | Iter | [ 13/60] valid loss=0.15226
2020-10-23 20:10:33 | Test | [ 13/60] Valid Acc=0.51782
2020-10-23 20:10:33 | Test | [ 13/60] Valid Mean IU=0.51214
2020-10-23 20:10:33 | Test | [ 13/60] Valid Class Acc=[0.9999999999999997, 0.0]
2020-10-23 20:17:47 | Iter | [ 14/60] train loss=0.09306
2020-10-23 20:17:47 | Test | [ 14/60] Train Acc=0.50961
2020-10-23 20:17:47 | Test | [ 14/60] Train Mean IU=0.50393
2020-10-23 20:17:47 | Test | [ 14/60] Train_class_acc=[0.9989868396091967, 0.020232763839335813]
2020-10-23 20:19:07 | Iter | [ 14/60] valid loss=0.15793
2020-10-23 20:19:07 | Test | [ 14/60] Valid Acc=0.53887
2020-10-23 20:19:07 | Test | [ 14/60] Valid Mean IU=0.53117
2020-10-23 20:19:07 | Test | [ 14/60] Valid Class Acc=[0.9999397773266651, 0.012123311395912292]
2020-10-23 20:26:19 | Iter | [ 15/60] train loss=0.07984
2020-10-23 20:26:19 | Test | [ 15/60] Train Acc=0.51445
2020-10-23 20:26:19 | Test | [ 15/60] Train Mean IU=0.50828
2020-10-23 20:26:19 | Test | [ 15/60] Train_class_acc=[0.9996148155763745, 0.029279685697040703]
2020-10-23 20:27:39 | Iter | [ 15/60] valid loss=0.13484
2020-10-23 20:27:39 | Test | [ 15/60] Valid Acc=0.54690
2020-10-23 20:27:39 | Test | [ 15/60] Valid Mean IU=0.53771
2020-10-23 20:27:39 | Test | [ 15/60] Valid Class Acc=[0.9991377819440508, 0.12925728354533733]
2020-10-23 20:34:50 | Iter | [ 16/60] train loss=0.08194
2020-10-23 20:34:50 | Test | [ 16/60] Train Acc=0.52041
2020-10-23 20:34:50 | Test | [ 16/60] Train Mean IU=0.51117
2020-10-23 20:34:50 | Test | [ 16/60] Train_class_acc=[0.9988224498166035, 0.041989914174856806]
2020-10-23 20:36:11 | Iter | [ 16/60] valid loss=0.12016
2020-10-23 20:36:11 | Test | [ 16/60] Valid Acc=0.54546
2020-10-23 20:36:11 | Test | [ 16/60] Valid Mean IU=0.53636
2020-10-23 20:36:11 | Test | [ 16/60] Valid Class Acc=[0.9945064033482869, 0.0834028356964102]
2020-10-23 20:43:26 | Iter | [ 17/60] train loss=0.07576
2020-10-23 20:43:26 | Test | [ 17/60] Train Acc=0.51169
2020-10-23 20:43:26 | Test | [ 17/60] Train Mean IU=0.50665
2020-10-23 20:43:26 | Test | [ 17/60] Train_class_acc=[0.9998614647921577, 0.023526456901238408]
2020-10-23 20:44:47 | Iter | [ 17/60] valid loss=0.12132
2020-10-23 20:44:47 | Test | [ 17/60] Valid Acc=0.55071
2020-10-23 20:44:47 | Test | [ 17/60] Valid Mean IU=0.53949
2020-10-23 20:44:47 | Test | [ 17/60] Valid Class Acc=[0.9997444486479576, 0.055922501100834174]
2020-10-23 20:51:47 | Iter | [ 18/60] train loss=0.07276
2020-10-23 20:51:47 | Test | [ 18/60] Train Acc=0.51696
2020-10-23 20:51:47 | Test | [ 18/60] Train Mean IU=0.51124
2020-10-23 20:51:47 | Test | [ 18/60] Train_class_acc=[0.9996091854980547, 0.0343011687350653]
2020-10-23 20:53:04 | Iter | [ 18/60] valid loss=0.10523
2020-10-23 20:53:04 | Test | [ 18/60] Valid Acc=0.54376
2020-10-23 20:53:04 | Test | [ 18/60] Valid Mean IU=0.53490
2020-10-23 20:53:04 | Test | [ 18/60] Valid Class Acc=[0.9999999999999997, 0.0]
2020-10-23 20:59:48 | Iter | [ 19/60] train loss=0.07248
2020-10-23 20:59:48 | Test | [ 19/60] Train Acc=0.51992
2020-10-23 20:59:48 | Test | [ 19/60] Train Mean IU=0.51310
2020-10-23 20:59:48 | Test | [ 19/60] Train_class_acc=[0.9994393436866317, 0.04040515385722914]
2020-10-23 21:01:05 | Iter | [ 19/60] valid loss=0.10122
2020-10-23 21:01:05 | Test | [ 19/60] Valid Acc=0.54518
2020-10-23 21:01:05 | Test | [ 19/60] Valid Mean IU=0.53618
2020-10-23 21:01:05 | Test | [ 19/60] Valid Class Acc=[0.9997891735603563, 0.03427419354838594]
2020-10-23 21:07:42 | Iter | [ 20/60] train loss=0.07381
2020-10-23 21:07:42 | Test | [ 20/60] Train Acc=0.54015
2020-10-23 21:07:42 | Test | [ 20/60] Train Mean IU=0.52836
2020-10-23 21:07:42 | Test | [ 20/60] Train_class_acc=[0.9990649140596893, 0.08122579970317508]
2020-10-23 21:08:58 | Iter | [ 20/60] valid loss=0.10988
2020-10-23 21:08:58 | Test | [ 20/60] Valid Acc=0.53728
2020-10-23 21:08:58 | Test | [ 20/60] Valid Mean IU=0.52827
2020-10-23 21:08:58 | Test | [ 20/60] Valid Class Acc=[0.9968151507470214, 0.1672862453531542]
2020-10-23 21:15:43 | Iter | [ 21/60] train loss=0.07388
2020-10-23 21:15:43 | Test | [ 21/60] Train Acc=0.51861
2020-10-23 21:15:43 | Test | [ 21/60] Train Mean IU=0.51057
2020-10-23 21:15:43 | Test | [ 21/60] Train_class_acc=[0.9993535889030628, 0.03786408170567963]
2020-10-23 21:16:58 | Iter | [ 21/60] valid loss=0.10500
2020-10-23 21:16:58 | Test | [ 21/60] Valid Acc=0.55735
2020-10-23 21:16:58 | Test | [ 21/60] Valid Mean IU=0.54264
2020-10-23 21:16:58 | Test | [ 21/60] Valid Class Acc=[0.9981193224532279, 0.09540636042402567]
2020-10-23 21:23:47 | Iter | [ 22/60] train loss=0.07075
2020-10-23 21:23:47 | Test | [ 22/60] Train Acc=0.52763
2020-10-23 21:23:47 | Test | [ 22/60] Train Mean IU=0.51988
2020-10-23 21:23:47 | Test | [ 22/60] Train_class_acc=[0.9994638389542433, 0.05579915646690101]
2020-10-23 21:25:15 | Iter | [ 22/60] valid loss=0.10404
2020-10-23 21:25:15 | Test | [ 22/60] Valid Acc=0.57144
2020-10-23 21:25:15 | Test | [ 22/60] Valid Mean IU=0.55059
2020-10-23 21:25:15 | Test | [ 22/60] Valid Class Acc=[0.9998264819209469, 0.010191216642151606]
2020-10-23 21:32:20 | Iter | [ 23/60] train loss=0.06915
2020-10-23 21:32:20 | Test | [ 23/60] Train Acc=0.55493
2020-10-23 21:32:20 | Test | [ 23/60] Train Mean IU=0.54013
2020-10-23 21:32:20 | Test | [ 23/60] Train_class_acc=[0.9989739819922708, 0.11087995889754594]
2020-10-23 21:33:51 | Iter | [ 23/60] valid loss=0.10706
2020-10-23 21:33:51 | Test | [ 23/60] Valid Acc=0.56072
2020-10-23 21:33:51 | Test | [ 23/60] Valid Mean IU=0.54571
2020-10-23 21:33:51 | Test | [ 23/60] Valid Class Acc=[0.9978521118808823, 0.33958985053874385]
2020-10-23 21:41:07 | Iter | [ 24/60] train loss=0.06534
2020-10-23 21:41:07 | Test | [ 24/60] Train Acc=0.53803
2020-10-23 21:41:07 | Test | [ 24/60] Train Mean IU=0.52932
2020-10-23 21:41:07 | Test | [ 24/60] Train_class_acc=[0.9994269202712621, 0.07663448816659274]
2020-10-23 21:42:30 | Iter | [ 24/60] valid loss=0.10281
2020-10-23 21:42:30 | Test | [ 24/60] Valid Acc=0.57197
2020-10-23 21:42:30 | Test | [ 24/60] Valid Mean IU=0.55573
2020-10-23 21:42:30 | Test | [ 24/60] Valid Class Acc=[0.9990119890365887, 0.1320898363151834]
2020-10-23 21:50:16 | Iter | [ 25/60] train loss=0.06671
2020-10-23 21:50:16 | Test | [ 25/60] Train Acc=0.54579
2020-10-23 21:50:16 | Test | [ 25/60] Train Mean IU=0.53659
2020-10-23 21:50:16 | Test | [ 25/60] Train_class_acc=[0.9991456385810554, 0.09242699045272613]
2020-10-23 21:51:38 | Iter | [ 25/60] valid loss=0.09501
2020-10-23 21:51:38 | Test | [ 25/60] Valid Acc=0.54437
2020-10-23 21:51:38 | Test | [ 25/60] Valid Mean IU=0.53344
2020-10-23 21:51:38 | Test | [ 25/60] Valid Class Acc=[0.9994300721071763, 0.07679948586118004]
2020-10-23 21:58:28 | Iter | [ 26/60] train loss=0.06682
2020-10-23 21:58:28 | Test | [ 26/60] Train Acc=0.52630
2020-10-23 21:58:28 | Test | [ 26/60] Train Mean IU=0.51831
2020-10-23 21:58:28 | Test | [ 26/60] Train_class_acc=[0.999450401468001, 0.05315302626575541]
2020-10-23 21:59:44 | Iter | [ 26/60] valid loss=0.08587
2020-10-23 21:59:44 | Test | [ 26/60] Valid Acc=0.55753
2020-10-23 21:59:44 | Test | [ 26/60] Valid Mean IU=0.54548
2020-10-23 21:59:44 | Test | [ 26/60] Valid Class Acc=[0.9997908910083131, 0.010789814415191942]
2020-10-23 22:06:38 | Iter | [ 27/60] train loss=0.06108
2020-10-23 22:06:38 | Test | [ 27/60] Train Acc=0.54674
2020-10-23 22:06:38 | Test | [ 27/60] Train Mean IU=0.53430
2020-10-23 22:06:38 | Test | [ 27/60] Train_class_acc=[0.9992655388948016, 0.09421235195148565]
2020-10-23 22:07:58 | Iter | [ 27/60] valid loss=0.08888
2020-10-23 22:07:58 | Test | [ 27/60] Valid Acc=0.57398
2020-10-23 22:07:58 | Test | [ 27/60] Valid Mean IU=0.55738
2020-10-23 22:07:58 | Test | [ 27/60] Valid Class Acc=[0.9985112222263993, 0.2047049112670159]
2020-10-23 22:15:31 | Iter | [ 28/60] train loss=0.06474
2020-10-23 22:15:31 | Test | [ 28/60] Train Acc=0.55006
2020-10-23 22:15:31 | Test | [ 28/60] Train Mean IU=0.53784
2020-10-23 22:15:31 | Test | [ 28/60] Train_class_acc=[0.999145203002506, 0.10097288799303906]
2020-10-23 22:16:51 | Iter | [ 28/60] valid loss=0.08254
2020-10-23 22:16:51 | Test | [ 28/60] Valid Acc=0.55535
2020-10-23 22:16:51 | Test | [ 28/60] Valid Mean IU=0.54223
2020-10-23 22:16:51 | Test | [ 28/60] Valid Class Acc=[0.9996658683215109, 0.00898684069754992]
2020-10-23 22:23:59 | Iter | [ 29/60] train loss=0.05545
2020-10-23 22:23:59 | Test | [ 29/60] Train Acc=0.52753
2020-10-23 22:23:59 | Test | [ 29/60] Train Mean IU=0.52159
2020-10-23 22:23:59 | Test | [ 29/60] Train_class_acc=[0.9994981306790116, 0.05556611322600711]
2020-10-23 22:25:19 | Iter | [ 29/60] valid loss=0.08211
2020-10-23 22:25:19 | Test | [ 29/60] Valid Acc=0.57831
2020-10-23 22:25:19 | Test | [ 29/60] Valid Mean IU=0.55830
2020-10-23 22:25:19 | Test | [ 29/60] Valid Class Acc=[0.9996288447793755, 0.04523181304183772]
2020-10-23 22:32:10 | Iter | [ 30/60] train loss=0.05410
2020-10-23 22:32:10 | Test | [ 30/60] Train Acc=0.54912
2020-10-23 22:32:10 | Test | [ 30/60] Train Mean IU=0.53954
2020-10-23 22:32:10 | Test | [ 30/60] Train_class_acc=[0.9990684127351493, 0.09916586689410051]
2020-10-23 22:33:26 | Iter | [ 30/60] valid loss=0.07930
2020-10-23 22:33:26 | Test | [ 30/60] Valid Acc=0.58174
2020-10-23 22:33:26 | Test | [ 30/60] Valid Mean IU=0.55943
2020-10-23 22:33:26 | Test | [ 30/60] Valid Class Acc=[0.9992610461082176, 0.09521640091115739]
2020-10-23 22:40:02 | Iter | [ 31/60] train loss=0.05269
2020-10-23 22:40:02 | Test | [ 31/60] Train Acc=0.56502
2020-10-23 22:40:02 | Test | [ 31/60] Train Mean IU=0.55075
2020-10-23 22:40:02 | Test | [ 31/60] Train_class_acc=[0.9989901800961817, 0.13104474947081513]
2020-10-23 22:41:21 | Iter | [ 31/60] valid loss=0.08107
2020-10-23 22:41:21 | Test | [ 31/60] Valid Acc=0.58046
2020-10-23 22:41:21 | Test | [ 31/60] Valid Mean IU=0.55921
2020-10-23 22:41:21 | Test | [ 31/60] Valid Class Acc=[0.9986982824350894, 0.18713017751478597]
2020-10-23 22:49:03 | Iter | [ 32/60] train loss=0.05647
2020-10-23 22:49:03 | Test | [ 32/60] Train Acc=0.56256
2020-10-23 22:49:03 | Test | [ 32/60] Train Mean IU=0.54897
2020-10-23 22:49:03 | Test | [ 32/60] Train_class_acc=[0.9988130089420886, 0.12629844733325887]
2020-10-23 22:50:26 | Iter | [ 32/60] valid loss=0.09012
2020-10-23 22:50:26 | Test | [ 32/60] Valid Acc=0.58089
2020-10-23 22:50:26 | Test | [ 32/60] Valid Mean IU=0.55901
2020-10-23 22:50:26 | Test | [ 32/60] Valid Class Acc=[0.9980335378487453, 0.18477251624883365]
2020-10-23 22:57:45 | Iter | [ 33/60] train loss=0.05382
2020-10-23 22:57:45 | Test | [ 33/60] Train Acc=0.54241
2020-10-23 22:57:45 | Test | [ 33/60] Train Mean IU=0.53283
2020-10-23 22:57:45 | Test | [ 33/60] Train_class_acc=[0.9993180213689413, 0.0855021424970101]
2020-10-23 22:59:09 | Iter | [ 33/60] valid loss=0.08360
2020-10-23 22:59:09 | Test | [ 33/60] Valid Acc=0.56212
2020-10-23 22:59:09 | Test | [ 33/60] Valid Mean IU=0.54577
2020-10-23 22:59:09 | Test | [ 33/60] Valid Class Acc=[0.9998671799035673, 0.0274030354131523]
2020-10-23 23:06:40 | Iter | [ 34/60] train loss=0.05558
2020-10-23 23:06:40 | Test | [ 34/60] Train Acc=0.53151
2020-10-23 23:06:40 | Test | [ 34/60] Train Mean IU=0.52241
2020-10-23 23:06:40 | Test | [ 34/60] Train_class_acc=[0.9994082371132983, 0.06361237733426744]
2020-10-23 23:08:04 | Iter | [ 34/60] valid loss=0.08255
2020-10-23 23:08:04 | Test | [ 34/60] Valid Acc=0.57637
2020-10-23 23:08:04 | Test | [ 34/60] Valid Mean IU=0.55351
2020-10-23 23:08:04 | Test | [ 34/60] Valid Class Acc=[0.9994752768805972, 0.01190476190476177]
2020-10-23 23:15:18 | Iter | [ 35/60] train loss=0.05332
2020-10-23 23:15:18 | Test | [ 35/60] Train Acc=0.55225
2020-10-23 23:15:18 | Test | [ 35/60] Train Mean IU=0.53945
2020-10-23 23:15:18 | Test | [ 35/60] Train_class_acc=[0.9990268450399785, 0.10548133723017507]
2020-10-23 23:16:43 | Iter | [ 35/60] valid loss=0.07433
2020-10-23 23:16:43 | Test | [ 35/60] Valid Acc=0.56948
2020-10-23 23:16:43 | Test | [ 35/60] Valid Mean IU=0.55317
2020-10-23 23:16:43 | Test | [ 35/60] Valid Class Acc=[0.9997943718058666, 0.031939163498097646]
2020-10-23 23:23:32 | Iter | [ 36/60] train loss=0.05590
2020-10-23 23:23:32 | Test | [ 36/60] Train Acc=0.57904
2020-10-23 23:23:32 | Test | [ 36/60] Train Mean IU=0.55660
2020-10-23 23:23:32 | Test | [ 36/60] Train_class_acc=[0.9985731149223859, 0.1595111287498698]
2020-10-23 23:24:48 | Iter | [ 36/60] valid loss=0.07231
2020-10-23 23:24:48 | Test | [ 36/60] Valid Acc=0.55384
2020-10-23 23:24:48 | Test | [ 36/60] Valid Mean IU=0.54112
2020-10-23 23:24:48 | Test | [ 36/60] Valid Class Acc=[0.9995891526081151, 0.020555846879915882]
2020-10-23 23:31:54 | Iter | [ 37/60] train loss=0.05142
2020-10-23 23:31:54 | Test | [ 37/60] Train Acc=0.55901
2020-10-23 23:31:54 | Test | [ 37/60] Train Mean IU=0.54676
2020-10-23 23:31:54 | Test | [ 37/60] Train_class_acc=[0.9991485703056043, 0.11886352208270645]
2020-10-23 23:33:17 | Iter | [ 37/60] valid loss=0.07142
2020-10-23 23:33:17 | Test | [ 37/60] Valid Acc=0.56217
2020-10-23 23:33:17 | Test | [ 37/60] Valid Mean IU=0.54879
2020-10-23 23:33:17 | Test | [ 37/60] Valid Class Acc=[0.9995036822764437, 0.08623481781376169]
2020-10-23 23:40:55 | Iter | [ 38/60] train loss=0.04754
2020-10-23 23:40:55 | Test | [ 38/60] Train Acc=0.55790
2020-10-23 23:40:55 | Test | [ 38/60] Train Mean IU=0.54691
2020-10-23 23:40:55 | Test | [ 38/60] Train_class_acc=[0.9991765639280863, 0.11662001216087896]
2020-10-23 23:42:11 | Iter | [ 38/60] valid loss=0.06735
2020-10-23 23:42:11 | Test | [ 38/60] Valid Acc=0.55996
2020-10-23 23:42:11 | Test | [ 38/60] Valid Mean IU=0.54742
2020-10-23 23:42:11 | Test | [ 38/60] Valid Class Acc=[0.9990300265677474, 0.1490939044480993]
2020-10-23 23:48:46 | Iter | [ 39/60] train loss=0.04663
2020-10-23 23:48:46 | Test | [ 39/60] Train Acc=0.56164
2020-10-23 23:48:46 | Test | [ 39/60] Train Mean IU=0.54805
2020-10-23 23:48:46 | Test | [ 39/60] Train_class_acc=[0.9989835729393114, 0.12429238994640313]
2020-10-23 23:50:01 | Iter | [ 39/60] valid loss=0.06539
2020-10-23 23:50:01 | Test | [ 39/60] Valid Acc=0.56369
2020-10-23 23:50:01 | Test | [ 39/60] Valid Mean IU=0.55099
2020-10-23 23:50:01 | Test | [ 39/60] Valid Class Acc=[0.9977692518085618, 0.2393488049878684]
2020-10-23 23:56:34 | Iter | [ 40/60] train loss=0.04646
2020-10-23 23:56:34 | Test | [ 40/60] Train Acc=0.55578
2020-10-23 23:56:34 | Test | [ 40/60] Train Mean IU=0.54465
2020-10-23 23:56:34 | Test | [ 40/60] Train_class_acc=[0.9990396984859881, 0.11252581715866701]
2020-10-23 23:57:49 | Iter | [ 40/60] valid loss=0.06477
2020-10-23 23:57:49 | Test | [ 40/60] Valid Acc=0.54745
2020-10-23 23:57:49 | Test | [ 40/60] Valid Mean IU=0.53728
2020-10-23 23:57:49 | Test | [ 40/60] Valid Class Acc=[0.9993880632200913, 0.09985041136873224]
2020-10-24 00:04:45 | Iter | [ 41/60] train loss=0.04665
2020-10-24 00:04:45 | Test | [ 41/60] Train Acc=0.56605
2020-10-24 00:04:45 | Test | [ 41/60] Train Mean IU=0.55153
2020-10-24 00:04:45 | Test | [ 41/60] Train_class_acc=[0.9989068672378725, 0.1331912695491149]
2020-10-24 00:06:04 | Iter | [ 41/60] valid loss=0.06214
2020-10-24 00:06:04 | Test | [ 41/60] Valid Acc=0.55962
2020-10-24 00:06:04 | Test | [ 41/60] Valid Mean IU=0.54744
2020-10-24 00:06:04 | Test | [ 41/60] Valid Class Acc=[0.9982437108060637, 0.2236900044033367]
2020-10-24 00:13:12 | Iter | [ 42/60] train loss=0.04700
2020-10-24 00:13:12 | Test | [ 42/60] Train Acc=0.55293
2020-10-24 00:13:12 | Test | [ 42/60] Train Mean IU=0.54329
2020-10-24 00:13:12 | Test | [ 42/60] Train_class_acc=[0.9991297522793977, 0.10673602182848047]
2020-10-24 00:14:31 | Iter | [ 42/60] valid loss=0.06333
2020-10-24 00:14:31 | Test | [ 42/60] Valid Acc=0.55551
2020-10-24 00:14:31 | Test | [ 42/60] Valid Mean IU=0.54352
2020-10-24 00:14:31 | Test | [ 42/60] Valid Class Acc=[0.9990993951648305, 0.1241478292070282]
2020-10-24 00:21:44 | Iter | [ 43/60] train loss=0.04612
2020-10-24 00:21:44 | Test | [ 43/60] Train Acc=0.54911
2020-10-24 00:21:44 | Test | [ 43/60] Train Mean IU=0.53905
2020-10-24 00:21:44 | Test | [ 43/60] Train_class_acc=[0.9990273143672378, 0.0991949131180095]
2020-10-24 00:23:04 | Iter | [ 43/60] valid loss=0.06188
2020-10-24 00:23:04 | Test | [ 43/60] Valid Acc=0.54776
2020-10-24 00:23:04 | Test | [ 43/60] Valid Mean IU=0.53725
2020-10-24 00:23:04 | Test | [ 43/60] Valid Class Acc=[0.9994039524464243, 0.10847939365229235]
2020-10-24 00:30:16 | Iter | [ 44/60] train loss=0.04617
2020-10-24 00:30:16 | Test | [ 44/60] Train Acc=0.56837
2020-10-24 00:30:16 | Test | [ 44/60] Train Mean IU=0.55366
2020-10-24 00:30:16 | Test | [ 44/60] Train_class_acc=[0.9989230554230738, 0.13782344953087092]
2020-10-24 00:31:36 | Iter | [ 44/60] valid loss=0.06353
2020-10-24 00:31:36 | Test | [ 44/60] Valid Acc=0.56545
2020-10-24 00:31:36 | Test | [ 44/60] Valid Mean IU=0.55189
2020-10-24 00:31:36 | Test | [ 44/60] Valid Class Acc=[0.9982474024897929, 0.23329089751749735]
2020-10-24 00:38:48 | Iter | [ 45/60] train loss=0.04308
2020-10-24 00:38:48 | Test | [ 45/60] Train Acc=0.55690
2020-10-24 00:38:48 | Test | [ 45/60] Train Mean IU=0.54544
2020-10-24 00:38:48 | Test | [ 45/60] Train_class_acc=[0.9991128517853802, 0.11468885243736059]
2020-10-24 00:40:08 | Iter | [ 45/60] valid loss=0.06606
2020-10-24 00:40:08 | Test | [ 45/60] Valid Acc=0.57970
2020-10-24 00:40:08 | Test | [ 45/60] Valid Mean IU=0.55834
2020-10-24 00:40:08 | Test | [ 45/60] Valid Class Acc=[0.9995887198906594, 0.07124010554089441]
2020-10-24 00:47:21 | Iter | [ 46/60] train loss=0.05378
2020-10-24 00:47:21 | Test | [ 46/60] Train Acc=0.57726
2020-10-24 00:47:21 | Test | [ 46/60] Train Mean IU=0.56018
2020-10-24 00:47:21 | Test | [ 46/60] Train_class_acc=[0.998932697192974, 0.1555774387660004]
2020-10-24 00:48:41 | Iter | [ 46/60] valid loss=0.06861
2020-10-24 00:48:41 | Test | [ 46/60] Valid Acc=0.56524
2020-10-24 00:48:41 | Test | [ 46/60] Valid Mean IU=0.54939
2020-10-24 00:48:41 | Test | [ 46/60] Valid Class Acc=[0.9995878512013228, 0.01273599999999992]
2020-10-24 00:55:54 | Iter | [ 47/60] train loss=0.04398
2020-10-24 00:55:54 | Test | [ 47/60] Train Acc=0.59002
2020-10-24 00:55:54 | Test | [ 47/60] Train Mean IU=0.57071
2020-10-24 00:55:54 | Test | [ 47/60] Train_class_acc=[0.9987343275109234, 0.18129633542771376]
2020-10-24 00:57:14 | Iter | [ 47/60] valid loss=0.07671
2020-10-24 00:57:14 | Test | [ 47/60] Valid Acc=0.61634
2020-10-24 00:57:14 | Test | [ 47/60] Valid Mean IU=0.58485
2020-10-24 00:57:14 | Test | [ 47/60] Valid Class Acc=[0.998743765843971, 0.19984597612629187]
2020-10-24 01:04:25 | Iter | [ 48/60] train loss=0.04606
2020-10-24 01:04:25 | Test | [ 48/60] Train Acc=0.58568
2020-10-24 01:04:25 | Test | [ 48/60] Train Mean IU=0.56591
2020-10-24 01:04:25 | Test | [ 48/60] Train_class_acc=[0.9984503302020641, 0.17291015455661654]
2020-10-24 01:05:45 | Iter | [ 48/60] valid loss=0.06558
2020-10-24 01:05:45 | Test | [ 48/60] Valid Acc=0.57388
2020-10-24 01:05:45 | Test | [ 48/60] Valid Mean IU=0.55536
2020-10-24 01:05:45 | Test | [ 48/60] Valid Class Acc=[0.9976896595690421, 0.13307409807733708]
2020-10-24 01:12:56 | Iter | [ 49/60] train loss=0.04260
2020-10-24 01:12:56 | Test | [ 49/60] Train Acc=0.55936
2020-10-24 01:12:56 | Test | [ 49/60] Train Mean IU=0.54668
2020-10-24 01:12:56 | Test | [ 49/60] Train_class_acc=[0.9989558868987986, 0.11977040469405868]
2020-10-24 01:14:16 | Iter | [ 49/60] valid loss=0.05741
2020-10-24 01:14:16 | Test | [ 49/60] Valid Acc=0.56331
2020-10-24 01:14:16 | Test | [ 49/60] Valid Mean IU=0.55012
2020-10-24 01:14:16 | Test | [ 49/60] Valid Class Acc=[0.9982878087969469, 0.2995466321243426]
2020-10-24 01:21:28 | Iter | [ 50/60] train loss=0.04099
2020-10-24 01:21:28 | Test | [ 50/60] Train Acc=0.56853
2020-10-24 01:21:28 | Test | [ 50/60] Train Mean IU=0.55392
2020-10-24 01:21:28 | Test | [ 50/60] Train_class_acc=[0.9989473452363707, 0.13811553713618122]
2020-10-24 01:22:48 | Iter | [ 50/60] valid loss=0.05771
2020-10-24 01:22:48 | Test | [ 50/60] Valid Acc=0.57301
2020-10-24 01:22:48 | Test | [ 50/60] Valid Mean IU=0.55891
2020-10-24 01:22:48 | Test | [ 50/60] Valid Class Acc=[0.9985760342554009, 0.22839016653448735]
2020-10-24 01:30:00 | Iter | [ 51/60] train loss=0.04175
2020-10-24 01:30:00 | Test | [ 51/60] Train Acc=0.57125
2020-10-24 01:30:00 | Test | [ 51/60] Train Mean IU=0.55730
2020-10-24 01:30:00 | Test | [ 51/60] Train_class_acc=[0.998710095602477, 0.14378922497481922]
2020-10-24 01:31:21 | Iter | [ 51/60] valid loss=0.05734
2020-10-24 01:31:21 | Test | [ 51/60] Valid Acc=0.55023
2020-10-24 01:31:21 | Test | [ 51/60] Valid Mean IU=0.54013
2020-10-24 01:31:21 | Test | [ 51/60] Valid Class Acc=[0.998749614736003, 0.19562419562418723]
2020-10-24 01:38:37 | Iter | [ 52/60] train loss=0.04155
2020-10-24 01:38:37 | Test | [ 52/60] Train Acc=0.56439
2020-10-24 01:38:37 | Test | [ 52/60] Train Mean IU=0.55280
2020-10-24 01:38:37 | Test | [ 52/60] Train_class_acc=[0.99887000087488, 0.12991599099191553]
2020-10-24 01:39:57 | Iter | [ 52/60] valid loss=0.05499
2020-10-24 01:39:57 | Test | [ 52/60] Valid Acc=0.54706
2020-10-24 01:39:57 | Test | [ 52/60] Valid Mean IU=0.53771
2020-10-24 01:39:57 | Test | [ 52/60] Valid Class Acc=[0.9987277769536542, 0.16145691764065884]
2020-10-24 01:47:10 | Iter | [ 53/60] train loss=0.04116
2020-10-24 01:47:10 | Test | [ 53/60] Train Acc=0.56881
2020-10-24 01:47:10 | Test | [ 53/60] Train Mean IU=0.55664
2020-10-24 01:47:10 | Test | [ 53/60] Train_class_acc=[0.9988763465885343, 0.13874801889280927]
2020-10-24 01:48:28 | Iter | [ 53/60] valid loss=0.06029
2020-10-24 01:48:28 | Test | [ 53/60] Valid Acc=0.55156
2020-10-24 01:48:28 | Test | [ 53/60] Valid Mean IU=0.53923
2020-10-24 01:48:28 | Test | [ 53/60] Valid Class Acc=[0.9985508229165878, 0.18148262073207685]
2020-10-24 01:55:45 | Iter | [ 54/60] train loss=0.04245
2020-10-24 01:55:45 | Test | [ 54/60] Train Acc=0.56986
2020-10-24 01:55:45 | Test | [ 54/60] Train Mean IU=0.55538
2020-10-24 01:55:45 | Test | [ 54/60] Train_class_acc=[0.9991001203948527, 0.14062642985737475]
2020-10-24 01:57:05 | Iter | [ 54/60] valid loss=0.06293
2020-10-24 01:57:05 | Test | [ 54/60] Valid Acc=0.56362
2020-10-24 01:57:05 | Test | [ 54/60] Valid Mean IU=0.54870
2020-10-24 01:57:05 | Test | [ 54/60] Valid Class Acc=[0.9983840654804768, 0.3076120959332531]
2020-10-24 02:04:23 | Iter | [ 55/60] train loss=0.04559
2020-10-24 02:04:23 | Test | [ 55/60] Train Acc=0.58796
2020-10-24 02:04:23 | Test | [ 55/60] Train Mean IU=0.56853
2020-10-24 02:04:23 | Test | [ 55/60] Train_class_acc=[0.9983589035715076, 0.17756004361325606]
2020-10-24 02:05:41 | Iter | [ 55/60] valid loss=0.06285
2020-10-24 02:05:41 | Test | [ 55/60] Valid Acc=0.57208
2020-10-24 02:05:41 | Test | [ 55/60] Valid Mean IU=0.55789
2020-10-24 02:05:41 | Test | [ 55/60] Valid Class Acc=[0.9978005640365396, 0.10870876910699809]
2020-10-24 02:12:58 | Iter | [ 56/60] train loss=0.04326
2020-10-24 02:12:58 | Test | [ 56/60] Train Acc=0.58306
2020-10-24 02:12:58 | Test | [ 56/60] Train Mean IU=0.56438
2020-10-24 02:12:58 | Test | [ 56/60] Train_class_acc=[0.9986037156426799, 0.16751223747901145]
2020-10-24 02:14:18 | Iter | [ 56/60] valid loss=0.05415
2020-10-24 02:14:18 | Test | [ 56/60] Valid Acc=0.54341
2020-10-24 02:14:18 | Test | [ 56/60] Valid Mean IU=0.53487
2020-10-24 02:14:18 | Test | [ 56/60] Valid Class Acc=[0.9998040034210309, 0.010650749063670287]
2020-10-24 02:21:30 | Iter | [ 57/60] train loss=0.03965
2020-10-24 02:21:30 | Test | [ 57/60] Train Acc=0.56113
2020-10-24 02:21:30 | Test | [ 57/60] Train Mean IU=0.54954
2020-10-24 02:21:30 | Test | [ 57/60] Train_class_acc=[0.9990745228386783, 0.12319258647743048]
2020-10-24 02:22:50 | Iter | [ 57/60] valid loss=0.06661
2020-10-24 02:22:50 | Test | [ 57/60] Valid Acc=0.59110
2020-10-24 02:22:50 | Test | [ 57/60] Valid Mean IU=0.56777
2020-10-24 02:22:50 | Test | [ 57/60] Valid Class Acc=[0.9979890958723676, 0.26530612244897217]
2020-10-24 02:30:07 | Iter | [ 58/60] train loss=0.04021
2020-10-24 02:30:07 | Test | [ 58/60] Train Acc=0.58758
2020-10-24 02:30:07 | Test | [ 58/60] Train Mean IU=0.57001
2020-10-24 02:30:07 | Test | [ 58/60] Train_class_acc=[0.9984110610935186, 0.17674977209003764]
2020-10-24 02:31:27 | Iter | [ 58/60] valid loss=0.05731
2020-10-24 02:31:27 | Test | [ 58/60] Valid Acc=0.55730
2020-10-24 02:31:27 | Test | [ 58/60] Valid Mean IU=0.54640
2020-10-24 02:31:27 | Test | [ 58/60] Valid Class Acc=[0.9982010547447178, 0.25316455696201784]
2020-10-24 02:38:39 | Iter | [ 59/60] train loss=0.03851
2020-10-24 02:38:39 | Test | [ 59/60] Train Acc=0.58200
2020-10-24 02:38:39 | Test | [ 59/60] Train Mean IU=0.56514
2020-10-24 02:38:39 | Test | [ 59/60] Train_class_acc=[0.9988008629710333, 0.165204467924019]
2020-10-24 02:39:59 | Iter | [ 59/60] valid loss=0.05270
2020-10-24 02:39:59 | Test | [ 59/60] Valid Acc=0.55028
2020-10-24 02:39:59 | Test | [ 59/60] Valid Mean IU=0.54129
2020-10-24 02:39:59 | Test | [ 59/60] Valid Class Acc=[0.9989752866190968, 0.17165492957745723]
2020-10-24 02:47:14 | Iter | [ 60/60] train loss=0.04074
2020-10-24 02:47:14 | Test | [ 60/60] Train Acc=0.56596
2020-10-24 02:47:14 | Test | [ 60/60] Train Mean IU=0.55343
2020-10-24 02:47:14 | Test | [ 60/60] Train_class_acc=[0.9990562014347936, 0.13285951664988413]
2020-10-24 02:48:34 | Iter | [ 60/60] valid loss=0.06123
2020-10-24 02:48:34 | Test | [ 60/60] Valid Acc=0.56554
2020-10-24 02:48:34 | Test | [ 60/60] Valid Mean IU=0.54508
2020-10-24 02:48:34 | Test | [ 60/60] Valid Class Acc=[0.9984046629065281, 0.25259412985472124]
