2020-10-24 16:55:25 | Conf | use logdir run/crackSegmentationSimple/2020-10-24-16-55-3689
2020-10-24 16:55:25 | Conf | use dataset crackSegmentationSimple
2020-10-24 16:55:25 | Conf | use augmentation True
2020-10-24 16:55:25 | Conf | use image size (448, 448)
2020-10-24 16:55:25 | Conf | use batch_size 4
2020-10-24 16:55:25 | Conf | use model linknet
2020-10-24 16:55:25 | Conf | use GPU [0]
2020-10-24 16:55:25 | Conf | use optimizer Adam, lr=0.0001, weight_decay=0.001
2020-10-24 16:55:25 | Conf | use step_lr_scheduler every 40 steps decay 0.1
2020-10-24 16:55:25 | Conf | use loss function crossentropyloss2D
2020-10-24 16:55:25 | Conf | use epoch 60
2020-10-24 16:56:24 | Iter | [  1/60] train loss=0.99997
2020-10-24 16:56:24 | Test | [  1/60] Train Acc=0.48472
2020-10-24 16:56:24 | Test | [  1/60] Train Mean IU=0.16842
2020-10-24 16:56:24 | Test | [  1/60] Train_class_acc=[0.3291135948769783, 0.6403228367641679]
2020-10-24 16:57:05 | Iter | [  1/60] valid loss=0.86356
2020-10-24 16:57:05 | Test | [  1/60] Valid Acc=0.50027
2020-10-24 16:57:05 | Test | [  1/60] Valid Mean IU=0.00543
2020-10-24 16:57:05 | Test | [  1/60] Valid Class Acc=[0.3296715974698909, 0.6475836431226525]
2020-10-24 16:58:03 | Iter | [  2/60] train loss=0.92725
2020-10-24 16:58:03 | Test | [  2/60] Train Acc=0.49542
2020-10-24 16:58:03 | Test | [  2/60] Train Mean IU=0.17302
2020-10-24 16:58:03 | Test | [  2/60] Train_class_acc=[0.3366872600640778, 0.6541505179972898]
2020-10-24 16:58:44 | Iter | [  2/60] valid loss=0.91848
2020-10-24 16:58:44 | Test | [  2/60] Valid Acc=0.51113
2020-10-24 16:58:44 | Test | [  2/60] Valid Mean IU=0.06551
2020-10-24 16:58:44 | Test | [  2/60] Valid Class Acc=[0.3411814141825728, 0.6538945442067865]
2020-10-24 16:59:43 | Iter | [  3/60] train loss=0.86180
2020-10-24 16:59:43 | Test | [  3/60] Train Acc=0.53039
2020-10-24 16:59:43 | Test | [  3/60] Train Mean IU=0.18863
2020-10-24 16:59:43 | Test | [  3/60] Train_class_acc=[0.36807376520308344, 0.6927049116938641]
2020-10-24 17:00:24 | Iter | [  3/60] valid loss=0.92680
2020-10-24 17:00:24 | Test | [  3/60] Valid Acc=0.51480
2020-10-24 17:00:24 | Test | [  3/60] Valid Mean IU=0.10968
2020-10-24 17:00:24 | Test | [  3/60] Valid Class Acc=[0.39022811274405245, 0.7347931873479063]
2020-10-24 17:01:22 | Iter | [  4/60] train loss=0.81068
2020-10-24 17:01:22 | Test | [  4/60] Train Acc=0.55514
2020-10-24 17:01:22 | Test | [  4/60] Train Mean IU=0.21019
2020-10-24 17:01:22 | Test | [  4/60] Train_class_acc=[0.4090947637569939, 0.7011858462538486]
2020-10-24 17:02:03 | Iter | [  4/60] valid loss=0.89094
2020-10-24 17:02:03 | Test | [  4/60] Valid Acc=0.51212
2020-10-24 17:02:03 | Test | [  4/60] Valid Mean IU=0.11503
2020-10-24 17:02:03 | Test | [  4/60] Valid Class Acc=[0.42787310962879965, 0.70155308298562]
2020-10-24 17:03:02 | Iter | [  5/60] train loss=0.76395
2020-10-24 17:03:02 | Test | [  5/60] Train Acc=0.58207
2020-10-24 17:03:02 | Test | [  5/60] Train Mean IU=0.23649
2020-10-24 17:03:02 | Test | [  5/60] Train_class_acc=[0.4622804339770634, 0.7018570823402643]
2020-10-24 17:03:44 | Iter | [  5/60] valid loss=0.83913
2020-10-24 17:03:44 | Test | [  5/60] Valid Acc=0.50362
2020-10-24 17:03:44 | Test | [  5/60] Valid Mean IU=0.11903
2020-10-24 17:03:44 | Test | [  5/60] Valid Class Acc=[0.48751980982567333, 0.7530581039755063]
2020-10-24 17:04:43 | Iter | [  6/60] train loss=0.72176
2020-10-24 17:04:43 | Test | [  6/60] Train Acc=0.60973
2020-10-24 17:04:43 | Test | [  6/60] Train Mean IU=0.27121
2020-10-24 17:04:43 | Test | [  6/60] Train_class_acc=[0.5305700184410086, 0.6888865499953322]
2020-10-24 17:05:24 | Iter | [  6/60] valid loss=0.78022
2020-10-24 17:05:24 | Test | [  6/60] Valid Acc=0.52163
2020-10-24 17:05:24 | Test | [  6/60] Valid Mean IU=0.15922
2020-10-24 17:05:24 | Test | [  6/60] Valid Class Acc=[0.5470309694118117, 0.7299405646359313]
2020-10-24 17:06:22 | Iter | [  7/60] train loss=0.68678
2020-10-24 17:06:22 | Test | [  7/60] Train Acc=0.63238
2020-10-24 17:06:22 | Test | [  7/60] Train Mean IU=0.30834
2020-10-24 17:06:22 | Test | [  7/60] Train_class_acc=[0.6019230877666862, 0.6628428941457205]
2020-10-24 17:07:04 | Iter | [  7/60] valid loss=0.72182
2020-10-24 17:07:04 | Test | [  7/60] Valid Acc=0.58413
2020-10-24 17:07:04 | Test | [  7/60] Valid Mean IU=0.23425
2020-10-24 17:07:04 | Test | [  7/60] Valid Class Acc=[0.5934879056377569, 0.6127181168755051]
2020-10-24 17:08:03 | Iter | [  8/60] train loss=0.65519
2020-10-24 17:08:03 | Test | [  8/60] Train Acc=0.66403
2020-10-24 17:08:03 | Test | [  8/60] Train Mean IU=0.34557
2020-10-24 17:08:03 | Test | [  8/60] Train_class_acc=[0.6750487858002474, 0.6530013799625792]
2020-10-24 17:08:45 | Iter | [  8/60] valid loss=0.67813
2020-10-24 17:08:45 | Test | [  8/60] Valid Acc=0.65503
2020-10-24 17:08:45 | Test | [  8/60] Valid Mean IU=0.30824
2020-10-24 17:08:45 | Test | [  8/60] Valid Class Acc=[0.6886889750442275, 0.7840165346193323]
2020-10-24 17:09:48 | Iter | [  9/60] train loss=0.62614
2020-10-24 17:09:48 | Test | [  9/60] Train Acc=0.69758
2020-10-24 17:09:48 | Test | [  9/60] Train Mean IU=0.38407
2020-10-24 17:09:48 | Test | [  9/60] Train_class_acc=[0.7481668226311484, 0.6470011416295435]
2020-10-24 17:10:28 | Iter | [  9/60] valid loss=0.64431
2020-10-24 17:10:28 | Test | [  9/60] Valid Acc=0.70004
2020-10-24 17:10:28 | Test | [  9/60] Valid Mean IU=0.36193
2020-10-24 17:10:28 | Test | [  9/60] Valid Class Acc=[0.7644816709784426, 0.73120886733631]
2020-10-24 17:11:27 | Iter | [ 10/60] train loss=0.59912
2020-10-24 17:11:27 | Test | [ 10/60] Train Acc=0.70503
2020-10-24 17:11:27 | Test | [ 10/60] Train Mean IU=0.41952
2020-10-24 17:11:27 | Test | [ 10/60] Train_class_acc=[0.8149706263867689, 0.5950967671086443]
2020-10-24 17:12:11 | Iter | [ 10/60] valid loss=0.61675
2020-10-24 17:12:11 | Test | [ 10/60] Valid Acc=0.72598
2020-10-24 17:12:11 | Test | [ 10/60] Valid Mean IU=0.39816
2020-10-24 17:12:11 | Test | [ 10/60] Valid Class Acc=[0.8283537312496076, 0.7197534868634213]
2020-10-24 17:13:15 | Iter | [ 11/60] train loss=0.57812
2020-10-24 17:13:15 | Test | [ 11/60] Train Acc=0.70619
2020-10-24 17:13:15 | Test | [ 11/60] Train Mean IU=0.44278
2020-10-24 17:13:15 | Test | [ 11/60] Train_class_acc=[0.8564908110895885, 0.555880240362209]
2020-10-24 17:13:56 | Iter | [ 11/60] valid loss=0.59899
2020-10-24 17:13:56 | Test | [ 11/60] Valid Acc=0.73818
2020-10-24 17:13:56 | Test | [ 11/60] Valid Mean IU=0.41924
2020-10-24 17:13:56 | Test | [ 11/60] Valid Class Acc=[0.8699960126091828, 0.6092040739343414]
2020-10-24 17:14:58 | Iter | [ 12/60] train loss=0.55520
2020-10-24 17:14:58 | Test | [ 12/60] Train Acc=0.69303
2020-10-24 17:14:58 | Test | [ 12/60] Train Mean IU=0.46540
2020-10-24 17:14:58 | Test | [ 12/60] Train_class_acc=[0.8964740680843245, 0.4895939930757824]
2020-10-24 17:15:39 | Iter | [ 12/60] valid loss=0.57701
2020-10-24 17:15:39 | Test | [ 12/60] Valid Acc=0.74543
2020-10-24 17:15:39 | Test | [ 12/60] Valid Mean IU=0.44333
2020-10-24 17:15:39 | Test | [ 12/60] Valid Class Acc=[0.9058193550651426, 0.5610337972166775]
2020-10-24 17:16:43 | Iter | [ 13/60] train loss=0.53234
2020-10-24 17:16:43 | Test | [ 13/60] Train Acc=0.67964
2020-10-24 17:16:43 | Test | [ 13/60] Train Mean IU=0.48567
2020-10-24 17:16:43 | Test | [ 13/60] Train_class_acc=[0.9315028138933091, 0.4277815767469939]
2020-10-24 17:17:26 | Iter | [ 13/60] valid loss=0.55364
2020-10-24 17:17:26 | Test | [ 13/60] Valid Acc=0.75060
2020-10-24 17:17:26 | Test | [ 13/60] Valid Mean IU=0.47167
2020-10-24 17:17:26 | Test | [ 13/60] Valid Class Acc=[0.954273436775298, 0.29838391801338987]
2020-10-24 17:18:31 | Iter | [ 14/60] train loss=0.51728
2020-10-24 17:18:31 | Test | [ 14/60] Train Acc=0.66836
2020-10-24 17:18:31 | Test | [ 14/60] Train Mean IU=0.49847
2020-10-24 17:18:31 | Test | [ 14/60] Train_class_acc=[0.9474490065404472, 0.38927418710525935]
2020-10-24 17:19:15 | Iter | [ 14/60] valid loss=0.53691
2020-10-24 17:19:15 | Test | [ 14/60] Valid Acc=0.73989
2020-10-24 17:19:15 | Test | [ 14/60] Valid Mean IU=0.49735
2020-10-24 17:19:15 | Test | [ 14/60] Valid Class Acc=[0.9554912480954988, 0.4350791052918594]
2020-10-24 17:20:22 | Iter | [ 15/60] train loss=0.50080
2020-10-24 17:20:22 | Test | [ 15/60] Train Acc=0.64456
2020-10-24 17:20:22 | Test | [ 15/60] Train Mean IU=0.50886
2020-10-24 17:20:22 | Test | [ 15/60] Train_class_acc=[0.9623696264149002, 0.32675459287479586]
2020-10-24 17:21:03 | Iter | [ 15/60] valid loss=0.50336
2020-10-24 17:21:03 | Test | [ 15/60] Valid Acc=0.68092
2020-10-24 17:21:03 | Test | [ 15/60] Valid Mean IU=0.51684
2020-10-24 17:21:03 | Test | [ 15/60] Valid Class Acc=[0.971044806777504, 0.4571428571428364]
2020-10-24 17:22:00 | Iter | [ 16/60] train loss=0.48598
2020-10-24 17:22:00 | Test | [ 16/60] Train Acc=0.62061
2020-10-24 17:22:00 | Test | [ 16/60] Train Mean IU=0.51492
2020-10-24 17:22:00 | Test | [ 16/60] Train_class_acc=[0.974616055806865, 0.2666092372910387]
2020-10-24 17:22:41 | Iter | [ 16/60] valid loss=0.48920
2020-10-24 17:22:41 | Test | [ 16/60] Valid Acc=0.63934
2020-10-24 17:22:41 | Test | [ 16/60] Valid Mean IU=0.52248
2020-10-24 17:22:41 | Test | [ 16/60] Valid Class Acc=[0.9709162923197754, 0.09695999999999938]
2020-10-24 17:23:38 | Iter | [ 17/60] train loss=0.48949
2020-10-24 17:23:38 | Test | [ 17/60] Train Acc=0.60847
2020-10-24 17:23:38 | Test | [ 17/60] Train Mean IU=0.50879
2020-10-24 17:23:38 | Test | [ 17/60] Train_class_acc=[0.9598423192611462, 0.25710487193643344]
2020-10-24 17:24:19 | Iter | [ 17/60] valid loss=1.30339
2020-10-24 17:24:19 | Test | [ 17/60] Valid Acc=0.77126
2020-10-24 17:24:19 | Test | [ 17/60] Valid Mean IU=0.44016
2020-10-24 17:24:19 | Test | [ 17/60] Valid Class Acc=[0.9742178149253128, 0.4841849148418323]
2020-10-24 17:25:16 | Iter | [ 18/60] train loss=0.47245
2020-10-24 17:25:16 | Test | [ 18/60] Train Acc=0.61730
2020-10-24 17:25:16 | Test | [ 18/60] Train Mean IU=0.52241
2020-10-24 17:25:16 | Test | [ 18/60] Train_class_acc=[0.9809414639198941, 0.2536538240148583]
2020-10-24 17:25:57 | Iter | [ 18/60] valid loss=1.15790
2020-10-24 17:25:57 | Test | [ 18/60] Valid Acc=0.77565
2020-10-24 17:25:57 | Test | [ 18/60] Valid Mean IU=0.43415
2020-10-24 17:25:57 | Test | [ 18/60] Valid Class Acc=[0.9831005103906314, 0.29867046533711783]
2020-10-24 17:26:54 | Iter | [ 19/60] train loss=0.46554
2020-10-24 17:26:54 | Test | [ 19/60] Train Acc=0.59660
2020-10-24 17:26:54 | Test | [ 19/60] Train Mean IU=0.52133
2020-10-24 17:26:54 | Test | [ 19/60] Train_class_acc=[0.9827388803546483, 0.2104565307441523]
2020-10-24 17:27:35 | Iter | [ 19/60] valid loss=0.61325
2020-10-24 17:27:35 | Test | [ 19/60] Valid Acc=0.75496
2020-10-24 17:27:35 | Test | [ 19/60] Valid Mean IU=0.49608
2020-10-24 17:27:35 | Test | [ 19/60] Valid Class Acc=[0.9797007208949313, 0.23052245646195094]
2020-10-24 17:28:32 | Iter | [ 20/60] train loss=0.45342
2020-10-24 17:28:32 | Test | [ 20/60] Train Acc=0.58282
2020-10-24 17:28:32 | Test | [ 20/60] Train Mean IU=0.52405
2020-10-24 17:28:32 | Test | [ 20/60] Train_class_acc=[0.986989734376181, 0.17865492819090212]
2020-10-24 17:29:13 | Iter | [ 20/60] valid loss=0.47642
2020-10-24 17:29:13 | Test | [ 20/60] Valid Acc=0.67547
2020-10-24 17:29:13 | Test | [ 20/60] Valid Mean IU=0.53859
2020-10-24 17:29:13 | Test | [ 20/60] Valid Class Acc=[0.9863010902484886, 0.07110454689313143]
2020-10-24 17:30:11 | Iter | [ 21/60] train loss=0.44219
2020-10-24 17:30:11 | Test | [ 21/60] Train Acc=0.55695
2020-10-24 17:30:11 | Test | [ 21/60] Train Mean IU=0.51911
2020-10-24 17:30:11 | Test | [ 21/60] Train_class_acc=[0.9905004234297388, 0.12339363004062237]
2020-10-24 17:30:51 | Iter | [ 21/60] valid loss=0.44604
2020-10-24 17:30:51 | Test | [ 21/60] Valid Acc=0.58218
2020-10-24 17:30:51 | Test | [ 21/60] Valid Mean IU=0.53686
2020-10-24 17:30:51 | Test | [ 21/60] Valid Class Acc=[0.9890914200314226, 0.06327083124435913]
2020-10-24 17:31:49 | Iter | [ 22/60] train loss=0.43627
2020-10-24 17:31:49 | Test | [ 22/60] Train Acc=0.56281
2020-10-24 17:31:49 | Test | [ 22/60] Train Mean IU=0.52087
2020-10-24 17:31:49 | Test | [ 22/60] Train_class_acc=[0.990873706424631, 0.1347561701708238]
2020-10-24 17:32:35 | Iter | [ 22/60] valid loss=0.43692
2020-10-24 17:32:35 | Test | [ 22/60] Valid Acc=0.56185
2020-10-24 17:32:35 | Test | [ 22/60] Valid Mean IU=0.53045
2020-10-24 17:32:35 | Test | [ 22/60] Valid Class Acc=[0.9926812823796858, 0.023035787741669148]
2020-10-24 17:33:42 | Iter | [ 23/60] train loss=0.42992
2020-10-24 17:33:42 | Test | [ 23/60] Train Acc=0.54672
2020-10-24 17:33:42 | Test | [ 23/60] Train Mean IU=0.51724
2020-10-24 17:33:42 | Test | [ 23/60] Train_class_acc=[0.992119576541331, 0.1013301025027808]
2020-10-24 17:34:26 | Iter | [ 23/60] valid loss=0.42772
2020-10-24 17:34:26 | Test | [ 23/60] Valid Acc=0.54251
2020-10-24 17:34:26 | Test | [ 23/60] Valid Mean IU=0.52207
2020-10-24 17:34:26 | Test | [ 23/60] Valid Class Acc=[0.9887649482464071, 0.20071258907362824]
2020-10-24 17:35:25 | Iter | [ 24/60] train loss=0.42025
2020-10-24 17:35:25 | Test | [ 24/60] Train Acc=0.53946
2020-10-24 17:35:25 | Test | [ 24/60] Train Mean IU=0.51584
2020-10-24 17:35:25 | Test | [ 24/60] Train_class_acc=[0.9934620412267829, 0.08545437926614552]
2020-10-24 17:36:05 | Iter | [ 24/60] valid loss=0.42486
2020-10-24 17:36:05 | Test | [ 24/60] Valid Acc=0.54293
2020-10-24 17:36:05 | Test | [ 24/60] Valid Mean IU=0.52244
2020-10-24 17:36:05 | Test | [ 24/60] Valid Class Acc=[0.9936020216809232, 0.07424960505528932]
2020-10-24 17:37:03 | Iter | [ 25/60] train loss=0.41552
2020-10-24 17:37:03 | Test | [ 25/60] Train Acc=0.54365
2020-10-24 17:37:03 | Test | [ 25/60] Train Mean IU=0.51717
2020-10-24 17:37:03 | Test | [ 25/60] Train_class_acc=[0.9938201329706486, 0.09347008904556713]
2020-10-24 17:37:48 | Iter | [ 25/60] valid loss=0.42441
2020-10-24 17:37:48 | Test | [ 25/60] Valid Acc=0.54273
2020-10-24 17:37:48 | Test | [ 25/60] Valid Mean IU=0.52138
2020-10-24 17:37:48 | Test | [ 25/60] Valid Class Acc=[0.9926685775383886, 0.13429336905558828]
2020-10-24 17:38:54 | Iter | [ 26/60] train loss=0.40811
2020-10-24 17:38:54 | Test | [ 26/60] Train Acc=0.52981
2020-10-24 17:38:54 | Test | [ 26/60] Train Mean IU=0.51249
2020-10-24 17:38:54 | Test | [ 26/60] Train_class_acc=[0.9947301484062331, 0.06488804549385706]
2020-10-24 17:39:38 | Iter | [ 26/60] valid loss=0.41513
2020-10-24 17:39:38 | Test | [ 26/60] Valid Acc=0.53130
2020-10-24 17:39:38 | Test | [ 26/60] Valid Mean IU=0.51665
2020-10-24 17:39:38 | Test | [ 26/60] Valid Class Acc=[0.9938202895062747, 0.1161776367961889]
2020-10-24 17:40:41 | Iter | [ 27/60] train loss=0.40965
2020-10-24 17:40:41 | Test | [ 27/60] Train Acc=0.53368
2020-10-24 17:40:41 | Test | [ 27/60] Train Mean IU=0.51154
2020-10-24 17:40:41 | Test | [ 27/60] Train_class_acc=[0.9931038201666462, 0.07426393697869897]
2020-10-24 17:41:23 | Iter | [ 27/60] valid loss=0.42454
2020-10-24 17:41:23 | Test | [ 27/60] Valid Acc=0.56118
2020-10-24 17:41:23 | Test | [ 27/60] Valid Mean IU=0.52989
2020-10-24 17:41:23 | Test | [ 27/60] Valid Class Acc=[0.9874091293216074, 0.13513513513512998]
2020-10-24 17:42:21 | Iter | [ 28/60] train loss=0.40234
2020-10-24 17:42:21 | Test | [ 28/60] Train Acc=0.53416
2020-10-24 17:42:21 | Test | [ 28/60] Train Mean IU=0.51342
2020-10-24 17:42:21 | Test | [ 28/60] Train_class_acc=[0.9940793401016177, 0.0742463555033319]
2020-10-24 17:43:02 | Iter | [ 28/60] valid loss=0.52837
2020-10-24 17:43:02 | Test | [ 28/60] Valid Acc=0.66625
2020-10-24 17:43:02 | Test | [ 28/60] Valid Mean IU=0.52952
2020-10-24 17:43:02 | Test | [ 28/60] Valid Class Acc=[0.9908526330058285, 0.11768573307034458]
2020-10-24 17:44:07 | Iter | [ 29/60] train loss=0.40031
2020-10-24 17:44:07 | Test | [ 29/60] Train Acc=0.53641
2020-10-24 17:44:07 | Test | [ 29/60] Train Mean IU=0.51414
2020-10-24 17:44:07 | Test | [ 29/60] Train_class_acc=[0.9934167098513677, 0.07939932744336702]
2020-10-24 17:44:49 | Iter | [ 29/60] valid loss=0.44147
2020-10-24 17:44:49 | Test | [ 29/60] Valid Acc=0.61149
2020-10-24 17:44:49 | Test | [ 29/60] Valid Mean IU=0.53793
2020-10-24 17:44:49 | Test | [ 29/60] Valid Class Acc=[0.9933116835821043, 0.08981851737926515]
2020-10-24 17:45:47 | Iter | [ 30/60] train loss=0.39127
2020-10-24 17:45:47 | Test | [ 30/60] Train Acc=0.52780
2020-10-24 17:45:47 | Test | [ 30/60] Train Mean IU=0.51072
2020-10-24 17:45:47 | Test | [ 30/60] Train_class_acc=[0.9948301323133254, 0.06077759201196792]
2020-10-24 17:46:28 | Iter | [ 30/60] valid loss=0.40205
2020-10-24 17:46:28 | Test | [ 30/60] Valid Acc=0.54239
2020-10-24 17:46:28 | Test | [ 30/60] Valid Mean IU=0.52205
2020-10-24 17:46:28 | Test | [ 30/60] Valid Class Acc=[0.9950245888079564, 0.015535568274733624]
2020-10-24 17:47:28 | Iter | [ 31/60] train loss=0.38700
2020-10-24 17:47:28 | Test | [ 31/60] Train Acc=0.52201
2020-10-24 17:47:28 | Test | [ 31/60] Train Mean IU=0.50755
2020-10-24 17:47:28 | Test | [ 31/60] Train_class_acc=[0.9952999001258586, 0.04871643986148499]
2020-10-24 17:48:09 | Iter | [ 31/60] valid loss=0.39494
2020-10-24 17:48:09 | Test | [ 31/60] Valid Acc=0.52530
2020-10-24 17:48:09 | Test | [ 31/60] Valid Mean IU=0.51351
2020-10-24 17:48:09 | Test | [ 31/60] Valid Class Acc=[0.9915208768947654, 0.0726630007855431]
2020-10-24 17:49:09 | Iter | [ 32/60] train loss=0.38038
2020-10-24 17:49:09 | Test | [ 32/60] Train Acc=0.52081
2020-10-24 17:49:09 | Test | [ 32/60] Train Mean IU=0.50869
2020-10-24 17:49:09 | Test | [ 32/60] Train_class_acc=[0.9961489643937361, 0.04546339475242244]
2020-10-24 17:49:50 | Iter | [ 32/60] valid loss=0.38751
2020-10-24 17:49:50 | Test | [ 32/60] Valid Acc=0.51847
2020-10-24 17:49:50 | Test | [ 32/60] Valid Mean IU=0.50957
2020-10-24 17:49:50 | Test | [ 32/60] Valid Class Acc=[0.9952099416305777, 0.06973726889393221]
2020-10-24 17:50:48 | Iter | [ 33/60] train loss=0.37607
2020-10-24 17:50:48 | Test | [ 33/60] Train Acc=0.51878
2020-10-24 17:50:48 | Test | [ 33/60] Train Mean IU=0.50763
2020-10-24 17:50:48 | Test | [ 33/60] Train_class_acc=[0.9964857523657269, 0.04107556565078771]
2020-10-24 17:51:33 | Iter | [ 33/60] valid loss=0.38239
2020-10-24 17:51:33 | Test | [ 33/60] Valid Acc=0.51200
2020-10-24 17:51:33 | Test | [ 33/60] Valid Mean IU=0.50480
2020-10-24 17:51:33 | Test | [ 33/60] Valid Class Acc=[0.9960035691395104, 0.09513087531663116]
2020-10-24 17:52:35 | Iter | [ 34/60] train loss=0.37139
2020-10-24 17:52:35 | Test | [ 34/60] Train Acc=0.51954
2020-10-24 17:52:35 | Test | [ 34/60] Train Mean IU=0.50848
2020-10-24 17:52:35 | Test | [ 34/60] Train_class_acc=[0.9968016241190883, 0.04226967500526518]
2020-10-24 17:53:16 | Iter | [ 34/60] valid loss=0.37777
2020-10-24 17:53:16 | Test | [ 34/60] Valid Acc=0.50936
2020-10-24 17:53:16 | Test | [ 34/60] Valid Mean IU=0.50279
2020-10-24 17:53:16 | Test | [ 34/60] Valid Class Acc=[0.9968669402036736, 0.05785802215838909]
2020-10-24 17:54:18 | Iter | [ 35/60] train loss=0.36604
2020-10-24 17:54:18 | Test | [ 35/60] Train Acc=0.51683
2020-10-24 17:54:18 | Test | [ 35/60] Train Mean IU=0.50754
2020-10-24 17:54:18 | Test | [ 35/60] Train_class_acc=[0.9973670645537988, 0.03629595714862396]
2020-10-24 17:54:59 | Iter | [ 35/60] valid loss=0.37278
2020-10-24 17:54:59 | Test | [ 35/60] Valid Acc=0.50757
2020-10-24 17:54:59 | Test | [ 35/60] Valid Mean IU=0.50139
2020-10-24 17:54:59 | Test | [ 35/60] Valid Class Acc=[0.9972468122305841, 0.05385078219013075]
2020-10-24 17:55:59 | Iter | [ 36/60] train loss=0.36609
2020-10-24 17:55:59 | Test | [ 36/60] Train Acc=0.51356
2020-10-24 17:55:59 | Test | [ 36/60] Train Mean IU=0.50449
2020-10-24 17:55:59 | Test | [ 36/60] Train_class_acc=[0.9963384994557484, 0.030790174479376372]
2020-10-24 17:56:40 | Iter | [ 36/60] valid loss=0.36814
2020-10-24 17:56:40 | Test | [ 36/60] Valid Acc=0.50678
2020-10-24 17:56:40 | Test | [ 36/60] Valid Mean IU=0.50072
2020-10-24 17:56:40 | Test | [ 36/60] Valid Class Acc=[0.9901061167972018, 0.03325916383651442]
2020-10-24 17:57:39 | Iter | [ 37/60] train loss=0.35767
2020-10-24 17:57:39 | Test | [ 37/60] Train Acc=0.51221
2020-10-24 17:57:39 | Test | [ 37/60] Train Mean IU=0.50449
2020-10-24 17:57:39 | Test | [ 37/60] Train_class_acc=[0.9975191653176126, 0.026891508174113756]
2020-10-24 17:58:22 | Iter | [ 37/60] valid loss=0.36489
2020-10-24 17:58:22 | Test | [ 37/60] Valid Acc=0.50890
2020-10-24 17:58:22 | Test | [ 37/60] Valid Mean IU=0.50100
2020-10-24 17:58:22 | Test | [ 37/60] Valid Class Acc=[0.9964762839352176, 0.013490725126475093]
2020-10-24 17:59:20 | Iter | [ 38/60] train loss=0.35517
2020-10-24 17:59:20 | Test | [ 38/60] Train Acc=0.51195
2020-10-24 17:59:20 | Test | [ 38/60] Train Mean IU=0.50356
2020-10-24 17:59:20 | Test | [ 38/60] Train_class_acc=[0.9970894726791945, 0.026805201246471094]
2020-10-24 18:00:01 | Iter | [ 38/60] valid loss=0.38077
2020-10-24 18:00:01 | Test | [ 38/60] Valid Acc=0.54986
2020-10-24 18:00:01 | Test | [ 38/60] Valid Mean IU=0.52277
2020-10-24 18:00:01 | Test | [ 38/60] Valid Class Acc=[0.9971225762467162, 0.03647540983606408]
2020-10-24 18:01:04 | Iter | [ 39/60] train loss=0.34974
2020-10-24 18:01:04 | Test | [ 39/60] Train Acc=0.51551
2020-10-24 18:01:04 | Test | [ 39/60] Train Mean IU=0.50702
2020-10-24 18:01:04 | Test | [ 39/60] Train_class_acc=[0.997697026069508, 0.03331741916058643]
2020-10-24 18:01:45 | Iter | [ 39/60] valid loss=0.36726
2020-10-24 18:01:45 | Test | [ 39/60] Valid Acc=0.54144
2020-10-24 18:01:45 | Test | [ 39/60] Valid Mean IU=0.52239
2020-10-24 18:01:45 | Test | [ 39/60] Valid Class Acc=[0.997271507567303, 0.05842442517904038]
2020-10-24 18:02:43 | Iter | [ 40/60] train loss=0.34919
2020-10-24 18:02:43 | Test | [ 40/60] Train Acc=0.51339
2020-10-24 18:02:43 | Test | [ 40/60] Train Mean IU=0.50478
2020-10-24 18:02:43 | Test | [ 40/60] Train_class_acc=[0.9974675126504552, 0.029320078417424515]
2020-10-24 18:03:24 | Iter | [ 40/60] valid loss=0.35366
2020-10-24 18:03:24 | Test | [ 40/60] Valid Acc=0.52262
2020-10-24 18:03:24 | Test | [ 40/60] Valid Mean IU=0.51313
2020-10-24 18:03:24 | Test | [ 40/60] Valid Class Acc=[0.9962538041332941, 0.017385336840901093]
2020-10-24 18:04:22 | Iter | [ 41/60] train loss=0.34229
2020-10-24 18:04:22 | Test | [ 41/60] Train Acc=0.51536
2020-10-24 18:04:22 | Test | [ 41/60] Train Mean IU=0.50703
2020-10-24 18:04:22 | Test | [ 41/60] Train_class_acc=[0.9980985145049558, 0.03261658409496568]
2020-10-24 18:05:03 | Iter | [ 41/60] valid loss=0.34807
2020-10-24 18:05:03 | Test | [ 41/60] Valid Acc=0.51197
2020-10-24 18:05:03 | Test | [ 41/60] Valid Mean IU=0.50537
2020-10-24 18:05:03 | Test | [ 41/60] Valid Class Acc=[0.9974740134117857, 0.05645161290322341]
2020-10-24 18:06:02 | Iter | [ 42/60] train loss=0.34020
2020-10-24 18:06:02 | Test | [ 42/60] Train Acc=0.51454
2020-10-24 18:06:02 | Test | [ 42/60] Train Mean IU=0.50659
2020-10-24 18:06:02 | Test | [ 42/60] Train_class_acc=[0.997961752083142, 0.0311167706080016]
2020-10-24 18:06:43 | Iter | [ 42/60] valid loss=0.34533
2020-10-24 18:06:43 | Test | [ 42/60] Valid Acc=0.50278
2020-10-24 18:06:43 | Test | [ 42/60] Valid Mean IU=0.49741
2020-10-24 18:06:43 | Test | [ 42/60] Valid Class Acc=[0.9978321616981815, 0.04095277893856912]
2020-10-24 18:07:42 | Iter | [ 43/60] train loss=0.33601
2020-10-24 18:07:42 | Test | [ 43/60] Train Acc=0.50897
2020-10-24 18:07:42 | Test | [ 43/60] Train Mean IU=0.50220
2020-10-24 18:07:42 | Test | [ 43/60] Train_class_acc=[0.9985856655616758, 0.019348513605143895]
2020-10-24 18:08:23 | Iter | [ 43/60] valid loss=0.34117
2020-10-24 18:08:23 | Test | [ 43/60] Valid Acc=0.50132
2020-10-24 18:08:23 | Test | [ 43/60] Valid Mean IU=0.49611
2020-10-24 18:08:23 | Test | [ 43/60] Valid Class Acc=[0.9983378471939396, 0.00035112359550561385]
2020-10-24 18:09:21 | Iter | [ 44/60] train loss=0.33166
2020-10-24 18:09:21 | Test | [ 44/60] Train Acc=0.50979
2020-10-24 18:09:21 | Test | [ 44/60] Train Mean IU=0.50352
2020-10-24 18:09:21 | Test | [ 44/60] Train_class_acc=[0.9986241289459774, 0.02094818802215337]
2020-10-24 18:10:03 | Iter | [ 44/60] valid loss=0.33824
2020-10-24 18:10:03 | Test | [ 44/60] Valid Acc=0.50130
2020-10-24 18:10:03 | Test | [ 44/60] Valid Mean IU=0.49612
2020-10-24 18:10:03 | Test | [ 44/60] Valid Class Acc=[0.9984891188952997, 0.002023608768971264]
2020-10-24 18:11:02 | Iter | [ 45/60] train loss=0.32860
2020-10-24 18:11:02 | Test | [ 45/60] Train Acc=0.51113
2020-10-24 18:11:02 | Test | [ 45/60] Train Mean IU=0.50452
2020-10-24 18:11:02 | Test | [ 45/60] Train_class_acc=[0.9985930678605696, 0.02366466043389727]
2020-10-24 18:11:43 | Iter | [ 45/60] valid loss=0.33393
2020-10-24 18:11:43 | Test | [ 45/60] Valid Acc=0.50151
2020-10-24 18:11:43 | Test | [ 45/60] Valid Mean IU=0.49635
2020-10-24 18:11:43 | Test | [ 45/60] Valid Class Acc=[0.998724659511705, 0.02854362633798156]
2020-10-24 18:12:41 | Iter | [ 46/60] train loss=0.32681
2020-10-24 18:12:41 | Test | [ 46/60] Train Acc=0.51241
2020-10-24 18:12:41 | Test | [ 46/60] Train Mean IU=0.50508
2020-10-24 18:12:41 | Test | [ 46/60] Train_class_acc=[0.998686527778343, 0.02613400517181491]
2020-10-24 18:13:23 | Iter | [ 46/60] valid loss=0.33173
2020-10-24 18:13:23 | Test | [ 46/60] Valid Acc=0.50191
2020-10-24 18:13:23 | Test | [ 46/60] Valid Mean IU=0.49674
2020-10-24 18:13:23 | Test | [ 46/60] Valid Class Acc=[0.9988088709780263, 0.011666488279995594]
2020-10-24 18:14:22 | Iter | [ 47/60] train loss=0.32184
2020-10-24 18:14:22 | Test | [ 47/60] Train Acc=0.50929
2020-10-24 18:14:22 | Test | [ 47/60] Train Mean IU=0.50305
2020-10-24 18:14:22 | Test | [ 47/60] Train_class_acc=[0.9990968173965541, 0.01948108915474929]
2020-10-24 18:15:03 | Iter | [ 47/60] valid loss=0.32905
2020-10-24 18:15:03 | Test | [ 47/60] Valid Acc=0.50133
2020-10-24 18:15:03 | Test | [ 47/60] Valid Mean IU=0.49622
2020-10-24 18:15:03 | Test | [ 47/60] Valid Class Acc=[0.9990074593249194, 0.009083402146985855]
2020-10-24 18:16:01 | Iter | [ 48/60] train loss=0.31794
2020-10-24 18:16:01 | Test | [ 48/60] Train Acc=0.50983
2020-10-24 18:16:01 | Test | [ 48/60] Train Mean IU=0.50387
2020-10-24 18:16:01 | Test | [ 48/60] Train_class_acc=[0.999035322824894, 0.020618477039524817]
2020-10-24 18:16:43 | Iter | [ 48/60] valid loss=0.32518
2020-10-24 18:16:43 | Test | [ 48/60] Valid Acc=0.50092
2020-10-24 18:16:43 | Test | [ 48/60] Valid Mean IU=0.49583
2020-10-24 18:16:43 | Test | [ 48/60] Valid Class Acc=[0.9985521308310666, 0.05667225013958523]
2020-10-24 18:17:41 | Iter | [ 49/60] train loss=0.31540
2020-10-24 18:17:41 | Test | [ 49/60] Train Acc=0.51184
2020-10-24 18:17:41 | Test | [ 49/60] Train Mean IU=0.50564
2020-10-24 18:17:41 | Test | [ 49/60] Train_class_acc=[0.9989380501221333, 0.02474297578314064]
2020-10-24 18:18:23 | Iter | [ 49/60] valid loss=0.32216
2020-10-24 18:18:23 | Test | [ 49/60] Valid Acc=0.50089
2020-10-24 18:18:23 | Test | [ 49/60] Valid Mean IU=0.49580
2020-10-24 18:18:23 | Test | [ 49/60] Valid Class Acc=[0.9988300158675957, 0.030205655526991317]
2020-10-24 18:19:22 | Iter | [ 50/60] train loss=0.31199
2020-10-24 18:19:22 | Test | [ 50/60] Train Acc=0.50816
2020-10-24 18:19:22 | Test | [ 50/60] Train Mean IU=0.50256
2020-10-24 18:19:22 | Test | [ 50/60] Train_class_acc=[0.9991153205706195, 0.017204503493831]
2020-10-24 18:20:03 | Iter | [ 50/60] valid loss=0.31892
2020-10-24 18:20:03 | Test | [ 50/60] Valid Acc=0.50057
2020-10-24 18:20:03 | Test | [ 50/60] Valid Mean IU=0.49549
2020-10-24 18:20:03 | Test | [ 50/60] Valid Class Acc=[0.9989803102161889, 0.025584472871635393]
2020-10-24 18:21:02 | Iter | [ 51/60] train loss=0.30844
2020-10-24 18:21:02 | Test | [ 51/60] Train Acc=0.50796
2020-10-24 18:21:02 | Test | [ 51/60] Train Mean IU=0.50240
2020-10-24 18:21:02 | Test | [ 51/60] Train_class_acc=[0.9991877237407768, 0.016741355805160174]
2020-10-24 18:21:43 | Iter | [ 51/60] valid loss=0.31724
2020-10-24 18:21:43 | Test | [ 51/60] Valid Acc=0.50087
2020-10-24 18:21:43 | Test | [ 51/60] Valid Mean IU=0.49579
2020-10-24 18:21:43 | Test | [ 51/60] Valid Class Acc=[0.9990079564404972, 0.0]
2020-10-24 18:22:42 | Iter | [ 52/60] train loss=0.30596
2020-10-24 18:22:42 | Test | [ 52/60] Train Acc=0.51135
2020-10-24 18:22:42 | Test | [ 52/60] Train Mean IU=0.50478
2020-10-24 18:22:42 | Test | [ 52/60] Train_class_acc=[0.998944758991274, 0.023758133760564917]
2020-10-24 18:23:23 | Iter | [ 52/60] valid loss=0.31275
2020-10-24 18:23:23 | Test | [ 52/60] Valid Acc=0.50117
2020-10-24 18:23:23 | Test | [ 52/60] Valid Mean IU=0.49609
2020-10-24 18:23:23 | Test | [ 52/60] Valid Class Acc=[0.9969356332397206, 0.04463983767331604]
2020-10-24 18:24:22 | Iter | [ 53/60] train loss=0.30233
2020-10-24 18:24:22 | Test | [ 53/60] Train Acc=0.50790
2020-10-24 18:24:22 | Test | [ 53/60] Train Mean IU=0.50244
2020-10-24 18:24:22 | Test | [ 53/60] Train_class_acc=[0.9992286978007087, 0.016578483732070954]
2020-10-24 18:25:03 | Iter | [ 53/60] valid loss=0.31047
2020-10-24 18:25:03 | Test | [ 53/60] Valid Acc=0.50092
2020-10-24 18:25:03 | Test | [ 53/60] Valid Mean IU=0.49583
2020-10-24 18:25:03 | Test | [ 53/60] Valid Class Acc=[0.9990208287303911, 0.025064267352184283]
2020-10-24 18:26:01 | Iter | [ 54/60] train loss=0.29893
2020-10-24 18:26:01 | Test | [ 54/60] Train Acc=0.50793
2020-10-24 18:26:01 | Test | [ 54/60] Train Mean IU=0.50244
2020-10-24 18:26:01 | Test | [ 54/60] Train_class_acc=[0.9992507102093494, 0.016599311688301942]
2020-10-24 18:26:42 | Iter | [ 54/60] valid loss=0.30585
2020-10-24 18:26:42 | Test | [ 54/60] Valid Acc=0.50066
2020-10-24 18:26:42 | Test | [ 54/60] Valid Mean IU=0.49558
2020-10-24 18:26:42 | Test | [ 54/60] Valid Class Acc=[0.9990074690460672, 0.020181219110378082]
2020-10-24 18:27:41 | Iter | [ 55/60] train loss=0.29658
2020-10-24 18:27:41 | Test | [ 55/60] Train Acc=0.50946
2020-10-24 18:27:41 | Test | [ 55/60] Train Mean IU=0.50367
2020-10-24 18:27:41 | Test | [ 55/60] Train_class_acc=[0.9992170617576167, 0.019702465070876904]
2020-10-24 18:28:22 | Iter | [ 55/60] valid loss=0.30095
2020-10-24 18:28:22 | Test | [ 55/60] Valid Acc=0.50059
2020-10-24 18:28:22 | Test | [ 55/60] Valid Mean IU=0.49551
2020-10-24 18:28:22 | Test | [ 55/60] Valid Class Acc=[0.9988387028662922, 0.022644674308078764]
2020-10-24 18:29:21 | Iter | [ 56/60] train loss=0.29514
2020-10-24 18:29:21 | Test | [ 56/60] Train Acc=0.50703
2020-10-24 18:29:21 | Test | [ 56/60] Train Mean IU=0.50094
2020-10-24 18:29:21 | Test | [ 56/60] Train_class_acc=[0.9990946616483066, 0.014959670921389575]
2020-10-24 18:30:02 | Iter | [ 56/60] valid loss=0.30075
2020-10-24 18:30:02 | Test | [ 56/60] Valid Acc=0.50068
2020-10-24 18:30:02 | Test | [ 56/60] Valid Mean IU=0.49560
2020-10-24 18:30:02 | Test | [ 56/60] Valid Class Acc=[0.9990933262701069, 0.00604746691008665]
2020-10-24 18:31:00 | Iter | [ 57/60] train loss=0.29164
2020-10-24 18:31:00 | Test | [ 57/60] Train Acc=0.50989
2020-10-24 18:31:00 | Test | [ 57/60] Train Mean IU=0.50346
2020-10-24 18:31:00 | Test | [ 57/60] Train_class_acc=[0.999238343538915, 0.02053264616916715]
2020-10-24 18:31:41 | Iter | [ 57/60] valid loss=0.29987
2020-10-24 18:31:41 | Test | [ 57/60] Valid Acc=0.50163
2020-10-24 18:31:41 | Test | [ 57/60] Valid Mean IU=0.49655
2020-10-24 18:31:41 | Test | [ 57/60] Valid Class Acc=[0.9990310546969621, 0.006609600173366491]
2020-10-24 18:32:39 | Iter | [ 58/60] train loss=0.28708
2020-10-24 18:32:39 | Test | [ 58/60] Train Acc=0.51075
2020-10-24 18:32:39 | Test | [ 58/60] Train Mean IU=0.50501
2020-10-24 18:32:39 | Test | [ 58/60] Train_class_acc=[0.999337239101103, 0.022157248123955826]
2020-10-24 18:33:20 | Iter | [ 58/60] valid loss=0.29757
2020-10-24 18:33:20 | Test | [ 58/60] Valid Acc=0.50150
2020-10-24 18:33:20 | Test | [ 58/60] Valid Mean IU=0.49642
2020-10-24 18:33:20 | Test | [ 58/60] Valid Class Acc=[0.9992197359144768, 0.028672566371680402]
2020-10-24 18:34:19 | Iter | [ 59/60] train loss=0.28789
2020-10-24 18:34:19 | Test | [ 59/60] Train Acc=0.51305
2020-10-24 18:34:19 | Test | [ 59/60] Train Mean IU=0.50585
2020-10-24 18:34:19 | Test | [ 59/60] Train_class_acc=[0.9988237992037666, 0.027276885791579098]
2020-10-24 18:35:00 | Iter | [ 59/60] valid loss=0.30309
2020-10-24 18:35:00 | Test | [ 59/60] Valid Acc=0.51963
2020-10-24 18:35:00 | Test | [ 59/60] Valid Mean IU=0.51171
2020-10-24 18:35:00 | Test | [ 59/60] Valid Class Acc=[0.998776069214691, 0.014632689627712376]
2020-10-24 18:35:59 | Iter | [ 60/60] train loss=0.28197
2020-10-24 18:35:59 | Test | [ 60/60] Train Acc=0.50987
2020-10-24 18:35:59 | Test | [ 60/60] Train Mean IU=0.50414
2020-10-24 18:35:59 | Test | [ 60/60] Train_class_acc=[0.9992379461972046, 0.020502950052175964]
2020-10-24 18:36:41 | Iter | [ 60/60] valid loss=0.31081
2020-10-24 18:36:41 | Test | [ 60/60] Valid Acc=0.53392
2020-10-24 18:36:41 | Test | [ 60/60] Valid Mean IU=0.51870
2020-10-24 18:36:41 | Test | [ 60/60] Valid Class Acc=[0.9992324517397758, 0.01644736842105203]
