2020-10-19 18:50:21 | Conf | use logdir run/crackSegmentationSimple/2020-10-19-18-50-9678
2020-10-19 18:50:21 | Conf | use dataset crackSegmentationSimple
2020-10-19 18:50:21 | Conf | use augmentation True
2020-10-19 18:50:21 | Conf | use image size (256, 512)
2020-10-19 18:50:21 | Conf | use batch_size 4
2020-10-19 18:50:21 | Conf | use model enet
2020-10-19 18:50:21 | Conf | use GPU [0]
2020-10-19 18:50:21 | Conf | use optimizer Adam, lr=0.0001, weight_decay=0.001
2020-10-19 18:50:21 | Conf | use step_lr_scheduler every 40 steps decay 0.1
2020-10-19 18:50:21 | Conf | use loss function crossentropyloss2D
2020-10-19 18:50:21 | Conf | use epoch 120
2020-10-19 18:51:07 | Iter | [  1/120] train loss=0.89627
2020-10-19 18:51:07 | Test | [  1/120] Train Acc=0.49769
2020-10-19 18:51:07 | Test | [  1/120] Train Mean IU=0.21875
2020-10-19 18:51:07 | Test | [  1/120] Train_class_acc=[0.4258512810906412, 0.5695362725587899]
2020-10-19 18:51:31 | Iter | [  1/120] valid loss=0.75050
2020-10-19 18:51:31 | Test | [  1/120] Valid Acc=0.50725
2020-10-19 18:51:31 | Test | [  1/120] Valid Mean IU=0.12825
2020-10-19 18:51:31 | Test | [  1/120] Valid Class Acc=[0.43310719876953485, 0.5561049306413878]
2020-10-19 18:52:08 | Iter | [  2/120] train loss=0.84551
2020-10-19 18:52:08 | Test | [  2/120] Train Acc=0.49744
2020-10-19 18:52:08 | Test | [  2/120] Train Mean IU=0.23380
2020-10-19 18:52:08 | Test | [  2/120] Train_class_acc=[0.45740141126633294, 0.5374774551894035]
2020-10-19 18:52:31 | Iter | [  2/120] valid loss=0.78604
2020-10-19 18:52:31 | Test | [  2/120] Valid Acc=0.50494
2020-10-19 18:52:31 | Test | [  2/120] Valid Mean IU=0.13075
2020-10-19 18:52:31 | Test | [  2/120] Valid Class Acc=[0.4641470849249526, 0.5373234700739564]
2020-10-19 18:53:08 | Iter | [  3/120] train loss=0.80935
2020-10-19 18:53:08 | Test | [  3/120] Train Acc=0.49592
2020-10-19 18:53:08 | Test | [  3/120] Train Mean IU=0.24499
2020-10-19 18:53:08 | Test | [  3/120] Train_class_acc=[0.4792021638733756, 0.5126455097135064]
2020-10-19 18:53:31 | Iter | [  3/120] valid loss=0.78786
2020-10-19 18:53:31 | Test | [  3/120] Valid Acc=0.50463
2020-10-19 18:53:31 | Test | [  3/120] Valid Mean IU=0.13427
2020-10-19 18:53:31 | Test | [  3/120] Valid Class Acc=[0.49999803646673946, 0.49646713771496465]
2020-10-19 18:54:08 | Iter | [  4/120] train loss=0.74867
2020-10-19 18:54:08 | Test | [  4/120] Train Acc=0.49688
2020-10-19 18:54:08 | Test | [  4/120] Train Mean IU=0.26869
2020-10-19 18:54:08 | Test | [  4/120] Train_class_acc=[0.5282215969808856, 0.4655326551850751]
2020-10-19 18:54:31 | Iter | [  4/120] valid loss=0.75862
2020-10-19 18:54:31 | Test | [  4/120] Valid Acc=0.50392
2020-10-19 18:54:31 | Test | [  4/120] Valid Mean IU=0.15250
2020-10-19 18:54:31 | Test | [  4/120] Valid Class Acc=[0.5198556931743641, 0.4771351714861979]
2020-10-19 18:55:09 | Iter | [  5/120] train loss=0.71598
2020-10-19 18:55:09 | Test | [  5/120] Train Acc=0.49707
2020-10-19 18:55:09 | Test | [  5/120] Train Mean IU=0.28773
2020-10-19 18:55:09 | Test | [  5/120] Train_class_acc=[0.5670212086255998, 0.42711236803334335]
2020-10-19 18:55:32 | Iter | [  5/120] valid loss=0.72622
2020-10-19 18:55:32 | Test | [  5/120] Valid Acc=0.50461
2020-10-19 18:55:32 | Test | [  5/120] Valid Mean IU=0.18960
2020-10-19 18:55:32 | Test | [  5/120] Valid Class Acc=[0.5534740172061261, 0.44955691888205684]
2020-10-19 18:56:09 | Iter | [  6/120] train loss=0.70545
2020-10-19 18:56:09 | Test | [  6/120] Train Acc=0.49503
2020-10-19 18:56:09 | Test | [  6/120] Train Mean IU=0.29672
2020-10-19 18:56:09 | Test | [  6/120] Train_class_acc=[0.5854050234490018, 0.40464720857627984]
2020-10-19 18:56:32 | Iter | [  6/120] valid loss=0.69836
2020-10-19 18:56:32 | Test | [  6/120] Valid Acc=0.50060
2020-10-19 18:56:32 | Test | [  6/120] Valid Mean IU=0.23634
2020-10-19 18:56:32 | Test | [  6/120] Valid Class Acc=[0.6017139705570402, 0.4044708347886691]
2020-10-19 18:57:09 | Iter | [  7/120] train loss=0.70734
2020-10-19 18:57:09 | Test | [  7/120] Train Acc=0.50224
2020-10-19 18:57:09 | Test | [  7/120] Train Mean IU=0.29897
2020-10-19 18:57:09 | Test | [  7/120] Train_class_acc=[0.589338107735209, 0.4151452535126903]
2020-10-19 18:57:33 | Iter | [  7/120] valid loss=0.67733
2020-10-19 18:57:33 | Test | [  7/120] Valid Acc=0.50009
2020-10-19 18:57:33 | Test | [  7/120] Valid Mean IU=0.27561
2020-10-19 18:57:33 | Test | [  7/120] Valid Class Acc=[0.5940870800614608, 0.4182168056446306]
2020-10-19 18:58:11 | Iter | [  8/120] train loss=0.68424
2020-10-19 18:58:11 | Test | [  8/120] Train Acc=0.49716
2020-10-19 18:58:11 | Test | [  8/120] Train Mean IU=0.31189
2020-10-19 18:58:11 | Test | [  8/120] Train_class_acc=[0.6161804562222377, 0.37813565633640583]
2020-10-19 18:58:34 | Iter | [  8/120] valid loss=0.66441
2020-10-19 18:58:34 | Test | [  8/120] Valid Acc=0.49714
2020-10-19 18:58:34 | Test | [  8/120] Valid Mean IU=0.30322
2020-10-19 18:58:34 | Test | [  8/120] Valid Class Acc=[0.6170753986148205, 0.3809168840849653]
2020-10-19 18:59:11 | Iter | [  9/120] train loss=0.66568
2020-10-19 18:59:11 | Test | [  9/120] Train Acc=0.50122
2020-10-19 18:59:11 | Test | [  9/120] Train Mean IU=0.32636
2020-10-19 18:59:11 | Test | [  9/120] Train_class_acc=[0.6451830187291191, 0.35726422701846355]
2020-10-19 18:59:34 | Iter | [  9/120] valid loss=0.65084
2020-10-19 18:59:34 | Test | [  9/120] Valid Acc=0.49851
2020-10-19 18:59:34 | Test | [  9/120] Valid Mean IU=0.32213
2020-10-19 18:59:34 | Test | [  9/120] Valid Class Acc=[0.6350125108118124, 0.35858585858584724]
2020-10-19 19:00:10 | Iter | [ 10/120] train loss=0.65362
2020-10-19 19:00:10 | Test | [ 10/120] Train Acc=0.50284
2020-10-19 19:00:10 | Test | [ 10/120] Train Mean IU=0.33067
2020-10-19 19:00:10 | Test | [ 10/120] Train_class_acc=[0.6538611662243324, 0.35182716597882974]
2020-10-19 19:00:34 | Iter | [ 10/120] valid loss=0.63902
2020-10-19 19:00:34 | Test | [ 10/120] Valid Acc=0.49794
2020-10-19 19:00:34 | Test | [ 10/120] Valid Mean IU=0.33486
2020-10-19 19:00:34 | Test | [ 10/120] Valid Class Acc=[0.6597407702891762, 0.3458814759597337]
2020-10-19 19:01:11 | Iter | [ 11/120] train loss=0.63320
2020-10-19 19:01:11 | Test | [ 11/120] Train Acc=0.49931
2020-10-19 19:01:11 | Test | [ 11/120] Train Mean IU=0.34160
2020-10-19 19:01:11 | Test | [ 11/120] Train_class_acc=[0.6760680474796317, 0.3225526254306585]
2020-10-19 19:01:34 | Iter | [ 11/120] valid loss=0.62303
2020-10-19 19:01:34 | Test | [ 11/120] Valid Acc=0.49951
2020-10-19 19:01:34 | Test | [ 11/120] Valid Mean IU=0.34565
2020-10-19 19:01:34 | Test | [ 11/120] Valid Class Acc=[0.7107197082348519, 0.28850818677986223]
2020-10-19 19:02:11 | Iter | [ 12/120] train loss=0.62780
2020-10-19 19:02:11 | Test | [ 12/120] Train Acc=0.49985
2020-10-19 19:02:11 | Test | [ 12/120] Train Mean IU=0.34763
2020-10-19 19:02:11 | Test | [ 12/120] Train_class_acc=[0.6887385632181099, 0.3109664625882847]
2020-10-19 19:02:35 | Iter | [ 12/120] valid loss=0.60730
2020-10-19 19:02:35 | Test | [ 12/120] Valid Acc=0.49820
2020-10-19 19:02:35 | Test | [ 12/120] Valid Mean IU=0.35712
2020-10-19 19:02:35 | Test | [ 12/120] Valid Class Acc=[0.6419200666561229, 0.359283499827752]
2020-10-19 19:03:12 | Iter | [ 13/120] train loss=0.60053
2020-10-19 19:03:12 | Test | [ 13/120] Train Acc=0.49805
2020-10-19 19:03:12 | Test | [ 13/120] Train Mean IU=0.35982
2020-10-19 19:03:12 | Test | [ 13/120] Train_class_acc=[0.7139262458534955, 0.28216739502375693]
2020-10-19 19:03:36 | Iter | [ 13/120] valid loss=0.59341
2020-10-19 19:03:36 | Test | [ 13/120] Valid Acc=0.49798
2020-10-19 19:03:36 | Test | [ 13/120] Valid Mean IU=0.36462
2020-10-19 19:03:36 | Test | [ 13/120] Valid Class Acc=[0.7141005223840405, 0.28322639780017034]
2020-10-19 19:04:14 | Iter | [ 14/120] train loss=0.59554
2020-10-19 19:04:14 | Test | [ 14/120] Train Acc=0.49929
2020-10-19 19:04:14 | Test | [ 14/120] Train Mean IU=0.36245
2020-10-19 19:04:14 | Test | [ 14/120] Train_class_acc=[0.7190018573204053, 0.2795862564132961]
2020-10-19 19:04:37 | Iter | [ 14/120] valid loss=0.58039
2020-10-19 19:04:37 | Test | [ 14/120] Valid Acc=0.49663
2020-10-19 19:04:37 | Test | [ 14/120] Valid Mean IU=0.37141
2020-10-19 19:04:37 | Test | [ 14/120] Valid Class Acc=[0.7204018648630899, 0.2716087357735998]
2020-10-19 19:05:14 | Iter | [ 15/120] train loss=0.57746
2020-10-19 19:05:14 | Test | [ 15/120] Train Acc=0.49675
2020-10-19 19:05:14 | Test | [ 15/120] Train Mean IU=0.36564
2020-10-19 19:05:14 | Test | [ 15/120] Train_class_acc=[0.7259931015079396, 0.26750468900776964]
2020-10-19 19:05:37 | Iter | [ 15/120] valid loss=0.56903
2020-10-19 19:05:37 | Test | [ 15/120] Valid Acc=0.49631
2020-10-19 19:05:37 | Test | [ 15/120] Valid Mean IU=0.37811
2020-10-19 19:05:37 | Test | [ 15/120] Valid Class Acc=[0.7229745856013301, 0.2649789029535753]
2020-10-19 19:06:15 | Iter | [ 16/120] train loss=0.56355
2020-10-19 19:06:15 | Test | [ 16/120] Train Acc=0.49881
2020-10-19 19:06:15 | Test | [ 16/120] Train Mean IU=0.37561
2020-10-19 19:06:15 | Test | [ 16/120] Train_class_acc=[0.7461541452699514, 0.251475743573707]
2020-10-19 19:06:38 | Iter | [ 16/120] valid loss=0.55723
2020-10-19 19:06:38 | Test | [ 16/120] Valid Acc=0.49700
2020-10-19 19:06:38 | Test | [ 16/120] Valid Mean IU=0.38259
2020-10-19 19:06:38 | Test | [ 16/120] Valid Class Acc=[0.740336856545043, 0.2668443090978201]
2020-10-19 19:07:15 | Iter | [ 17/120] train loss=0.55225
2020-10-19 19:07:15 | Test | [ 17/120] Train Acc=0.49636
2020-10-19 19:07:15 | Test | [ 17/120] Train Mean IU=0.38333
2020-10-19 19:07:15 | Test | [ 17/120] Train_class_acc=[0.7621258183137621, 0.23058506266631448]
2020-10-19 19:07:39 | Iter | [ 17/120] valid loss=0.54603
2020-10-19 19:07:39 | Test | [ 17/120] Valid Acc=0.49677
2020-10-19 19:07:39 | Test | [ 17/120] Valid Mean IU=0.38890
2020-10-19 19:07:39 | Test | [ 17/120] Valid Class Acc=[0.7753183689344313, 0.2238927265339202]
2020-10-19 19:08:16 | Iter | [ 18/120] train loss=0.56532
2020-10-19 19:08:16 | Test | [ 18/120] Train Acc=0.49310
2020-10-19 19:08:16 | Test | [ 18/120] Train Mean IU=0.37827
2020-10-19 19:08:16 | Test | [ 18/120] Train_class_acc=[0.752288443763867, 0.2339034822286095]
2020-10-19 19:08:40 | Iter | [ 18/120] valid loss=0.53346
2020-10-19 19:08:40 | Test | [ 18/120] Valid Acc=0.49637
2020-10-19 19:08:40 | Test | [ 18/120] Valid Mean IU=0.39631
2020-10-19 19:08:40 | Test | [ 18/120] Valid Class Acc=[0.7647812726795445, 0.2222580645161219]
2020-10-19 19:09:19 | Iter | [ 19/120] train loss=0.52816
2020-10-19 19:09:19 | Test | [ 19/120] Train Acc=0.49977
2020-10-19 19:09:19 | Test | [ 19/120] Train Mean IU=0.39328
2020-10-19 19:09:19 | Test | [ 19/120] Train_class_acc=[0.7817724000403606, 0.21775762551037647]
2020-10-19 19:09:43 | Iter | [ 19/120] valid loss=0.51848
2020-10-19 19:09:43 | Test | [ 19/120] Valid Acc=0.49730
2020-10-19 19:09:43 | Test | [ 19/120] Valid Mean IU=0.40205
2020-10-19 19:09:43 | Test | [ 19/120] Valid Class Acc=[0.7785294048523683, 0.2223196026876976]
2020-10-19 19:10:21 | Iter | [ 20/120] train loss=0.50689
2020-10-19 19:10:21 | Test | [ 20/120] Train Acc=0.49652
2020-10-19 19:10:21 | Test | [ 20/120] Train Mean IU=0.40344
2020-10-19 19:10:21 | Test | [ 20/120] Train_class_acc=[0.803336824287498, 0.18970338436862655]
2020-10-19 19:10:45 | Iter | [ 20/120] valid loss=0.50600
2020-10-19 19:10:45 | Test | [ 20/120] Valid Acc=0.49587
2020-10-19 19:10:45 | Test | [ 20/120] Valid Mean IU=0.40757
2020-10-19 19:10:45 | Test | [ 20/120] Valid Class Acc=[0.8001970474287663, 0.18596776378165805]
2020-10-19 19:11:24 | Iter | [ 21/120] train loss=0.51011
2020-10-19 19:11:24 | Test | [ 21/120] Train Acc=0.50034
2020-10-19 19:11:24 | Test | [ 21/120] Train Mean IU=0.40076
2020-10-19 19:11:24 | Test | [ 21/120] Train_class_acc=[0.7972858807486478, 0.20340268963118344]
2020-10-19 19:11:49 | Iter | [ 21/120] valid loss=0.48989
2020-10-19 19:11:49 | Test | [ 21/120] Valid Acc=0.49554
2020-10-19 19:11:49 | Test | [ 21/120] Valid Mean IU=0.41402
2020-10-19 19:11:49 | Test | [ 21/120] Valid Class Acc=[0.7845046016404171, 0.22942135289322615]
2020-10-19 19:12:28 | Iter | [ 22/120] train loss=0.48819
2020-10-19 19:12:28 | Test | [ 22/120] Train Acc=0.49586
2020-10-19 19:12:28 | Test | [ 22/120] Train Mean IU=0.41414
2020-10-19 19:12:28 | Test | [ 22/120] Train_class_acc=[0.8256107980276436, 0.16611906024537712]
2020-10-19 19:12:52 | Iter | [ 22/120] valid loss=0.48051
2020-10-19 19:12:52 | Test | [ 22/120] Valid Acc=0.49559
2020-10-19 19:12:52 | Test | [ 22/120] Valid Mean IU=0.41749
2020-10-19 19:12:52 | Test | [ 22/120] Valid Class Acc=[0.8293981481481477, 0.15998641304347283]
2020-10-19 19:13:30 | Iter | [ 23/120] train loss=0.48748
2020-10-19 19:13:30 | Test | [ 23/120] Train Acc=0.49667
2020-10-19 19:13:30 | Test | [ 23/120] Train Mean IU=0.40936
2020-10-19 19:13:30 | Test | [ 23/120] Train_class_acc=[0.8158252196661192, 0.17751745512312575]
2020-10-19 19:13:55 | Iter | [ 23/120] valid loss=0.46622
2020-10-19 19:13:55 | Test | [ 23/120] Valid Acc=0.49578
2020-10-19 19:13:55 | Test | [ 23/120] Valid Mean IU=0.42382
2020-10-19 19:13:55 | Test | [ 23/120] Valid Class Acc=[0.7810515670054541, 0.2251054168018091]
2020-10-19 19:14:34 | Iter | [ 24/120] train loss=0.47183
2020-10-19 19:14:34 | Test | [ 24/120] Train Acc=0.49715
2020-10-19 19:14:34 | Test | [ 24/120] Train Mean IU=0.42017
2020-10-19 19:14:34 | Test | [ 24/120] Train_class_acc=[0.8376160678786637, 0.15667607323924573]
2020-10-19 19:14:58 | Iter | [ 24/120] valid loss=0.45746
2020-10-19 19:14:58 | Test | [ 24/120] Valid Acc=0.49576
2020-10-19 19:14:58 | Test | [ 24/120] Valid Mean IU=0.42855
2020-10-19 19:14:58 | Test | [ 24/120] Valid Class Acc=[0.8340483718670535, 0.16823376247649113]
2020-10-19 19:15:37 | Iter | [ 25/120] train loss=0.44355
2020-10-19 19:15:37 | Test | [ 25/120] Train Acc=0.50027
2020-10-19 19:15:37 | Test | [ 25/120] Train Mean IU=0.42985
2020-10-19 19:15:37 | Test | [ 25/120] Train_class_acc=[0.8571745792827793, 0.14336425203066325]
2020-10-19 19:16:00 | Iter | [ 25/120] valid loss=0.44879
2020-10-19 19:16:00 | Test | [ 25/120] Valid Acc=0.49658
2020-10-19 19:16:00 | Test | [ 25/120] Valid Mean IU=0.43208
2020-10-19 19:16:00 | Test | [ 25/120] Valid Class Acc=[0.8742170325968528, 0.12400835073068375]
2020-10-19 19:16:40 | Iter | [ 26/120] train loss=0.44906
2020-10-19 19:16:40 | Test | [ 26/120] Train Acc=0.49810
2020-10-19 19:16:40 | Test | [ 26/120] Train Mean IU=0.42772
2020-10-19 19:16:40 | Test | [ 26/120] Train_class_acc=[0.8530526747150616, 0.1431378085815541]
2020-10-19 19:17:03 | Iter | [ 26/120] valid loss=0.43962
2020-10-19 19:17:03 | Test | [ 26/120] Valid Acc=0.49570
2020-10-19 19:17:03 | Test | [ 26/120] Valid Mean IU=0.43666
2020-10-19 19:17:03 | Test | [ 26/120] Valid Class Acc=[0.8547411231758228, 0.1322839919624872]
2020-10-19 19:17:42 | Iter | [ 27/120] train loss=0.43956
2020-10-19 19:17:42 | Test | [ 27/120] Train Acc=0.49614
2020-10-19 19:17:42 | Test | [ 27/120] Train Mean IU=0.43442
2020-10-19 19:17:42 | Test | [ 27/120] Train_class_acc=[0.8675643808129513, 0.12470624709667054]
2020-10-19 19:18:06 | Iter | [ 27/120] valid loss=0.42626
2020-10-19 19:18:06 | Test | [ 27/120] Valid Acc=0.49559
2020-10-19 19:18:06 | Test | [ 27/120] Valid Mean IU=0.44247
2020-10-19 19:18:06 | Test | [ 27/120] Valid Class Acc=[0.866383440505189, 0.12143796580446639]
2020-10-19 19:18:45 | Iter | [ 28/120] train loss=0.42784
2020-10-19 19:18:45 | Test | [ 28/120] Train Acc=0.49718
2020-10-19 19:18:45 | Test | [ 28/120] Train Mean IU=0.43609
2020-10-19 19:18:45 | Test | [ 28/120] Train_class_acc=[0.8708504098249019, 0.1235183070185533]
2020-10-19 19:19:10 | Iter | [ 28/120] valid loss=0.41384
2020-10-19 19:19:10 | Test | [ 28/120] Valid Acc=0.49571
2020-10-19 19:19:10 | Test | [ 28/120] Valid Mean IU=0.44705
2020-10-19 19:19:10 | Test | [ 28/120] Valid Class Acc=[0.8874850112391606, 0.10600071864893619]
2020-10-19 19:19:48 | Iter | [ 29/120] train loss=0.41129
2020-10-19 19:19:48 | Test | [ 29/120] Train Acc=0.50007
2020-10-19 19:19:48 | Test | [ 29/120] Train Mean IU=0.44687
2020-10-19 19:19:48 | Test | [ 29/120] Train_class_acc=[0.8922660317480022, 0.10787630533856461]
2020-10-19 19:20:12 | Iter | [ 29/120] valid loss=0.40055
2020-10-19 19:20:12 | Test | [ 29/120] Valid Acc=0.49589
2020-10-19 19:20:12 | Test | [ 29/120] Valid Mean IU=0.45140
2020-10-19 19:20:12 | Test | [ 29/120] Valid Class Acc=[0.9119378148929937, 0.08767772511847995]
2020-10-19 19:20:51 | Iter | [ 30/120] train loss=0.40694
2020-10-19 19:20:51 | Test | [ 30/120] Train Acc=0.49572
2020-10-19 19:20:51 | Test | [ 30/120] Train Mean IU=0.44361
2020-10-19 19:20:51 | Test | [ 30/120] Train_class_acc=[0.8871030548500053, 0.10432984086597948]
2020-10-19 19:21:15 | Iter | [ 30/120] valid loss=0.39144
2020-10-19 19:21:15 | Test | [ 30/120] Valid Acc=0.49644
2020-10-19 19:21:15 | Test | [ 30/120] Valid Mean IU=0.45459
2020-10-19 19:21:15 | Test | [ 30/120] Valid Class Acc=[0.8897743612648931, 0.09417040358744258]
2020-10-19 19:21:53 | Iter | [ 31/120] train loss=0.38899
2020-10-19 19:21:53 | Test | [ 31/120] Train Acc=0.49768
2020-10-19 19:21:53 | Test | [ 31/120] Train Mean IU=0.45028
2020-10-19 19:21:53 | Test | [ 31/120] Train_class_acc=[0.9003797038823009, 0.09497723926958089]
2020-10-19 19:22:17 | Iter | [ 31/120] valid loss=0.38371
2020-10-19 19:22:17 | Test | [ 31/120] Valid Acc=0.49769
2020-10-19 19:22:17 | Test | [ 31/120] Valid Mean IU=0.45726
2020-10-19 19:22:17 | Test | [ 31/120] Valid Class Acc=[0.9024814556227166, 0.09513960703205462]
2020-10-19 19:22:55 | Iter | [ 32/120] train loss=0.37755
2020-10-19 19:22:55 | Test | [ 32/120] Train Acc=0.50051
2020-10-19 19:22:55 | Test | [ 32/120] Train Mean IU=0.45619
2020-10-19 19:22:55 | Test | [ 32/120] Train_class_acc=[0.9114336314542258, 0.08958249229096266]
2020-10-19 19:23:18 | Iter | [ 32/120] valid loss=0.37350
2020-10-19 19:23:18 | Test | [ 32/120] Valid Acc=0.49811
2020-10-19 19:23:18 | Test | [ 32/120] Valid Mean IU=0.46105
2020-10-19 19:23:18 | Test | [ 32/120] Valid Class Acc=[0.9043093206609782, 0.09197786998616556]
2020-10-19 19:23:55 | Iter | [ 33/120] train loss=0.37873
2020-10-19 19:23:55 | Test | [ 33/120] Train Acc=0.49903
2020-10-19 19:23:55 | Test | [ 33/120] Train Mean IU=0.45458
2020-10-19 19:23:55 | Test | [ 33/120] Train_class_acc=[0.9088574788931686, 0.08920721249930252]
2020-10-19 19:24:17 | Iter | [ 33/120] valid loss=0.36358
2020-10-19 19:24:17 | Test | [ 33/120] Valid Acc=0.49806
2020-10-19 19:24:17 | Test | [ 33/120] Valid Mean IU=0.46439
2020-10-19 19:24:17 | Test | [ 33/120] Valid Class Acc=[0.9289152778472559, 0.07045354469396431]
2020-10-19 19:24:53 | Iter | [ 34/120] train loss=0.36839
2020-10-19 19:24:53 | Test | [ 34/120] Train Acc=0.49733
2020-10-19 19:24:53 | Test | [ 34/120] Train Mean IU=0.45910
2020-10-19 19:24:53 | Test | [ 34/120] Train_class_acc=[0.9188284656618418, 0.07582871236797185]
2020-10-19 19:25:16 | Iter | [ 34/120] valid loss=0.35011
2020-10-19 19:25:16 | Test | [ 34/120] Valid Acc=0.49782
2020-10-19 19:25:16 | Test | [ 34/120] Valid Mean IU=0.46783
2020-10-19 19:25:16 | Test | [ 34/120] Valid Class Acc=[0.9043946202189586, 0.08935483870967453]
2020-10-19 19:25:52 | Iter | [ 35/120] train loss=0.35349
2020-10-19 19:25:52 | Test | [ 35/120] Train Acc=0.49673
2020-10-19 19:25:52 | Test | [ 35/120] Train Mean IU=0.46069
2020-10-19 19:25:52 | Test | [ 35/120] Train_class_acc=[0.9224436453206196, 0.0710205006376587]
2020-10-19 19:26:14 | Iter | [ 35/120] valid loss=0.34430
2020-10-19 19:26:14 | Test | [ 35/120] Valid Acc=0.49806
2020-10-19 19:26:14 | Test | [ 35/120] Valid Mean IU=0.46934
2020-10-19 19:26:14 | Test | [ 35/120] Valid Class Acc=[0.9445377307871949, 0.05348460291734024]
2020-10-19 19:26:51 | Iter | [ 36/120] train loss=0.35108
2020-10-19 19:26:51 | Test | [ 36/120] Train Acc=0.49880
2020-10-19 19:26:51 | Test | [ 36/120] Train Mean IU=0.46084
2020-10-19 19:26:51 | Test | [ 36/120] Train_class_acc=[0.9223882804722797, 0.07521901443084149]
2020-10-19 19:27:14 | Iter | [ 36/120] valid loss=0.33727
2020-10-19 19:27:14 | Test | [ 36/120] Valid Acc=0.49818
2020-10-19 19:27:14 | Test | [ 36/120] Valid Mean IU=0.47101
2020-10-19 19:27:14 | Test | [ 36/120] Valid Class Acc=[0.9248366517268243, 0.0707841776544042]
2020-10-19 19:27:50 | Iter | [ 37/120] train loss=0.34066
2020-10-19 19:27:50 | Test | [ 37/120] Train Acc=0.49938
2020-10-19 19:27:50 | Test | [ 37/120] Train Mean IU=0.46508
2020-10-19 19:27:50 | Test | [ 37/120] Train_class_acc=[0.9305018612183673, 0.06825692142743921]
2020-10-19 19:28:13 | Iter | [ 37/120] valid loss=0.32837
2020-10-19 19:28:13 | Test | [ 37/120] Valid Acc=0.49802
2020-10-19 19:28:13 | Test | [ 37/120] Valid Mean IU=0.47280
2020-10-19 19:28:13 | Test | [ 37/120] Valid Class Acc=[0.953214347600069, 0.04450796243364457]
2020-10-19 19:28:49 | Iter | [ 38/120] train loss=0.33609
2020-10-19 19:28:49 | Test | [ 38/120] Train Acc=0.49735
2020-10-19 19:28:49 | Test | [ 38/120] Train Mean IU=0.46681
2020-10-19 19:28:49 | Test | [ 38/120] Train_class_acc=[0.9351730174923157, 0.05952848752114281]
2020-10-19 19:29:11 | Iter | [ 38/120] valid loss=0.32394
2020-10-19 19:29:11 | Test | [ 38/120] Valid Acc=0.49834
2020-10-19 19:29:11 | Test | [ 38/120] Valid Mean IU=0.47388
2020-10-19 19:29:11 | Test | [ 38/120] Valid Class Acc=[0.9296105476361001, 0.05846279640228706]
2020-10-19 19:29:48 | Iter | [ 39/120] train loss=0.33994
2020-10-19 19:29:48 | Test | [ 39/120] Train Acc=0.49819
2020-10-19 19:29:48 | Test | [ 39/120] Train Mean IU=0.46550
2020-10-19 19:29:48 | Test | [ 39/120] Train_class_acc=[0.9344518105013427, 0.06192260020147625]
2020-10-19 19:30:10 | Iter | [ 39/120] valid loss=0.31479
2020-10-19 19:30:10 | Test | [ 39/120] Valid Acc=0.49785
2020-10-19 19:30:10 | Test | [ 39/120] Valid Mean IU=0.47562
2020-10-19 19:30:10 | Test | [ 39/120] Valid Class Acc=[0.9518708268927378, 0.04204096298957921]
2020-10-19 19:30:46 | Iter | [ 40/120] train loss=0.32584
2020-10-19 19:30:46 | Test | [ 40/120] Train Acc=0.49988
2020-10-19 19:30:46 | Test | [ 40/120] Train Mean IU=0.46775
2020-10-19 19:30:46 | Test | [ 40/120] Train_class_acc=[0.9365594493162771, 0.06320499446822453]
2020-10-19 19:31:09 | Iter | [ 40/120] valid loss=0.30995
2020-10-19 19:31:09 | Test | [ 40/120] Valid Acc=0.49776
2020-10-19 19:31:09 | Test | [ 40/120] Valid Mean IU=0.47655
2020-10-19 19:31:09 | Test | [ 40/120] Valid Class Acc=[0.9304811599556702, 0.07438380281689813]
2020-10-19 19:31:45 | Iter | [ 41/120] train loss=0.32022
2020-10-19 19:31:45 | Test | [ 41/120] Train Acc=0.49801
2020-10-19 19:31:45 | Test | [ 41/120] Train Mean IU=0.46989
2020-10-19 19:31:45 | Test | [ 41/120] Train_class_acc=[0.9417530589053804, 0.05426304370695081]
2020-10-19 19:32:07 | Iter | [ 41/120] valid loss=0.30386
2020-10-19 19:32:07 | Test | [ 41/120] Valid Acc=0.49758
2020-10-19 19:32:07 | Test | [ 41/120] Valid Mean IU=0.47760
2020-10-19 19:32:07 | Test | [ 41/120] Valid Class Acc=[0.9460394154237942, 0.055580865603642116]
2020-10-19 19:32:43 | Iter | [ 42/120] train loss=0.30415
2020-10-19 19:32:43 | Test | [ 42/120] Train Acc=0.49855
2020-10-19 19:32:43 | Test | [ 42/120] Train Mean IU=0.47426
2020-10-19 19:32:43 | Test | [ 42/120] Train_class_acc=[0.9511113960455134, 0.04599435531993731]
2020-10-19 19:33:06 | Iter | [ 42/120] valid loss=0.29786
2020-10-19 19:33:06 | Test | [ 42/120] Valid Acc=0.49789
2020-10-19 19:33:06 | Test | [ 42/120] Valid Mean IU=0.47883
2020-10-19 19:33:06 | Test | [ 42/120] Valid Class Acc=[0.963180830409492, 0.030648842517116703]
2020-10-19 19:33:41 | Iter | [ 43/120] train loss=0.30381
2020-10-19 19:33:41 | Test | [ 43/120] Train Acc=0.49940
2020-10-19 19:33:41 | Test | [ 43/120] Train Mean IU=0.47133
2020-10-19 19:33:41 | Test | [ 43/120] Train_class_acc=[0.9442103008034977, 0.05458757342255263]
2020-10-19 19:34:04 | Iter | [ 43/120] valid loss=0.28845
2020-10-19 19:34:04 | Test | [ 43/120] Valid Acc=0.49832
2020-10-19 19:34:04 | Test | [ 43/120] Valid Mean IU=0.48017
2020-10-19 19:34:04 | Test | [ 43/120] Valid Class Acc=[0.9481706838344974, 0.06550513236088512]
2020-10-19 19:34:41 | Iter | [ 44/120] train loss=0.29124
2020-10-19 19:34:41 | Test | [ 44/120] Train Acc=0.49961
2020-10-19 19:34:41 | Test | [ 44/120] Train Mean IU=0.47574
2020-10-19 19:34:41 | Test | [ 44/120] Train_class_acc=[0.95357032681088, 0.04564290734853765]
2020-10-19 19:35:04 | Iter | [ 44/120] valid loss=0.28601
2020-10-19 19:35:04 | Test | [ 44/120] Valid Acc=0.49853
2020-10-19 19:35:04 | Test | [ 44/120] Valid Mean IU=0.48104
2020-10-19 19:35:04 | Test | [ 44/120] Valid Class Acc=[0.938353421387038, 0.06519967400162734]
2020-10-19 19:35:42 | Iter | [ 45/120] train loss=0.29776
2020-10-19 19:35:42 | Test | [ 45/120] Train Acc=0.49823
2020-10-19 19:35:42 | Test | [ 45/120] Train Mean IU=0.47544
2020-10-19 19:35:42 | Test | [ 45/120] Train_class_acc=[0.95368617011226, 0.04277495189834445]
2020-10-19 19:36:06 | Iter | [ 45/120] valid loss=0.27846
2020-10-19 19:36:06 | Test | [ 45/120] Valid Acc=0.49847
2020-10-19 19:36:06 | Test | [ 45/120] Valid Mean IU=0.48223
2020-10-19 19:36:06 | Test | [ 45/120] Valid Class Acc=[0.909735006535537, 0.09603142354056486]
2020-10-19 19:36:44 | Iter | [ 46/120] train loss=0.28770
2020-10-19 19:36:44 | Test | [ 46/120] Train Acc=0.49771
2020-10-19 19:36:44 | Test | [ 46/120] Train Mean IU=0.47675
2020-10-19 19:36:44 | Test | [ 46/120] Train_class_acc=[0.9573563278480205, 0.03806273430831317]
2020-10-19 19:37:08 | Iter | [ 46/120] valid loss=0.27359
2020-10-19 19:37:08 | Test | [ 46/120] Valid Acc=0.49880
2020-10-19 19:37:08 | Test | [ 46/120] Valid Mean IU=0.48300
2020-10-19 19:37:08 | Test | [ 46/120] Valid Class Acc=[0.9426226972513957, 0.05536723163841652]
2020-10-19 19:37:46 | Iter | [ 47/120] train loss=0.28022
2020-10-19 19:37:46 | Test | [ 47/120] Train Acc=0.49863
2020-10-19 19:37:46 | Test | [ 47/120] Train Mean IU=0.48192
2020-10-19 19:37:46 | Test | [ 47/120] Train_class_acc=[0.9681737632313752, 0.029077305414645305]
2020-10-19 19:38:10 | Iter | [ 47/120] valid loss=0.26797
2020-10-19 19:38:10 | Test | [ 47/120] Valid Acc=0.49895
2020-10-19 19:38:10 | Test | [ 47/120] Valid Mean IU=0.48389
2020-10-19 19:38:10 | Test | [ 47/120] Valid Class Acc=[0.9507483024620071, 0.052631578947366184]
2020-10-19 19:38:48 | Iter | [ 48/120] train loss=0.27945
2020-10-19 19:38:48 | Test | [ 48/120] Train Acc=0.49993
2020-10-19 19:38:48 | Test | [ 48/120] Train Mean IU=0.47966
2020-10-19 19:38:48 | Test | [ 48/120] Train_class_acc=[0.9626360256468042, 0.03722523022878243]
2020-10-19 19:39:12 | Iter | [ 48/120] valid loss=0.26388
2020-10-19 19:39:12 | Test | [ 48/120] Valid Acc=0.49910
2020-10-19 19:39:12 | Test | [ 48/120] Valid Mean IU=0.48496
2020-10-19 19:39:12 | Test | [ 48/120] Valid Class Acc=[0.9848482508301796, 0.012010113780024905]
2020-10-19 19:39:49 | Iter | [ 49/120] train loss=0.27538
2020-10-19 19:39:49 | Test | [ 49/120] Train Acc=0.50035
2020-10-19 19:39:49 | Test | [ 49/120] Train Mean IU=0.48019
2020-10-19 19:39:49 | Test | [ 49/120] Train_class_acc=[0.9632950783068721, 0.03741009069286703]
2020-10-19 19:40:13 | Iter | [ 49/120] valid loss=0.25653
2020-10-19 19:40:13 | Test | [ 49/120] Valid Acc=0.49919
2020-10-19 19:40:13 | Test | [ 49/120] Valid Mean IU=0.48587
2020-10-19 19:40:13 | Test | [ 49/120] Valid Class Acc=[0.9622618149459304, 0.04104376189181731]
2020-10-19 19:40:52 | Iter | [ 50/120] train loss=0.26300
2020-10-19 19:40:52 | Test | [ 50/120] Train Acc=0.50167
2020-10-19 19:40:52 | Test | [ 50/120] Train Mean IU=0.48419
2020-10-19 19:40:52 | Test | [ 50/120] Train_class_acc=[0.9717436080599381, 0.03160307807772291]
2020-10-19 19:41:16 | Iter | [ 50/120] valid loss=0.25215
2020-10-19 19:41:16 | Test | [ 50/120] Valid Acc=0.49937
2020-10-19 19:41:16 | Test | [ 50/120] Valid Mean IU=0.48658
2020-10-19 19:41:16 | Test | [ 50/120] Valid Class Acc=[0.9816436820798599, 0.019073569482288555]
2020-10-19 19:41:56 | Iter | [ 51/120] train loss=0.25802
2020-10-19 19:41:56 | Test | [ 51/120] Train Acc=0.49821
2020-10-19 19:41:56 | Test | [ 51/120] Train Mean IU=0.48467
2020-10-19 19:41:56 | Test | [ 51/120] Train_class_acc=[0.9743944789522647, 0.02202496719100773]
2020-10-19 19:42:21 | Iter | [ 51/120] valid loss=0.24738
2020-10-19 19:42:21 | Test | [ 51/120] Valid Acc=0.49944
2020-10-19 19:42:21 | Test | [ 51/120] Valid Mean IU=0.48722
2020-10-19 19:42:21 | Test | [ 51/120] Valid Class Acc=[0.9837660464167968, 0.013667425968108719]
2020-10-19 19:43:01 | Iter | [ 52/120] train loss=0.25757
2020-10-19 19:43:01 | Test | [ 52/120] Train Acc=0.49963
2020-10-19 19:43:01 | Test | [ 52/120] Train Mean IU=0.48686
2020-10-19 19:43:01 | Test | [ 52/120] Train_class_acc=[0.9805031109120974, 0.018764610729741695]
2020-10-19 19:43:25 | Iter | [ 52/120] valid loss=0.24249
2020-10-19 19:43:25 | Test | [ 52/120] Valid Acc=0.49973
2020-10-19 19:43:25 | Test | [ 52/120] Valid Mean IU=0.48773
2020-10-19 19:43:25 | Test | [ 52/120] Valid Class Acc=[0.9847138258616626, 0.013371150729335316]
2020-10-19 19:44:03 | Iter | [ 53/120] train loss=0.24788
2020-10-19 19:44:03 | Test | [ 53/120] Train Acc=0.49829
2020-10-19 19:44:03 | Test | [ 53/120] Train Mean IU=0.48612
2020-10-19 19:44:03 | Test | [ 53/120] Train_class_acc=[0.9785379707231697, 0.018044534269021483]
2020-10-19 19:44:27 | Iter | [ 53/120] valid loss=0.24322
2020-10-19 19:44:27 | Test | [ 53/120] Valid Acc=0.49957
2020-10-19 19:44:27 | Test | [ 53/120] Valid Mean IU=0.48796
2020-10-19 19:44:27 | Test | [ 53/120] Valid Class Acc=[0.9839601107690878, 0.011155872327238575]
2020-10-19 19:45:05 | Iter | [ 54/120] train loss=0.25603
2020-10-19 19:45:05 | Test | [ 54/120] Train Acc=0.49872
2020-10-19 19:45:05 | Test | [ 54/120] Train Mean IU=0.48307
2020-10-19 19:45:05 | Test | [ 54/120] Train_class_acc=[0.9704444387681826, 0.02700232862321283]
2020-10-19 19:45:29 | Iter | [ 54/120] valid loss=0.23672
2020-10-19 19:45:29 | Test | [ 54/120] Valid Acc=0.49980
2020-10-19 19:45:29 | Test | [ 54/120] Valid Mean IU=0.48842
2020-10-19 19:45:29 | Test | [ 54/120] Valid Class Acc=[0.9841238669531529, 0.017170891251021374]
2020-10-19 19:46:07 | Iter | [ 55/120] train loss=0.24676
2020-10-19 19:46:07 | Test | [ 55/120] Train Acc=0.49884
2020-10-19 19:46:07 | Test | [ 55/120] Train Mean IU=0.48694
2020-10-19 19:46:07 | Test | [ 55/120] Train_class_acc=[0.9798861285873072, 0.017789218611926418]
2020-10-19 19:46:31 | Iter | [ 55/120] valid loss=0.23335
2020-10-19 19:46:31 | Test | [ 55/120] Valid Acc=0.49946
2020-10-19 19:46:31 | Test | [ 55/120] Valid Mean IU=0.48887
2020-10-19 19:46:31 | Test | [ 55/120] Valid Class Acc=[0.9748225882425615, 0.025143220878420587]
2020-10-19 19:47:10 | Iter | [ 56/120] train loss=0.23540
2020-10-19 19:47:10 | Test | [ 56/120] Train Acc=0.49983
2020-10-19 19:47:10 | Test | [ 56/120] Train Mean IU=0.48853
2020-10-19 19:47:10 | Test | [ 56/120] Train_class_acc=[0.9828127835736944, 0.01684280390814328]
2020-10-19 19:47:33 | Iter | [ 56/120] valid loss=0.23077
2020-10-19 19:47:33 | Test | [ 56/120] Valid Acc=0.49963
2020-10-19 19:47:33 | Test | [ 56/120] Valid Mean IU=0.48910
2020-10-19 19:47:33 | Test | [ 56/120] Valid Class Acc=[0.9860435748468641, 0.00872455338595726]
2020-10-19 19:48:12 | Iter | [ 57/120] train loss=0.23529
2020-10-19 19:48:12 | Test | [ 57/120] Train Acc=0.49990
2020-10-19 19:48:12 | Test | [ 57/120] Train Mean IU=0.48785
2020-10-19 19:48:12 | Test | [ 57/120] Train_class_acc=[0.9814031813376314, 0.018405819117687152]
2020-10-19 19:48:36 | Iter | [ 57/120] valid loss=0.22922
2020-10-19 19:48:36 | Test | [ 57/120] Valid Acc=0.49926
2020-10-19 19:48:36 | Test | [ 57/120] Valid Mean IU=0.48934
2020-10-19 19:48:36 | Test | [ 57/120] Valid Class Acc=[0.9833767537003798, 0.018366677599212254]
2020-10-19 19:49:14 | Iter | [ 58/120] train loss=0.23457
2020-10-19 19:49:14 | Test | [ 58/120] Train Acc=0.49893
2020-10-19 19:49:14 | Test | [ 58/120] Train Mean IU=0.48567
2020-10-19 19:49:14 | Test | [ 58/120] Train_class_acc=[0.9781480269018643, 0.01971365808349635]
2020-10-19 19:49:38 | Iter | [ 58/120] valid loss=0.22634
2020-10-19 19:49:38 | Test | [ 58/120] Valid Acc=0.49943
2020-10-19 19:49:38 | Test | [ 58/120] Valid Mean IU=0.48965
2020-10-19 19:49:38 | Test | [ 58/120] Valid Class Acc=[0.9403562321304377, 0.05746089049337975]
2020-10-19 19:50:19 | Iter | [ 59/120] train loss=0.23101
2020-10-19 19:50:19 | Test | [ 59/120] Train Acc=0.50036
2020-10-19 19:50:19 | Test | [ 59/120] Train Mean IU=0.48713
2020-10-19 19:50:19 | Test | [ 59/120] Train_class_acc=[0.9787795416481583, 0.02194514770226816]
2020-10-19 19:50:43 | Iter | [ 59/120] valid loss=0.21984
2020-10-19 19:50:43 | Test | [ 59/120] Valid Acc=0.49976
2020-10-19 19:50:43 | Test | [ 59/120] Valid Mean IU=0.49011
2020-10-19 19:50:43 | Test | [ 59/120] Valid Class Acc=[0.9650622432178741, 0.030965391621127915]
2020-10-19 19:51:22 | Iter | [ 60/120] train loss=0.23085
2020-10-19 19:51:22 | Test | [ 60/120] Train Acc=0.50140
2020-10-19 19:51:22 | Test | [ 60/120] Train Mean IU=0.48895
2020-10-19 19:51:22 | Test | [ 60/120] Train_class_acc=[0.9817890170243645, 0.021006331894488653]
2020-10-19 19:51:46 | Iter | [ 60/120] valid loss=0.21800
2020-10-19 19:51:46 | Test | [ 60/120] Valid Acc=0.49980
2020-10-19 19:51:46 | Test | [ 60/120] Valid Mean IU=0.49049
2020-10-19 19:51:46 | Test | [ 60/120] Valid Class Acc=[0.9928947327927119, 0.0027322404371583455]
2020-10-19 19:52:25 | Iter | [ 61/120] train loss=0.22678
2020-10-19 19:52:25 | Test | [ 61/120] Train Acc=0.49845
2020-10-19 19:52:25 | Test | [ 61/120] Train Mean IU=0.48881
2020-10-19 19:52:25 | Test | [ 61/120] Train_class_acc=[0.9857921575365739, 0.011116514317036004]
2020-10-19 19:52:49 | Iter | [ 61/120] valid loss=0.21659
2020-10-19 19:52:49 | Test | [ 61/120] Valid Acc=0.49944
2020-10-19 19:52:49 | Test | [ 61/120] Valid Mean IU=0.49106
2020-10-19 19:52:49 | Test | [ 61/120] Valid Class Acc=[0.990873946139675, 0.0055987558320371505]
2020-10-19 19:53:28 | Iter | [ 62/120] train loss=0.22785
2020-10-19 19:53:28 | Test | [ 62/120] Train Acc=0.50026
2020-10-19 19:53:28 | Test | [ 62/120] Train Mean IU=0.48853
2020-10-19 19:53:28 | Test | [ 62/120] Train_class_acc=[0.9836219554460385, 0.01689153103058592]
2020-10-19 19:53:52 | Iter | [ 62/120] valid loss=0.21392
2020-10-19 19:53:52 | Test | [ 62/120] Valid Acc=0.49927
2020-10-19 19:53:52 | Test | [ 62/120] Valid Mean IU=0.49122
2020-10-19 19:53:52 | Test | [ 62/120] Valid Class Acc=[0.9844987943506712, 0.023353293413173302]
2020-10-19 19:54:30 | Iter | [ 63/120] train loss=0.22019
2020-10-19 19:54:30 | Test | [ 63/120] Train Acc=0.50162
2020-10-19 19:54:30 | Test | [ 63/120] Train Mean IU=0.49037
2020-10-19 19:54:30 | Test | [ 63/120] Train_class_acc=[0.9847710511293483, 0.018475078022940333]
2020-10-19 19:54:54 | Iter | [ 63/120] valid loss=0.21103
2020-10-19 19:54:54 | Test | [ 63/120] Valid Acc=0.49947
2020-10-19 19:54:54 | Test | [ 63/120] Valid Mean IU=0.49135
2020-10-19 19:54:54 | Test | [ 63/120] Valid Class Acc=[0.9848886389374665, 0.02285263987391557]
2020-10-19 19:55:33 | Iter | [ 64/120] train loss=0.21687
2020-10-19 19:55:33 | Test | [ 64/120] Train Acc=0.50030
2020-10-19 19:55:33 | Test | [ 64/120] Train Mean IU=0.48998
2020-10-19 19:55:33 | Test | [ 64/120] Train_class_acc=[0.9856381200071942, 0.014962719918013087]
2020-10-19 19:55:57 | Iter | [ 64/120] valid loss=0.20716
2020-10-19 19:55:57 | Test | [ 64/120] Valid Acc=0.49956
2020-10-19 19:55:57 | Test | [ 64/120] Valid Mean IU=0.49160
2020-10-19 19:55:57 | Test | [ 64/120] Valid Class Acc=[0.9925237748581595, 0.005553351844505928]
2020-10-19 19:56:35 | Iter | [ 65/120] train loss=0.21992
2020-10-19 19:56:35 | Test | [ 65/120] Train Acc=0.49968
2020-10-19 19:56:35 | Test | [ 65/120] Train Mean IU=0.48773
2020-10-19 19:56:35 | Test | [ 65/120] Train_class_acc=[0.9820302517515449, 0.017325972055029486]
2020-10-19 19:56:59 | Iter | [ 65/120] valid loss=0.20298
2020-10-19 19:56:59 | Test | [ 65/120] Valid Acc=0.49925
2020-10-19 19:56:59 | Test | [ 65/120] Valid Mean IU=0.49161
2020-10-19 19:56:59 | Test | [ 65/120] Valid Class Acc=[0.9704171533326627, 0.040201005025124505]
2020-10-19 19:57:37 | Iter | [ 66/120] train loss=0.20111
2020-10-19 19:57:37 | Test | [ 66/120] Train Acc=0.50007
2020-10-19 19:57:37 | Test | [ 66/120] Train Mean IU=0.49145
2020-10-19 19:57:37 | Test | [ 66/120] Train_class_acc=[0.9905134518454864, 0.009616924388630743]
2020-10-19 19:58:01 | Iter | [ 66/120] valid loss=0.20195
2020-10-19 19:58:01 | Test | [ 66/120] Valid Acc=0.49906
2020-10-19 19:58:01 | Test | [ 66/120] Valid Mean IU=0.49162
2020-10-19 19:58:01 | Test | [ 66/120] Valid Class Acc=[0.993777490446889, 0.003945637878123457]
2020-10-19 19:58:38 | Iter | [ 67/120] train loss=0.21094
2020-10-19 19:58:38 | Test | [ 67/120] Train Acc=0.49972
2020-10-19 19:58:38 | Test | [ 67/120] Train Mean IU=0.48965
2020-10-19 19:58:38 | Test | [ 67/120] Train_class_acc=[0.9875212637354104, 0.011921519001321634]
2020-10-19 19:59:03 | Iter | [ 67/120] valid loss=0.19831
2020-10-19 19:59:03 | Test | [ 67/120] Valid Acc=0.49930
2020-10-19 19:59:03 | Test | [ 67/120] Valid Mean IU=0.49180
2020-10-19 19:59:03 | Test | [ 67/120] Valid Class Acc=[0.9878006879485464, 0.01606167683906148]
2020-10-19 19:59:41 | Iter | [ 68/120] train loss=0.19993
2020-10-19 19:59:41 | Test | [ 68/120] Train Acc=0.49891
2020-10-19 19:59:41 | Test | [ 68/120] Train Mean IU=0.49133
2020-10-19 19:59:41 | Test | [ 68/120] Train_class_acc=[0.9923752235667566, 0.005453777901611321]
2020-10-19 20:00:04 | Iter | [ 68/120] valid loss=0.19631
2020-10-19 20:00:04 | Test | [ 68/120] Valid Acc=0.49887
2020-10-19 20:00:04 | Test | [ 68/120] Valid Mean IU=0.49164
2020-10-19 20:00:04 | Test | [ 68/120] Valid Class Acc=[0.9944215330367921, 0.003750426184793599]
2020-10-19 20:00:42 | Iter | [ 69/120] train loss=0.20384
2020-10-19 20:00:42 | Test | [ 69/120] Train Acc=0.49936
2020-10-19 20:00:42 | Test | [ 69/120] Train Mean IU=0.49088
2020-10-19 20:00:42 | Test | [ 69/120] Train_class_acc=[0.9900845559828798, 0.008643723120209284]
2020-10-19 20:01:05 | Iter | [ 69/120] valid loss=0.19059
2020-10-19 20:01:05 | Test | [ 69/120] Valid Acc=0.49877
2020-10-19 20:01:05 | Test | [ 69/120] Valid Mean IU=0.49166
2020-10-19 20:01:05 | Test | [ 69/120] Valid Class Acc=[0.9905758476730389, 0.005617977528089662]
2020-10-19 20:01:44 | Iter | [ 70/120] train loss=0.19363
2020-10-19 20:01:44 | Test | [ 70/120] Train Acc=0.49907
2020-10-19 20:01:44 | Test | [ 70/120] Train Mean IU=0.49144
2020-10-19 20:01:44 | Test | [ 70/120] Train_class_acc=[0.992599639373066, 0.0055406779224450526]
2020-10-19 20:02:07 | Iter | [ 70/120] valid loss=0.18842
2020-10-19 20:02:07 | Test | [ 70/120] Valid Acc=0.49883
2020-10-19 20:02:07 | Test | [ 70/120] Valid Mean IU=0.49176
2020-10-19 20:02:07 | Test | [ 70/120] Valid Class Acc=[0.9965533424115829, 0.000916590284142946]
2020-10-19 20:02:45 | Iter | [ 71/120] train loss=0.19585
2020-10-19 20:02:45 | Test | [ 71/120] Train Acc=0.49945
2020-10-19 20:02:45 | Test | [ 71/120] Train Mean IU=0.49076
2020-10-19 20:02:45 | Test | [ 71/120] Train_class_acc=[0.9905759841012828, 0.00832978429016397]
2020-10-19 20:03:09 | Iter | [ 71/120] valid loss=0.18809
2020-10-19 20:03:09 | Test | [ 71/120] Valid Acc=0.49895
2020-10-19 20:03:09 | Test | [ 71/120] Valid Mean IU=0.49189
2020-10-19 20:03:09 | Test | [ 71/120] Valid Class Acc=[0.9750916399704284, 0.027549342105262026]
2020-10-19 20:03:46 | Iter | [ 72/120] train loss=0.19098
2020-10-19 20:03:46 | Test | [ 72/120] Train Acc=0.50050
2020-10-19 20:03:46 | Test | [ 72/120] Train Mean IU=0.49173
2020-10-19 20:03:46 | Test | [ 72/120] Train_class_acc=[0.9912772052365151, 0.009728666463501729]
2020-10-19 20:04:10 | Iter | [ 72/120] valid loss=0.18745
2020-10-19 20:04:10 | Test | [ 72/120] Valid Acc=0.49900
2020-10-19 20:04:10 | Test | [ 72/120] Valid Mean IU=0.49195
2020-10-19 20:04:10 | Test | [ 72/120] Valid Class Acc=[0.9976171013464532, 0.0014306151645206927]
2020-10-19 20:04:48 | Iter | [ 73/120] train loss=0.19671
2020-10-19 20:04:48 | Test | [ 73/120] Train Acc=0.49909
2020-10-19 20:04:48 | Test | [ 73/120] Train Mean IU=0.49079
2020-10-19 20:04:48 | Test | [ 73/120] Train_class_acc=[0.9934484199472363, 0.004723439251888359]
2020-10-19 20:05:11 | Iter | [ 73/120] valid loss=0.18594
2020-10-19 20:05:11 | Test | [ 73/120] Valid Acc=0.49913
2020-10-19 20:05:11 | Test | [ 73/120] Valid Mean IU=0.49208
2020-10-19 20:05:11 | Test | [ 73/120] Valid Class Acc=[0.9977665078231104, 0.0009477389656106017]
2020-10-19 20:05:50 | Iter | [ 74/120] train loss=0.19315
2020-10-19 20:05:50 | Test | [ 74/120] Train Acc=0.49910
2020-10-19 20:05:50 | Test | [ 74/120] Train Mean IU=0.49036
2020-10-19 20:05:50 | Test | [ 74/120] Train_class_acc=[0.9917968667300693, 0.0064013281501967105]
2020-10-19 20:06:14 | Iter | [ 74/120] valid loss=0.18459
2020-10-19 20:06:14 | Test | [ 74/120] Valid Acc=0.49915
2020-10-19 20:06:14 | Test | [ 74/120] Valid Mean IU=0.49212
2020-10-19 20:06:14 | Test | [ 74/120] Valid Class Acc=[0.9969921396148524, 0.0027887861441361693]
2020-10-19 20:06:52 | Iter | [ 75/120] train loss=0.18464
2020-10-19 20:06:52 | Test | [ 75/120] Train Acc=0.49964
2020-10-19 20:06:52 | Test | [ 75/120] Train Mean IU=0.49159
2020-10-19 20:06:52 | Test | [ 75/120] Train_class_acc=[0.9920826181649995, 0.007195464990912327]
2020-10-19 20:07:16 | Iter | [ 75/120] valid loss=0.18003
2020-10-19 20:07:16 | Test | [ 75/120] Valid Acc=0.49924
2020-10-19 20:07:16 | Test | [ 75/120] Valid Mean IU=0.49222
2020-10-19 20:07:16 | Test | [ 75/120] Valid Class Acc=[0.9829252043853802, 0.012586276898091248]
2020-10-19 20:07:53 | Iter | [ 76/120] train loss=0.19276
2020-10-19 20:07:53 | Test | [ 76/120] Train Acc=0.49859
2020-10-19 20:07:53 | Test | [ 76/120] Train Mean IU=0.49067
2020-10-19 20:07:53 | Test | [ 76/120] Train_class_acc=[0.9915811356116423, 0.005596940803702038]
2020-10-19 20:08:17 | Iter | [ 76/120] valid loss=0.17724
2020-10-19 20:08:17 | Test | [ 76/120] Valid Acc=0.49931
2020-10-19 20:08:17 | Test | [ 76/120] Valid Mean IU=0.49229
2020-10-19 20:08:17 | Test | [ 76/120] Valid Class Acc=[0.995523247055733, 0.002460781298062059]
2020-10-19 20:08:55 | Iter | [ 77/120] train loss=0.19127
2020-10-19 20:08:55 | Test | [ 77/120] Train Acc=0.49913
2020-10-19 20:08:55 | Test | [ 77/120] Train Mean IU=0.49007
2020-10-19 20:08:55 | Test | [ 77/120] Train_class_acc=[0.9887313679113343, 0.00952794481200632]
2020-10-19 20:09:18 | Iter | [ 77/120] valid loss=0.17448
2020-10-19 20:09:18 | Test | [ 77/120] Valid Acc=0.49926
2020-10-19 20:09:18 | Test | [ 77/120] Valid Mean IU=0.49225
2020-10-19 20:09:18 | Test | [ 77/120] Valid Class Acc=[0.9778344312624382, 0.020223152022314495]
2020-10-19 20:09:56 | Iter | [ 78/120] train loss=0.18174
2020-10-19 20:09:56 | Test | [ 78/120] Train Acc=0.50072
2020-10-19 20:09:56 | Test | [ 78/120] Train Mean IU=0.49216
2020-10-19 20:09:56 | Test | [ 78/120] Train_class_acc=[0.9916384450692292, 0.009806913297358746]
2020-10-19 20:10:20 | Iter | [ 78/120] valid loss=0.17657
2020-10-19 20:10:20 | Test | [ 78/120] Valid Acc=0.49932
2020-10-19 20:10:20 | Test | [ 78/120] Valid Mean IU=0.49230
2020-10-19 20:10:20 | Test | [ 78/120] Valid Class Acc=[0.9850834930933521, 0.01275422268183341]
2020-10-19 20:10:58 | Iter | [ 79/120] train loss=0.17980
2020-10-19 20:10:58 | Test | [ 79/120] Train Acc=0.49912
2020-10-19 20:10:58 | Test | [ 79/120] Train Mean IU=0.49195
2020-10-19 20:10:58 | Test | [ 79/120] Train_class_acc=[0.994573575137565, 0.003676175314254352]
2020-10-19 20:11:22 | Iter | [ 79/120] valid loss=0.17571
2020-10-19 20:11:22 | Test | [ 79/120] Valid Acc=0.49937
2020-10-19 20:11:22 | Test | [ 79/120] Valid Mean IU=0.49236
2020-10-19 20:11:22 | Test | [ 79/120] Valid Class Acc=[0.9901948334314616, 0.009206488382288066]
2020-10-19 20:12:01 | Iter | [ 80/120] train loss=0.17682
2020-10-19 20:12:01 | Test | [ 80/120] Train Acc=0.49957
2020-10-19 20:12:01 | Test | [ 80/120] Train Mean IU=0.49155
2020-10-19 20:12:01 | Test | [ 80/120] Train_class_acc=[0.993506040727726, 0.005641420020951288]
2020-10-19 20:12:25 | Iter | [ 80/120] valid loss=0.17701
2020-10-19 20:12:25 | Test | [ 80/120] Valid Acc=0.49943
2020-10-19 20:12:25 | Test | [ 80/120] Valid Mean IU=0.49241
2020-10-19 20:12:25 | Test | [ 80/120] Valid Class Acc=[0.9832397072242903, 0.022699133305818294]
2020-10-19 20:13:02 | Iter | [ 81/120] train loss=0.16411
2020-10-19 20:13:02 | Test | [ 81/120] Train Acc=0.49963
2020-10-19 20:13:02 | Test | [ 81/120] Train Mean IU=0.49263
2020-10-19 20:13:02 | Test | [ 81/120] Train_class_acc=[0.9968937381777331, 0.0023748551181637504]
2020-10-19 20:13:26 | Iter | [ 81/120] valid loss=0.18018
2020-10-19 20:13:26 | Test | [ 81/120] Valid Acc=0.49946
2020-10-19 20:13:26 | Test | [ 81/120] Valid Mean IU=0.49244
2020-10-19 20:13:26 | Test | [ 81/120] Valid Class Acc=[0.997880562558149, 0.000963700610343689]
2020-10-19 20:14:03 | Iter | [ 82/120] train loss=0.16662
2020-10-19 20:14:03 | Test | [ 82/120] Train Acc=0.49914
2020-10-19 20:14:03 | Test | [ 82/120] Train Mean IU=0.49231
2020-10-19 20:14:03 | Test | [ 82/120] Train_class_acc=[0.9965261706472167, 0.0017568260294581054]
2020-10-19 20:14:27 | Iter | [ 82/120] valid loss=0.17924
2020-10-19 20:14:27 | Test | [ 82/120] Valid Acc=0.49953
2020-10-19 20:14:27 | Test | [ 82/120] Valid Mean IU=0.49251
2020-10-19 20:14:27 | Test | [ 82/120] Valid Class Acc=[0.9984441175675725, 0.0006395906619763147]
2020-10-19 20:15:05 | Iter | [ 83/120] train loss=0.16527
2020-10-19 20:15:05 | Test | [ 83/120] Train Acc=0.49967
2020-10-19 20:15:05 | Test | [ 83/120] Train Mean IU=0.49230
2020-10-19 20:15:05 | Test | [ 83/120] Train_class_acc=[0.9950801345199797, 0.004264671071563288]
2020-10-19 20:15:29 | Iter | [ 83/120] valid loss=0.17569
2020-10-19 20:15:29 | Test | [ 83/120] Valid Acc=0.49955
2020-10-19 20:15:29 | Test | [ 83/120] Valid Mean IU=0.49253
2020-10-19 20:15:29 | Test | [ 83/120] Valid Class Acc=[0.9976556193683687, 0.0018593120545397628]
2020-10-19 20:16:07 | Iter | [ 84/120] train loss=0.17166
2020-10-19 20:16:07 | Test | [ 84/120] Train Acc=0.49981
2020-10-19 20:16:07 | Test | [ 84/120] Train Mean IU=0.49250
2020-10-19 20:16:07 | Test | [ 84/120] Train_class_acc=[0.9950440365924345, 0.004582044606409648]
2020-10-19 20:16:31 | Iter | [ 84/120] valid loss=0.17322
2020-10-19 20:16:31 | Test | [ 84/120] Valid Acc=0.49959
2020-10-19 20:16:31 | Test | [ 84/120] Valid Mean IU=0.49257
2020-10-19 20:16:31 | Test | [ 84/120] Valid Class Acc=[0.998078411589604, 0.00040600893219649184]
2020-10-19 20:17:08 | Iter | [ 85/120] train loss=0.16357
2020-10-19 20:17:08 | Test | [ 85/120] Train Acc=0.49946
2020-10-19 20:17:08 | Test | [ 85/120] Train Mean IU=0.49267
2020-10-19 20:17:08 | Test | [ 85/120] Train_class_acc=[0.9971591615432488, 0.0017676104326638964]
2020-10-19 20:17:32 | Iter | [ 85/120] valid loss=0.16842
2020-10-19 20:17:32 | Test | [ 85/120] Valid Acc=0.49956
2020-10-19 20:17:32 | Test | [ 85/120] Valid Mean IU=0.49255
2020-10-19 20:17:32 | Test | [ 85/120] Valid Class Acc=[0.9977321901720524, 0.0006985679357317255]
2020-10-19 20:18:13 | Iter | [ 86/120] train loss=0.16771
2020-10-19 20:18:13 | Test | [ 86/120] Train Acc=0.50023
2020-10-19 20:18:13 | Test | [ 86/120] Train Mean IU=0.49245
2020-10-19 20:18:13 | Test | [ 86/120] Train_class_acc=[0.9941708670081312, 0.006292884064067336]
2020-10-19 20:18:41 | Iter | [ 86/120] valid loss=0.16390
2020-10-19 20:18:41 | Test | [ 86/120] Valid Acc=0.49958
2020-10-19 20:18:41 | Test | [ 86/120] Valid Mean IU=0.49257
2020-10-19 20:18:41 | Test | [ 86/120] Valid Class Acc=[0.9823667469581864, 0.015220207253885518]
2020-10-19 20:19:22 | Iter | [ 87/120] train loss=0.16123
2020-10-19 20:19:22 | Test | [ 87/120] Train Acc=0.49963
2020-10-19 20:19:22 | Test | [ 87/120] Train Mean IU=0.49175
2020-10-19 20:19:22 | Test | [ 87/120] Train_class_acc=[0.9934594845531323, 0.005800188258716119]
2020-10-19 20:19:46 | Iter | [ 87/120] valid loss=0.16161
2020-10-19 20:19:46 | Test | [ 87/120] Valid Acc=0.49959
2020-10-19 20:19:46 | Test | [ 87/120] Valid Mean IU=0.49258
2020-10-19 20:19:46 | Test | [ 87/120] Valid Class Acc=[0.997936207241756, 0.0]
2020-10-19 20:20:24 | Iter | [ 88/120] train loss=0.16418
2020-10-19 20:20:24 | Test | [ 88/120] Train Acc=0.50060
2020-10-19 20:20:24 | Test | [ 88/120] Train Mean IU=0.49235
2020-10-19 20:20:24 | Test | [ 88/120] Train_class_acc=[0.9939875690102702, 0.007216461036560404]
2020-10-19 20:20:49 | Iter | [ 88/120] valid loss=0.16170
2020-10-19 20:20:49 | Test | [ 88/120] Valid Acc=0.49972
2020-10-19 20:20:49 | Test | [ 88/120] Valid Mean IU=0.49271
2020-10-19 20:20:49 | Test | [ 88/120] Valid Class Acc=[0.9983040940170278, 0.0018993352326684757]
2020-10-19 20:21:27 | Iter | [ 89/120] train loss=0.16506
2020-10-19 20:21:27 | Test | [ 89/120] Train Acc=0.50099
2020-10-19 20:21:27 | Test | [ 89/120] Train Mean IU=0.49207
2020-10-19 20:21:27 | Test | [ 89/120] Train_class_acc=[0.9935831365373101, 0.008398616716650703]
2020-10-19 20:21:51 | Iter | [ 89/120] valid loss=0.16071
2020-10-19 20:21:51 | Test | [ 89/120] Valid Acc=0.49967
2020-10-19 20:21:51 | Test | [ 89/120] Valid Mean IU=0.49266
2020-10-19 20:21:51 | Test | [ 89/120] Valid Class Acc=[0.9971887093548928, 0.003098155189409899]
2020-10-19 20:22:28 | Iter | [ 90/120] train loss=0.16695
2020-10-19 20:22:28 | Test | [ 90/120] Train Acc=0.50176
2020-10-19 20:22:28 | Test | [ 90/120] Train Mean IU=0.49398
2020-10-19 20:22:28 | Test | [ 90/120] Train_class_acc=[0.9954475183006585, 0.008068441391062322]
2020-10-19 20:22:52 | Iter | [ 90/120] valid loss=0.15708
2020-10-19 20:22:52 | Test | [ 90/120] Valid Acc=0.49962
2020-10-19 20:22:52 | Test | [ 90/120] Valid Mean IU=0.49261
2020-10-19 20:22:52 | Test | [ 90/120] Valid Class Acc=[0.9957936052003529, 0.010082823190492975]
2020-10-19 20:23:30 | Iter | [ 91/120] train loss=0.15418
2020-10-19 20:23:30 | Test | [ 91/120] Train Acc=0.49940
2020-10-19 20:23:30 | Test | [ 91/120] Train Mean IU=0.49229
2020-10-19 20:23:30 | Test | [ 91/120] Train_class_acc=[0.9952805068451037, 0.003525447073485168]
2020-10-19 20:23:54 | Iter | [ 91/120] valid loss=0.15440
2020-10-19 20:23:54 | Test | [ 91/120] Valid Acc=0.49967
2020-10-19 20:23:54 | Test | [ 91/120] Valid Mean IU=0.49265
2020-10-19 20:23:54 | Test | [ 91/120] Valid Class Acc=[0.9989165137190181, 0.0003576537911301732]
2020-10-19 20:24:31 | Iter | [ 92/120] train loss=0.15729
2020-10-19 20:24:31 | Test | [ 92/120] Train Acc=0.50063
2020-10-19 20:24:31 | Test | [ 92/120] Train Mean IU=0.49236
2020-10-19 20:24:31 | Test | [ 92/120] Train_class_acc=[0.9938527894910263, 0.007403583873097465]
2020-10-19 20:24:55 | Iter | [ 92/120] valid loss=0.15308
2020-10-19 20:24:55 | Test | [ 92/120] Valid Acc=0.49970
2020-10-19 20:24:55 | Test | [ 92/120] Valid Mean IU=0.49269
2020-10-19 20:24:55 | Test | [ 92/120] Valid Class Acc=[0.9883806056335269, 0.026084364286778565]
2020-10-19 20:25:32 | Iter | [ 93/120] train loss=0.14917
2020-10-19 20:25:32 | Test | [ 93/120] Train Acc=0.50091
2020-10-19 20:25:32 | Test | [ 93/120] Train Mean IU=0.49406
2020-10-19 20:25:32 | Test | [ 93/120] Train_class_acc=[0.9978543461350947, 0.003966651460500466]
2020-10-19 20:25:56 | Iter | [ 93/120] valid loss=0.15306
2020-10-19 20:25:56 | Test | [ 93/120] Valid Acc=0.49979
2020-10-19 20:25:56 | Test | [ 93/120] Valid Mean IU=0.49277
2020-10-19 20:25:56 | Test | [ 93/120] Valid Class Acc=[0.9987745617516828, 0.0011342155009451368]
2020-10-19 20:26:34 | Iter | [ 94/120] train loss=0.15133
2020-10-19 20:26:34 | Test | [ 94/120] Train Acc=0.50014
2020-10-19 20:26:34 | Test | [ 94/120] Train Mean IU=0.49300
2020-10-19 20:26:34 | Test | [ 94/120] Train_class_acc=[0.9966479546515955, 0.0036286705351976666]
2020-10-19 20:26:58 | Iter | [ 94/120] valid loss=0.15297
2020-10-19 20:26:58 | Test | [ 94/120] Valid Acc=0.49993
2020-10-19 20:26:58 | Test | [ 94/120] Valid Mean IU=0.49291
2020-10-19 20:26:58 | Test | [ 94/120] Valid Class Acc=[0.9939053537284892, 0.00475146198830392]
2020-10-19 20:27:35 | Iter | [ 95/120] train loss=0.14400
2020-10-19 20:27:35 | Test | [ 95/120] Train Acc=0.50025
2020-10-19 20:27:35 | Test | [ 95/120] Train Mean IU=0.49333
2020-10-19 20:27:35 | Test | [ 95/120] Train_class_acc=[0.9966060274208722, 0.0038904331885940523]
2020-10-19 20:28:00 | Iter | [ 95/120] valid loss=0.15081
2020-10-19 20:28:00 | Test | [ 95/120] Valid Acc=0.49990
2020-10-19 20:28:00 | Test | [ 95/120] Valid Mean IU=0.49288
2020-10-19 20:28:00 | Test | [ 95/120] Valid Class Acc=[0.9981518273806771, 0.0024711696869850713]
2020-10-19 20:28:37 | Iter | [ 96/120] train loss=0.14603
2020-10-19 20:28:37 | Test | [ 96/120] Train Acc=0.50034
2020-10-19 20:28:37 | Test | [ 96/120] Train Mean IU=0.49286
2020-10-19 20:28:37 | Test | [ 96/120] Train_class_acc=[0.9981152030696882, 0.0025621254776347514]
2020-10-19 20:29:01 | Iter | [ 96/120] valid loss=0.15186
2020-10-19 20:29:01 | Test | [ 96/120] Valid Acc=0.49994
2020-10-19 20:29:01 | Test | [ 96/120] Valid Mean IU=0.49293
2020-10-19 20:29:01 | Test | [ 96/120] Valid Class Acc=[0.9973268749165871, 0.003926347143243922]
2020-10-19 20:29:39 | Iter | [ 97/120] train loss=0.14412
2020-10-19 20:29:39 | Test | [ 97/120] Train Acc=0.49913
2020-10-19 20:29:39 | Test | [ 97/120] Train Mean IU=0.49220
2020-10-19 20:29:39 | Test | [ 97/120] Train_class_acc=[0.995573176251639, 0.00269246061789621]
2020-10-19 20:30:02 | Iter | [ 97/120] valid loss=0.14731
2020-10-19 20:30:02 | Test | [ 97/120] Valid Acc=0.49986
2020-10-19 20:30:02 | Test | [ 97/120] Valid Mean IU=0.49285
2020-10-19 20:30:02 | Test | [ 97/120] Valid Class Acc=[0.9908554083672625, 0.001970831690973513]
2020-10-19 20:30:40 | Iter | [ 98/120] train loss=0.15412
2020-10-19 20:30:40 | Test | [ 98/120] Train Acc=0.50138
2020-10-19 20:30:40 | Test | [ 98/120] Train Mean IU=0.49359
2020-10-19 20:30:40 | Test | [ 98/120] Train_class_acc=[0.9948509928122018, 0.007911239426566671]
2020-10-19 20:31:04 | Iter | [ 98/120] valid loss=0.14238
2020-10-19 20:31:04 | Test | [ 98/120] Valid Acc=0.49990
2020-10-19 20:31:04 | Test | [ 98/120] Valid Mean IU=0.49289
2020-10-19 20:31:04 | Test | [ 98/120] Valid Class Acc=[0.9985327757110836, 0.0020242914979756266]
2020-10-19 20:31:42 | Iter | [ 99/120] train loss=0.15264
2020-10-19 20:31:42 | Test | [ 99/120] Train Acc=0.50172
2020-10-19 20:31:42 | Test | [ 99/120] Train Mean IU=0.49402
2020-10-19 20:31:42 | Test | [ 99/120] Train_class_acc=[0.9950260120887916, 0.008415209075341523]
2020-10-19 20:32:05 | Iter | [ 99/120] valid loss=0.13761
2020-10-19 20:32:05 | Test | [ 99/120] Valid Acc=0.49988
2020-10-19 20:32:05 | Test | [ 99/120] Valid Mean IU=0.49287
2020-10-19 20:32:05 | Test | [ 99/120] Valid Class Acc=[0.994548304646296, 0.014003819223424124]
2020-10-19 20:32:43 | Iter | [100/120] train loss=0.13956
2020-10-19 20:32:43 | Test | [100/120] Train Acc=0.50099
2020-10-19 20:32:43 | Test | [100/120] Train Mean IU=0.49426
2020-10-19 20:32:43 | Test | [100/120] Train_class_acc=[0.998386412874928, 0.00359658773632603]
2020-10-19 20:33:06 | Iter | [100/120] valid loss=0.13704
2020-10-19 20:33:06 | Test | [100/120] Valid Acc=0.49990
2020-10-19 20:33:06 | Test | [100/120] Valid Mean IU=0.49289
2020-10-19 20:33:06 | Test | [100/120] Valid Class Acc=[0.9981251780503388, 0.002933780385582442]
2020-10-19 20:33:44 | Iter | [101/120] train loss=0.14349
2020-10-19 20:33:44 | Test | [101/120] Train Acc=0.50122
2020-10-19 20:33:44 | Test | [101/120] Train Mean IU=0.49355
2020-10-19 20:33:44 | Test | [101/120] Train_class_acc=[0.9958927353321698, 0.006546304336793974]
2020-10-19 20:34:08 | Iter | [101/120] valid loss=0.13774
2020-10-19 20:34:08 | Test | [101/120] Valid Acc=0.49996
2020-10-19 20:34:08 | Test | [101/120] Valid Mean IU=0.49294
2020-10-19 20:34:08 | Test | [101/120] Valid Class Acc=[0.9988541666666663, 0.0013586956521738668]
2020-10-19 20:34:46 | Iter | [102/120] train loss=0.13503
2020-10-19 20:34:46 | Test | [102/120] Train Acc=0.49990
2020-10-19 20:34:46 | Test | [102/120] Train Mean IU=0.49252
2020-10-19 20:34:46 | Test | [102/120] Train_class_acc=[0.9976310387654134, 0.002159674838405985]
2020-10-19 20:35:10 | Iter | [102/120] valid loss=0.13518
2020-10-19 20:35:10 | Test | [102/120] Valid Acc=0.49999
2020-10-19 20:35:10 | Test | [102/120] Valid Mean IU=0.49298
2020-10-19 20:35:10 | Test | [102/120] Valid Class Acc=[0.9951005733621578, 0.002790834312573402]
2020-10-19 20:35:48 | Iter | [103/120] train loss=0.13773
2020-10-19 20:35:48 | Test | [103/120] Train Acc=0.50071
2020-10-19 20:35:48 | Test | [103/120] Train Mean IU=0.49376
2020-10-19 20:35:48 | Test | [103/120] Train_class_acc=[0.9973990756121788, 0.004013329519013792]
2020-10-19 20:36:13 | Iter | [103/120] valid loss=0.13298
2020-10-19 20:36:13 | Test | [103/120] Valid Acc=0.50004
2020-10-19 20:36:13 | Test | [103/120] Valid Mean IU=0.49303
2020-10-19 20:36:13 | Test | [103/120] Valid Class Acc=[0.9982987960710654, 0.0038659793814431334]
2020-10-19 20:36:50 | Iter | [104/120] train loss=0.13542
2020-10-19 20:36:50 | Test | [104/120] Train Acc=0.50077
2020-10-19 20:36:50 | Test | [104/120] Train Mean IU=0.49385
2020-10-19 20:36:50 | Test | [104/120] Train_class_acc=[0.9981736098400386, 0.003366123960583507]
2020-10-19 20:37:15 | Iter | [104/120] valid loss=0.13104
2020-10-19 20:37:15 | Test | [104/120] Valid Acc=0.50010
2020-10-19 20:37:15 | Test | [104/120] Valid Mean IU=0.49308
2020-10-19 20:37:15 | Test | [104/120] Valid Class Acc=[0.9995094498499377, 0.003075976622577574]
2020-10-19 20:37:53 | Iter | [105/120] train loss=0.14306
2020-10-19 20:37:53 | Test | [105/120] Train Acc=0.49990
2020-10-19 20:37:53 | Test | [105/120] Train Mean IU=0.49253
2020-10-19 20:37:53 | Test | [105/120] Train_class_acc=[0.9974612031917408, 0.002344758548355559]
2020-10-19 20:38:17 | Iter | [105/120] valid loss=0.12810
2020-10-19 20:38:17 | Test | [105/120] Valid Acc=0.50002
2020-10-19 20:38:17 | Test | [105/120] Valid Mean IU=0.49300
2020-10-19 20:38:17 | Test | [105/120] Valid Class Acc=[0.9929502443915276, 0.0013204225352112483]
2020-10-19 20:38:56 | Iter | [106/120] train loss=0.12953
2020-10-19 20:38:56 | Test | [106/120] Train Acc=0.50031
2020-10-19 20:38:56 | Test | [106/120] Train Mean IU=0.49358
2020-10-19 20:38:56 | Test | [106/120] Train_class_acc=[0.9981905110644783, 0.002424952977891855]
2020-10-19 20:39:19 | Iter | [106/120] valid loss=0.12898
2020-10-19 20:39:19 | Test | [106/120] Valid Acc=0.50014
2020-10-19 20:39:19 | Test | [106/120] Valid Mean IU=0.49312
2020-10-19 20:39:19 | Test | [106/120] Valid Class Acc=[0.9978467452726619, 0.0011824990145841078]
2020-10-19 20:39:57 | Iter | [107/120] train loss=0.12820
2020-10-19 20:39:57 | Test | [107/120] Train Acc=0.50076
2020-10-19 20:39:57 | Test | [107/120] Train Mean IU=0.49407
2020-10-19 20:39:57 | Test | [107/120] Train_class_acc=[0.9988660512018986, 0.0026597932057877034]
2020-10-19 20:40:21 | Iter | [107/120] valid loss=0.12532
2020-10-19 20:40:21 | Test | [107/120] Valid Acc=0.50011
2020-10-19 20:40:21 | Test | [107/120] Valid Mean IU=0.49309
2020-10-19 20:40:21 | Test | [107/120] Valid Class Acc=[0.9989018568252485, 0.0026768642447417713]
2020-10-19 20:41:01 | Iter | [108/120] train loss=0.12989
2020-10-19 20:41:01 | Test | [108/120] Train Acc=0.50087
2020-10-19 20:41:01 | Test | [108/120] Train Mean IU=0.49410
2020-10-19 20:41:01 | Test | [108/120] Train_class_acc=[0.9986123606849423, 0.0031299650618815456]
2020-10-19 20:41:25 | Iter | [108/120] valid loss=0.12499
2020-10-19 20:41:25 | Test | [108/120] Valid Acc=0.50013
2020-10-19 20:41:25 | Test | [108/120] Valid Mean IU=0.49311
2020-10-19 20:41:25 | Test | [108/120] Valid Class Acc=[0.9978723404255316, 0.005917159763313391]
2020-10-19 20:42:06 | Iter | [109/120] train loss=0.12664
2020-10-19 20:42:06 | Test | [109/120] Train Acc=0.50091
2020-10-19 20:42:06 | Test | [109/120] Train Mean IU=0.49422
2020-10-19 20:42:06 | Test | [109/120] Train_class_acc=[0.9989933815616551, 0.002817559377950484]
2020-10-19 20:42:31 | Iter | [109/120] valid loss=0.12354
2020-10-19 20:42:31 | Test | [109/120] Valid Acc=0.50012
2020-10-19 20:42:31 | Test | [109/120] Valid Mean IU=0.49311
2020-10-19 20:42:31 | Test | [109/120] Valid Class Acc=[0.9993715711107767, 0.0021684134441632753]
2020-10-19 20:43:10 | Iter | [110/120] train loss=0.13224
2020-10-19 20:43:10 | Test | [110/120] Train Acc=0.49975
2020-10-19 20:43:10 | Test | [110/120] Train Mean IU=0.49209
2020-10-19 20:43:10 | Test | [110/120] Train_class_acc=[0.9961075062592942, 0.003388385509060099]
2020-10-19 20:43:35 | Iter | [110/120] valid loss=0.12093
2020-10-19 20:43:35 | Test | [110/120] Valid Acc=0.50007
2020-10-19 20:43:35 | Test | [110/120] Valid Mean IU=0.49306
2020-10-19 20:43:35 | Test | [110/120] Valid Class Acc=[0.9952897912876784, 0.0009189768724153634]
2020-10-19 20:44:12 | Iter | [111/120] train loss=0.13424
2020-10-19 20:44:12 | Test | [111/120] Train Acc=0.50136
2020-10-19 20:44:12 | Test | [111/120] Train Mean IU=0.49449
2020-10-19 20:44:12 | Test | [111/120] Train_class_acc=[0.9980869969584641, 0.0046298183607232715]
2020-10-19 20:44:37 | Iter | [111/120] valid loss=0.12135
2020-10-19 20:44:37 | Test | [111/120] Valid Acc=0.50007
2020-10-19 20:44:37 | Test | [111/120] Valid Mean IU=0.49305
2020-10-19 20:44:37 | Test | [111/120] Valid Class Acc=[0.9987589226523592, 0.005200594353640222]
2020-10-19 20:45:14 | Iter | [112/120] train loss=0.12669
2020-10-19 20:45:14 | Test | [112/120] Train Acc=0.50098
2020-10-19 20:45:14 | Test | [112/120] Train Mean IU=0.49418
2020-10-19 20:45:14 | Test | [112/120] Train_class_acc=[0.9983138416799533, 0.0036528780000928632]
2020-10-19 20:45:39 | Iter | [112/120] valid loss=0.11963
2020-10-19 20:45:39 | Test | [112/120] Valid Acc=0.50010
2020-10-19 20:45:39 | Test | [112/120] Valid Mean IU=0.49309
2020-10-19 20:45:39 | Test | [112/120] Valid Class Acc=[0.9996297110589103, 0.0]
2020-10-19 20:46:16 | Iter | [113/120] train loss=0.12329
2020-10-19 20:46:16 | Test | [113/120] Train Acc=0.50109
2020-10-19 20:46:16 | Test | [113/120] Train Mean IU=0.49422
2020-10-19 20:46:16 | Test | [113/120] Train_class_acc=[0.9985831394866628, 0.0036014922908309504]
2020-10-19 20:46:40 | Iter | [113/120] valid loss=0.11755
2020-10-19 20:46:40 | Test | [113/120] Valid Acc=0.50009
2020-10-19 20:46:40 | Test | [113/120] Valid Mean IU=0.49308
2020-10-19 20:46:40 | Test | [113/120] Valid Class Acc=[0.9995134684295067, 0.0025252525252524457]
2020-10-19 20:47:17 | Iter | [114/120] train loss=0.11630
2020-10-19 20:47:17 | Test | [114/120] Train Acc=0.50207
2020-10-19 20:47:17 | Test | [114/120] Train Mean IU=0.49514
2020-10-19 20:47:17 | Test | [114/120] Train_class_acc=[0.9992429132433678, 0.004904620367958119]
2020-10-19 20:47:41 | Iter | [114/120] valid loss=0.11587
2020-10-19 20:47:41 | Test | [114/120] Valid Acc=0.50011
2020-10-19 20:47:41 | Test | [114/120] Valid Mean IU=0.49309
2020-10-19 20:47:41 | Test | [114/120] Valid Class Acc=[0.9998262669003696, 0.0015994881637875365]
2020-10-19 20:48:18 | Iter | [115/120] train loss=0.12486
2020-10-19 20:48:18 | Test | [115/120] Train Acc=0.50055
2020-10-19 20:48:18 | Test | [115/120] Train Mean IU=0.49314
2020-10-19 20:48:18 | Test | [115/120] Train_class_acc=[0.9986347001893604, 0.002460197132436661]
2020-10-19 20:48:42 | Iter | [115/120] valid loss=0.11501
2020-10-19 20:48:42 | Test | [115/120] Valid Acc=0.50007
2020-10-19 20:48:42 | Test | [115/120] Valid Mean IU=0.49306
2020-10-19 20:48:42 | Test | [115/120] Valid Class Acc=[0.999349876241501, 0.0008813160987073901]
2020-10-19 20:49:19 | Iter | [116/120] train loss=0.12768
2020-10-19 20:49:19 | Test | [116/120] Train Acc=0.50065
2020-10-19 20:49:19 | Test | [116/120] Train Mean IU=0.49377
2020-10-19 20:49:19 | Test | [116/120] Train_class_acc=[0.9980357362178128, 0.0032551692837042377]
2020-10-19 20:49:43 | Iter | [116/120] valid loss=0.11286
2020-10-19 20:49:43 | Test | [116/120] Valid Acc=0.50013
2020-10-19 20:49:43 | Test | [116/120] Valid Mean IU=0.49312
2020-10-19 20:49:43 | Test | [116/120] Valid Class Acc=[0.999467549454238, 0.0023608768971331412]
2020-10-19 20:50:20 | Iter | [117/120] train loss=0.12068
2020-10-19 20:50:20 | Test | [117/120] Train Acc=0.50072
2020-10-19 20:50:20 | Test | [117/120] Train Mean IU=0.49333
2020-10-19 20:50:20 | Test | [117/120] Train_class_acc=[0.9987614377097681, 0.002673032149714033]
2020-10-19 20:50:45 | Iter | [117/120] valid loss=0.11118
2020-10-19 20:50:45 | Test | [117/120] Valid Acc=0.50012
2020-10-19 20:50:45 | Test | [117/120] Valid Mean IU=0.49310
2020-10-19 20:50:45 | Test | [117/120] Valid Class Acc=[0.9995104489770339, 0.0001468860164512317]
2020-10-19 20:51:22 | Iter | [118/120] train loss=0.12851
2020-10-19 20:51:22 | Test | [118/120] Train Acc=0.50404
2020-10-19 20:51:22 | Test | [118/120] Train Mean IU=0.49607
2020-10-19 20:51:22 | Test | [118/120] Train_class_acc=[0.996907748031247, 0.011176653959277874]
2020-10-19 20:51:46 | Iter | [118/120] valid loss=0.10882
2020-10-19 20:51:46 | Test | [118/120] Valid Acc=0.50013
2020-10-19 20:51:46 | Test | [118/120] Valid Mean IU=0.49312
2020-10-19 20:51:46 | Test | [118/120] Valid Class Acc=[0.9931148677269048, 0.030154849225752643]
2020-10-19 20:52:23 | Iter | [119/120] train loss=0.12105
2020-10-19 20:52:23 | Test | [119/120] Train Acc=0.50148
2020-10-19 20:52:23 | Test | [119/120] Train Mean IU=0.49475
2020-10-19 20:52:23 | Test | [119/120] Train_class_acc=[0.9990473941707876, 0.003908256525803267]
2020-10-19 20:52:47 | Iter | [119/120] valid loss=0.10970
2020-10-19 20:52:47 | Test | [119/120] Valid Acc=0.50019
2020-10-19 20:52:47 | Test | [119/120] Valid Mean IU=0.49317
2020-10-19 20:52:47 | Test | [119/120] Valid Class Acc=[0.9986783445012577, 0.009919877909194585]
2020-10-19 20:53:24 | Iter | [120/120] train loss=0.11385
2020-10-19 20:53:24 | Test | [120/120] Train Acc=0.50114
2020-10-19 20:53:24 | Test | [120/120] Train Mean IU=0.49457
2020-10-19 20:53:24 | Test | [120/120] Train_class_acc=[0.9993675242045388, 0.00290941724611815]
2020-10-19 20:53:48 | Iter | [120/120] valid loss=0.10902
2020-10-19 20:53:48 | Test | [120/120] Valid Acc=0.50017
2020-10-19 20:53:48 | Test | [120/120] Valid Mean IU=0.49316
2020-10-19 20:53:48 | Test | [120/120] Valid Class Acc=[0.9994960549954026, 0.00592255125284711]
