2020-10-24 20:36:56 | Conf | use logdir run/crackSegmentationSimple/2020-10-24-20-36-7823
2020-10-24 20:36:56 | Conf | use dataset crackSegmentationSimple
2020-10-24 20:36:56 | Conf | use augmentation True
2020-10-24 20:36:56 | Conf | use image size (448, 448)
2020-10-24 20:36:56 | Conf | use batch_size 4
2020-10-24 20:36:56 | Conf | use model gcn
2020-10-24 20:36:56 | Conf | use GPU [0]
2020-10-24 20:36:56 | Conf | use optimizer Adam, lr=0.0001, weight_decay=0.001
2020-10-24 20:36:56 | Conf | use step_lr_scheduler every 40 steps decay 0.1
2020-10-24 20:36:56 | Conf | use loss function crossentropyloss2D
2020-10-24 20:36:56 | Conf | use epoch 60
2020-10-24 20:39:40 | Iter | [  1/60] train loss=0.70158
2020-10-24 20:39:40 | Test | [  1/60] Train Acc=0.49742
2020-10-24 20:39:40 | Test | [  1/60] Train Mean IU=0.20685
2020-10-24 20:39:40 | Test | [  1/60] Train_class_acc=[0.40602160572428253, 0.5888211269483782]
2020-10-24 20:40:46 | Iter | [  1/60] valid loss=0.69195
2020-10-24 20:40:46 | Test | [  1/60] Valid Acc=0.48799
2020-10-24 20:40:46 | Test | [  1/60] Valid Mean IU=0.23122
2020-10-24 20:40:46 | Test | [  1/60] Valid Class Acc=[0.41415638479285766, 0.5370090634440885]
2020-10-24 20:43:29 | Iter | [  2/60] train loss=0.70738
2020-10-24 20:43:29 | Test | [  2/60] Train Acc=0.50162
2020-10-24 20:43:29 | Test | [  2/60] Train Mean IU=0.19009
2020-10-24 20:43:29 | Test | [  2/60] Train_class_acc=[0.3709643865573407, 0.6322672441010633]
2020-10-24 20:44:35 | Iter | [  2/60] valid loss=0.69535
2020-10-24 20:44:35 | Test | [  2/60] Valid Acc=0.50025
2020-10-24 20:44:35 | Test | [  2/60] Valid Mean IU=0.20062
2020-10-24 20:44:35 | Test | [  2/60] Valid Class Acc=[0.3022991023668578, 0.6801587301587224]
2020-10-24 20:47:20 | Iter | [  3/60] train loss=0.70484
2020-10-24 20:47:20 | Test | [  3/60] Train Acc=0.50119
2020-10-24 20:47:20 | Test | [  3/60] Train Mean IU=0.18840
2020-10-24 20:47:20 | Test | [  3/60] Train_class_acc=[0.3684869220481742, 0.633890838260525]
2020-10-24 20:48:26 | Iter | [  3/60] valid loss=0.69813
2020-10-24 20:48:26 | Test | [  3/60] Valid Acc=0.50161
2020-10-24 20:48:26 | Test | [  3/60] Valid Mean IU=0.21368
2020-10-24 20:48:26 | Test | [  3/60] Valid Class Acc=[0.417325638845626, 0.587094367773197]
2020-10-24 20:51:10 | Iter | [  4/60] train loss=0.69701
2020-10-24 20:51:10 | Test | [  4/60] Train Acc=0.49853
2020-10-24 20:51:10 | Test | [  4/60] Train Mean IU=0.22647
2020-10-24 20:51:10 | Test | [  4/60] Train_class_acc=[0.4454592279153169, 0.5515957448634072]
2020-10-24 20:52:16 | Iter | [  4/60] valid loss=0.70051
2020-10-24 20:52:16 | Test | [  4/60] Valid Acc=0.50526
2020-10-24 20:52:16 | Test | [  4/60] Valid Mean IU=0.19489
2020-10-24 20:52:16 | Test | [  4/60] Valid Class Acc=[0.35532966936577265, 0.621281943862563]
2020-10-24 20:55:00 | Iter | [  5/60] train loss=0.70441
2020-10-24 20:55:00 | Test | [  5/60] Train Acc=0.50033
2020-10-24 20:55:00 | Test | [  5/60] Train Mean IU=0.20198
2020-10-24 20:55:00 | Test | [  5/60] Train_class_acc=[0.39592046439428413, 0.6047410079147749]
2020-10-24 20:56:06 | Iter | [  5/60] valid loss=0.70111
2020-10-24 20:56:06 | Test | [  5/60] Valid Acc=0.50666
2020-10-24 20:56:06 | Test | [  5/60] Valid Mean IU=0.21025
2020-10-24 20:56:06 | Test | [  5/60] Valid Class Acc=[0.4169976609183023, 0.5607787274453675]
2020-10-24 20:58:54 | Iter | [  6/60] train loss=0.71318
2020-10-24 20:58:54 | Test | [  6/60] Train Acc=0.49527
2020-10-24 20:58:54 | Test | [  6/60] Train Mean IU=0.18841
2020-10-24 20:58:54 | Test | [  6/60] Train_class_acc=[0.36896385970189177, 0.621585328365062]
2020-10-24 21:00:02 | Iter | [  6/60] valid loss=0.71029
2020-10-24 21:00:02 | Test | [  6/60] Valid Acc=0.50551
2020-10-24 21:00:02 | Test | [  6/60] Valid Mean IU=0.18329
2020-10-24 21:00:02 | Test | [  6/60] Valid Class Acc=[0.35736690499330714, 0.6404354587869163]
2020-10-24 21:02:51 | Iter | [  7/60] train loss=0.70277
2020-10-24 21:02:51 | Test | [  7/60] Train Acc=0.50035
2020-10-24 21:02:51 | Test | [  7/60] Train Mean IU=0.19695
2020-10-24 21:02:51 | Test | [  7/60] Train_class_acc=[0.3856574382646329, 0.6150496352815201]
2020-10-24 21:03:58 | Iter | [  7/60] valid loss=0.69848
2020-10-24 21:03:58 | Test | [  7/60] Valid Acc=0.50411
2020-10-24 21:03:58 | Test | [  7/60] Valid Mean IU=0.20113
2020-10-24 21:03:58 | Test | [  7/60] Valid Class Acc=[0.29465330621060287, 0.7085146053449127]
2020-10-24 21:06:48 | Iter | [  8/60] train loss=0.70591
2020-10-24 21:06:48 | Test | [  8/60] Train Acc=0.48827
2020-10-24 21:06:48 | Test | [  8/60] Train Mean IU=0.20638
2020-10-24 21:06:48 | Test | [  8/60] Train_class_acc=[0.4054627753127096, 0.5710786845440304]
2020-10-24 21:08:05 | Iter | [  8/60] valid loss=0.69969
2020-10-24 21:08:05 | Test | [  8/60] Valid Acc=0.50551
2020-10-24 21:08:05 | Test | [  8/60] Valid Mean IU=0.20557
2020-10-24 21:08:05 | Test | [  8/60] Valid Class Acc=[0.46701015168639265, 0.5069885641677041]
2020-10-24 21:10:53 | Iter | [  9/60] train loss=0.70492
2020-10-24 21:10:53 | Test | [  9/60] Train Acc=0.50506
2020-10-24 21:10:53 | Test | [  9/60] Train Mean IU=0.19342
2020-10-24 21:10:53 | Test | [  9/60] Train_class_acc=[0.3784468106248142, 0.6316752537069564]
2020-10-24 21:12:00 | Iter | [  9/60] valid loss=0.70047
2020-10-24 21:12:00 | Test | [  9/60] Valid Acc=0.50103
2020-10-24 21:12:00 | Test | [  9/60] Valid Mean IU=0.21432
2020-10-24 21:12:00 | Test | [  9/60] Valid Class Acc=[0.3489028975945775, 0.7054571738344523]
2020-10-24 21:14:47 | Iter | [ 10/60] train loss=0.70745
2020-10-24 21:14:47 | Test | [ 10/60] Train Acc=0.49752
2020-10-24 21:14:47 | Test | [ 10/60] Train Mean IU=0.20655
2020-10-24 21:14:47 | Test | [ 10/60] Train_class_acc=[0.4054667164945387, 0.5895635669639608]
2020-10-24 21:16:00 | Iter | [ 10/60] valid loss=0.69718
2020-10-24 21:16:00 | Test | [ 10/60] Valid Acc=0.49855
2020-10-24 21:16:00 | Test | [ 10/60] Valid Mean IU=0.22036
2020-10-24 21:16:00 | Test | [ 10/60] Valid Class Acc=[0.43537735494397245, 0.5724968840880527]
2020-10-24 21:19:02 | Iter | [ 11/60] train loss=0.70509
2020-10-24 21:19:02 | Test | [ 11/60] Train Acc=0.49760
2020-10-24 21:19:02 | Test | [ 11/60] Train Mean IU=0.20516
2020-10-24 21:19:02 | Test | [ 11/60] Train_class_acc=[0.4024672869695232, 0.5927268312743218]
2020-10-24 21:20:09 | Iter | [ 11/60] valid loss=0.69893
2020-10-24 21:20:09 | Test | [ 11/60] Valid Acc=0.50966
2020-10-24 21:20:09 | Test | [ 11/60] Valid Mean IU=0.21934
2020-10-24 21:20:09 | Test | [ 11/60] Valid Class Acc=[0.38499696852780674, 0.605216622457975]
2020-10-24 21:22:57 | Iter | [ 12/60] train loss=0.69839
2020-10-24 21:22:57 | Test | [ 12/60] Train Acc=0.49562
2020-10-24 21:22:57 | Test | [ 12/60] Train Mean IU=0.22583
2020-10-24 21:22:57 | Test | [ 12/60] Train_class_acc=[0.4443032454403668, 0.5469441147906965]
2020-10-24 21:24:08 | Iter | [ 12/60] valid loss=0.70016
2020-10-24 21:24:08 | Test | [ 12/60] Valid Acc=0.49164
2020-10-24 21:24:08 | Test | [ 12/60] Valid Mean IU=0.20594
2020-10-24 21:24:08 | Test | [ 12/60] Valid Class Acc=[0.3655960865686303, 0.6344856661045264]
2020-10-24 21:27:08 | Iter | [ 13/60] train loss=0.70023
2020-10-24 21:27:08 | Test | [ 13/60] Train Acc=0.49351
2020-10-24 21:27:08 | Test | [ 13/60] Train Mean IU=0.23082
2020-10-24 21:27:08 | Test | [ 13/60] Train_class_acc=[0.4545378470054035, 0.5324789341806946]
2020-10-24 21:28:17 | Iter | [ 13/60] valid loss=0.70068
2020-10-24 21:28:17 | Test | [ 13/60] Valid Acc=0.51216
2020-10-24 21:28:17 | Test | [ 13/60] Valid Mean IU=0.21252
2020-10-24 21:28:17 | Test | [ 13/60] Valid Class Acc=[0.47333659552577745, 0.5229073372373226]
2020-10-24 21:31:04 | Iter | [ 14/60] train loss=0.69564
2020-10-24 21:31:04 | Test | [ 14/60] Train Acc=0.49818
2020-10-24 21:31:04 | Test | [ 14/60] Train Mean IU=0.24677
2020-10-24 21:31:04 | Test | [ 14/60] Train_class_acc=[0.4863706211479481, 0.5099834377759008]
2020-10-24 21:32:11 | Iter | [ 14/60] valid loss=0.70136
2020-10-24 21:32:11 | Test | [ 14/60] Valid Acc=0.49345
2020-10-24 21:32:11 | Test | [ 14/60] Valid Mean IU=0.19772
2020-10-24 21:32:11 | Test | [ 14/60] Valid Class Acc=[0.6492091097723557, 0.37394247038915507]
2020-10-24 21:35:05 | Iter | [ 15/60] train loss=0.70296
2020-10-24 21:35:05 | Test | [ 15/60] Train Acc=0.49923
2020-10-24 21:35:05 | Test | [ 15/60] Train Mean IU=0.20678
2020-10-24 21:35:05 | Test | [ 15/60] Train_class_acc=[0.405758195234944, 0.5927054153698675]
2020-10-24 21:36:16 | Iter | [ 15/60] valid loss=0.69969
2020-10-24 21:36:16 | Test | [ 15/60] Valid Acc=0.50895
2020-10-24 21:36:16 | Test | [ 15/60] Valid Mean IU=0.21599
2020-10-24 21:36:16 | Test | [ 15/60] Valid Class Acc=[0.42689350351110733, 0.5792177005136081]
2020-10-24 21:39:12 | Iter | [ 16/60] train loss=0.70018
2020-10-24 21:39:12 | Test | [ 16/60] Train Acc=0.50511
2020-10-24 21:39:12 | Test | [ 16/60] Train Mean IU=0.22141
2020-10-24 21:39:12 | Test | [ 16/60] Train_class_acc=[0.43506373674799154, 0.5751581120839345]
2020-10-24 21:40:27 | Iter | [ 16/60] valid loss=0.69567
2020-10-24 21:40:27 | Test | [ 16/60] Valid Acc=0.50456
2020-10-24 21:40:27 | Test | [ 16/60] Valid Mean IU=0.23961
2020-10-24 21:40:27 | Test | [ 16/60] Valid Class Acc=[0.38235935865893195, 0.6262588586348143]
2020-10-24 21:43:15 | Iter | [ 17/60] train loss=0.70265
2020-10-24 21:43:15 | Test | [ 17/60] Train Acc=0.49865
2020-10-24 21:43:15 | Test | [ 17/60] Train Mean IU=0.21454
2020-10-24 21:43:15 | Test | [ 17/60] Train_class_acc=[0.42120525925261165, 0.5760937830667107]
2020-10-24 21:44:22 | Iter | [ 17/60] valid loss=0.70332
2020-10-24 21:44:22 | Test | [ 17/60] Valid Acc=0.49631
2020-10-24 21:44:22 | Test | [ 17/60] Valid Mean IU=0.21791
2020-10-24 21:44:22 | Test | [ 17/60] Valid Class Acc=[0.41319827575372925, 0.6014635519279313]
2020-10-24 21:47:07 | Iter | [ 18/60] train loss=0.69945
2020-10-24 21:47:07 | Test | [ 18/60] Train Acc=0.49703
2020-10-24 21:47:07 | Test | [ 18/60] Train Mean IU=0.21728
2020-10-24 21:47:07 | Test | [ 18/60] Train_class_acc=[0.42690921341452254, 0.567160142142413]
2020-10-24 21:48:14 | Iter | [ 18/60] valid loss=0.70086
2020-10-24 21:48:14 | Test | [ 18/60] Valid Acc=0.49283
2020-10-24 21:48:14 | Test | [ 18/60] Valid Mean IU=0.21011
2020-10-24 21:48:14 | Test | [ 18/60] Valid Class Acc=[0.4386559424118543, 0.5814526056626762]
2020-10-24 21:50:59 | Iter | [ 19/60] train loss=0.70164
2020-10-24 21:50:59 | Test | [ 19/60] Train Acc=0.50378
2020-10-24 21:50:59 | Test | [ 19/60] Train Mean IU=0.21634
2020-10-24 21:50:59 | Test | [ 19/60] Train_class_acc=[0.42492701250987547, 0.5826363639752065]
2020-10-24 21:52:05 | Iter | [ 19/60] valid loss=0.70009
2020-10-24 21:52:05 | Test | [ 19/60] Valid Acc=0.49768
2020-10-24 21:52:05 | Test | [ 19/60] Valid Mean IU=0.21750
2020-10-24 21:52:05 | Test | [ 19/60] Valid Class Acc=[0.5013730166492374, 0.5122595247076381]
2020-10-24 21:54:50 | Iter | [ 20/60] train loss=0.70203
2020-10-24 21:54:50 | Test | [ 20/60] Train Acc=0.50866
2020-10-24 21:54:50 | Test | [ 20/60] Train Mean IU=0.20118
2020-10-24 21:54:50 | Test | [ 20/60] Train_class_acc=[0.3939443449143007, 0.623379460150325]
2020-10-24 21:55:57 | Iter | [ 20/60] valid loss=0.70389
2020-10-24 21:55:57 | Test | [ 20/60] Valid Acc=0.50575
2020-10-24 21:55:57 | Test | [ 20/60] Valid Mean IU=0.20176
2020-10-24 21:55:57 | Test | [ 20/60] Valid Class Acc=[0.33926380214149304, 0.6790761806273464]
2020-10-24 21:58:47 | Iter | [ 21/60] train loss=0.70182
2020-10-24 21:58:47 | Test | [ 21/60] Train Acc=0.50260
2020-10-24 21:58:47 | Test | [ 21/60] Train Mean IU=0.21431
2020-10-24 21:58:47 | Test | [ 21/60] Train_class_acc=[0.4205255873301173, 0.5846811118845096]
2020-10-24 21:59:56 | Iter | [ 21/60] valid loss=0.69374
2020-10-24 21:59:56 | Test | [ 21/60] Valid Acc=0.49682
2020-10-24 21:59:56 | Test | [ 21/60] Valid Mean IU=0.23779
2020-10-24 21:59:56 | Test | [ 21/60] Valid Class Acc=[0.4439830276691147, 0.614529023288126]
2020-10-24 22:02:41 | Iter | [ 22/60] train loss=0.69474
2020-10-24 22:02:41 | Test | [ 22/60] Train Acc=0.49834
2020-10-24 22:02:41 | Test | [ 22/60] Train Mean IU=0.24411
2020-10-24 22:02:41 | Test | [ 22/60] Train_class_acc=[0.48105342625599284, 0.5156288421774612]
2020-10-24 22:03:54 | Iter | [ 22/60] valid loss=0.70275
2020-10-24 22:03:54 | Test | [ 22/60] Valid Acc=0.50419
2020-10-24 22:03:54 | Test | [ 22/60] Valid Mean IU=0.21474
2020-10-24 22:03:54 | Test | [ 22/60] Valid Class Acc=[0.4692811472781206, 0.5224471830985685]
2020-10-24 22:06:44 | Iter | [ 23/60] train loss=0.70369
2020-10-24 22:06:44 | Test | [ 23/60] Train Acc=0.50117
2020-10-24 22:06:44 | Test | [ 23/60] Train Mean IU=0.20340
2020-10-24 22:06:44 | Test | [ 23/60] Train_class_acc=[0.3976666684095427, 0.6046692121747609]
2020-10-24 22:07:49 | Iter | [ 23/60] valid loss=0.70108
2020-10-24 22:07:49 | Test | [ 23/60] Valid Acc=0.50605
2020-10-24 22:07:49 | Test | [ 23/60] Valid Mean IU=0.21920
2020-10-24 22:07:49 | Test | [ 23/60] Valid Class Acc=[0.3659289050667548, 0.6325265988541958]
2020-10-24 22:10:30 | Iter | [ 24/60] train loss=0.69550
2020-10-24 22:10:30 | Test | [ 24/60] Train Acc=0.49715
2020-10-24 22:10:30 | Test | [ 24/60] Train Mean IU=0.23634
2020-10-24 22:10:30 | Test | [ 24/60] Train_class_acc=[0.46475538126920696, 0.5295377485112925]
2020-10-24 22:11:35 | Iter | [ 24/60] valid loss=0.69932
2020-10-24 22:11:35 | Test | [ 24/60] Valid Acc=0.50481
2020-10-24 22:11:35 | Test | [ 24/60] Valid Mean IU=0.22611
2020-10-24 22:11:35 | Test | [ 24/60] Valid Class Acc=[0.4829561540207662, 0.48108455685349394]
2020-10-24 22:14:16 | Iter | [ 25/60] train loss=0.69415
2020-10-24 22:14:16 | Test | [ 25/60] Train Acc=0.51026
2020-10-24 22:14:16 | Test | [ 25/60] Train Mean IU=0.25928
2020-10-24 22:14:16 | Test | [ 25/60] Train_class_acc=[0.5109416624806261, 0.5095811992503597]
2020-10-24 22:15:21 | Iter | [ 25/60] valid loss=0.70503
2020-10-24 22:15:21 | Test | [ 25/60] Valid Acc=0.49004
2020-10-24 22:15:21 | Test | [ 25/60] Valid Mean IU=0.20288
2020-10-24 22:15:21 | Test | [ 25/60] Valid Class Acc=[0.61529277200305, 0.394005847953202]
2020-10-24 22:18:02 | Iter | [ 26/60] train loss=0.70342
2020-10-24 22:18:02 | Test | [ 26/60] Train Acc=0.49612
2020-10-24 22:18:02 | Test | [ 26/60] Train Mean IU=0.20805
2020-10-24 22:18:02 | Test | [ 26/60] Train_class_acc=[0.4083439045046473, 0.5838877396115192]
2020-10-24 22:19:07 | Iter | [ 26/60] valid loss=0.69936
2020-10-24 22:19:07 | Test | [ 26/60] Valid Acc=0.50408
2020-10-24 22:19:07 | Test | [ 26/60] Valid Mean IU=0.22120
2020-10-24 22:19:07 | Test | [ 26/60] Valid Class Acc=[0.4342768622016007, 0.5401155327342574]
2020-10-24 22:21:48 | Iter | [ 27/60] train loss=0.70504
2020-10-24 22:21:48 | Test | [ 27/60] Train Acc=0.49582
2020-10-24 22:21:48 | Test | [ 27/60] Train Mean IU=0.21175
2020-10-24 22:21:48 | Test | [ 27/60] Train_class_acc=[0.4159773423927118, 0.5756608787625349]
2020-10-24 22:22:54 | Iter | [ 27/60] valid loss=0.69542
2020-10-24 22:22:54 | Test | [ 27/60] Valid Acc=0.50742
2020-10-24 22:22:54 | Test | [ 27/60] Valid Mean IU=0.24453
2020-10-24 22:22:54 | Test | [ 27/60] Valid Class Acc=[0.4497945965997527, 0.5223635617562362]
2020-10-24 22:25:35 | Iter | [ 28/60] train loss=0.69909
2020-10-24 22:25:35 | Test | [ 28/60] Train Acc=0.49851
2020-10-24 22:25:35 | Test | [ 28/60] Train Mean IU=0.21775
2020-10-24 22:25:35 | Test | [ 28/60] Train_class_acc=[0.42787748376942364, 0.5691380671516328]
2020-10-24 22:26:41 | Iter | [ 28/60] valid loss=0.70726
2020-10-24 22:26:41 | Test | [ 28/60] Valid Acc=0.49597
2020-10-24 22:26:41 | Test | [ 28/60] Valid Mean IU=0.20066
2020-10-24 22:26:41 | Test | [ 28/60] Valid Class Acc=[0.4368137032516147, 0.5638079606072809]
2020-10-24 22:29:22 | Iter | [ 29/60] train loss=0.69642
2020-10-24 22:29:22 | Test | [ 29/60] Train Acc=0.49255
2020-10-24 22:29:22 | Test | [ 29/60] Train Mean IU=0.23133
2020-10-24 22:29:22 | Test | [ 29/60] Train_class_acc=[0.455530668870525, 0.529568115365265]
2020-10-24 22:30:27 | Iter | [ 29/60] valid loss=0.70484
2020-10-24 22:30:27 | Test | [ 29/60] Valid Acc=0.50323
2020-10-24 22:30:27 | Test | [ 29/60] Valid Mean IU=0.19085
2020-10-24 22:30:27 | Test | [ 29/60] Valid Class Acc=[0.49594835942998977, 0.47233653406490744]
2020-10-24 22:33:09 | Iter | [ 30/60] train loss=0.69718
2020-10-24 22:33:09 | Test | [ 30/60] Train Acc=0.49417
2020-10-24 22:33:09 | Test | [ 30/60] Train Mean IU=0.23524
2020-10-24 22:33:09 | Test | [ 30/60] Train_class_acc=[0.4631558948639289, 0.525182628343881]
2020-10-24 22:34:14 | Iter | [ 30/60] valid loss=0.70049
2020-10-24 22:34:14 | Test | [ 30/60] Valid Acc=0.50087
2020-10-24 22:34:14 | Test | [ 30/60] Valid Mean IU=0.22183
2020-10-24 22:34:14 | Test | [ 30/60] Valid Class Acc=[0.46429755803436834, 0.5219714964370391]
2020-10-24 22:36:55 | Iter | [ 31/60] train loss=0.70215
2020-10-24 22:36:55 | Test | [ 31/60] Train Acc=0.50184
2020-10-24 22:36:55 | Test | [ 31/60] Train Mean IU=0.20086
2020-10-24 22:36:55 | Test | [ 31/60] Train_class_acc=[0.3935693060136743, 0.6101197353002982]
2020-10-24 22:38:00 | Iter | [ 31/60] valid loss=0.70371
2020-10-24 22:38:00 | Test | [ 31/60] Valid Acc=0.50259
2020-10-24 22:38:00 | Test | [ 31/60] Valid Mean IU=0.20079
2020-10-24 22:38:00 | Test | [ 31/60] Valid Class Acc=[0.4200884127131556, 0.568055100032779]
2020-10-24 22:40:43 | Iter | [ 32/60] train loss=0.70462
2020-10-24 22:40:43 | Test | [ 32/60] Train Acc=0.49187
2020-10-24 22:40:43 | Test | [ 32/60] Train Mean IU=0.21191
2020-10-24 22:40:43 | Test | [ 32/60] Train_class_acc=[0.4162642623004287, 0.5674834936556764]
2020-10-24 22:41:48 | Iter | [ 32/60] valid loss=0.69791
2020-10-24 22:41:48 | Test | [ 32/60] Valid Acc=0.50301
2020-10-24 22:41:48 | Test | [ 32/60] Valid Mean IU=0.23300
2020-10-24 22:41:48 | Test | [ 32/60] Valid Class Acc=[0.3344141166542765, 0.6537037037036835]
2020-10-24 22:44:38 | Iter | [ 33/60] train loss=0.69734
2020-10-24 22:44:38 | Test | [ 33/60] Train Acc=0.50097
2020-10-24 22:44:38 | Test | [ 33/60] Train Mean IU=0.22818
2020-10-24 22:44:38 | Test | [ 33/60] Train_class_acc=[0.4486272238925373, 0.5533034079817599]
2020-10-24 22:45:44 | Iter | [ 33/60] valid loss=0.69865
2020-10-24 22:45:44 | Test | [ 33/60] Valid Acc=0.49455
2020-10-24 22:45:44 | Test | [ 33/60] Valid Mean IU=0.22969
2020-10-24 22:45:44 | Test | [ 33/60] Valid Class Acc=[0.43392035658085926, 0.5711870138653848]
2020-10-24 22:48:44 | Iter | [ 34/60] train loss=0.69815
2020-10-24 22:48:44 | Test | [ 34/60] Train Acc=0.49120
2020-10-24 22:48:44 | Test | [ 34/60] Train Mean IU=0.22652
2020-10-24 22:48:44 | Test | [ 34/60] Train_class_acc=[0.44572123076453457, 0.5366878463039134]
2020-10-24 22:49:49 | Iter | [ 34/60] valid loss=0.69936
2020-10-24 22:49:49 | Test | [ 34/60] Valid Acc=0.48884
2020-10-24 22:49:49 | Test | [ 34/60] Valid Mean IU=0.21207
2020-10-24 22:49:49 | Test | [ 34/60] Valid Class Acc=[0.4718137408483322, 0.5022568732047393]
2020-10-24 22:52:55 | Iter | [ 35/60] train loss=0.69524
2020-10-24 22:52:55 | Test | [ 35/60] Train Acc=0.49578
2020-10-24 22:52:55 | Test | [ 35/60] Train Mean IU=0.24560
2020-10-24 22:52:55 | Test | [ 35/60] Train_class_acc=[0.48364095882666486, 0.5079133419801518]
2020-10-24 22:54:01 | Iter | [ 35/60] valid loss=0.69737
2020-10-24 22:54:01 | Test | [ 35/60] Valid Acc=0.50536
2020-10-24 22:54:01 | Test | [ 35/60] Valid Mean IU=0.23913
2020-10-24 22:54:01 | Test | [ 35/60] Valid Class Acc=[0.5825096915256738, 0.3933715891790562]
2020-10-24 22:56:52 | Iter | [ 36/60] train loss=0.69802
2020-10-24 22:56:52 | Test | [ 36/60] Train Acc=0.49847
2020-10-24 22:56:52 | Test | [ 36/60] Train Mean IU=0.22067
2020-10-24 22:56:52 | Test | [ 36/60] Train_class_acc=[0.4336396510207645, 0.5632979609742251]
2020-10-24 22:58:05 | Iter | [ 36/60] valid loss=0.69703
2020-10-24 22:58:05 | Test | [ 36/60] Valid Acc=0.50205
2020-10-24 22:58:05 | Test | [ 36/60] Valid Mean IU=0.23955
2020-10-24 22:58:05 | Test | [ 36/60] Valid Class Acc=[0.3977219973551279, 0.5966907962771252]
2020-10-24 23:01:01 | Iter | [ 37/60] train loss=0.69555
2020-10-24 23:01:01 | Test | [ 37/60] Train Acc=0.50360
2020-10-24 23:01:01 | Test | [ 37/60] Train Mean IU=0.24282
2020-10-24 23:01:01 | Test | [ 37/60] Train_class_acc=[0.47826675688939985, 0.5289338364331978]
2020-10-24 23:02:10 | Iter | [ 37/60] valid loss=0.69925
2020-10-24 23:02:10 | Test | [ 37/60] Valid Acc=0.50323
2020-10-24 23:02:10 | Test | [ 37/60] Valid Mean IU=0.22372
2020-10-24 23:02:10 | Test | [ 37/60] Valid Class Acc=[0.4252556024079742, 0.5843392138656581]
2020-10-24 23:05:00 | Iter | [ 38/60] train loss=0.69978
2020-10-24 23:05:00 | Test | [ 38/60] Train Acc=0.50731
2020-10-24 23:05:00 | Test | [ 38/60] Train Mean IU=0.22367
2020-10-24 23:05:00 | Test | [ 38/60] Train_class_acc=[0.4394186488184584, 0.5751928849549159]
2020-10-24 23:06:08 | Iter | [ 38/60] valid loss=0.69440
2020-10-24 23:06:08 | Test | [ 38/60] Valid Acc=0.49379
2020-10-24 23:06:08 | Test | [ 38/60] Valid Mean IU=0.24674
2020-10-24 23:06:08 | Test | [ 38/60] Valid Class Acc=[0.5816003967677454, 0.43767186067825675]
2020-10-24 23:08:55 | Iter | [ 39/60] train loss=0.69621
2020-10-24 23:08:55 | Test | [ 39/60] Train Acc=0.48999
2020-10-24 23:08:55 | Test | [ 39/60] Train Mean IU=0.23281
2020-10-24 23:08:55 | Test | [ 39/60] Train_class_acc=[0.45849634214830276, 0.5214905956924849]
2020-10-24 23:10:03 | Iter | [ 39/60] valid loss=0.69373
2020-10-24 23:10:03 | Test | [ 39/60] Valid Acc=0.49931
2020-10-24 23:10:03 | Test | [ 39/60] Valid Mean IU=0.25199
2020-10-24 23:10:03 | Test | [ 39/60] Valid Class Acc=[0.4829862390726102, 0.4760396039603772]
2020-10-24 23:12:50 | Iter | [ 40/60] train loss=0.69947
2020-10-24 23:12:50 | Test | [ 40/60] Train Acc=0.49753
2020-10-24 23:12:50 | Test | [ 40/60] Train Mean IU=0.22414
2020-10-24 23:12:50 | Test | [ 40/60] Train_class_acc=[0.44077734361748705, 0.5542730130021789]
2020-10-24 23:13:57 | Iter | [ 40/60] valid loss=0.69858
2020-10-24 23:13:57 | Test | [ 40/60] Valid Acc=0.50313
2020-10-24 23:13:57 | Test | [ 40/60] Valid Mean IU=0.22446
2020-10-24 23:13:57 | Test | [ 40/60] Valid Class Acc=[0.46544078504635333, 0.5568900126422074]
2020-10-24 23:16:43 | Iter | [ 41/60] train loss=0.69773
2020-10-24 23:16:43 | Test | [ 41/60] Train Acc=0.49152
2020-10-24 23:16:43 | Test | [ 41/60] Train Mean IU=0.22420
2020-10-24 23:16:43 | Test | [ 41/60] Train_class_acc=[0.4399827373872647, 0.5430562155981125]
2020-10-24 23:17:49 | Iter | [ 41/60] valid loss=0.69605
2020-10-24 23:17:49 | Test | [ 41/60] Valid Acc=0.50039
2020-10-24 23:17:49 | Test | [ 41/60] Valid Mean IU=0.23681
2020-10-24 23:17:49 | Test | [ 41/60] Valid Class Acc=[0.37078035669660375, 0.6336719256537645]
2020-10-24 23:20:36 | Iter | [ 42/60] train loss=0.70103
2020-10-24 23:20:36 | Test | [ 42/60] Train Acc=0.50287
2020-10-24 23:20:36 | Test | [ 42/60] Train Mean IU=0.22054
2020-10-24 23:20:36 | Test | [ 42/60] Train_class_acc=[0.4334314839285198, 0.5723063158609446]
2020-10-24 23:21:42 | Iter | [ 42/60] valid loss=0.69829
2020-10-24 23:21:42 | Test | [ 42/60] Valid Acc=0.50612
2020-10-24 23:21:42 | Test | [ 42/60] Valid Mean IU=0.23096
2020-10-24 23:21:42 | Test | [ 42/60] Valid Class Acc=[0.44788361116690084, 0.5793393782383232]
2020-10-24 23:24:30 | Iter | [ 43/60] train loss=0.69887
2020-10-24 23:24:30 | Test | [ 43/60] Train Acc=0.50084
2020-10-24 23:24:30 | Test | [ 43/60] Train Mean IU=0.22194
2020-10-24 23:24:30 | Test | [ 43/60] Train_class_acc=[0.4349857996928686, 0.5666996349842219]
2020-10-24 23:25:38 | Iter | [ 43/60] valid loss=0.69163
2020-10-24 23:25:38 | Test | [ 43/60] Valid Acc=0.49681
2020-10-24 23:25:38 | Test | [ 43/60] Valid Mean IU=0.26040
2020-10-24 23:25:38 | Test | [ 43/60] Valid Class Acc=[0.43525479088519725, 0.5799537718007924]
2020-10-24 23:28:26 | Iter | [ 44/60] train loss=0.70227
2020-10-24 23:28:26 | Test | [ 44/60] Train Acc=0.49708
2020-10-24 23:28:26 | Test | [ 44/60] Train Mean IU=0.21564
2020-10-24 23:28:26 | Test | [ 44/60] Train_class_acc=[0.42351809983134786, 0.5706416111279491]
2020-10-24 23:29:34 | Iter | [ 44/60] valid loss=0.69826
2020-10-24 23:29:34 | Test | [ 44/60] Valid Acc=0.50683
2020-10-24 23:29:34 | Test | [ 44/60] Valid Mean IU=0.21963
2020-10-24 23:29:34 | Test | [ 44/60] Valid Class Acc=[0.43301802265317735, 0.5564924114670976]
2020-10-24 23:32:23 | Iter | [ 45/60] train loss=0.69404
2020-10-24 23:32:23 | Test | [ 45/60] Train Acc=0.50020
2020-10-24 23:32:23 | Test | [ 45/60] Train Mean IU=0.24767
2020-10-24 23:32:23 | Test | [ 45/60] Train_class_acc=[0.4878975172997844, 0.5124937071894831]
2020-10-24 23:33:31 | Iter | [ 45/60] valid loss=0.69178
2020-10-24 23:33:31 | Test | [ 45/60] Valid Acc=0.51470
2020-10-24 23:33:31 | Test | [ 45/60] Valid Mean IU=0.25752
2020-10-24 23:33:31 | Test | [ 45/60] Valid Class Acc=[0.6097875709725429, 0.3952380952380781]
2020-10-24 23:36:20 | Iter | [ 46/60] train loss=0.69403
2020-10-24 23:36:20 | Test | [ 46/60] Train Acc=0.49484
2020-10-24 23:36:20 | Test | [ 46/60] Train Mean IU=0.25279
2020-10-24 23:36:20 | Test | [ 46/60] Train_class_acc=[0.49795622855912897, 0.49172788876684836]
2020-10-24 23:37:27 | Iter | [ 46/60] valid loss=0.70089
2020-10-24 23:37:27 | Test | [ 46/60] Valid Acc=0.50639
2020-10-24 23:37:27 | Test | [ 46/60] Valid Mean IU=0.22222
2020-10-24 23:37:27 | Test | [ 46/60] Valid Class Acc=[0.5401769794288158, 0.4480725623582716]
2020-10-24 23:40:18 | Iter | [ 47/60] train loss=0.69634
2020-10-24 23:40:18 | Test | [ 47/60] Train Acc=0.49956
2020-10-24 23:40:18 | Test | [ 47/60] Train Mean IU=0.24086
2020-10-24 23:40:18 | Test | [ 47/60] Train_class_acc=[0.4746852318092975, 0.524431045446715]
2020-10-24 23:41:26 | Iter | [ 47/60] valid loss=0.69678
2020-10-24 23:41:26 | Test | [ 47/60] Valid Acc=0.50148
2020-10-24 23:41:26 | Test | [ 47/60] Valid Mean IU=0.22460
2020-10-24 23:41:26 | Test | [ 47/60] Valid Class Acc=[0.49460867731879576, 0.5160535117056684]
2020-10-24 23:44:16 | Iter | [ 48/60] train loss=0.69503
2020-10-24 23:44:16 | Test | [ 48/60] Train Acc=0.49984
2020-10-24 23:44:16 | Test | [ 48/60] Train Mean IU=0.24030
2020-10-24 23:44:16 | Test | [ 48/60] Train_class_acc=[0.47302884566817444, 0.5266416552484375]
2020-10-24 23:45:24 | Iter | [ 48/60] valid loss=0.69280
2020-10-24 23:45:24 | Test | [ 48/60] Valid Acc=0.49267
2020-10-24 23:45:24 | Test | [ 48/60] Valid Mean IU=0.25711
2020-10-24 23:45:24 | Test | [ 48/60] Valid Class Acc=[0.39933608288904526, 0.5907643312101754]
2020-10-24 23:48:12 | Iter | [ 49/60] train loss=0.69261
2020-10-24 23:48:12 | Test | [ 49/60] Train Acc=0.50511
2020-10-24 23:48:12 | Test | [ 49/60] Train Mean IU=0.25460
2020-10-24 23:48:12 | Test | [ 49/60] Train_class_acc=[0.5021553445972684, 0.508055809377597]
2020-10-24 23:49:19 | Iter | [ 49/60] valid loss=0.69729
2020-10-24 23:49:19 | Test | [ 49/60] Valid Acc=0.48524
2020-10-24 23:49:19 | Test | [ 49/60] Valid Mean IU=0.22187
2020-10-24 23:49:19 | Test | [ 49/60] Valid Class Acc=[0.5904889706436679, 0.39452449567722203]
2020-10-24 23:52:09 | Iter | [ 50/60] train loss=0.69542
2020-10-24 23:52:09 | Test | [ 50/60] Train Acc=0.50589
2020-10-24 23:52:09 | Test | [ 50/60] Train Mean IU=0.24001
2020-10-24 23:52:09 | Test | [ 50/60] Train_class_acc=[0.4724767373303706, 0.5393088063979807]
2020-10-24 23:53:17 | Iter | [ 50/60] valid loss=0.69309
2020-10-24 23:53:17 | Test | [ 50/60] Valid Acc=0.50263
2020-10-24 23:53:17 | Test | [ 50/60] Valid Mean IU=0.24738
2020-10-24 23:53:17 | Test | [ 50/60] Valid Class Acc=[0.5035281210156779, 0.4883401920438734]
2020-10-24 23:56:04 | Iter | [ 51/60] train loss=0.69416
2020-10-24 23:56:04 | Test | [ 51/60] Train Acc=0.50196
2020-10-24 23:56:04 | Test | [ 51/60] Train Mean IU=0.24635
2020-10-24 23:56:04 | Test | [ 51/60] Train_class_acc=[0.4852705825121746, 0.5186394755124789]
2020-10-24 23:57:13 | Iter | [ 51/60] valid loss=0.69574
2020-10-24 23:57:13 | Test | [ 51/60] Valid Acc=0.50509
2020-10-24 23:57:13 | Test | [ 51/60] Valid Mean IU=0.24023
2020-10-24 23:57:13 | Test | [ 51/60] Valid Class Acc=[0.5641158117557358, 0.4335066864784386]
2020-10-25 00:00:03 | Iter | [ 52/60] train loss=0.69652
2020-10-25 00:00:03 | Test | [ 52/60] Train Acc=0.49530
2020-10-25 00:00:03 | Test | [ 52/60] Train Mean IU=0.24242
2020-10-25 00:00:03 | Test | [ 52/60] Train_class_acc=[0.4775730100689706, 0.5130290694653649]
2020-10-25 00:01:12 | Iter | [ 52/60] valid loss=0.69090
2020-10-25 00:01:12 | Test | [ 52/60] Valid Acc=0.51118
2020-10-25 00:01:12 | Test | [ 52/60] Valid Mean IU=0.26203
2020-10-25 00:01:12 | Test | [ 52/60] Valid Class Acc=[0.522872391117888, 0.5123410620792628]
2020-10-25 00:04:03 | Iter | [ 53/60] train loss=0.69650
2020-10-25 00:04:03 | Test | [ 53/60] Train Acc=0.50454
2020-10-25 00:04:03 | Test | [ 53/60] Train Mean IU=0.24228
2020-10-25 00:04:03 | Test | [ 53/60] Train_class_acc=[0.4771711240663958, 0.5319175823565662]
2020-10-25 00:05:11 | Iter | [ 53/60] valid loss=0.68774
2020-10-25 00:05:11 | Test | [ 53/60] Valid Acc=0.49749
2020-10-25 00:05:11 | Test | [ 53/60] Valid Mean IU=0.27392
2020-10-25 00:05:11 | Test | [ 53/60] Valid Class Acc=[0.518142719213552, 0.46814926498302045]
2020-10-25 00:08:00 | Iter | [ 54/60] train loss=0.69864
2020-10-25 00:08:00 | Test | [ 54/60] Train Acc=0.50661
2020-10-25 00:08:00 | Test | [ 54/60] Train Mean IU=0.22880
2020-10-25 00:08:00 | Test | [ 54/60] Train_class_acc=[0.44994300537190735, 0.5632842239162907]
2020-10-25 00:09:07 | Iter | [ 54/60] valid loss=0.69749
2020-10-25 00:09:07 | Test | [ 54/60] Valid Acc=0.50888
2020-10-25 00:09:07 | Test | [ 54/60] Valid Mean IU=0.23992
2020-10-25 00:09:07 | Test | [ 54/60] Valid Class Acc=[0.433302349819736, 0.5781594011448447]
2020-10-25 00:11:57 | Iter | [ 55/60] train loss=0.69329
2020-10-25 00:11:57 | Test | [ 55/60] Train Acc=0.49391
2020-10-25 00:11:57 | Test | [ 55/60] Train Mean IU=0.24661
2020-10-25 00:11:57 | Test | [ 55/60] Train_class_acc=[0.4865648795704576, 0.5012622486881467]
2020-10-25 00:13:05 | Iter | [ 55/60] valid loss=0.69481
2020-10-25 00:13:05 | Test | [ 55/60] Valid Acc=0.50401
2020-10-25 00:13:05 | Test | [ 55/60] Valid Mean IU=0.25558
2020-10-25 00:13:05 | Test | [ 55/60] Valid Class Acc=[0.4024033809764925, 0.5785425101214341]
2020-10-25 00:15:55 | Iter | [ 56/60] train loss=0.69961
2020-10-25 00:15:55 | Test | [ 56/60] Train Acc=0.49885
2020-10-25 00:15:55 | Test | [ 56/60] Train Mean IU=0.21852
2020-10-25 00:15:55 | Test | [ 56/60] Train_class_acc=[0.4293757686826419, 0.5683241699328526]
2020-10-25 00:17:03 | Iter | [ 56/60] valid loss=0.69766
2020-10-25 00:17:03 | Test | [ 56/60] Valid Acc=0.48758
2020-10-25 00:17:03 | Test | [ 56/60] Valid Mean IU=0.23149
2020-10-25 00:17:03 | Test | [ 56/60] Valid Class Acc=[0.5058611723347649, 0.49172121678858327]
2020-10-25 00:19:54 | Iter | [ 57/60] train loss=0.69343
2020-10-25 00:19:54 | Test | [ 57/60] Train Acc=0.48998
2020-10-25 00:19:54 | Test | [ 57/60] Train Mean IU=0.24721
2020-10-25 00:19:54 | Test | [ 57/60] Train_class_acc=[0.48741600224690357, 0.49254484714637076]
2020-10-25 00:21:02 | Iter | [ 57/60] valid loss=0.69920
2020-10-25 00:21:02 | Test | [ 57/60] Valid Acc=0.49926
2020-10-25 00:21:02 | Test | [ 57/60] Valid Mean IU=0.22240
2020-10-25 00:21:02 | Test | [ 57/60] Valid Class Acc=[0.5100810042621937, 0.432364549694997]
2020-10-25 00:23:53 | Iter | [ 58/60] train loss=0.69565
2020-10-25 00:23:53 | Test | [ 58/60] Train Acc=0.48998
2020-10-25 00:23:53 | Test | [ 58/60] Train Mean IU=0.23917
2020-10-25 00:23:53 | Test | [ 58/60] Train_class_acc=[0.4713497276748317, 0.5086137164314258]
2020-10-25 00:25:01 | Iter | [ 58/60] valid loss=0.69715
2020-10-25 00:25:01 | Test | [ 58/60] Valid Acc=0.49902
2020-10-25 00:25:01 | Test | [ 58/60] Valid Mean IU=0.22429
2020-10-25 00:25:01 | Test | [ 58/60] Valid Class Acc=[0.5046768099919022, 0.4724752475247337]
2020-10-25 00:27:50 | Iter | [ 59/60] train loss=0.69563
2020-10-25 00:27:50 | Test | [ 59/60] Train Acc=0.50114
2020-10-25 00:27:50 | Test | [ 59/60] Train Mean IU=0.24319
2020-10-25 00:27:50 | Test | [ 59/60] Train_class_acc=[0.47906358963255363, 0.5232252198714813]
2020-10-25 00:28:58 | Iter | [ 59/60] valid loss=0.70263
2020-10-25 00:28:58 | Test | [ 59/60] Valid Acc=0.49990
2020-10-25 00:28:58 | Test | [ 59/60] Valid Mean IU=0.22851
2020-10-25 00:28:58 | Test | [ 59/60] Valid Class Acc=[0.4303884995903805, 0.563579973416014]
2020-10-25 00:31:48 | Iter | [ 60/60] train loss=0.69561
2020-10-25 00:31:48 | Test | [ 60/60] Train Acc=0.48877
2020-10-25 00:31:48 | Test | [ 60/60] Train Mean IU=0.24003
2020-10-25 00:31:48 | Test | [ 60/60] Train_class_acc=[0.47333369706365525, 0.5042092195484634]
2020-10-25 00:32:56 | Iter | [ 60/60] valid loss=0.69972
2020-10-25 00:32:56 | Test | [ 60/60] Valid Acc=0.50040
2020-10-25 00:32:56 | Test | [ 60/60] Valid Mean IU=0.24938
2020-10-25 00:32:56 | Test | [ 60/60] Valid Class Acc=[0.44908111581304044, 0.5384615384615205]
