2020-10-24 06:36:42 | Conf | use logdir run/crackSegmentationSimple/2020-10-24-06-36-7319
2020-10-24 06:36:42 | Conf | use dataset crackSegmentationSimple
2020-10-24 06:36:42 | Conf | use augmentation True
2020-10-24 06:36:42 | Conf | use image size (448, 448)
2020-10-24 06:36:42 | Conf | use batch_size 4
2020-10-24 06:36:42 | Conf | use model segnet
2020-10-24 06:36:43 | Conf | use GPU [0]
2020-10-24 06:36:43 | Conf | use optimizer Adam, lr=0.0001, weight_decay=0.001
2020-10-24 06:36:43 | Conf | use step_lr_scheduler every 40 steps decay 0.1
2020-10-24 06:36:43 | Conf | use loss function crossentropyloss2D
2020-10-24 06:36:43 | Conf | use epoch 60
2020-10-24 06:41:40 | Iter | [  1/60] train loss=0.74044
2020-10-24 06:41:40 | Test | [  1/60] Train Acc=0.49641
2020-10-24 06:41:40 | Test | [  1/60] Train Mean IU=0.31358
2020-10-24 06:41:40 | Test | [  1/60] Train_class_acc=[0.6214312964734117, 0.37138154081626906]
2020-10-24 06:43:27 | Iter | [  1/60] valid loss=0.66719
2020-10-24 06:43:27 | Test | [  1/60] Valid Acc=0.49999
2020-10-24 06:43:27 | Test | [  1/60] Valid Mean IU=0.49491
2020-10-24 06:43:27 | Test | [  1/60] Valid Class Acc=[0.6325514727662499, 0.3905325443786854]
2020-10-24 06:47:59 | Iter | [  2/60] train loss=0.68116
2020-10-24 06:47:59 | Test | [  2/60] Train Acc=0.49509
2020-10-24 06:47:59 | Test | [  2/60] Train Mean IU=0.35812
2020-10-24 06:47:59 | Test | [  2/60] Train_class_acc=[0.7123851972591595, 0.27778574526986927]
2020-10-24 06:49:33 | Iter | [  2/60] valid loss=0.64134
2020-10-24 06:49:33 | Test | [  2/60] Valid Acc=0.50002
2020-10-24 06:49:33 | Test | [  2/60] Valid Mean IU=0.49494
2020-10-24 06:49:33 | Test | [  2/60] Valid Class Acc=[0.7734362062476475, 0.21448565430370134]
2020-10-24 06:54:03 | Iter | [  3/60] train loss=0.66815
2020-10-24 06:54:03 | Test | [  3/60] Train Acc=0.49526
2020-10-24 06:54:03 | Test | [  3/60] Train Mean IU=0.42121
2020-10-24 06:54:03 | Test | [  3/60] Train_class_acc=[0.841442339261074, 0.1490705039059879]
2020-10-24 06:55:38 | Iter | [  3/60] valid loss=0.62197
2020-10-24 06:55:38 | Test | [  3/60] Valid Acc=0.49999
2020-10-24 06:55:38 | Test | [  3/60] Valid Mean IU=0.49490
2020-10-24 06:55:38 | Test | [  3/60] Valid Class Acc=[0.8780668537057761, 0.09804897471630403]
2020-10-24 07:00:04 | Iter | [  4/60] train loss=0.66181
2020-10-24 07:00:04 | Test | [  4/60] Train Acc=0.50201
2020-10-24 07:00:04 | Test | [  4/60] Train Mean IU=0.44437
2020-10-24 07:00:04 | Test | [  4/60] Train_class_acc=[0.886689077598858, 0.117327196071851]
2020-10-24 07:01:39 | Iter | [  4/60] valid loss=0.60978
2020-10-24 07:01:39 | Test | [  4/60] Valid Acc=0.49999
2020-10-24 07:01:39 | Test | [  4/60] Valid Mean IU=0.49490
2020-10-24 07:01:39 | Test | [  4/60] Valid Class Acc=[0.8883173454511691, 0.0903719151894303]
2020-10-24 07:06:05 | Iter | [  5/60] train loss=0.65567
2020-10-24 07:06:05 | Test | [  5/60] Train Acc=0.48441
2020-10-24 07:06:05 | Test | [  5/60] Train Mean IU=0.44307
2020-10-24 07:06:05 | Test | [  5/60] Train_class_acc=[0.8888505550317823, 0.0799729010963855]
2020-10-24 07:07:40 | Iter | [  5/60] valid loss=0.59430
2020-10-24 07:07:40 | Test | [  5/60] Valid Acc=0.50004
2020-10-24 07:07:40 | Test | [  5/60] Valid Mean IU=0.49492
2020-10-24 07:07:40 | Test | [  5/60] Valid Class Acc=[0.861489822632872, 0.0442738458302656]
2020-10-24 07:12:13 | Iter | [  6/60] train loss=0.64440
2020-10-24 07:12:13 | Test | [  6/60] Train Acc=0.48767
2020-10-24 07:12:13 | Test | [  6/60] Train Mean IU=0.43561
2020-10-24 07:12:13 | Test | [  6/60] Train_class_acc=[0.8722702020838367, 0.10306055753838633]
2020-10-24 07:13:52 | Iter | [  6/60] valid loss=0.58031
2020-10-24 07:13:52 | Test | [  6/60] Valid Acc=0.49996
2020-10-24 07:13:52 | Test | [  6/60] Valid Mean IU=0.49487
2020-10-24 07:13:52 | Test | [  6/60] Valid Class Acc=[0.8586305224414936, 0.1740290542543678]
2020-10-24 07:18:33 | Iter | [  7/60] train loss=0.61993
2020-10-24 07:18:33 | Test | [  7/60] Train Acc=0.50321
2020-10-24 07:18:33 | Test | [  7/60] Train Mean IU=0.42115
2020-10-24 07:18:33 | Test | [  7/60] Train_class_acc=[0.8410014643284772, 0.1654224892449021]
2020-10-24 07:20:11 | Iter | [  7/60] valid loss=0.54761
2020-10-24 07:20:11 | Test | [  7/60] Valid Acc=0.49999
2020-10-24 07:20:11 | Test | [  7/60] Valid Mean IU=0.49491
2020-10-24 07:20:11 | Test | [  7/60] Valid Class Acc=[0.8222701830113526, 0.2585997571833161]
2020-10-24 07:24:55 | Iter | [  8/60] train loss=0.59256
2020-10-24 07:24:55 | Test | [  8/60] Train Acc=0.47832
2020-10-24 07:24:55 | Test | [  8/60] Train Mean IU=0.40419
2020-10-24 07:24:55 | Test | [  8/60] Train_class_acc=[0.8107071039789964, 0.14592995681621182]
2020-10-24 07:26:34 | Iter | [  8/60] valid loss=0.49576
2020-10-24 07:26:34 | Test | [  8/60] Valid Acc=0.50000
2020-10-24 07:26:34 | Test | [  8/60] Valid Mean IU=0.49492
2020-10-24 07:26:34 | Test | [  8/60] Valid Class Acc=[0.836665441063823, 0.03215895124948759]
2020-10-24 07:31:16 | Iter | [  9/60] train loss=0.56658
2020-10-24 07:31:16 | Test | [  9/60] Train Acc=0.48381
2020-10-24 07:31:16 | Test | [  9/60] Train Mean IU=0.40368
2020-10-24 07:31:16 | Test | [  9/60] Train_class_acc=[0.8078696209702142, 0.15974226398802188]
2020-10-24 07:32:54 | Iter | [  9/60] valid loss=0.44070
2020-10-24 07:32:54 | Test | [  9/60] Valid Acc=0.50000
2020-10-24 07:32:54 | Test | [  9/60] Valid Mean IU=0.49492
2020-10-24 07:32:54 | Test | [  9/60] Valid Class Acc=[0.7961679461468696, 0.08883986764263423]
2020-10-24 07:37:35 | Iter | [ 10/60] train loss=0.55758
2020-10-24 07:37:35 | Test | [ 10/60] Train Acc=0.49264
2020-10-24 07:37:35 | Test | [ 10/60] Train Mean IU=0.39232
2020-10-24 07:37:35 | Test | [ 10/60] Train_class_acc=[0.7828241164833661, 0.20246255830196688]
2020-10-24 07:39:15 | Iter | [ 10/60] valid loss=0.41419
2020-10-24 07:39:15 | Test | [ 10/60] Valid Acc=0.50000
2020-10-24 07:39:15 | Test | [ 10/60] Valid Mean IU=0.49492
2020-10-24 07:39:15 | Test | [ 10/60] Valid Class Acc=[0.7974842072768248, 0.28094435075884383]
2020-10-24 07:43:59 | Iter | [ 11/60] train loss=0.55108
2020-10-24 07:43:59 | Test | [ 11/60] Train Acc=0.48937
2020-10-24 07:43:59 | Test | [ 11/60] Train Mean IU=0.39260
2020-10-24 07:43:59 | Test | [ 11/60] Train_class_acc=[0.7842430445756184, 0.19450221318175878]
2020-10-24 07:45:38 | Iter | [ 11/60] valid loss=0.40479
2020-10-24 07:45:38 | Test | [ 11/60] Valid Acc=0.50000
2020-10-24 07:45:38 | Test | [ 11/60] Valid Mean IU=0.49492
2020-10-24 07:45:38 | Test | [ 11/60] Valid Class Acc=[0.7057165427392758, 0.35921598190726123]
2020-10-24 07:50:20 | Iter | [ 12/60] train loss=0.54154
2020-10-24 07:50:20 | Test | [ 12/60] Train Acc=0.52619
2020-10-24 07:50:20 | Test | [ 12/60] Train Mean IU=0.36494
2020-10-24 07:50:20 | Test | [ 12/60] Train_class_acc=[0.7235367359729836, 0.3288338232363777]
2020-10-24 07:51:58 | Iter | [ 12/60] valid loss=0.39270
2020-10-24 07:51:58 | Test | [ 12/60] Valid Acc=0.49986
2020-10-24 07:51:58 | Test | [ 12/60] Valid Mean IU=0.49377
2020-10-24 07:51:58 | Test | [ 12/60] Valid Class Acc=[0.7083286581322995, 0.2126672421234332]
2020-10-24 07:56:48 | Iter | [ 13/60] train loss=0.53532
2020-10-24 07:56:48 | Test | [ 13/60] Train Acc=0.49500
2020-10-24 07:56:48 | Test | [ 13/60] Train Mean IU=0.40466
2020-10-24 07:56:48 | Test | [ 13/60] Train_class_acc=[0.8073841622536388, 0.18261013317511332]
2020-10-24 07:58:30 | Iter | [ 13/60] valid loss=0.41201
2020-10-24 07:58:30 | Test | [ 13/60] Valid Acc=0.51700
2020-10-24 07:58:30 | Test | [ 13/60] Valid Mean IU=0.48082
2020-10-24 07:58:30 | Test | [ 13/60] Valid Class Acc=[0.8005496425814591, 0.1981055480378837]
2020-10-24 08:03:05 | Iter | [ 14/60] train loss=0.52849
2020-10-24 08:03:05 | Test | [ 14/60] Train Acc=0.49481
2020-10-24 08:03:05 | Test | [ 14/60] Train Mean IU=0.38651
2020-10-24 08:03:05 | Test | [ 14/60] Train_class_acc=[0.7712616636597368, 0.21836538280289908]
2020-10-24 08:04:39 | Iter | [ 14/60] valid loss=0.45684
2020-10-24 08:04:39 | Test | [ 14/60] Valid Acc=0.56926
2020-10-24 08:04:39 | Test | [ 14/60] Valid Mean IU=0.43856
2020-10-24 08:04:39 | Test | [ 14/60] Valid Class Acc=[0.7978149203419076, 0.24408284023667734]
2020-10-24 08:09:04 | Iter | [ 15/60] train loss=0.52064
2020-10-24 08:09:04 | Test | [ 15/60] Train Acc=0.51359
2020-10-24 08:09:04 | Test | [ 15/60] Train Mean IU=0.39748
2020-10-24 08:09:04 | Test | [ 15/60] Train_class_acc=[0.7915297270676382, 0.2356568897801418]
2020-10-24 08:10:39 | Iter | [ 15/60] valid loss=0.51995
2020-10-24 08:10:39 | Test | [ 15/60] Valid Acc=0.56770
2020-10-24 08:10:39 | Test | [ 15/60] Valid Mean IU=0.40067
2020-10-24 08:10:39 | Test | [ 15/60] Valid Class Acc=[0.8102811650525046, 0.15312297384914467]
2020-10-24 08:15:05 | Iter | [ 16/60] train loss=0.51747
2020-10-24 08:15:05 | Test | [ 16/60] Train Acc=0.58629
2020-10-24 08:15:05 | Test | [ 16/60] Train Mean IU=0.40429
2020-10-24 08:15:05 | Test | [ 16/60] Train_class_acc=[0.797274224195898, 0.3753033356030109]
2020-10-24 08:16:39 | Iter | [ 16/60] valid loss=0.52068
2020-10-24 08:16:39 | Test | [ 16/60] Valid Acc=0.57669
2020-10-24 08:16:39 | Test | [ 16/60] Valid Mean IU=0.39056
2020-10-24 08:16:39 | Test | [ 16/60] Valid Class Acc=[0.7849513541677101, 0.4735883424407799]
2020-10-24 08:21:07 | Iter | [ 17/60] train loss=0.51356
2020-10-24 08:21:07 | Test | [ 17/60] Train Acc=0.58746
2020-10-24 08:21:07 | Test | [ 17/60] Train Mean IU=0.39656
2020-10-24 08:21:07 | Test | [ 17/60] Train_class_acc=[0.7811420697460781, 0.3937864816783383]
2020-10-24 08:22:46 | Iter | [ 17/60] valid loss=0.56258
2020-10-24 08:22:46 | Test | [ 17/60] Valid Acc=0.56296
2020-10-24 08:22:46 | Test | [ 17/60] Valid Mean IU=0.37790
2020-10-24 08:22:46 | Test | [ 17/60] Valid Class Acc=[0.747230069523752, 0.4372641509433756]
2020-10-24 08:27:28 | Iter | [ 18/60] train loss=0.51321
2020-10-24 08:27:28 | Test | [ 18/60] Train Acc=0.59110
2020-10-24 08:27:28 | Test | [ 18/60] Train Mean IU=0.42090
2020-10-24 08:27:28 | Test | [ 18/60] Train_class_acc=[0.8286595946606871, 0.35353761277058576]
2020-10-24 08:29:07 | Iter | [ 18/60] valid loss=0.56046
2020-10-24 08:29:07 | Test | [ 18/60] Valid Acc=0.58238
2020-10-24 08:29:07 | Test | [ 18/60] Valid Mean IU=0.34577
2020-10-24 08:29:07 | Test | [ 18/60] Valid Class Acc=[0.7717406033716943, 0.5326012354152185]
2020-10-24 08:33:50 | Iter | [ 19/60] train loss=0.51195
2020-10-24 08:33:50 | Test | [ 19/60] Train Acc=0.59221
2020-10-24 08:33:50 | Test | [ 19/60] Train Mean IU=0.38226
2020-10-24 08:33:50 | Test | [ 19/60] Train_class_acc=[0.7544522138194226, 0.42996939237940096]
2020-10-24 08:35:29 | Iter | [ 19/60] valid loss=0.54593
2020-10-24 08:35:29 | Test | [ 19/60] Valid Acc=0.57775
2020-10-24 08:35:29 | Test | [ 19/60] Valid Mean IU=0.36667
2020-10-24 08:35:29 | Test | [ 19/60] Valid Class Acc=[0.8455813526424654, 0.13932054442181824]
2020-10-24 08:40:11 | Iter | [ 20/60] train loss=0.50828
2020-10-24 08:40:11 | Test | [ 20/60] Train Acc=0.57414
2020-10-24 08:40:11 | Test | [ 20/60] Train Mean IU=0.42090
2020-10-24 08:40:11 | Test | [ 20/60] Train_class_acc=[0.8313620220520802, 0.31692269739312645]
2020-10-24 08:41:50 | Iter | [ 20/60] valid loss=0.44924
2020-10-24 08:41:50 | Test | [ 20/60] Valid Acc=0.57917
2020-10-24 08:41:50 | Test | [ 20/60] Valid Mean IU=0.45141
2020-10-24 08:41:50 | Test | [ 20/60] Valid Class Acc=[0.7704087645785843, 0.4532621136970449]
2020-10-24 08:46:53 | Iter | [ 21/60] train loss=0.50663
2020-10-24 08:46:53 | Test | [ 21/60] Train Acc=0.65202
2020-10-24 08:46:53 | Test | [ 21/60] Train Mean IU=0.39933
2020-10-24 08:46:53 | Test | [ 21/60] Train_class_acc=[0.7813968166944877, 0.5226524082277223]
2020-10-24 08:48:37 | Iter | [ 21/60] valid loss=0.41028
2020-10-24 08:48:37 | Test | [ 21/60] Valid Acc=0.57140
2020-10-24 08:48:37 | Test | [ 21/60] Valid Mean IU=0.48162
2020-10-24 08:48:37 | Test | [ 21/60] Valid Class Acc=[0.7567191495762922, 0.6153846153845912]
2020-10-24 08:53:50 | Iter | [ 22/60] train loss=0.50375
2020-10-24 08:53:50 | Test | [ 22/60] Train Acc=0.61593
2020-10-24 08:53:50 | Test | [ 22/60] Train Mean IU=0.42852
2020-10-24 08:53:50 | Test | [ 22/60] Train_class_acc=[0.8394321286471415, 0.3924229235639071]
2020-10-24 08:55:26 | Iter | [ 22/60] valid loss=0.40619
2020-10-24 08:55:26 | Test | [ 22/60] Valid Acc=0.58511
2020-10-24 08:55:26 | Test | [ 22/60] Valid Mean IU=0.48954
2020-10-24 08:55:26 | Test | [ 22/60] Valid Class Acc=[0.8125928640269855, 0.46572580645159717]
2020-10-24 08:59:58 | Iter | [ 23/60] train loss=0.50375
2020-10-24 08:59:58 | Test | [ 23/60] Train Acc=0.65358
2020-10-24 08:59:58 | Test | [ 23/60] Train Mean IU=0.40584
2020-10-24 08:59:58 | Test | [ 23/60] Train_class_acc=[0.7923809007081456, 0.514772883317225]
2020-10-24 09:01:35 | Iter | [ 23/60] valid loss=0.39998
2020-10-24 09:01:35 | Test | [ 23/60] Valid Acc=0.60232
2020-10-24 09:01:35 | Test | [ 23/60] Valid Mean IU=0.49548
2020-10-24 09:01:35 | Test | [ 23/60] Valid Class Acc=[0.8305306474329732, 0.4128248113998151]
2020-10-24 09:06:07 | Iter | [ 24/60] train loss=0.50259
2020-10-24 09:06:07 | Test | [ 24/60] Train Acc=0.67440
2020-10-24 09:06:07 | Test | [ 24/60] Train Mean IU=0.41160
2020-10-24 09:06:07 | Test | [ 24/60] Train_class_acc=[0.8019352930505094, 0.5468611431295253]
2020-10-24 09:07:43 | Iter | [ 24/60] valid loss=0.49131
2020-10-24 09:07:43 | Test | [ 24/60] Valid Acc=0.61856
2020-10-24 09:07:43 | Test | [ 24/60] Valid Mean IU=0.41806
2020-10-24 09:07:43 | Test | [ 24/60] Valid Class Acc=[0.7468907141513572, 0.6932538203503282]
2020-10-24 09:12:18 | Iter | [ 25/60] train loss=0.50067
2020-10-24 09:12:18 | Test | [ 25/60] Train Acc=0.62045
2020-10-24 09:12:18 | Test | [ 25/60] Train Mean IU=0.43663
2020-10-24 09:12:18 | Test | [ 25/60] Train_class_acc=[0.8529276208131993, 0.3879748518103617]
2020-10-24 09:13:54 | Iter | [ 25/60] valid loss=0.52812
2020-10-24 09:13:54 | Test | [ 25/60] Valid Acc=0.61226
2020-10-24 09:13:54 | Test | [ 25/60] Valid Mean IU=0.39927
2020-10-24 09:13:54 | Test | [ 25/60] Valid Class Acc=[0.8339309909230751, 0.38007759014148357]
2020-10-24 09:18:27 | Iter | [ 26/60] train loss=0.50105
2020-10-24 09:18:27 | Test | [ 26/60] Train Acc=0.67285
2020-10-24 09:18:27 | Test | [ 26/60] Train Mean IU=0.40742
2020-10-24 09:18:27 | Test | [ 26/60] Train_class_acc=[0.7926885159732856, 0.5530200908642687]
2020-10-24 09:20:03 | Iter | [ 26/60] valid loss=0.49611
2020-10-24 09:20:03 | Test | [ 26/60] Valid Acc=0.63587
2020-10-24 09:20:03 | Test | [ 26/60] Valid Mean IU=0.40914
2020-10-24 09:20:03 | Test | [ 26/60] Valid Class Acc=[0.7637152751215082, 0.5103738923708612]
2020-10-24 09:24:35 | Iter | [ 27/60] train loss=0.50050
2020-10-24 09:24:35 | Test | [ 27/60] Train Acc=0.66503
2020-10-24 09:24:35 | Test | [ 27/60] Train Mean IU=0.41710
2020-10-24 09:24:35 | Test | [ 27/60] Train_class_acc=[0.813117085014378, 0.5169400853743712]
2020-10-24 09:26:10 | Iter | [ 27/60] valid loss=0.43129
2020-10-24 09:26:10 | Test | [ 27/60] Valid Acc=0.59586
2020-10-24 09:26:10 | Test | [ 27/60] Valid Mean IU=0.47382
2020-10-24 09:26:10 | Test | [ 27/60] Valid Class Acc=[0.7797230494640474, 0.5955056179775042]
2020-10-24 09:30:43 | Iter | [ 28/60] train loss=0.50167
2020-10-24 09:30:43 | Test | [ 28/60] Train Acc=0.65376
2020-10-24 09:30:43 | Test | [ 28/60] Train Mean IU=0.41351
2020-10-24 09:30:43 | Test | [ 28/60] Train_class_acc=[0.8072248528173654, 0.5002890161264912]
2020-10-24 09:32:22 | Iter | [ 28/60] valid loss=0.50745
2020-10-24 09:32:22 | Test | [ 28/60] Valid Acc=0.62905
2020-10-24 09:32:22 | Test | [ 28/60] Valid Mean IU=0.39033
2020-10-24 09:32:22 | Test | [ 28/60] Valid Class Acc=[0.7486317572647172, 0.6680814940576966]
2020-10-24 09:37:04 | Iter | [ 29/60] train loss=0.50181
2020-10-24 09:37:04 | Test | [ 29/60] Train Acc=0.69376
2020-10-24 09:37:04 | Test | [ 29/60] Train Mean IU=0.39803
2020-10-24 09:37:04 | Test | [ 29/60] Train_class_acc=[0.7733468724989313, 0.6141810683902135]
2020-10-24 09:38:43 | Iter | [ 29/60] valid loss=0.39071
2020-10-24 09:38:43 | Test | [ 29/60] Valid Acc=0.52806
2020-10-24 09:38:43 | Test | [ 29/60] Valid Mean IU=0.49576
2020-10-24 09:38:43 | Test | [ 29/60] Valid Class Acc=[0.6290928986984041, 0.9273705447208835]
2020-10-24 09:43:27 | Iter | [ 30/60] train loss=0.49879
2020-10-24 09:43:27 | Test | [ 30/60] Train Acc=0.65508
2020-10-24 09:43:27 | Test | [ 30/60] Train Mean IU=0.42499
2020-10-24 09:43:27 | Test | [ 30/60] Train_class_acc=[0.8278398499299057, 0.4823250843012809]
2020-10-24 09:45:07 | Iter | [ 30/60] valid loss=0.38851
2020-10-24 09:45:07 | Test | [ 30/60] Valid Acc=0.52577
2020-10-24 09:45:07 | Test | [ 30/60] Valid Mean IU=0.49896
2020-10-24 09:45:07 | Test | [ 30/60] Valid Class Acc=[0.8261217888347258, 0.5308335915711022]
2020-10-24 09:49:49 | Iter | [ 31/60] train loss=0.49859
2020-10-24 09:49:49 | Test | [ 31/60] Train Acc=0.65701
2020-10-24 09:49:49 | Test | [ 31/60] Train Mean IU=0.41327
2020-10-24 09:49:49 | Test | [ 31/60] Train_class_acc=[0.8077960923529922, 0.5062283616153815]
2020-10-24 09:51:29 | Iter | [ 31/60] valid loss=0.38893
2020-10-24 09:51:29 | Test | [ 31/60] Valid Acc=0.53412
2020-10-24 09:51:29 | Test | [ 31/60] Valid Mean IU=0.50048
2020-10-24 09:51:29 | Test | [ 31/60] Valid Class Acc=[0.7156423880896283, 0.7079901153212229]
2020-10-24 09:56:12 | Iter | [ 32/60] train loss=0.49995
2020-10-24 09:56:12 | Test | [ 32/60] Train Acc=0.64278
2020-10-24 09:56:12 | Test | [ 32/60] Train Mean IU=0.41774
2020-10-24 09:56:12 | Test | [ 32/60] Train_class_acc=[0.8170899682863779, 0.4684629375770694]
2020-10-24 09:57:51 | Iter | [ 32/60] valid loss=0.39864
2020-10-24 09:57:51 | Test | [ 32/60] Valid Acc=0.64787
2020-10-24 09:57:51 | Test | [ 32/60] Valid Mean IU=0.50159
2020-10-24 09:57:51 | Test | [ 32/60] Valid Class Acc=[0.6564137571024151, 0.9098915989159583]
2020-10-24 10:02:36 | Iter | [ 33/60] train loss=0.49682
2020-10-24 10:02:36 | Test | [ 33/60] Train Acc=0.64648
2020-10-24 10:02:36 | Test | [ 33/60] Train Mean IU=0.43056
2020-10-24 10:02:36 | Test | [ 33/60] Train_class_acc=[0.8397246438501712, 0.45323163695339225]
2020-10-24 10:04:17 | Iter | [ 33/60] valid loss=0.39203
2020-10-24 10:04:17 | Test | [ 33/60] Valid Acc=0.62836
2020-10-24 10:04:17 | Test | [ 33/60] Valid Mean IU=0.50996
2020-10-24 10:04:17 | Test | [ 33/60] Valid Class Acc=[0.8772178298732094, 0.3920225624496216]
2020-10-24 10:08:53 | Iter | [ 34/60] train loss=0.49620
2020-10-24 10:08:53 | Test | [ 34/60] Train Acc=0.64253
2020-10-24 10:08:53 | Test | [ 34/60] Train Mean IU=0.42860
2020-10-24 10:08:53 | Test | [ 34/60] Train_class_acc=[0.8368912844517622, 0.4481613966584574]
2020-10-24 10:10:30 | Iter | [ 34/60] valid loss=0.39486
2020-10-24 10:10:30 | Test | [ 34/60] Valid Acc=0.57663
2020-10-24 10:10:30 | Test | [ 34/60] Valid Mean IU=0.50865
2020-10-24 10:10:30 | Test | [ 34/60] Valid Class Acc=[0.8921994096688028, 0.3398268398268251]
2020-10-24 10:15:01 | Iter | [ 35/60] train loss=0.49517
2020-10-24 10:15:01 | Test | [ 35/60] Train Acc=0.63371
2020-10-24 10:15:01 | Test | [ 35/60] Train Mean IU=0.42814
2020-10-24 10:15:01 | Test | [ 35/60] Train_class_acc=[0.8378646013657939, 0.42955107576724627]
2020-10-24 10:16:36 | Iter | [ 35/60] valid loss=0.66344
2020-10-24 10:16:36 | Test | [ 35/60] Valid Acc=0.56117
2020-10-24 10:16:36 | Test | [ 35/60] Valid Mean IU=0.29355
2020-10-24 10:16:36 | Test | [ 35/60] Valid Class Acc=[0.7510979939218863, 0.6552179656538681]
2020-10-24 10:21:28 | Iter | [ 36/60] train loss=0.49646
2020-10-24 10:21:28 | Test | [ 36/60] Train Acc=0.61136
2020-10-24 10:21:28 | Test | [ 36/60] Train Mean IU=0.45008
2020-10-24 10:21:28 | Test | [ 36/60] Train_class_acc=[0.8819959672109648, 0.3407236544054762]
2020-10-24 10:23:13 | Iter | [ 36/60] valid loss=0.63691
2020-10-24 10:23:13 | Test | [ 36/60] Valid Acc=0.56484
2020-10-24 10:23:13 | Test | [ 36/60] Valid Mean IU=0.32226
2020-10-24 10:23:13 | Test | [ 36/60] Valid Class Acc=[0.8803526953279643, 0.3943722943722773]
2020-10-24 10:27:59 | Iter | [ 37/60] train loss=0.49792
2020-10-24 10:27:59 | Test | [ 37/60] Train Acc=0.64860
2020-10-24 10:27:59 | Test | [ 37/60] Train Mean IU=0.41168
2020-10-24 10:27:59 | Test | [ 37/60] Train_class_acc=[0.8051617413037363, 0.4920285981721822]
2020-10-24 10:29:35 | Iter | [ 37/60] valid loss=0.62049
2020-10-24 10:29:35 | Test | [ 37/60] Valid Acc=0.50667
2020-10-24 10:29:35 | Test | [ 37/60] Valid Mean IU=0.28525
2020-10-24 10:29:35 | Test | [ 37/60] Valid Class Acc=[0.8334865265325597, 0.4912989434431171]
2020-10-24 10:34:05 | Iter | [ 38/60] train loss=0.49680
2020-10-24 10:34:05 | Test | [ 38/60] Train Acc=0.68167
2020-10-24 10:34:05 | Test | [ 38/60] Train Mean IU=0.39145
2020-10-24 10:34:05 | Test | [ 38/60] Train_class_acc=[0.7620368791718058, 0.6012964374965152]
2020-10-24 10:35:41 | Iter | [ 38/60] valid loss=0.57700
2020-10-24 10:35:41 | Test | [ 38/60] Valid Acc=0.54984
2020-10-24 10:35:41 | Test | [ 38/60] Valid Mean IU=0.40868
2020-10-24 10:35:41 | Test | [ 38/60] Valid Class Acc=[0.7689686431974042, 0.519937205651475]
2020-10-24 10:40:14 | Iter | [ 39/60] train loss=0.49558
2020-10-24 10:40:14 | Test | [ 39/60] Train Acc=0.57092
2020-10-24 10:40:14 | Test | [ 39/60] Train Mean IU=0.45351
2020-10-24 10:40:14 | Test | [ 39/60] Train_class_acc=[0.8944158142885624, 0.24742966233674943]
2020-10-24 10:41:55 | Iter | [ 39/60] valid loss=0.60305
2020-10-24 10:41:55 | Test | [ 39/60] Valid Acc=0.55025
2020-10-24 10:41:55 | Test | [ 39/60] Valid Mean IU=0.31840
2020-10-24 10:41:55 | Test | [ 39/60] Valid Class Acc=[0.7618979476558084, 0.592928965293526]
2020-10-24 10:46:29 | Iter | [ 40/60] train loss=0.49487
2020-10-24 10:46:29 | Test | [ 40/60] Train Acc=0.66262
2020-10-24 10:46:29 | Test | [ 40/60] Train Mean IU=0.41969
2020-10-24 10:46:29 | Test | [ 40/60] Train_class_acc=[0.8188447019436292, 0.5063967144514944]
2020-10-24 10:48:13 | Iter | [ 40/60] valid loss=0.62040
2020-10-24 10:48:13 | Test | [ 40/60] Valid Acc=0.55075
2020-10-24 10:48:13 | Test | [ 40/60] Valid Mean IU=0.33119
2020-10-24 10:48:13 | Test | [ 40/60] Valid Class Acc=[0.7126898692130469, 0.7980119284293917]
2020-10-24 10:53:05 | Iter | [ 41/60] train loss=0.49318
2020-10-24 10:53:05 | Test | [ 41/60] Train Acc=0.58707
2020-10-24 10:53:05 | Test | [ 41/60] Train Mean IU=0.45749
2020-10-24 10:53:05 | Test | [ 41/60] Train_class_acc=[0.8983345395242045, 0.2757987727293212]
2020-10-24 10:54:53 | Iter | [ 41/60] valid loss=0.60495
2020-10-24 10:54:53 | Test | [ 41/60] Valid Acc=0.55490
2020-10-24 10:54:53 | Test | [ 41/60] Valid Mean IU=0.33749
2020-10-24 10:54:53 | Test | [ 41/60] Valid Class Acc=[0.8681309579386471, 0.38361204013376643]
2020-10-24 10:59:42 | Iter | [ 42/60] train loss=0.49354
2020-10-24 10:59:42 | Test | [ 42/60] Train Acc=0.61399
2020-10-24 10:59:42 | Test | [ 42/60] Train Mean IU=0.44157
2020-10-24 10:59:42 | Test | [ 42/60] Train_class_acc=[0.8639163970805109, 0.364057260900095]
2020-10-24 11:01:18 | Iter | [ 42/60] valid loss=0.56732
2020-10-24 11:01:18 | Test | [ 42/60] Valid Acc=0.55841
2020-10-24 11:01:18 | Test | [ 42/60] Valid Mean IU=0.40618
2020-10-24 11:01:18 | Test | [ 42/60] Valid Class Acc=[0.9235651393893226, 0.20995670995670088]
2020-10-24 11:05:55 | Iter | [ 43/60] train loss=0.49417
2020-10-24 11:05:55 | Test | [ 43/60] Train Acc=0.64761
2020-10-24 11:05:55 | Test | [ 43/60] Train Mean IU=0.40661
2020-10-24 11:05:55 | Test | [ 43/60] Train_class_acc=[0.7945637832026368, 0.500665427064955]
2020-10-24 11:07:31 | Iter | [ 43/60] valid loss=0.50874
2020-10-24 11:07:31 | Test | [ 43/60] Valid Acc=0.54924
2020-10-24 11:07:31 | Test | [ 43/60] Valid Mean IU=0.47084
2020-10-24 11:07:31 | Test | [ 43/60] Valid Class Acc=[0.7919292745626683, 0.5799478196048983]
2020-10-24 11:12:04 | Iter | [ 44/60] train loss=0.49333
2020-10-24 11:12:04 | Test | [ 44/60] Train Acc=0.63015
2020-10-24 11:12:04 | Test | [ 44/60] Train Mean IU=0.42677
2020-10-24 11:12:04 | Test | [ 44/60] Train_class_acc=[0.8374358106711512, 0.4228659535284543]
2020-10-24 11:13:40 | Iter | [ 44/60] valid loss=0.51039
2020-10-24 11:13:40 | Test | [ 44/60] Valid Acc=0.57845
2020-10-24 11:13:40 | Test | [ 44/60] Valid Mean IU=0.42205
2020-10-24 11:13:40 | Test | [ 44/60] Valid Class Acc=[0.7563410522936146, 0.610380116959042]
2020-10-24 11:18:23 | Iter | [ 45/60] train loss=0.49230
2020-10-24 11:18:23 | Test | [ 45/60] Train Acc=0.59004
2020-10-24 11:18:23 | Test | [ 45/60] Train Mean IU=0.45242
2020-10-24 11:18:23 | Test | [ 45/60] Train_class_acc=[0.8911361184614613, 0.28893803649235544]
2020-10-24 11:20:01 | Iter | [ 45/60] valid loss=0.59453
2020-10-24 11:20:01 | Test | [ 45/60] Valid Acc=0.53084
2020-10-24 11:20:01 | Test | [ 45/60] Valid Mean IU=0.34430
2020-10-24 11:20:01 | Test | [ 45/60] Valid Class Acc=[0.7452521414859329, 0.6316010058675343]
2020-10-24 11:24:37 | Iter | [ 46/60] train loss=0.49155
2020-10-24 11:24:37 | Test | [ 46/60] Train Acc=0.60414
2020-10-24 11:24:37 | Test | [ 46/60] Train Mean IU=0.44973
2020-10-24 11:24:37 | Test | [ 46/60] Train_class_acc=[0.8821922093724212, 0.3260976897000948]
2020-10-24 11:26:15 | Iter | [ 46/60] valid loss=0.64081
2020-10-24 11:26:15 | Test | [ 46/60] Valid Acc=0.52330
2020-10-24 11:26:15 | Test | [ 46/60] Valid Mean IU=0.39795
2020-10-24 11:26:15 | Test | [ 46/60] Valid Class Acc=[0.8985050904140769, 0.2082506941689723]
2020-10-24 11:30:51 | Iter | [ 47/60] train loss=0.49043
2020-10-24 11:30:51 | Test | [ 47/60] Train Acc=0.57662
2020-10-24 11:30:51 | Test | [ 47/60] Train Mean IU=0.46111
2020-10-24 11:30:51 | Test | [ 47/60] Train_class_acc=[0.909848844406866, 0.24339602805872232]
2020-10-24 11:32:28 | Iter | [ 47/60] valid loss=0.63515
2020-10-24 11:32:28 | Test | [ 47/60] Valid Acc=0.51838
2020-10-24 11:32:28 | Test | [ 47/60] Valid Mean IU=0.43614
2020-10-24 11:32:28 | Test | [ 47/60] Valid Class Acc=[0.8216175984121732, 0.47344013490723136]
2020-10-24 11:37:09 | Iter | [ 48/60] train loss=0.49003
2020-10-24 11:37:09 | Test | [ 48/60] Train Acc=0.55438
2020-10-24 11:37:09 | Test | [ 48/60] Train Mean IU=0.47435
2020-10-24 11:37:09 | Test | [ 48/60] Train_class_acc=[0.9355481446281554, 0.17321630435116275]
2020-10-24 11:38:48 | Iter | [ 48/60] valid loss=0.62801
2020-10-24 11:38:48 | Test | [ 48/60] Valid Acc=0.51624
2020-10-24 11:38:48 | Test | [ 48/60] Valid Mean IU=0.33237
2020-10-24 11:38:48 | Test | [ 48/60] Valid Class Acc=[0.8389768599711351, 0.4357653120974302]
2020-10-24 12:58:28 | Iter | [ 49/60] train loss=0.48961
2020-10-24 12:58:28 | Test | [ 49/60] Train Acc=0.58627
2020-10-24 12:58:28 | Test | [ 49/60] Train Mean IU=0.45510
2020-10-24 12:58:28 | Test | [ 49/60] Train_class_acc=[0.8999408926570708, 0.27259420277385754]
2020-10-24 13:00:06 | Iter | [ 49/60] valid loss=0.65008
2020-10-24 13:00:06 | Test | [ 49/60] Valid Acc=0.50923
2020-10-24 13:00:06 | Test | [ 49/60] Valid Mean IU=0.46298
2020-10-24 13:00:06 | Test | [ 49/60] Valid Class Acc=[0.9238924213222519, 0.18404653095138412]
2020-10-24 13:04:57 | Iter | [ 50/60] train loss=0.48974
2020-10-24 13:04:57 | Test | [ 50/60] Train Acc=0.59235
2020-10-24 13:04:57 | Test | [ 50/60] Train Mean IU=0.44955
2020-10-24 13:04:57 | Test | [ 50/60] Train_class_acc=[0.8887151252423134, 0.29598308539673823]
2020-10-24 13:06:42 | Iter | [ 50/60] valid loss=0.65734
2020-10-24 13:06:42 | Test | [ 50/60] Valid Acc=0.50604
2020-10-24 13:06:42 | Test | [ 50/60] Valid Mean IU=0.39212
2020-10-24 13:06:42 | Test | [ 50/60] Valid Class Acc=[0.6785362145400078, 0.8584070796459873]
2020-10-24 13:11:43 | Iter | [ 51/60] train loss=0.48947
2020-10-24 13:11:43 | Test | [ 51/60] Train Acc=0.56550
2020-10-24 13:11:43 | Test | [ 51/60] Train Mean IU=0.46792
2020-10-24 13:11:43 | Test | [ 51/60] Train_class_acc=[0.9256201683178121, 0.2053815832591486]
2020-10-24 13:13:23 | Iter | [ 51/60] valid loss=0.62401
2020-10-24 13:13:23 | Test | [ 51/60] Valid Acc=0.51999
2020-10-24 13:13:23 | Test | [ 51/60] Valid Mean IU=0.44394
2020-10-24 13:13:23 | Test | [ 51/60] Valid Class Acc=[0.9610877780339402, 0.08064516129031915]
2020-10-24 13:17:59 | Iter | [ 52/60] train loss=0.48888
2020-10-24 13:17:59 | Test | [ 52/60] Train Acc=0.57124
2020-10-24 13:17:59 | Test | [ 52/60] Train Mean IU=0.46692
2020-10-24 13:17:59 | Test | [ 52/60] Train_class_acc=[0.9183341414230496, 0.22414623302854583]
2020-10-24 13:19:49 | Iter | [ 52/60] valid loss=0.56622
2020-10-24 13:19:49 | Test | [ 52/60] Valid Acc=0.53355
2020-10-24 13:19:49 | Test | [ 52/60] Valid Mean IU=0.44216
2020-10-24 13:19:49 | Test | [ 52/60] Valid Class Acc=[0.9487559316076222, 0.1436818473380326]
2020-10-24 13:24:47 | Iter | [ 53/60] train loss=0.48848
2020-10-24 13:24:47 | Test | [ 53/60] Train Acc=0.55029
2020-10-24 13:24:47 | Test | [ 53/60] Train Mean IU=0.47783
2020-10-24 13:24:47 | Test | [ 53/60] Train_class_acc=[0.945656662809534, 0.15492694631230594]
2020-10-24 13:26:29 | Iter | [ 53/60] valid loss=0.56082
2020-10-24 13:26:29 | Test | [ 53/60] Valid Acc=0.52719
2020-10-24 13:26:29 | Test | [ 53/60] Valid Mean IU=0.45753
2020-10-24 13:26:29 | Test | [ 53/60] Valid Class Acc=[0.8391255099688253, 0.4906937394246832]
2020-10-24 13:31:28 | Iter | [ 54/60] train loss=0.48824
2020-10-24 13:31:28 | Test | [ 54/60] Train Acc=0.53040
2020-10-24 13:31:28 | Test | [ 54/60] Train Mean IU=0.48566
2020-10-24 13:31:28 | Test | [ 54/60] Train_class_acc=[0.961985448234474, 0.0988236114645667]
2020-10-24 13:33:05 | Iter | [ 54/60] valid loss=0.57502
2020-10-24 13:33:05 | Test | [ 54/60] Valid Acc=0.51246
2020-10-24 13:33:05 | Test | [ 54/60] Valid Mean IU=0.47063
2020-10-24 13:33:05 | Test | [ 54/60] Valid Class Acc=[0.9745364220151289, 0.04865085854456056]
2020-10-24 13:38:00 | Iter | [ 55/60] train loss=0.48788
2020-10-24 13:38:00 | Test | [ 55/60] Train Acc=0.55342
2020-10-24 13:38:00 | Test | [ 55/60] Train Mean IU=0.47690
2020-10-24 13:38:00 | Test | [ 55/60] Train_class_acc=[0.9430771924971632, 0.16376014984123768]
2020-10-24 13:39:47 | Iter | [ 55/60] valid loss=0.59562
2020-10-24 13:39:47 | Test | [ 55/60] Valid Acc=0.51131
2020-10-24 13:39:47 | Test | [ 55/60] Valid Mean IU=0.45931
2020-10-24 13:39:47 | Test | [ 55/60] Valid Class Acc=[0.8152386681203552, 0.5637639290135962]
2020-10-24 13:45:01 | Iter | [ 56/60] train loss=0.48761
2020-10-24 13:45:01 | Test | [ 56/60] Train Acc=0.51890
2020-10-24 13:45:01 | Test | [ 56/60] Train Mean IU=0.49086
2020-10-24 13:45:01 | Test | [ 56/60] Train_class_acc=[0.97611337515587, 0.061689603888920974]
2020-10-24 13:46:56 | Iter | [ 56/60] valid loss=0.57881
2020-10-24 13:46:56 | Test | [ 56/60] Valid Acc=0.50778
2020-10-24 13:46:56 | Test | [ 56/60] Valid Mean IU=0.47493
2020-10-24 13:46:56 | Test | [ 56/60] Valid Class Acc=[0.9737587157206751, 0.06086956521738927]
2020-10-24 13:51:58 | Iter | [ 57/60] train loss=0.48756
2020-10-24 13:51:58 | Test | [ 57/60] Train Acc=0.55944
2020-10-24 13:51:58 | Test | [ 57/60] Train Mean IU=0.47347
2020-10-24 13:51:58 | Test | [ 57/60] Train_class_acc=[0.9345305726656932, 0.18434735850802142]
2020-10-24 13:53:48 | Iter | [ 57/60] valid loss=0.55557
2020-10-24 13:53:48 | Test | [ 57/60] Valid Acc=0.50401
2020-10-24 13:53:48 | Test | [ 57/60] Valid Mean IU=0.48689
2020-10-24 13:53:48 | Test | [ 57/60] Valid Class Acc=[0.9690060035338524, 0.08434139784945953]
2020-10-24 13:58:31 | Iter | [ 58/60] train loss=0.48743
2020-10-24 13:58:31 | Test | [ 58/60] Train Acc=0.53221
2020-10-24 13:58:31 | Test | [ 58/60] Train Mean IU=0.48414
2020-10-24 13:58:31 | Test | [ 58/60] Train_class_acc=[0.9674655565320501, 0.09694913487741508]
2020-10-24 14:00:08 | Iter | [ 58/60] valid loss=0.61821
2020-10-24 14:00:08 | Test | [ 58/60] Valid Acc=0.50321
2020-10-24 14:00:08 | Test | [ 58/60] Valid Mean IU=0.46346
2020-10-24 14:00:08 | Test | [ 58/60] Valid Class Acc=[0.8415329365378333, 0.5208203853324884]
2020-10-24 14:05:07 | Iter | [ 59/60] train loss=0.48781
2020-10-24 14:05:07 | Test | [ 59/60] Train Acc=0.58695
2020-10-24 14:05:07 | Test | [ 59/60] Train Mean IU=0.46137
2020-10-24 14:05:07 | Test | [ 59/60] Train_class_acc=[0.906276378575637, 0.26762489381625437]
2020-10-24 14:06:42 | Iter | [ 59/60] valid loss=0.64646
2020-10-24 14:06:42 | Test | [ 59/60] Valid Acc=0.50575
2020-10-24 14:06:42 | Test | [ 59/60] Valid Mean IU=0.45933
2020-10-24 14:06:42 | Test | [ 59/60] Valid Class Acc=[0.8428980430631492, 0.44734098018768]
2020-10-24 14:11:39 | Iter | [ 60/60] train loss=0.48772
2020-10-24 14:11:39 | Test | [ 60/60] Train Acc=0.58841
2020-10-24 14:11:39 | Test | [ 60/60] Train Mean IU=0.45686
2020-10-24 14:11:39 | Test | [ 60/60] Train_class_acc=[0.8977861833408185, 0.27903977247092177]
2020-10-24 14:13:16 | Iter | [ 60/60] valid loss=0.64208
2020-10-24 14:13:16 | Test | [ 60/60] Valid Acc=0.51410
2020-10-24 14:13:16 | Test | [ 60/60] Valid Mean IU=0.42346
2020-10-24 14:13:16 | Test | [ 60/60] Valid Class Acc=[0.9477959052460265, 0.10802469135802135]
